ARM GAS  /tmp/cc0QBIQQ.s 			page 1


   1              		.syntax unified
   2              		.cpu cortex-m4
   3              		.fpu softvfp
   4              		.eabi_attribute 20, 1
   5              		.eabi_attribute 21, 1
   6              		.eabi_attribute 23, 3
   7              		.eabi_attribute 24, 1
   8              		.eabi_attribute 25, 1
   9              		.eabi_attribute 26, 1
  10              		.eabi_attribute 30, 6
  11              		.eabi_attribute 34, 1
  12              		.eabi_attribute 18, 4
  13              		.thumb
  14              		.file	"chmsg.c"
  15              		.text
  16              	.Ltext0:
  17              		.cfi_sections	.debug_frame
  18              		.align	2
  19              		.p2align 4,,15
  20              		.thumb
  21              		.thumb_func
  22              		.type	port_lock, %function
  23              	port_lock:
  24              	.LFB127:
  25              		.file 1 "../../ChibiOS/os/rt/ports/ARMCMx/chcore_v7m.h"
  26              		.loc 1 456 0
  27              		.cfi_startproc
  28              		@ args = 0, pretend = 0, frame = 8
  29              		@ frame_needed = 0, uses_anonymous_args = 0
  30              		@ link register save eliminated.
  31 0000 82B0     		sub	sp, sp, #8
  32              		.cfi_def_cfa_offset 8
  33 0002 2023     		movs	r3, #32
  34 0004 0193     		str	r3, [sp, #4]
  35              	.LBB6:
  36              	.LBB7:
  37              		.file 2 "../../ChibiOS/os/ext/CMSIS/include/core_cmFunc.h"
  38              		.loc 2 548 0
  39 0006 019B     		ldr	r3, [sp, #4]
  40              	@ 548 "../../ChibiOS/os/ext/CMSIS/include/core_cmFunc.h" 1
  41 0008 83F31188 		MSR basepri, r3
  42              	@ 0 "" 2
  43              		.thumb
  44              	.LBE7:
  45              	.LBE6:
  46              		.loc 1 473 0
  47 000c 02B0     		add	sp, sp, #8
  48              		@ sp needed
  49 000e 7047     		bx	lr
  50              		.cfi_endproc
  51              	.LFE127:
  52              		.size	port_lock, .-port_lock
  53              		.align	2
  54              		.p2align 4,,15
  55              		.thumb
  56              		.thumb_func
  57              		.type	port_unlock, %function
ARM GAS  /tmp/cc0QBIQQ.s 			page 2


  58              	port_unlock:
  59              	.LFB128:
  60              		.loc 1 480 0
  61              		.cfi_startproc
  62              		@ args = 0, pretend = 0, frame = 8
  63              		@ frame_needed = 0, uses_anonymous_args = 0
  64              		@ link register save eliminated.
  65 0010 82B0     		sub	sp, sp, #8
  66              		.cfi_def_cfa_offset 8
  67 0012 0023     		movs	r3, #0
  68 0014 0193     		str	r3, [sp, #4]
  69              	.LBB8:
  70              	.LBB9:
  71              		.loc 2 548 0
  72 0016 019B     		ldr	r3, [sp, #4]
  73              	@ 548 "../../ChibiOS/os/ext/CMSIS/include/core_cmFunc.h" 1
  74 0018 83F31188 		MSR basepri, r3
  75              	@ 0 "" 2
  76              		.thumb
  77              	.LBE9:
  78              	.LBE8:
  79              		.loc 1 487 0
  80 001c 02B0     		add	sp, sp, #8
  81              		@ sp needed
  82 001e 7047     		bx	lr
  83              		.cfi_endproc
  84              	.LFE128:
  85              		.size	port_unlock, .-port_unlock
  86              		.align	2
  87              		.p2align 4,,15
  88              		.thumb
  89              		.thumb_func
  90              		.type	queue_insert, %function
  91              	queue_insert:
  92              	.LFB145:
  93              		.file 3 "../../ChibiOS/os/rt/include/chschd.h"
  94              		.loc 3 663 0
  95              		.cfi_startproc
  96              		@ args = 0, pretend = 0, frame = 8
  97              		@ frame_needed = 0, uses_anonymous_args = 0
  98              		@ link register save eliminated.
  99 0020 82B0     		sub	sp, sp, #8
 100              		.cfi_def_cfa_offset 8
 101 0022 0190     		str	r0, [sp, #4]
 102 0024 0091     		str	r1, [sp]
 103              		.loc 3 665 0
 104 0026 019B     		ldr	r3, [sp, #4]
 105 0028 009A     		ldr	r2, [sp]
 106 002a 1A60     		str	r2, [r3]
 107              		.loc 3 666 0
 108 002c 009B     		ldr	r3, [sp]
 109 002e 5A68     		ldr	r2, [r3, #4]
 110 0030 019B     		ldr	r3, [sp, #4]
 111 0032 5A60     		str	r2, [r3, #4]
 112              		.loc 3 667 0
 113 0034 019B     		ldr	r3, [sp, #4]
 114 0036 5B68     		ldr	r3, [r3, #4]
ARM GAS  /tmp/cc0QBIQQ.s 			page 3


 115 0038 019A     		ldr	r2, [sp, #4]
 116 003a 1A60     		str	r2, [r3]
 117              		.loc 3 668 0
 118 003c 009B     		ldr	r3, [sp]
 119 003e 019A     		ldr	r2, [sp, #4]
 120 0040 5A60     		str	r2, [r3, #4]
 121              		.loc 3 669 0
 122 0042 02B0     		add	sp, sp, #8
 123              		@ sp needed
 124 0044 7047     		bx	lr
 125              		.cfi_endproc
 126              	.LFE145:
 127              		.size	queue_insert, .-queue_insert
 128 0046 00BF     		.align	2
 129 0048 AFF30080 		.p2align 4,,15
 129      AFF30080 
 130              		.thumb
 131              		.thumb_func
 132              		.type	queue_fifo_remove, %function
 133              	queue_fifo_remove:
 134              	.LFB146:
 135              		.loc 3 671 0
 136              		.cfi_startproc
 137              		@ args = 0, pretend = 0, frame = 16
 138              		@ frame_needed = 0, uses_anonymous_args = 0
 139              		@ link register save eliminated.
 140 0050 84B0     		sub	sp, sp, #16
 141              		.cfi_def_cfa_offset 16
 142 0052 0190     		str	r0, [sp, #4]
 143              		.loc 3 672 0
 144 0054 019B     		ldr	r3, [sp, #4]
 145 0056 1B68     		ldr	r3, [r3]
 146 0058 0393     		str	r3, [sp, #12]
 147              		.loc 3 674 0
 148 005a 039B     		ldr	r3, [sp, #12]
 149 005c 1A68     		ldr	r2, [r3]
 150 005e 019B     		ldr	r3, [sp, #4]
 151 0060 1A60     		str	r2, [r3]
 152              		.loc 3 675 0
 153 0062 019B     		ldr	r3, [sp, #4]
 154 0064 1B68     		ldr	r3, [r3]
 155 0066 019A     		ldr	r2, [sp, #4]
 156 0068 5A60     		str	r2, [r3, #4]
 157              		.loc 3 677 0
 158 006a 039B     		ldr	r3, [sp, #12]
 159              		.loc 3 678 0
 160 006c 1846     		mov	r0, r3
 161 006e 04B0     		add	sp, sp, #16
 162              		@ sp needed
 163 0070 7047     		bx	lr
 164              		.cfi_endproc
 165              	.LFE146:
 166              		.size	queue_fifo_remove, .-queue_fifo_remove
 167 0072 00BF     		.align	2
 168 0074 AFF30080 		.p2align 4,,15
 168      AFF30080 
 168      AFF30080 
ARM GAS  /tmp/cc0QBIQQ.s 			page 4


 169              		.thumb
 170              		.thumb_func
 171              		.type	chSysLock, %function
 172              	chSysLock:
 173              	.LFB156:
 174              		.file 4 "../../ChibiOS/os/rt/include/chsys.h"
 175              		.loc 4 346 0
 176              		.cfi_startproc
 177              		@ args = 0, pretend = 0, frame = 0
 178              		@ frame_needed = 0, uses_anonymous_args = 0
 179 0080 08B5     		push	{r3, lr}
 180              		.cfi_def_cfa_offset 8
 181              		.cfi_offset 3, -8
 182              		.cfi_offset 14, -4
 183              		.loc 4 348 0
 184 0082 FFF7BDFF 		bl	port_lock
 185              		.loc 4 351 0
 186 0086 08BD     		pop	{r3, pc}
 187              		.cfi_endproc
 188              	.LFE156:
 189              		.size	chSysLock, .-chSysLock
 190              		.align	2
 191 0088 AFF30080 		.p2align 4,,15
 191      AFF30080 
 192              		.thumb
 193              		.thumb_func
 194              		.type	chSysUnlock, %function
 195              	chSysUnlock:
 196              	.LFB157:
 197              		.loc 4 358 0
 198              		.cfi_startproc
 199              		@ args = 0, pretend = 0, frame = 0
 200              		@ frame_needed = 0, uses_anonymous_args = 0
 201 0090 08B5     		push	{r3, lr}
 202              		.cfi_def_cfa_offset 8
 203              		.cfi_offset 3, -8
 204              		.cfi_offset 14, -4
 205              		.loc 4 371 0
 206 0092 FFF7BDFF 		bl	port_unlock
 207              		.loc 4 372 0
 208 0096 08BD     		pop	{r3, pc}
 209              		.cfi_endproc
 210              	.LFE157:
 211              		.size	chSysUnlock, .-chSysUnlock
 212              		.align	2
 213 0098 AFF30080 		.p2align 4,,15
 213      AFF30080 
 214              		.thumb
 215              		.thumb_func
 216              		.type	chMsgIsPendingI, %function
 217              	chMsgIsPendingI:
 218              	.LFB211:
 219              		.file 5 "../../ChibiOS/os/rt/include/chmsg.h"
 220              		.loc 5 79 0
 221              		.cfi_startproc
 222              		@ args = 0, pretend = 0, frame = 8
 223              		@ frame_needed = 0, uses_anonymous_args = 0
ARM GAS  /tmp/cc0QBIQQ.s 			page 5


 224              		@ link register save eliminated.
 225 00a0 82B0     		sub	sp, sp, #8
 226              		.cfi_def_cfa_offset 8
 227 00a2 0190     		str	r0, [sp, #4]
 228              		.loc 5 83 0
 229 00a4 019B     		ldr	r3, [sp, #4]
 230 00a6 9A6A     		ldr	r2, [r3, #40]
 231 00a8 019B     		ldr	r3, [sp, #4]
 232 00aa 2833     		adds	r3, r3, #40
 233 00ac 9A42     		cmp	r2, r3
 234 00ae 0CBF     		ite	eq
 235 00b0 0023     		moveq	r3, #0
 236 00b2 0123     		movne	r3, #1
 237 00b4 DBB2     		uxtb	r3, r3
 238              		.loc 5 84 0
 239 00b6 1846     		mov	r0, r3
 240 00b8 02B0     		add	sp, sp, #8
 241              		@ sp needed
 242 00ba 7047     		bx	lr
 243              		.cfi_endproc
 244              	.LFE211:
 245              		.size	chMsgIsPendingI, .-chMsgIsPendingI
 246              		.align	2
 247 00bc AFF30080 		.p2align 4,,15
 248              		.thumb
 249              		.thumb_func
 250              		.type	chMsgReleaseS, %function
 251              	chMsgReleaseS:
 252              	.LFB213:
 253              		.loc 5 111 0
 254              		.cfi_startproc
 255              		@ args = 0, pretend = 0, frame = 8
 256              		@ frame_needed = 0, uses_anonymous_args = 0
 257 00c0 00B5     		push	{lr}
 258              		.cfi_def_cfa_offset 4
 259              		.cfi_offset 14, -4
 260 00c2 83B0     		sub	sp, sp, #12
 261              		.cfi_def_cfa_offset 16
 262 00c4 0190     		str	r0, [sp, #4]
 263 00c6 0091     		str	r1, [sp]
 264              		.loc 5 115 0
 265 00c8 0198     		ldr	r0, [sp, #4]
 266 00ca 0099     		ldr	r1, [sp]
 267 00cc FFF7FEFF 		bl	chSchWakeupS
 268              		.loc 5 116 0
 269 00d0 03B0     		add	sp, sp, #12
 270              		@ sp needed
 271 00d2 5DF804FB 		ldr	pc, [sp], #4
 272              		.cfi_endproc
 273              	.LFE213:
 274              		.size	chMsgReleaseS, .-chMsgReleaseS
 275 00d6 00BF     		.align	2
 276 00d8 AFF30080 		.p2align 4,,15
 276      AFF30080 
 277              		.global	chMsgSend
 278              		.thumb
 279              		.thumb_func
ARM GAS  /tmp/cc0QBIQQ.s 			page 6


 280              		.type	chMsgSend, %function
 281              	chMsgSend:
 282              	.LFB230:
 283              		.file 6 "../../ChibiOS/os/rt/src/chmsg.c"
 284              		.loc 6 87 0
 285              		.cfi_startproc
 286              		@ args = 0, pretend = 0, frame = 16
 287              		@ frame_needed = 0, uses_anonymous_args = 0
 288 00e0 00B5     		push	{lr}
 289              		.cfi_def_cfa_offset 4
 290              		.cfi_offset 14, -4
 291 00e2 85B0     		sub	sp, sp, #20
 292              		.cfi_def_cfa_offset 24
 293 00e4 0190     		str	r0, [sp, #4]
 294 00e6 0091     		str	r1, [sp]
 295              		.loc 6 88 0
 296 00e8 134B     		ldr	r3, .L14
 297 00ea 9B69     		ldr	r3, [r3, #24]
 298 00ec 0393     		str	r3, [sp, #12]
 299              		.loc 6 92 0
 300 00ee FFF7C7FF 		bl	chSysLock
 301              		.loc 6 93 0
 302 00f2 039B     		ldr	r3, [sp, #12]
 303 00f4 009A     		ldr	r2, [sp]
 304 00f6 1A63     		str	r2, [r3, #48]
 305              		.loc 6 94 0
 306 00f8 019B     		ldr	r3, [sp, #4]
 307 00fa 03F12802 		add	r2, r3, #40
 308 00fe 039B     		ldr	r3, [sp, #12]
 309 0100 1A62     		str	r2, [r3, #32]
 310              		.loc 6 95 0
 311 0102 019B     		ldr	r3, [sp, #4]
 312 0104 2833     		adds	r3, r3, #40
 313 0106 0398     		ldr	r0, [sp, #12]
 314 0108 1946     		mov	r1, r3
 315 010a FFF789FF 		bl	queue_insert
 316              		.loc 6 96 0
 317 010e 019B     		ldr	r3, [sp, #4]
 318 0110 1B7F     		ldrb	r3, [r3, #28]	@ zero_extendqisi2
 319 0112 0E2B     		cmp	r3, #14
 320 0114 02D1     		bne	.L12
 321              		.loc 6 97 0
 322 0116 0198     		ldr	r0, [sp, #4]
 323 0118 FFF7FEFF 		bl	chSchReadyI
 324              	.L12:
 325              		.loc 6 99 0
 326 011c 0C20     		movs	r0, #12
 327 011e FFF7FEFF 		bl	chSchGoSleepS
 328              		.loc 6 100 0
 329 0122 039B     		ldr	r3, [sp, #12]
 330 0124 1B6A     		ldr	r3, [r3, #32]
 331 0126 0093     		str	r3, [sp]
 332              		.loc 6 101 0
 333 0128 FFF7B2FF 		bl	chSysUnlock
 334              		.loc 6 103 0
 335 012c 009B     		ldr	r3, [sp]
 336              		.loc 6 104 0
ARM GAS  /tmp/cc0QBIQQ.s 			page 7


 337 012e 1846     		mov	r0, r3
 338 0130 05B0     		add	sp, sp, #20
 339              		@ sp needed
 340 0132 5DF804FB 		ldr	pc, [sp], #4
 341              	.L15:
 342 0136 00BF     		.align	2
 343              	.L14:
 344 0138 00000000 		.word	ch
 345              		.cfi_endproc
 346              	.LFE230:
 347              		.size	chMsgSend, .-chMsgSend
 348              		.align	2
 349 013c AFF30080 		.p2align 4,,15
 350              		.global	chMsgWait
 351              		.thumb
 352              		.thumb_func
 353              		.type	chMsgWait, %function
 354              	chMsgWait:
 355              	.LFB231:
 356              		.loc 6 120 0
 357              		.cfi_startproc
 358              		@ args = 0, pretend = 0, frame = 8
 359              		@ frame_needed = 0, uses_anonymous_args = 0
 360 0140 00B5     		push	{lr}
 361              		.cfi_def_cfa_offset 4
 362              		.cfi_offset 14, -4
 363 0142 83B0     		sub	sp, sp, #12
 364              		.cfi_def_cfa_offset 16
 365              		.loc 6 123 0
 366 0144 FFF79CFF 		bl	chSysLock
 367              		.loc 6 124 0
 368 0148 0F4B     		ldr	r3, .L19
 369 014a 9B69     		ldr	r3, [r3, #24]
 370 014c 1846     		mov	r0, r3
 371 014e FFF7A7FF 		bl	chMsgIsPendingI
 372 0152 0346     		mov	r3, r0
 373 0154 83F00103 		eor	r3, r3, #1
 374 0158 DBB2     		uxtb	r3, r3
 375 015a 002B     		cmp	r3, #0
 376 015c 02D0     		beq	.L17
 377              		.loc 6 125 0
 378 015e 0E20     		movs	r0, #14
 379 0160 FFF7FEFF 		bl	chSchGoSleepS
 380              	.L17:
 381              		.loc 6 127 0
 382 0164 084B     		ldr	r3, .L19
 383 0166 9B69     		ldr	r3, [r3, #24]
 384 0168 2833     		adds	r3, r3, #40
 385 016a 1846     		mov	r0, r3
 386 016c FFF770FF 		bl	queue_fifo_remove
 387 0170 0190     		str	r0, [sp, #4]
 388              		.loc 6 128 0
 389 0172 019B     		ldr	r3, [sp, #4]
 390 0174 0D22     		movs	r2, #13
 391 0176 1A77     		strb	r2, [r3, #28]
 392              		.loc 6 129 0
 393 0178 FFF78AFF 		bl	chSysUnlock
ARM GAS  /tmp/cc0QBIQQ.s 			page 8


 394              		.loc 6 131 0
 395 017c 019B     		ldr	r3, [sp, #4]
 396              		.loc 6 132 0
 397 017e 1846     		mov	r0, r3
 398 0180 03B0     		add	sp, sp, #12
 399              		@ sp needed
 400 0182 5DF804FB 		ldr	pc, [sp], #4
 401              	.L20:
 402 0186 00BF     		.align	2
 403              	.L19:
 404 0188 00000000 		.word	ch
 405              		.cfi_endproc
 406              	.LFE231:
 407              		.size	chMsgWait, .-chMsgWait
 408              		.align	2
 409 018c AFF30080 		.p2align 4,,15
 410              		.global	chMsgRelease
 411              		.thumb
 412              		.thumb_func
 413              		.type	chMsgRelease, %function
 414              	chMsgRelease:
 415              	.LFB232:
 416              		.loc 6 144 0
 417              		.cfi_startproc
 418              		@ args = 0, pretend = 0, frame = 8
 419              		@ frame_needed = 0, uses_anonymous_args = 0
 420 0190 00B5     		push	{lr}
 421              		.cfi_def_cfa_offset 4
 422              		.cfi_offset 14, -4
 423 0192 83B0     		sub	sp, sp, #12
 424              		.cfi_def_cfa_offset 16
 425 0194 0190     		str	r0, [sp, #4]
 426 0196 0091     		str	r1, [sp]
 427              		.loc 6 146 0
 428 0198 FFF772FF 		bl	chSysLock
 429              		.loc 6 148 0
 430 019c 0198     		ldr	r0, [sp, #4]
 431 019e 0099     		ldr	r1, [sp]
 432 01a0 FFF78EFF 		bl	chMsgReleaseS
 433              		.loc 6 149 0
 434 01a4 FFF774FF 		bl	chSysUnlock
 435              		.loc 6 150 0
 436 01a8 03B0     		add	sp, sp, #12
 437              		@ sp needed
 438 01aa 5DF804FB 		ldr	pc, [sp], #4
 439              		.cfi_endproc
 440              	.LFE232:
 441              		.size	chMsgRelease, .-chMsgRelease
 442              	.Letext0:
 443              		.file 7 "/nfs/nfs5/home/research/hardware/arm2/gcc-arm-embedded/gcc-arm-none-eabi-4_8-2014q2/arm-n
 444              		.file 8 "/nfs/nfs5/home/research/hardware/arm2/gcc-arm-embedded/gcc-arm-none-eabi-4_8-2014q2/arm-n
 445              		.file 9 "../../ChibiOS/os/rt/ports/ARMCMx/compilers/GCC/chtypes.h"
 446              		.file 10 "../../ChibiOS/os/rt/include/chsystypes.h"
 447              		.file 11 "../../ChibiOS/os/rt/ports/ARMCMx/chcore.h"
 448              		.file 12 "../../ChibiOS/os/rt/include/chtm.h"
 449              		.file 13 "../../ChibiOS/os/rt/include/chsem.h"
 450              		.file 14 "../../ChibiOS/os/rt/include/chmtx.h"
ARM GAS  /tmp/cc0QBIQQ.s 			page 9


 451              		.file 15 "../../ChibiOS/os/ext/CMSIS/include/core_cm4.h"
 452 01ae 00BF     		.section	.debug_info,"",%progbits
 453              	.Ldebug_info0:
 454 0000 B4080000 		.4byte	0x8b4
 455 0004 0400     		.2byte	0x4
 456 0006 00000000 		.4byte	.Ldebug_abbrev0
 457 000a 04       		.byte	0x4
 458 000b 01       		.uleb128 0x1
 459 000c 39020000 		.4byte	.LASF115
 460 0010 01       		.byte	0x1
 461 0011 88050000 		.4byte	.LASF116
 462 0015 5F000000 		.4byte	.LASF117
 463 0019 00000000 		.4byte	.Ltext0
 464 001d AE010000 		.4byte	.Letext0-.Ltext0
 465 0021 00000000 		.4byte	.Ldebug_line0
 466 0025 02       		.uleb128 0x2
 467 0026 04       		.byte	0x4
 468 0027 05       		.byte	0x5
 469 0028 696E7400 		.ascii	"int\000"
 470 002c 03       		.uleb128 0x3
 471 002d 04       		.byte	0x4
 472 002e 07       		.byte	0x7
 473 002f D5010000 		.4byte	.LASF0
 474 0033 03       		.uleb128 0x3
 475 0034 01       		.byte	0x1
 476 0035 06       		.byte	0x6
 477 0036 1A010000 		.4byte	.LASF1
 478 003a 04       		.uleb128 0x4
 479 003b 30000000 		.4byte	.LASF5
 480 003f 07       		.byte	0x7
 481 0040 1C       		.byte	0x1c
 482 0041 45000000 		.4byte	0x45
 483 0045 03       		.uleb128 0x3
 484 0046 01       		.byte	0x1
 485 0047 08       		.byte	0x8
 486 0048 E6030000 		.4byte	.LASF2
 487 004c 03       		.uleb128 0x3
 488 004d 02       		.byte	0x2
 489 004e 05       		.byte	0x5
 490 004f FE030000 		.4byte	.LASF3
 491 0053 03       		.uleb128 0x3
 492 0054 02       		.byte	0x2
 493 0055 07       		.byte	0x7
 494 0056 02020000 		.4byte	.LASF4
 495 005a 04       		.uleb128 0x4
 496 005b FD020000 		.4byte	.LASF6
 497 005f 07       		.byte	0x7
 498 0060 37       		.byte	0x37
 499 0061 65000000 		.4byte	0x65
 500 0065 03       		.uleb128 0x3
 501 0066 04       		.byte	0x4
 502 0067 05       		.byte	0x5
 503 0068 5D010000 		.4byte	.LASF7
 504 006c 04       		.uleb128 0x4
 505 006d 01050000 		.4byte	.LASF8
 506 0071 07       		.byte	0x7
 507 0072 38       		.byte	0x38
ARM GAS  /tmp/cc0QBIQQ.s 			page 10


 508 0073 77000000 		.4byte	0x77
 509 0077 03       		.uleb128 0x3
 510 0078 04       		.byte	0x4
 511 0079 07       		.byte	0x7
 512 007a B1040000 		.4byte	.LASF9
 513 007e 03       		.uleb128 0x3
 514 007f 08       		.byte	0x8
 515 0080 05       		.byte	0x5
 516 0081 0C010000 		.4byte	.LASF10
 517 0085 04       		.uleb128 0x4
 518 0086 96030000 		.4byte	.LASF11
 519 008a 07       		.byte	0x7
 520 008b 4E       		.byte	0x4e
 521 008c 90000000 		.4byte	0x90
 522 0090 03       		.uleb128 0x3
 523 0091 08       		.byte	0x8
 524 0092 07       		.byte	0x7
 525 0093 A6000000 		.4byte	.LASF12
 526 0097 04       		.uleb128 0x4
 527 0098 72050000 		.4byte	.LASF13
 528 009c 08       		.byte	0x8
 529 009d 2A       		.byte	0x2a
 530 009e 3A000000 		.4byte	0x3a
 531 00a2 04       		.uleb128 0x4
 532 00a3 DE030000 		.4byte	.LASF14
 533 00a7 08       		.byte	0x8
 534 00a8 41       		.byte	0x41
 535 00a9 5A000000 		.4byte	0x5a
 536 00ad 04       		.uleb128 0x4
 537 00ae 80040000 		.4byte	.LASF15
 538 00b2 08       		.byte	0x8
 539 00b3 42       		.byte	0x42
 540 00b4 6C000000 		.4byte	0x6c
 541 00b8 04       		.uleb128 0x4
 542 00b9 27000000 		.4byte	.LASF16
 543 00bd 08       		.byte	0x8
 544 00be 4E       		.byte	0x4e
 545 00bf 85000000 		.4byte	0x85
 546 00c3 04       		.uleb128 0x4
 547 00c4 33050000 		.4byte	.LASF17
 548 00c8 09       		.byte	0x9
 549 00c9 39       		.byte	0x39
 550 00ca AD000000 		.4byte	0xad
 551 00ce 04       		.uleb128 0x4
 552 00cf 31020000 		.4byte	.LASF18
 553 00d3 09       		.byte	0x9
 554 00d4 3C       		.byte	0x3c
 555 00d5 97000000 		.4byte	0x97
 556 00d9 04       		.uleb128 0x4
 557 00da 70010000 		.4byte	.LASF19
 558 00de 09       		.byte	0x9
 559 00df 3D       		.byte	0x3d
 560 00e0 97000000 		.4byte	0x97
 561 00e4 04       		.uleb128 0x4
 562 00e5 A1030000 		.4byte	.LASF20
 563 00e9 09       		.byte	0x9
 564 00ea 3E       		.byte	0x3e
ARM GAS  /tmp/cc0QBIQQ.s 			page 11


 565 00eb 97000000 		.4byte	0x97
 566 00ef 04       		.uleb128 0x4
 567 00f0 49010000 		.4byte	.LASF21
 568 00f4 09       		.byte	0x9
 569 00f5 3F       		.byte	0x3f
 570 00f6 97000000 		.4byte	0x97
 571 00fa 04       		.uleb128 0x4
 572 00fb C0030000 		.4byte	.LASF22
 573 00ff 09       		.byte	0x9
 574 0100 40       		.byte	0x40
 575 0101 AD000000 		.4byte	0xad
 576 0105 04       		.uleb128 0x4
 577 0106 1F020000 		.4byte	.LASF23
 578 010a 09       		.byte	0x9
 579 010b 41       		.byte	0x41
 580 010c A2000000 		.4byte	0xa2
 581 0110 04       		.uleb128 0x4
 582 0111 F1020000 		.4byte	.LASF24
 583 0115 09       		.byte	0x9
 584 0116 43       		.byte	0x43
 585 0117 AD000000 		.4byte	0xad
 586 011b 04       		.uleb128 0x4
 587 011c CF010000 		.4byte	.LASF25
 588 0120 09       		.byte	0x9
 589 0121 45       		.byte	0x45
 590 0122 A2000000 		.4byte	0xa2
 591 0126 04       		.uleb128 0x4
 592 0127 E3040000 		.4byte	.LASF26
 593 012b 0A       		.byte	0xa
 594 012c 33       		.byte	0x33
 595 012d AD000000 		.4byte	0xad
 596 0131 04       		.uleb128 0x4
 597 0132 C8040000 		.4byte	.LASF27
 598 0136 0A       		.byte	0xa
 599 0137 3F       		.byte	0x3f
 600 0138 3C010000 		.4byte	0x13c
 601 013c 05       		.uleb128 0x5
 602 013d 15020000 		.4byte	.LASF48
 603 0141 44       		.byte	0x44
 604 0142 03       		.byte	0x3
 605 0143 C2       		.byte	0xc2
 606 0144 35020000 		.4byte	0x235
 607 0148 06       		.uleb128 0x6
 608 0149 28040000 		.4byte	.LASF28
 609 014d 03       		.byte	0x3
 610 014e C3       		.byte	0xc3
 611 014f 40020000 		.4byte	0x240
 612 0153 00       		.byte	0
 613 0154 06       		.uleb128 0x6
 614 0155 B9030000 		.4byte	.LASF29
 615 0159 03       		.byte	0x3
 616 015a C5       		.byte	0xc5
 617 015b 40020000 		.4byte	0x240
 618 015f 04       		.byte	0x4
 619 0160 06       		.uleb128 0x6
 620 0161 05010000 		.4byte	.LASF30
 621 0165 03       		.byte	0x3
ARM GAS  /tmp/cc0QBIQQ.s 			page 12


 622 0166 C7       		.byte	0xc7
 623 0167 FA000000 		.4byte	0xfa
 624 016b 08       		.byte	0x8
 625 016c 06       		.uleb128 0x6
 626 016d DB050000 		.4byte	.LASF31
 627 0171 03       		.byte	0x3
 628 0172 C8       		.byte	0xc8
 629 0173 70040000 		.4byte	0x470
 630 0177 0C       		.byte	0xc
 631 0178 06       		.uleb128 0x6
 632 0179 89010000 		.4byte	.LASF32
 633 017d 03       		.byte	0x3
 634 017e CA       		.byte	0xca
 635 017f 40020000 		.4byte	0x240
 636 0183 10       		.byte	0x10
 637 0184 06       		.uleb128 0x6
 638 0185 5E030000 		.4byte	.LASF33
 639 0189 03       		.byte	0x3
 640 018a CB       		.byte	0xcb
 641 018b 40020000 		.4byte	0x240
 642 018f 14       		.byte	0x14
 643 0190 06       		.uleb128 0x6
 644 0191 81050000 		.4byte	.LASF34
 645 0195 03       		.byte	0x3
 646 0196 D2       		.byte	0xd2
 647 0197 EF050000 		.4byte	0x5ef
 648 019b 18       		.byte	0x18
 649 019c 06       		.uleb128 0x6
 650 019d 08040000 		.4byte	.LASF35
 651 01a1 03       		.byte	0x3
 652 01a2 DD       		.byte	0xdd
 653 01a3 D9000000 		.4byte	0xd9
 654 01a7 1C       		.byte	0x1c
 655 01a8 06       		.uleb128 0x6
 656 01a9 2F040000 		.4byte	.LASF36
 657 01ad 03       		.byte	0x3
 658 01ae E1       		.byte	0xe1
 659 01af CE000000 		.4byte	0xce
 660 01b3 1D       		.byte	0x1d
 661 01b4 06       		.uleb128 0x6
 662 01b5 65050000 		.4byte	.LASF37
 663 01b9 03       		.byte	0x3
 664 01ba E6       		.byte	0xe6
 665 01bb E4000000 		.4byte	0xe4
 666 01bf 1E       		.byte	0x1e
 667 01c0 06       		.uleb128 0x6
 668 01c1 10040000 		.4byte	.LASF38
 669 01c5 03       		.byte	0x3
 670 01c6 EC       		.byte	0xec
 671 01c7 EF000000 		.4byte	0xef
 672 01cb 1F       		.byte	0x1f
 673 01cc 07       		.uleb128 0x7
 674 01cd 705F7500 		.ascii	"p_u\000"
 675 01d1 03       		.byte	0x3
 676 01d2 3101     		.2byte	0x131
 677 01d4 2A050000 		.4byte	0x52a
 678 01d8 20       		.byte	0x20
ARM GAS  /tmp/cc0QBIQQ.s 			page 13


 679 01d9 08       		.uleb128 0x8
 680 01da 21030000 		.4byte	.LASF39
 681 01de 03       		.byte	0x3
 682 01df 3601     		.2byte	0x136
 683 01e1 46020000 		.4byte	0x246
 684 01e5 24       		.byte	0x24
 685 01e6 08       		.uleb128 0x8
 686 01e7 F1010000 		.4byte	.LASF40
 687 01eb 03       		.byte	0x3
 688 01ec 3C01     		.2byte	0x13c
 689 01ee 6A020000 		.4byte	0x26a
 690 01f2 28       		.byte	0x28
 691 01f3 08       		.uleb128 0x8
 692 01f4 BF050000 		.4byte	.LASF41
 693 01f8 03       		.byte	0x3
 694 01f9 4001     		.2byte	0x140
 695 01fb 05010000 		.4byte	0x105
 696 01ff 30       		.byte	0x30
 697 0200 08       		.uleb128 0x8
 698 0201 75040000 		.4byte	.LASF42
 699 0205 03       		.byte	0x3
 700 0206 4601     		.2byte	0x146
 701 0208 10010000 		.4byte	0x110
 702 020c 34       		.byte	0x34
 703 020d 08       		.uleb128 0x8
 704 020e F4030000 		.4byte	.LASF43
 705 0212 03       		.byte	0x3
 706 0213 4D01     		.2byte	0x14d
 707 0215 E9050000 		.4byte	0x5e9
 708 0219 38       		.byte	0x38
 709 021a 08       		.uleb128 0x8
 710 021b ED040000 		.4byte	.LASF44
 711 021f 03       		.byte	0x3
 712 0220 5101     		.2byte	0x151
 713 0222 FA000000 		.4byte	0xfa
 714 0226 3C       		.byte	0x3c
 715 0227 08       		.uleb128 0x8
 716 0228 26010000 		.4byte	.LASF45
 717 022c 03       		.byte	0x3
 718 022d 5801     		.2byte	0x158
 719 022f 1D030000 		.4byte	0x31d
 720 0233 40       		.byte	0x40
 721 0234 00       		.byte	0
 722 0235 04       		.uleb128 0x4
 723 0236 34030000 		.4byte	.LASF46
 724 023a 0A       		.byte	0xa
 725 023b 44       		.byte	0x44
 726 023c 40020000 		.4byte	0x240
 727 0240 09       		.uleb128 0x9
 728 0241 04       		.byte	0x4
 729 0242 31010000 		.4byte	0x131
 730 0246 04       		.uleb128 0x4
 731 0247 12030000 		.4byte	.LASF47
 732 024b 0A       		.byte	0xa
 733 024c 49       		.byte	0x49
 734 024d 51020000 		.4byte	0x251
 735 0251 05       		.uleb128 0x5
ARM GAS  /tmp/cc0QBIQQ.s 			page 14


 736 0252 A1040000 		.4byte	.LASF49
 737 0256 04       		.byte	0x4
 738 0257 03       		.byte	0x3
 739 0258 B0       		.byte	0xb0
 740 0259 6A020000 		.4byte	0x26a
 741 025d 06       		.uleb128 0x6
 742 025e 28040000 		.4byte	.LASF28
 743 0262 03       		.byte	0x3
 744 0263 B1       		.byte	0xb1
 745 0264 40020000 		.4byte	0x240
 746 0268 00       		.byte	0
 747 0269 00       		.byte	0
 748 026a 04       		.uleb128 0x4
 749 026b 4C050000 		.4byte	.LASF50
 750 026f 0A       		.byte	0xa
 751 0270 50       		.byte	0x50
 752 0271 75020000 		.4byte	0x275
 753 0275 05       		.uleb128 0x5
 754 0276 F4000000 		.4byte	.LASF51
 755 027a 08       		.byte	0x8
 756 027b 03       		.byte	0x3
 757 027c B7       		.byte	0xb7
 758 027d 9A020000 		.4byte	0x29a
 759 0281 06       		.uleb128 0x6
 760 0282 28040000 		.4byte	.LASF28
 761 0286 03       		.byte	0x3
 762 0287 B8       		.byte	0xb8
 763 0288 40020000 		.4byte	0x240
 764 028c 00       		.byte	0
 765 028d 06       		.uleb128 0x6
 766 028e B9030000 		.4byte	.LASF29
 767 0292 03       		.byte	0x3
 768 0293 B9       		.byte	0xb9
 769 0294 40020000 		.4byte	0x240
 770 0298 04       		.byte	0x4
 771 0299 00       		.byte	0
 772 029a 04       		.uleb128 0x4
 773 029b 00000000 		.4byte	.LASF52
 774 029f 0A       		.byte	0xa
 775 02a0 57       		.byte	0x57
 776 02a1 A5020000 		.4byte	0x2a5
 777 02a5 0A       		.uleb128 0xa
 778 02a6 E3020000 		.4byte	.LASF53
 779 02aa 1C       		.byte	0x1c
 780 02ab 03       		.byte	0x3
 781 02ac 9001     		.2byte	0x190
 782 02ae 01030000 		.4byte	0x301
 783 02b2 08       		.uleb128 0x8
 784 02b3 90040000 		.4byte	.LASF54
 785 02b7 03       		.byte	0x3
 786 02b8 9101     		.2byte	0x191
 787 02ba 6A020000 		.4byte	0x26a
 788 02be 00       		.byte	0
 789 02bf 08       		.uleb128 0x8
 790 02c0 1A040000 		.4byte	.LASF55
 791 02c4 03       		.byte	0x3
 792 02c5 9201     		.2byte	0x192
ARM GAS  /tmp/cc0QBIQQ.s 			page 15


 793 02c7 FA000000 		.4byte	0xfa
 794 02cb 08       		.byte	0x8
 795 02cc 08       		.uleb128 0x8
 796 02cd 66030000 		.4byte	.LASF56
 797 02d1 03       		.byte	0x3
 798 02d2 9401     		.2byte	0x194
 799 02d4 70040000 		.4byte	0x470
 800 02d8 0C       		.byte	0xc
 801 02d9 08       		.uleb128 0x8
 802 02da 99010000 		.4byte	.LASF57
 803 02de 03       		.byte	0x3
 804 02df 9701     		.2byte	0x197
 805 02e1 40020000 		.4byte	0x240
 806 02e5 10       		.byte	0x10
 807 02e6 08       		.uleb128 0x8
 808 02e7 8E030000 		.4byte	.LASF58
 809 02eb 03       		.byte	0x3
 810 02ec 9801     		.2byte	0x198
 811 02ee 40020000 		.4byte	0x240
 812 02f2 14       		.byte	0x14
 813 02f3 08       		.uleb128 0x8
 814 02f4 84030000 		.4byte	.LASF59
 815 02f8 03       		.byte	0x3
 816 02f9 9B01     		.2byte	0x19b
 817 02fb 40020000 		.4byte	0x240
 818 02ff 18       		.byte	0x18
 819 0300 00       		.byte	0
 820 0301 04       		.uleb128 0x4
 821 0302 F8040000 		.4byte	.LASF60
 822 0306 0A       		.byte	0xa
 823 0307 5C       		.byte	0x5c
 824 0308 0C030000 		.4byte	0x30c
 825 030c 09       		.uleb128 0x9
 826 030d 04       		.byte	0x4
 827 030e 12030000 		.4byte	0x312
 828 0312 0B       		.uleb128 0xb
 829 0313 1D030000 		.4byte	0x31d
 830 0317 0C       		.uleb128 0xc
 831 0318 1D030000 		.4byte	0x31d
 832 031c 00       		.byte	0
 833 031d 0D       		.uleb128 0xd
 834 031e 04       		.byte	0x4
 835 031f 04       		.uleb128 0x4
 836 0320 A9030000 		.4byte	.LASF61
 837 0324 0A       		.byte	0xa
 838 0325 61       		.byte	0x61
 839 0326 2A030000 		.4byte	0x32a
 840 032a 0A       		.uleb128 0xa
 841 032b 4A040000 		.4byte	.LASF62
 842 032f 14       		.byte	0x14
 843 0330 03       		.byte	0x3
 844 0331 6B01     		.2byte	0x16b
 845 0333 79030000 		.4byte	0x379
 846 0337 08       		.uleb128 0x8
 847 0338 E2010000 		.4byte	.LASF63
 848 033c 03       		.byte	0x3
 849 033d 6C01     		.2byte	0x16c
ARM GAS  /tmp/cc0QBIQQ.s 			page 16


 850 033f 01060000 		.4byte	0x601
 851 0343 00       		.byte	0
 852 0344 08       		.uleb128 0x8
 853 0345 AA010000 		.4byte	.LASF64
 854 0349 03       		.byte	0x3
 855 034a 6D01     		.2byte	0x16d
 856 034c 01060000 		.4byte	0x601
 857 0350 04       		.byte	0x4
 858 0351 08       		.uleb128 0x8
 859 0352 98040000 		.4byte	.LASF65
 860 0356 03       		.byte	0x3
 861 0357 6E01     		.2byte	0x16e
 862 0359 26010000 		.4byte	0x126
 863 035d 08       		.byte	0x8
 864 035e 08       		.uleb128 0x8
 865 035f E1050000 		.4byte	.LASF66
 866 0363 03       		.byte	0x3
 867 0364 6F01     		.2byte	0x16f
 868 0366 01030000 		.4byte	0x301
 869 036a 0C       		.byte	0xc
 870 036b 08       		.uleb128 0x8
 871 036c 3B050000 		.4byte	.LASF67
 872 0370 03       		.byte	0x3
 873 0371 7101     		.2byte	0x171
 874 0373 1D030000 		.4byte	0x31d
 875 0377 10       		.byte	0x10
 876 0378 00       		.byte	0
 877 0379 04       		.uleb128 0x4
 878 037a D1000000 		.4byte	.LASF68
 879 037e 0A       		.byte	0xa
 880 037f 66       		.byte	0x66
 881 0380 84030000 		.4byte	0x384
 882 0384 0A       		.uleb128 0xa
 883 0385 47030000 		.4byte	.LASF69
 884 0389 10       		.byte	0x10
 885 038a 03       		.byte	0x3
 886 038b 7B01     		.2byte	0x17b
 887 038d C6030000 		.4byte	0x3c6
 888 0391 08       		.uleb128 0x8
 889 0392 E2010000 		.4byte	.LASF63
 890 0396 03       		.byte	0x3
 891 0397 7C01     		.2byte	0x17c
 892 0399 01060000 		.4byte	0x601
 893 039d 00       		.byte	0
 894 039e 08       		.uleb128 0x8
 895 039f AA010000 		.4byte	.LASF64
 896 03a3 03       		.byte	0x3
 897 03a4 7E01     		.2byte	0x17e
 898 03a6 01060000 		.4byte	0x601
 899 03aa 04       		.byte	0x4
 900 03ab 08       		.uleb128 0x8
 901 03ac 98040000 		.4byte	.LASF65
 902 03b0 03       		.byte	0x3
 903 03b1 8001     		.2byte	0x180
 904 03b3 26010000 		.4byte	0x126
 905 03b7 08       		.byte	0x8
 906 03b8 08       		.uleb128 0x8
ARM GAS  /tmp/cc0QBIQQ.s 			page 17


 907 03b9 A8050000 		.4byte	.LASF70
 908 03bd 03       		.byte	0x3
 909 03be 8201     		.2byte	0x182
 910 03c0 07060000 		.4byte	0x607
 911 03c4 0C       		.byte	0xc
 912 03c5 00       		.byte	0
 913 03c6 04       		.uleb128 0x4
 914 03c7 46000000 		.4byte	.LASF71
 915 03cb 0A       		.byte	0xa
 916 03cc 6B       		.byte	0x6b
 917 03cd D1030000 		.4byte	0x3d1
 918 03d1 0A       		.uleb128 0xa
 919 03d2 C8030000 		.4byte	.LASF72
 920 03d6 04       		.byte	0x4
 921 03d7 03       		.byte	0x3
 922 03d8 A201     		.2byte	0x1a2
 923 03da EC030000 		.4byte	0x3ec
 924 03de 08       		.uleb128 0x8
 925 03df 1A050000 		.4byte	.LASF73
 926 03e3 03       		.byte	0x3
 927 03e4 AA01     		.2byte	0x1aa
 928 03e6 0C060000 		.4byte	0x60c
 929 03ea 00       		.byte	0
 930 03eb 00       		.byte	0
 931 03ec 04       		.uleb128 0x4
 932 03ed 25020000 		.4byte	.LASF74
 933 03f1 0A       		.byte	0xa
 934 03f2 70       		.byte	0x70
 935 03f3 F7030000 		.4byte	0x3f7
 936 03f7 0E       		.uleb128 0xe
 937 03f8 53010000 		.4byte	.LASF75
 938 03fc 5001     		.2byte	0x150
 939 03fe 03       		.byte	0x3
 940 03ff C201     		.2byte	0x1c2
 941 0401 53040000 		.4byte	0x453
 942 0405 08       		.uleb128 0x8
 943 0406 6C050000 		.4byte	.LASF76
 944 040a 03       		.byte	0x3
 945 040b C601     		.2byte	0x1c6
 946 040d 9A020000 		.4byte	0x29a
 947 0411 00       		.byte	0
 948 0412 08       		.uleb128 0x8
 949 0413 36010000 		.4byte	.LASF77
 950 0417 03       		.byte	0x3
 951 0418 CA01     		.2byte	0x1ca
 952 041a 79030000 		.4byte	0x379
 953 041e 1C       		.byte	0x1c
 954 041f 07       		.uleb128 0x7
 955 0420 64626700 		.ascii	"dbg\000"
 956 0424 03       		.byte	0x3
 957 0425 CE01     		.2byte	0x1ce
 958 0427 C6030000 		.4byte	0x3c6
 959 042b 2C       		.byte	0x2c
 960 042c 08       		.uleb128 0x8
 961 042d C6000000 		.4byte	.LASF78
 962 0431 03       		.byte	0x3
 963 0432 D201     		.2byte	0x1d2
ARM GAS  /tmp/cc0QBIQQ.s 			page 18


 964 0434 31010000 		.4byte	0x131
 965 0438 30       		.byte	0x30
 966 0439 07       		.uleb128 0x7
 967 043a 746D00   		.ascii	"tm\000"
 968 043d 03       		.byte	0x3
 969 043e D701     		.2byte	0x1d7
 970 0440 1F050000 		.4byte	0x51f
 971 0444 74       		.byte	0x74
 972 0445 08       		.uleb128 0x8
 973 0446 C0010000 		.4byte	.LASF79
 974 044a 03       		.byte	0x3
 975 044b E301     		.2byte	0x1e3
 976 044d 11060000 		.4byte	0x611
 977 0451 78       		.byte	0x78
 978 0452 00       		.byte	0
 979 0453 03       		.uleb128 0x3
 980 0454 04       		.byte	0x4
 981 0455 07       		.byte	0x7
 982 0456 2B030000 		.4byte	.LASF80
 983 045a 04       		.uleb128 0x4
 984 045b A1010000 		.4byte	.LASF81
 985 045f 0B       		.byte	0xb
 986 0460 65       		.byte	0x65
 987 0461 1D030000 		.4byte	0x31d
 988 0465 04       		.uleb128 0x4
 989 0466 07030000 		.4byte	.LASF82
 990 046a 0B       		.byte	0xb
 991 046b 6D       		.byte	0x6d
 992 046c B8000000 		.4byte	0xb8
 993 0470 05       		.uleb128 0x5
 994 0471 2B050000 		.4byte	.LASF83
 995 0475 04       		.byte	0x4
 996 0476 0B       		.byte	0xb
 997 0477 89       		.byte	0x89
 998 0478 89040000 		.4byte	0x489
 999 047c 0F       		.uleb128 0xf
 1000 047d 72313300 		.ascii	"r13\000"
 1001 0481 0B       		.byte	0xb
 1002 0482 8A       		.byte	0x8a
 1003 0483 04050000 		.4byte	0x504
 1004 0487 00       		.byte	0
 1005 0488 00       		.byte	0
 1006 0489 05       		.uleb128 0x5
 1007 048a 3A000000 		.4byte	.LASF84
 1008 048e 24       		.byte	0x24
 1009 048f 01       		.byte	0x1
 1010 0490 FD       		.byte	0xfd
 1011 0491 04050000 		.4byte	0x504
 1012 0495 07       		.uleb128 0x7
 1013 0496 723400   		.ascii	"r4\000"
 1014 0499 01       		.byte	0x1
 1015 049a 1001     		.2byte	0x110
 1016 049c 5A040000 		.4byte	0x45a
 1017 04a0 00       		.byte	0
 1018 04a1 07       		.uleb128 0x7
 1019 04a2 723500   		.ascii	"r5\000"
 1020 04a5 01       		.byte	0x1
ARM GAS  /tmp/cc0QBIQQ.s 			page 19


 1021 04a6 1101     		.2byte	0x111
 1022 04a8 5A040000 		.4byte	0x45a
 1023 04ac 04       		.byte	0x4
 1024 04ad 07       		.uleb128 0x7
 1025 04ae 723600   		.ascii	"r6\000"
 1026 04b1 01       		.byte	0x1
 1027 04b2 1201     		.2byte	0x112
 1028 04b4 5A040000 		.4byte	0x45a
 1029 04b8 08       		.byte	0x8
 1030 04b9 07       		.uleb128 0x7
 1031 04ba 723700   		.ascii	"r7\000"
 1032 04bd 01       		.byte	0x1
 1033 04be 1301     		.2byte	0x113
 1034 04c0 5A040000 		.4byte	0x45a
 1035 04c4 0C       		.byte	0xc
 1036 04c5 07       		.uleb128 0x7
 1037 04c6 723800   		.ascii	"r8\000"
 1038 04c9 01       		.byte	0x1
 1039 04ca 1401     		.2byte	0x114
 1040 04cc 5A040000 		.4byte	0x45a
 1041 04d0 10       		.byte	0x10
 1042 04d1 07       		.uleb128 0x7
 1043 04d2 723900   		.ascii	"r9\000"
 1044 04d5 01       		.byte	0x1
 1045 04d6 1501     		.2byte	0x115
 1046 04d8 5A040000 		.4byte	0x45a
 1047 04dc 14       		.byte	0x14
 1048 04dd 07       		.uleb128 0x7
 1049 04de 72313000 		.ascii	"r10\000"
 1050 04e2 01       		.byte	0x1
 1051 04e3 1601     		.2byte	0x116
 1052 04e5 5A040000 		.4byte	0x45a
 1053 04e9 18       		.byte	0x18
 1054 04ea 07       		.uleb128 0x7
 1055 04eb 72313100 		.ascii	"r11\000"
 1056 04ef 01       		.byte	0x1
 1057 04f0 1701     		.2byte	0x117
 1058 04f2 5A040000 		.4byte	0x45a
 1059 04f6 1C       		.byte	0x1c
 1060 04f7 07       		.uleb128 0x7
 1061 04f8 6C7200   		.ascii	"lr\000"
 1062 04fb 01       		.byte	0x1
 1063 04fc 1801     		.2byte	0x118
 1064 04fe 5A040000 		.4byte	0x45a
 1065 0502 20       		.byte	0x20
 1066 0503 00       		.byte	0
 1067 0504 09       		.uleb128 0x9
 1068 0505 04       		.byte	0x4
 1069 0506 89040000 		.4byte	0x489
 1070 050a 10       		.uleb128 0x10
 1071 050b 04       		.byte	0x4
 1072 050c 0C       		.byte	0xc
 1073 050d 38       		.byte	0x38
 1074 050e 1F050000 		.4byte	0x51f
 1075 0512 06       		.uleb128 0x6
 1076 0513 24050000 		.4byte	.LASF85
 1077 0517 0C       		.byte	0xc
ARM GAS  /tmp/cc0QBIQQ.s 			page 20


 1078 0518 3C       		.byte	0x3c
 1079 0519 C3000000 		.4byte	0xc3
 1080 051d 00       		.byte	0
 1081 051e 00       		.byte	0
 1082 051f 04       		.uleb128 0x4
 1083 0520 6C030000 		.4byte	.LASF86
 1084 0524 0C       		.byte	0xc
 1085 0525 3D       		.byte	0x3d
 1086 0526 0A050000 		.4byte	0x50a
 1087 052a 11       		.uleb128 0x11
 1088 052b 04       		.byte	0x4
 1089 052c 03       		.byte	0x3
 1090 052d FA       		.byte	0xfa
 1091 052e 87050000 		.4byte	0x587
 1092 0532 12       		.uleb128 0x12
 1093 0533 20000000 		.4byte	.LASF87
 1094 0537 03       		.byte	0x3
 1095 0538 0101     		.2byte	0x101
 1096 053a 05010000 		.4byte	0x105
 1097 053e 12       		.uleb128 0x12
 1098 053f BD000000 		.4byte	.LASF88
 1099 0543 03       		.byte	0x3
 1100 0544 0801     		.2byte	0x108
 1101 0546 05010000 		.4byte	0x105
 1102 054a 12       		.uleb128 0x12
 1103 054b 7A050000 		.4byte	.LASF89
 1104 054f 03       		.byte	0x3
 1105 0550 0F01     		.2byte	0x10f
 1106 0552 1D030000 		.4byte	0x31d
 1107 0556 12       		.uleb128 0x12
 1108 0557 1A000000 		.4byte	.LASF90
 1109 055b 03       		.byte	0x3
 1110 055c 1601     		.2byte	0x116
 1111 055e 87050000 		.4byte	0x587
 1112 0562 12       		.uleb128 0x12
 1113 0563 EA010000 		.4byte	.LASF91
 1114 0567 03       		.byte	0x3
 1115 0568 1E01     		.2byte	0x11e
 1116 056a B2050000 		.4byte	0x5b2
 1117 056e 12       		.uleb128 0x12
 1118 056f 89040000 		.4byte	.LASF92
 1119 0573 03       		.byte	0x3
 1120 0574 2701     		.2byte	0x127
 1121 0576 E9050000 		.4byte	0x5e9
 1122 057a 12       		.uleb128 0x12
 1123 057b 21040000 		.4byte	.LASF93
 1124 057f 03       		.byte	0x3
 1125 0580 2F01     		.2byte	0x12f
 1126 0582 10010000 		.4byte	0x110
 1127 0586 00       		.byte	0
 1128 0587 09       		.uleb128 0x9
 1129 0588 04       		.byte	0x4
 1130 0589 35020000 		.4byte	0x235
 1131 058d 05       		.uleb128 0x5
 1132 058e 68040000 		.4byte	.LASF94
 1133 0592 0C       		.byte	0xc
 1134 0593 0D       		.byte	0xd
ARM GAS  /tmp/cc0QBIQQ.s 			page 21


 1135 0594 34       		.byte	0x34
 1136 0595 B2050000 		.4byte	0x5b2
 1137 0599 06       		.uleb128 0x6
 1138 059a 91010000 		.4byte	.LASF95
 1139 059e 0D       		.byte	0xd
 1140 059f 35       		.byte	0x35
 1141 05a0 6A020000 		.4byte	0x26a
 1142 05a4 00       		.byte	0
 1143 05a5 06       		.uleb128 0x6
 1144 05a6 FC010000 		.4byte	.LASF96
 1145 05aa 0D       		.byte	0xd
 1146 05ab 37       		.byte	0x37
 1147 05ac 1B010000 		.4byte	0x11b
 1148 05b0 08       		.byte	0x8
 1149 05b1 00       		.byte	0
 1150 05b2 09       		.uleb128 0x9
 1151 05b3 04       		.byte	0x4
 1152 05b4 8D050000 		.4byte	0x58d
 1153 05b8 05       		.uleb128 0x5
 1154 05b9 5C050000 		.4byte	.LASF97
 1155 05bd 10       		.byte	0x10
 1156 05be 0E       		.byte	0xe
 1157 05bf 39       		.byte	0x39
 1158 05c0 E9050000 		.4byte	0x5e9
 1159 05c4 06       		.uleb128 0x6
 1160 05c5 2E010000 		.4byte	.LASF98
 1161 05c9 0E       		.byte	0xe
 1162 05ca 3A       		.byte	0x3a
 1163 05cb 6A020000 		.4byte	0x26a
 1164 05cf 00       		.byte	0
 1165 05d0 06       		.uleb128 0x6
 1166 05d1 D3050000 		.4byte	.LASF99
 1167 05d5 0E       		.byte	0xe
 1168 05d6 3C       		.byte	0x3c
 1169 05d7 40020000 		.4byte	0x240
 1170 05db 08       		.byte	0x8
 1171 05dc 06       		.uleb128 0x6
 1172 05dd 7D030000 		.4byte	.LASF100
 1173 05e1 0E       		.byte	0xe
 1174 05e2 3E       		.byte	0x3e
 1175 05e3 2C060000 		.4byte	0x62c
 1176 05e7 0C       		.byte	0xc
 1177 05e8 00       		.byte	0
 1178 05e9 09       		.uleb128 0x9
 1179 05ea 04       		.byte	0x4
 1180 05eb B8050000 		.4byte	0x5b8
 1181 05ef 09       		.uleb128 0x9
 1182 05f0 04       		.byte	0x4
 1183 05f1 F5050000 		.4byte	0x5f5
 1184 05f5 13       		.uleb128 0x13
 1185 05f6 FA050000 		.4byte	0x5fa
 1186 05fa 03       		.uleb128 0x3
 1187 05fb 01       		.byte	0x1
 1188 05fc 08       		.byte	0x8
 1189 05fd C3040000 		.4byte	.LASF101
 1190 0601 09       		.uleb128 0x9
 1191 0602 04       		.byte	0x4
ARM GAS  /tmp/cc0QBIQQ.s 			page 22


 1192 0603 1F030000 		.4byte	0x31f
 1193 0607 14       		.uleb128 0x14
 1194 0608 26010000 		.4byte	0x126
 1195 060c 14       		.uleb128 0x14
 1196 060d EF050000 		.4byte	0x5ef
 1197 0611 15       		.uleb128 0x15
 1198 0612 65040000 		.4byte	0x465
 1199 0616 21060000 		.4byte	0x621
 1200 061a 16       		.uleb128 0x16
 1201 061b 53040000 		.4byte	0x453
 1202 061f 1A       		.byte	0x1a
 1203 0620 00       		.byte	0
 1204 0621 04       		.uleb128 0x4
 1205 0622 B2010000 		.4byte	.LASF102
 1206 0626 0E       		.byte	0xe
 1207 0627 34       		.byte	0x34
 1208 0628 B8050000 		.4byte	0x5b8
 1209 062c 09       		.uleb128 0x9
 1210 062d 04       		.byte	0x4
 1211 062e 21060000 		.4byte	0x621
 1212 0632 17       		.uleb128 0x17
 1213 0633 0C050000 		.4byte	.LASF118
 1214 0637 02       		.byte	0x2
 1215 0638 2202     		.2byte	0x222
 1216 063a 03       		.byte	0x3
 1217 063b 4C060000 		.4byte	0x64c
 1218 063f 18       		.uleb128 0x18
 1219 0640 BA010000 		.4byte	.LASF119
 1220 0644 02       		.byte	0x2
 1221 0645 2202     		.2byte	0x222
 1222 0647 AD000000 		.4byte	0xad
 1223 064b 00       		.byte	0
 1224 064c 19       		.uleb128 0x19
 1225 064d 55000000 		.4byte	.LASF103
 1226 0651 01       		.byte	0x1
 1227 0652 C801     		.2byte	0x1c8
 1228 0654 00000000 		.4byte	.LFB127
 1229 0658 10000000 		.4byte	.LFE127-.LFB127
 1230 065c 01       		.uleb128 0x1
 1231 065d 9C       		.byte	0x9c
 1232 065e 7C060000 		.4byte	0x67c
 1233 0662 1A       		.uleb128 0x1a
 1234 0663 32060000 		.4byte	0x632
 1235 0667 06000000 		.4byte	.LBB6
 1236 066b 06000000 		.4byte	.LBE6-.LBB6
 1237 066f 01       		.byte	0x1
 1238 0670 D001     		.2byte	0x1d0
 1239 0672 1B       		.uleb128 0x1b
 1240 0673 3F060000 		.4byte	0x63f
 1241 0677 02       		.uleb128 0x2
 1242 0678 91       		.byte	0x91
 1243 0679 7C       		.sleb128 -4
 1244 067a 00       		.byte	0
 1245 067b 00       		.byte	0
 1246 067c 19       		.uleb128 0x19
 1247 067d 3D010000 		.4byte	.LASF104
 1248 0681 01       		.byte	0x1
ARM GAS  /tmp/cc0QBIQQ.s 			page 23


 1249 0682 E001     		.2byte	0x1e0
 1250 0684 10000000 		.4byte	.LFB128
 1251 0688 10000000 		.4byte	.LFE128-.LFB128
 1252 068c 01       		.uleb128 0x1
 1253 068d 9C       		.byte	0x9c
 1254 068e AC060000 		.4byte	0x6ac
 1255 0692 1A       		.uleb128 0x1a
 1256 0693 32060000 		.4byte	0x632
 1257 0697 16000000 		.4byte	.LBB8
 1258 069b 06000000 		.4byte	.LBE8-.LBB8
 1259 069f 01       		.byte	0x1
 1260 06a0 E301     		.2byte	0x1e3
 1261 06a2 1B       		.uleb128 0x1b
 1262 06a3 3F060000 		.4byte	0x63f
 1263 06a7 02       		.uleb128 0x2
 1264 06a8 91       		.byte	0x91
 1265 06a9 7C       		.sleb128 -4
 1266 06aa 00       		.byte	0
 1267 06ab 00       		.byte	0
 1268 06ac 19       		.uleb128 0x19
 1269 06ad 0D000000 		.4byte	.LASF105
 1270 06b1 03       		.byte	0x3
 1271 06b2 9702     		.2byte	0x297
 1272 06b4 20000000 		.4byte	.LFB145
 1273 06b8 26000000 		.4byte	.LFE145-.LFB145
 1274 06bc 01       		.uleb128 0x1
 1275 06bd 9C       		.byte	0x9c
 1276 06be E0060000 		.4byte	0x6e0
 1277 06c2 1C       		.uleb128 0x1c
 1278 06c3 747000   		.ascii	"tp\000"
 1279 06c6 03       		.byte	0x3
 1280 06c7 9702     		.2byte	0x297
 1281 06c9 40020000 		.4byte	0x240
 1282 06cd 02       		.uleb128 0x2
 1283 06ce 91       		.byte	0x91
 1284 06cf 7C       		.sleb128 -4
 1285 06d0 1C       		.uleb128 0x1c
 1286 06d1 74717000 		.ascii	"tqp\000"
 1287 06d5 03       		.byte	0x3
 1288 06d6 9702     		.2byte	0x297
 1289 06d8 E0060000 		.4byte	0x6e0
 1290 06dc 02       		.uleb128 0x2
 1291 06dd 91       		.byte	0x91
 1292 06de 78       		.sleb128 -8
 1293 06df 00       		.byte	0
 1294 06e0 09       		.uleb128 0x9
 1295 06e1 04       		.byte	0x4
 1296 06e2 6A020000 		.4byte	0x26a
 1297 06e6 1D       		.uleb128 0x1d
 1298 06e7 D1040000 		.4byte	.LASF107
 1299 06eb 03       		.byte	0x3
 1300 06ec 9F02     		.2byte	0x29f
 1301 06ee 40020000 		.4byte	0x240
 1302 06f2 50000000 		.4byte	.LFB146
 1303 06f6 22000000 		.4byte	.LFE146-.LFB146
 1304 06fa 01       		.uleb128 0x1
 1305 06fb 9C       		.byte	0x9c
ARM GAS  /tmp/cc0QBIQQ.s 			page 24


 1306 06fc 1E070000 		.4byte	0x71e
 1307 0700 1C       		.uleb128 0x1c
 1308 0701 74717000 		.ascii	"tqp\000"
 1309 0705 03       		.byte	0x3
 1310 0706 9F02     		.2byte	0x29f
 1311 0708 E0060000 		.4byte	0x6e0
 1312 070c 02       		.uleb128 0x2
 1313 070d 91       		.byte	0x91
 1314 070e 74       		.sleb128 -12
 1315 070f 1E       		.uleb128 0x1e
 1316 0710 747000   		.ascii	"tp\000"
 1317 0713 03       		.byte	0x3
 1318 0714 A002     		.2byte	0x2a0
 1319 0716 40020000 		.4byte	0x240
 1320 071a 02       		.uleb128 0x2
 1321 071b 91       		.byte	0x91
 1322 071c 7C       		.sleb128 -4
 1323 071d 00       		.byte	0
 1324 071e 1F       		.uleb128 0x1f
 1325 071f 40040000 		.4byte	.LASF120
 1326 0723 04       		.byte	0x4
 1327 0724 5A01     		.2byte	0x15a
 1328 0726 80000000 		.4byte	.LFB156
 1329 072a 08000000 		.4byte	.LFE156-.LFB156
 1330 072e 01       		.uleb128 0x1
 1331 072f 9C       		.byte	0x9c
 1332 0730 20       		.uleb128 0x20
 1333 0731 B3050000 		.4byte	.LASF106
 1334 0735 04       		.byte	0x4
 1335 0736 6601     		.2byte	0x166
 1336 0738 90000000 		.4byte	.LFB157
 1337 073c 08000000 		.4byte	.LFE157-.LFB157
 1338 0740 01       		.uleb128 0x1
 1339 0741 9C       		.byte	0x9c
 1340 0742 50070000 		.4byte	0x750
 1341 0746 21       		.uleb128 0x21
 1342 0747 37040000 		.4byte	.LASF111
 1343 074b 60070000 		.4byte	0x760
 1344 074f 00       		.byte	0
 1345 0750 15       		.uleb128 0x15
 1346 0751 FA050000 		.4byte	0x5fa
 1347 0755 60070000 		.4byte	0x760
 1348 0759 16       		.uleb128 0x16
 1349 075a 53040000 		.4byte	0x453
 1350 075e 0B       		.byte	0xb
 1351 075f 00       		.byte	0
 1352 0760 13       		.uleb128 0x13
 1353 0761 50070000 		.4byte	0x750
 1354 0765 22       		.uleb128 0x22
 1355 0766 79010000 		.4byte	.LASF108
 1356 076a 05       		.byte	0x5
 1357 076b 4F       		.byte	0x4f
 1358 076c 8C070000 		.4byte	0x78c
 1359 0770 A0000000 		.4byte	.LFB211
 1360 0774 1C000000 		.4byte	.LFE211-.LFB211
 1361 0778 01       		.uleb128 0x1
 1362 0779 9C       		.byte	0x9c
ARM GAS  /tmp/cc0QBIQQ.s 			page 25


 1363 077a 8C070000 		.4byte	0x78c
 1364 077e 23       		.uleb128 0x23
 1365 077f 747000   		.ascii	"tp\000"
 1366 0782 05       		.byte	0x5
 1367 0783 4F       		.byte	0x4f
 1368 0784 40020000 		.4byte	0x240
 1369 0788 02       		.uleb128 0x2
 1370 0789 91       		.byte	0x91
 1371 078a 7C       		.sleb128 -4
 1372 078b 00       		.byte	0
 1373 078c 03       		.uleb128 0x3
 1374 078d 01       		.byte	0x1
 1375 078e 02       		.byte	0x2
 1376 078f D8030000 		.4byte	.LASF109
 1377 0793 24       		.uleb128 0x24
 1378 0794 C5050000 		.4byte	.LASF110
 1379 0798 05       		.byte	0x5
 1380 0799 6F       		.byte	0x6f
 1381 079a C0000000 		.4byte	.LFB213
 1382 079e 16000000 		.4byte	.LFE213-.LFB213
 1383 07a2 01       		.uleb128 0x1
 1384 07a3 9C       		.byte	0x9c
 1385 07a4 C4070000 		.4byte	0x7c4
 1386 07a8 23       		.uleb128 0x23
 1387 07a9 747000   		.ascii	"tp\000"
 1388 07ac 05       		.byte	0x5
 1389 07ad 6F       		.byte	0x6f
 1390 07ae 40020000 		.4byte	0x240
 1391 07b2 02       		.uleb128 0x2
 1392 07b3 91       		.byte	0x91
 1393 07b4 74       		.sleb128 -12
 1394 07b5 23       		.uleb128 0x23
 1395 07b6 6D736700 		.ascii	"msg\000"
 1396 07ba 05       		.byte	0x5
 1397 07bb 6F       		.byte	0x6f
 1398 07bc 05010000 		.4byte	0x105
 1399 07c0 02       		.uleb128 0x2
 1400 07c1 91       		.byte	0x91
 1401 07c2 70       		.sleb128 -16
 1402 07c3 00       		.byte	0
 1403 07c4 25       		.uleb128 0x25
 1404 07c5 66010000 		.4byte	.LASF112
 1405 07c9 06       		.byte	0x6
 1406 07ca 57       		.byte	0x57
 1407 07cb 05010000 		.4byte	0x105
 1408 07cf E0000000 		.4byte	.LFB230
 1409 07d3 5C000000 		.4byte	.LFE230-.LFB230
 1410 07d7 01       		.uleb128 0x1
 1411 07d8 9C       		.byte	0x9c
 1412 07d9 10080000 		.4byte	0x810
 1413 07dd 23       		.uleb128 0x23
 1414 07de 747000   		.ascii	"tp\000"
 1415 07e1 06       		.byte	0x6
 1416 07e2 57       		.byte	0x57
 1417 07e3 40020000 		.4byte	0x240
 1418 07e7 02       		.uleb128 0x2
 1419 07e8 91       		.byte	0x91
ARM GAS  /tmp/cc0QBIQQ.s 			page 26


 1420 07e9 6C       		.sleb128 -20
 1421 07ea 23       		.uleb128 0x23
 1422 07eb 6D736700 		.ascii	"msg\000"
 1423 07ef 06       		.byte	0x6
 1424 07f0 57       		.byte	0x57
 1425 07f1 05010000 		.4byte	0x105
 1426 07f5 02       		.uleb128 0x2
 1427 07f6 91       		.byte	0x91
 1428 07f7 68       		.sleb128 -24
 1429 07f8 26       		.uleb128 0x26
 1430 07f9 63747000 		.ascii	"ctp\000"
 1431 07fd 06       		.byte	0x6
 1432 07fe 58       		.byte	0x58
 1433 07ff 40020000 		.4byte	0x240
 1434 0803 02       		.uleb128 0x2
 1435 0804 91       		.byte	0x91
 1436 0805 74       		.sleb128 -12
 1437 0806 21       		.uleb128 0x21
 1438 0807 37040000 		.4byte	.LASF111
 1439 080b 20080000 		.4byte	0x820
 1440 080f 00       		.byte	0
 1441 0810 15       		.uleb128 0x15
 1442 0811 FA050000 		.4byte	0x5fa
 1443 0815 20080000 		.4byte	0x820
 1444 0819 16       		.uleb128 0x16
 1445 081a 53040000 		.4byte	0x453
 1446 081e 09       		.byte	0x9
 1447 081f 00       		.byte	0
 1448 0820 13       		.uleb128 0x13
 1449 0821 10080000 		.4byte	0x810
 1450 0825 25       		.uleb128 0x25
 1451 0826 42050000 		.4byte	.LASF113
 1452 082a 06       		.byte	0x6
 1453 082b 78       		.byte	0x78
 1454 082c 40020000 		.4byte	0x240
 1455 0830 40010000 		.4byte	.LFB231
 1456 0834 4C000000 		.4byte	.LFE231-.LFB231
 1457 0838 01       		.uleb128 0x1
 1458 0839 9C       		.byte	0x9c
 1459 083a 4C080000 		.4byte	0x84c
 1460 083e 26       		.uleb128 0x26
 1461 083f 747000   		.ascii	"tp\000"
 1462 0842 06       		.byte	0x6
 1463 0843 79       		.byte	0x79
 1464 0844 40020000 		.4byte	0x240
 1465 0848 02       		.uleb128 0x2
 1466 0849 91       		.byte	0x91
 1467 084a 74       		.sleb128 -12
 1468 084b 00       		.byte	0
 1469 084c 27       		.uleb128 0x27
 1470 084d 5B040000 		.4byte	.LASF121
 1471 0851 06       		.byte	0x6
 1472 0852 90       		.byte	0x90
 1473 0853 90010000 		.4byte	.LFB232
 1474 0857 1E000000 		.4byte	.LFE232-.LFB232
 1475 085b 01       		.uleb128 0x1
 1476 085c 9C       		.byte	0x9c
ARM GAS  /tmp/cc0QBIQQ.s 			page 27


 1477 085d 86080000 		.4byte	0x886
 1478 0861 23       		.uleb128 0x23
 1479 0862 747000   		.ascii	"tp\000"
 1480 0865 06       		.byte	0x6
 1481 0866 90       		.byte	0x90
 1482 0867 40020000 		.4byte	0x240
 1483 086b 02       		.uleb128 0x2
 1484 086c 91       		.byte	0x91
 1485 086d 74       		.sleb128 -12
 1486 086e 23       		.uleb128 0x23
 1487 086f 6D736700 		.ascii	"msg\000"
 1488 0873 06       		.byte	0x6
 1489 0874 90       		.byte	0x90
 1490 0875 05010000 		.4byte	0x105
 1491 0879 02       		.uleb128 0x2
 1492 087a 91       		.byte	0x91
 1493 087b 70       		.sleb128 -16
 1494 087c 21       		.uleb128 0x21
 1495 087d 37040000 		.4byte	.LASF111
 1496 0881 96080000 		.4byte	0x896
 1497 0885 00       		.byte	0
 1498 0886 15       		.uleb128 0x15
 1499 0887 FA050000 		.4byte	0x5fa
 1500 088b 96080000 		.4byte	0x896
 1501 088f 16       		.uleb128 0x16
 1502 0890 53040000 		.4byte	0x453
 1503 0894 0C       		.byte	0xc
 1504 0895 00       		.byte	0
 1505 0896 13       		.uleb128 0x13
 1506 0897 86080000 		.4byte	0x886
 1507 089b 28       		.uleb128 0x28
 1508 089c E7000000 		.4byte	.LASF114
 1509 08a0 0F       		.byte	0xf
 1510 08a1 FA06     		.2byte	0x6fa
 1511 08a3 A7080000 		.4byte	0x8a7
 1512 08a7 14       		.uleb128 0x14
 1513 08a8 A2000000 		.4byte	0xa2
 1514 08ac 29       		.uleb128 0x29
 1515 08ad 636800   		.ascii	"ch\000"
 1516 08b0 03       		.byte	0x3
 1517 08b1 0902     		.2byte	0x209
 1518 08b3 EC030000 		.4byte	0x3ec
 1519 08b7 00       		.byte	0
 1520              		.section	.debug_abbrev,"",%progbits
 1521              	.Ldebug_abbrev0:
 1522 0000 01       		.uleb128 0x1
 1523 0001 11       		.uleb128 0x11
 1524 0002 01       		.byte	0x1
 1525 0003 25       		.uleb128 0x25
 1526 0004 0E       		.uleb128 0xe
 1527 0005 13       		.uleb128 0x13
 1528 0006 0B       		.uleb128 0xb
 1529 0007 03       		.uleb128 0x3
 1530 0008 0E       		.uleb128 0xe
 1531 0009 1B       		.uleb128 0x1b
 1532 000a 0E       		.uleb128 0xe
 1533 000b 11       		.uleb128 0x11
ARM GAS  /tmp/cc0QBIQQ.s 			page 28


 1534 000c 01       		.uleb128 0x1
 1535 000d 12       		.uleb128 0x12
 1536 000e 06       		.uleb128 0x6
 1537 000f 10       		.uleb128 0x10
 1538 0010 17       		.uleb128 0x17
 1539 0011 00       		.byte	0
 1540 0012 00       		.byte	0
 1541 0013 02       		.uleb128 0x2
 1542 0014 24       		.uleb128 0x24
 1543 0015 00       		.byte	0
 1544 0016 0B       		.uleb128 0xb
 1545 0017 0B       		.uleb128 0xb
 1546 0018 3E       		.uleb128 0x3e
 1547 0019 0B       		.uleb128 0xb
 1548 001a 03       		.uleb128 0x3
 1549 001b 08       		.uleb128 0x8
 1550 001c 00       		.byte	0
 1551 001d 00       		.byte	0
 1552 001e 03       		.uleb128 0x3
 1553 001f 24       		.uleb128 0x24
 1554 0020 00       		.byte	0
 1555 0021 0B       		.uleb128 0xb
 1556 0022 0B       		.uleb128 0xb
 1557 0023 3E       		.uleb128 0x3e
 1558 0024 0B       		.uleb128 0xb
 1559 0025 03       		.uleb128 0x3
 1560 0026 0E       		.uleb128 0xe
 1561 0027 00       		.byte	0
 1562 0028 00       		.byte	0
 1563 0029 04       		.uleb128 0x4
 1564 002a 16       		.uleb128 0x16
 1565 002b 00       		.byte	0
 1566 002c 03       		.uleb128 0x3
 1567 002d 0E       		.uleb128 0xe
 1568 002e 3A       		.uleb128 0x3a
 1569 002f 0B       		.uleb128 0xb
 1570 0030 3B       		.uleb128 0x3b
 1571 0031 0B       		.uleb128 0xb
 1572 0032 49       		.uleb128 0x49
 1573 0033 13       		.uleb128 0x13
 1574 0034 00       		.byte	0
 1575 0035 00       		.byte	0
 1576 0036 05       		.uleb128 0x5
 1577 0037 13       		.uleb128 0x13
 1578 0038 01       		.byte	0x1
 1579 0039 03       		.uleb128 0x3
 1580 003a 0E       		.uleb128 0xe
 1581 003b 0B       		.uleb128 0xb
 1582 003c 0B       		.uleb128 0xb
 1583 003d 3A       		.uleb128 0x3a
 1584 003e 0B       		.uleb128 0xb
 1585 003f 3B       		.uleb128 0x3b
 1586 0040 0B       		.uleb128 0xb
 1587 0041 01       		.uleb128 0x1
 1588 0042 13       		.uleb128 0x13
 1589 0043 00       		.byte	0
 1590 0044 00       		.byte	0
ARM GAS  /tmp/cc0QBIQQ.s 			page 29


 1591 0045 06       		.uleb128 0x6
 1592 0046 0D       		.uleb128 0xd
 1593 0047 00       		.byte	0
 1594 0048 03       		.uleb128 0x3
 1595 0049 0E       		.uleb128 0xe
 1596 004a 3A       		.uleb128 0x3a
 1597 004b 0B       		.uleb128 0xb
 1598 004c 3B       		.uleb128 0x3b
 1599 004d 0B       		.uleb128 0xb
 1600 004e 49       		.uleb128 0x49
 1601 004f 13       		.uleb128 0x13
 1602 0050 38       		.uleb128 0x38
 1603 0051 0B       		.uleb128 0xb
 1604 0052 00       		.byte	0
 1605 0053 00       		.byte	0
 1606 0054 07       		.uleb128 0x7
 1607 0055 0D       		.uleb128 0xd
 1608 0056 00       		.byte	0
 1609 0057 03       		.uleb128 0x3
 1610 0058 08       		.uleb128 0x8
 1611 0059 3A       		.uleb128 0x3a
 1612 005a 0B       		.uleb128 0xb
 1613 005b 3B       		.uleb128 0x3b
 1614 005c 05       		.uleb128 0x5
 1615 005d 49       		.uleb128 0x49
 1616 005e 13       		.uleb128 0x13
 1617 005f 38       		.uleb128 0x38
 1618 0060 0B       		.uleb128 0xb
 1619 0061 00       		.byte	0
 1620 0062 00       		.byte	0
 1621 0063 08       		.uleb128 0x8
 1622 0064 0D       		.uleb128 0xd
 1623 0065 00       		.byte	0
 1624 0066 03       		.uleb128 0x3
 1625 0067 0E       		.uleb128 0xe
 1626 0068 3A       		.uleb128 0x3a
 1627 0069 0B       		.uleb128 0xb
 1628 006a 3B       		.uleb128 0x3b
 1629 006b 05       		.uleb128 0x5
 1630 006c 49       		.uleb128 0x49
 1631 006d 13       		.uleb128 0x13
 1632 006e 38       		.uleb128 0x38
 1633 006f 0B       		.uleb128 0xb
 1634 0070 00       		.byte	0
 1635 0071 00       		.byte	0
 1636 0072 09       		.uleb128 0x9
 1637 0073 0F       		.uleb128 0xf
 1638 0074 00       		.byte	0
 1639 0075 0B       		.uleb128 0xb
 1640 0076 0B       		.uleb128 0xb
 1641 0077 49       		.uleb128 0x49
 1642 0078 13       		.uleb128 0x13
 1643 0079 00       		.byte	0
 1644 007a 00       		.byte	0
 1645 007b 0A       		.uleb128 0xa
 1646 007c 13       		.uleb128 0x13
 1647 007d 01       		.byte	0x1
ARM GAS  /tmp/cc0QBIQQ.s 			page 30


 1648 007e 03       		.uleb128 0x3
 1649 007f 0E       		.uleb128 0xe
 1650 0080 0B       		.uleb128 0xb
 1651 0081 0B       		.uleb128 0xb
 1652 0082 3A       		.uleb128 0x3a
 1653 0083 0B       		.uleb128 0xb
 1654 0084 3B       		.uleb128 0x3b
 1655 0085 05       		.uleb128 0x5
 1656 0086 01       		.uleb128 0x1
 1657 0087 13       		.uleb128 0x13
 1658 0088 00       		.byte	0
 1659 0089 00       		.byte	0
 1660 008a 0B       		.uleb128 0xb
 1661 008b 15       		.uleb128 0x15
 1662 008c 01       		.byte	0x1
 1663 008d 27       		.uleb128 0x27
 1664 008e 19       		.uleb128 0x19
 1665 008f 01       		.uleb128 0x1
 1666 0090 13       		.uleb128 0x13
 1667 0091 00       		.byte	0
 1668 0092 00       		.byte	0
 1669 0093 0C       		.uleb128 0xc
 1670 0094 05       		.uleb128 0x5
 1671 0095 00       		.byte	0
 1672 0096 49       		.uleb128 0x49
 1673 0097 13       		.uleb128 0x13
 1674 0098 00       		.byte	0
 1675 0099 00       		.byte	0
 1676 009a 0D       		.uleb128 0xd
 1677 009b 0F       		.uleb128 0xf
 1678 009c 00       		.byte	0
 1679 009d 0B       		.uleb128 0xb
 1680 009e 0B       		.uleb128 0xb
 1681 009f 00       		.byte	0
 1682 00a0 00       		.byte	0
 1683 00a1 0E       		.uleb128 0xe
 1684 00a2 13       		.uleb128 0x13
 1685 00a3 01       		.byte	0x1
 1686 00a4 03       		.uleb128 0x3
 1687 00a5 0E       		.uleb128 0xe
 1688 00a6 0B       		.uleb128 0xb
 1689 00a7 05       		.uleb128 0x5
 1690 00a8 3A       		.uleb128 0x3a
 1691 00a9 0B       		.uleb128 0xb
 1692 00aa 3B       		.uleb128 0x3b
 1693 00ab 05       		.uleb128 0x5
 1694 00ac 01       		.uleb128 0x1
 1695 00ad 13       		.uleb128 0x13
 1696 00ae 00       		.byte	0
 1697 00af 00       		.byte	0
 1698 00b0 0F       		.uleb128 0xf
 1699 00b1 0D       		.uleb128 0xd
 1700 00b2 00       		.byte	0
 1701 00b3 03       		.uleb128 0x3
 1702 00b4 08       		.uleb128 0x8
 1703 00b5 3A       		.uleb128 0x3a
 1704 00b6 0B       		.uleb128 0xb
ARM GAS  /tmp/cc0QBIQQ.s 			page 31


 1705 00b7 3B       		.uleb128 0x3b
 1706 00b8 0B       		.uleb128 0xb
 1707 00b9 49       		.uleb128 0x49
 1708 00ba 13       		.uleb128 0x13
 1709 00bb 38       		.uleb128 0x38
 1710 00bc 0B       		.uleb128 0xb
 1711 00bd 00       		.byte	0
 1712 00be 00       		.byte	0
 1713 00bf 10       		.uleb128 0x10
 1714 00c0 13       		.uleb128 0x13
 1715 00c1 01       		.byte	0x1
 1716 00c2 0B       		.uleb128 0xb
 1717 00c3 0B       		.uleb128 0xb
 1718 00c4 3A       		.uleb128 0x3a
 1719 00c5 0B       		.uleb128 0xb
 1720 00c6 3B       		.uleb128 0x3b
 1721 00c7 0B       		.uleb128 0xb
 1722 00c8 01       		.uleb128 0x1
 1723 00c9 13       		.uleb128 0x13
 1724 00ca 00       		.byte	0
 1725 00cb 00       		.byte	0
 1726 00cc 11       		.uleb128 0x11
 1727 00cd 17       		.uleb128 0x17
 1728 00ce 01       		.byte	0x1
 1729 00cf 0B       		.uleb128 0xb
 1730 00d0 0B       		.uleb128 0xb
 1731 00d1 3A       		.uleb128 0x3a
 1732 00d2 0B       		.uleb128 0xb
 1733 00d3 3B       		.uleb128 0x3b
 1734 00d4 0B       		.uleb128 0xb
 1735 00d5 01       		.uleb128 0x1
 1736 00d6 13       		.uleb128 0x13
 1737 00d7 00       		.byte	0
 1738 00d8 00       		.byte	0
 1739 00d9 12       		.uleb128 0x12
 1740 00da 0D       		.uleb128 0xd
 1741 00db 00       		.byte	0
 1742 00dc 03       		.uleb128 0x3
 1743 00dd 0E       		.uleb128 0xe
 1744 00de 3A       		.uleb128 0x3a
 1745 00df 0B       		.uleb128 0xb
 1746 00e0 3B       		.uleb128 0x3b
 1747 00e1 05       		.uleb128 0x5
 1748 00e2 49       		.uleb128 0x49
 1749 00e3 13       		.uleb128 0x13
 1750 00e4 00       		.byte	0
 1751 00e5 00       		.byte	0
 1752 00e6 13       		.uleb128 0x13
 1753 00e7 26       		.uleb128 0x26
 1754 00e8 00       		.byte	0
 1755 00e9 49       		.uleb128 0x49
 1756 00ea 13       		.uleb128 0x13
 1757 00eb 00       		.byte	0
 1758 00ec 00       		.byte	0
 1759 00ed 14       		.uleb128 0x14
 1760 00ee 35       		.uleb128 0x35
 1761 00ef 00       		.byte	0
ARM GAS  /tmp/cc0QBIQQ.s 			page 32


 1762 00f0 49       		.uleb128 0x49
 1763 00f1 13       		.uleb128 0x13
 1764 00f2 00       		.byte	0
 1765 00f3 00       		.byte	0
 1766 00f4 15       		.uleb128 0x15
 1767 00f5 01       		.uleb128 0x1
 1768 00f6 01       		.byte	0x1
 1769 00f7 49       		.uleb128 0x49
 1770 00f8 13       		.uleb128 0x13
 1771 00f9 01       		.uleb128 0x1
 1772 00fa 13       		.uleb128 0x13
 1773 00fb 00       		.byte	0
 1774 00fc 00       		.byte	0
 1775 00fd 16       		.uleb128 0x16
 1776 00fe 21       		.uleb128 0x21
 1777 00ff 00       		.byte	0
 1778 0100 49       		.uleb128 0x49
 1779 0101 13       		.uleb128 0x13
 1780 0102 2F       		.uleb128 0x2f
 1781 0103 0B       		.uleb128 0xb
 1782 0104 00       		.byte	0
 1783 0105 00       		.byte	0
 1784 0106 17       		.uleb128 0x17
 1785 0107 2E       		.uleb128 0x2e
 1786 0108 01       		.byte	0x1
 1787 0109 03       		.uleb128 0x3
 1788 010a 0E       		.uleb128 0xe
 1789 010b 3A       		.uleb128 0x3a
 1790 010c 0B       		.uleb128 0xb
 1791 010d 3B       		.uleb128 0x3b
 1792 010e 05       		.uleb128 0x5
 1793 010f 27       		.uleb128 0x27
 1794 0110 19       		.uleb128 0x19
 1795 0111 20       		.uleb128 0x20
 1796 0112 0B       		.uleb128 0xb
 1797 0113 01       		.uleb128 0x1
 1798 0114 13       		.uleb128 0x13
 1799 0115 00       		.byte	0
 1800 0116 00       		.byte	0
 1801 0117 18       		.uleb128 0x18
 1802 0118 05       		.uleb128 0x5
 1803 0119 00       		.byte	0
 1804 011a 03       		.uleb128 0x3
 1805 011b 0E       		.uleb128 0xe
 1806 011c 3A       		.uleb128 0x3a
 1807 011d 0B       		.uleb128 0xb
 1808 011e 3B       		.uleb128 0x3b
 1809 011f 05       		.uleb128 0x5
 1810 0120 49       		.uleb128 0x49
 1811 0121 13       		.uleb128 0x13
 1812 0122 00       		.byte	0
 1813 0123 00       		.byte	0
 1814 0124 19       		.uleb128 0x19
 1815 0125 2E       		.uleb128 0x2e
 1816 0126 01       		.byte	0x1
 1817 0127 03       		.uleb128 0x3
 1818 0128 0E       		.uleb128 0xe
ARM GAS  /tmp/cc0QBIQQ.s 			page 33


 1819 0129 3A       		.uleb128 0x3a
 1820 012a 0B       		.uleb128 0xb
 1821 012b 3B       		.uleb128 0x3b
 1822 012c 05       		.uleb128 0x5
 1823 012d 27       		.uleb128 0x27
 1824 012e 19       		.uleb128 0x19
 1825 012f 11       		.uleb128 0x11
 1826 0130 01       		.uleb128 0x1
 1827 0131 12       		.uleb128 0x12
 1828 0132 06       		.uleb128 0x6
 1829 0133 40       		.uleb128 0x40
 1830 0134 18       		.uleb128 0x18
 1831 0135 9742     		.uleb128 0x2117
 1832 0137 19       		.uleb128 0x19
 1833 0138 01       		.uleb128 0x1
 1834 0139 13       		.uleb128 0x13
 1835 013a 00       		.byte	0
 1836 013b 00       		.byte	0
 1837 013c 1A       		.uleb128 0x1a
 1838 013d 1D       		.uleb128 0x1d
 1839 013e 01       		.byte	0x1
 1840 013f 31       		.uleb128 0x31
 1841 0140 13       		.uleb128 0x13
 1842 0141 11       		.uleb128 0x11
 1843 0142 01       		.uleb128 0x1
 1844 0143 12       		.uleb128 0x12
 1845 0144 06       		.uleb128 0x6
 1846 0145 58       		.uleb128 0x58
 1847 0146 0B       		.uleb128 0xb
 1848 0147 59       		.uleb128 0x59
 1849 0148 05       		.uleb128 0x5
 1850 0149 00       		.byte	0
 1851 014a 00       		.byte	0
 1852 014b 1B       		.uleb128 0x1b
 1853 014c 05       		.uleb128 0x5
 1854 014d 00       		.byte	0
 1855 014e 31       		.uleb128 0x31
 1856 014f 13       		.uleb128 0x13
 1857 0150 02       		.uleb128 0x2
 1858 0151 18       		.uleb128 0x18
 1859 0152 00       		.byte	0
 1860 0153 00       		.byte	0
 1861 0154 1C       		.uleb128 0x1c
 1862 0155 05       		.uleb128 0x5
 1863 0156 00       		.byte	0
 1864 0157 03       		.uleb128 0x3
 1865 0158 08       		.uleb128 0x8
 1866 0159 3A       		.uleb128 0x3a
 1867 015a 0B       		.uleb128 0xb
 1868 015b 3B       		.uleb128 0x3b
 1869 015c 05       		.uleb128 0x5
 1870 015d 49       		.uleb128 0x49
 1871 015e 13       		.uleb128 0x13
 1872 015f 02       		.uleb128 0x2
 1873 0160 18       		.uleb128 0x18
 1874 0161 00       		.byte	0
 1875 0162 00       		.byte	0
ARM GAS  /tmp/cc0QBIQQ.s 			page 34


 1876 0163 1D       		.uleb128 0x1d
 1877 0164 2E       		.uleb128 0x2e
 1878 0165 01       		.byte	0x1
 1879 0166 03       		.uleb128 0x3
 1880 0167 0E       		.uleb128 0xe
 1881 0168 3A       		.uleb128 0x3a
 1882 0169 0B       		.uleb128 0xb
 1883 016a 3B       		.uleb128 0x3b
 1884 016b 05       		.uleb128 0x5
 1885 016c 27       		.uleb128 0x27
 1886 016d 19       		.uleb128 0x19
 1887 016e 49       		.uleb128 0x49
 1888 016f 13       		.uleb128 0x13
 1889 0170 11       		.uleb128 0x11
 1890 0171 01       		.uleb128 0x1
 1891 0172 12       		.uleb128 0x12
 1892 0173 06       		.uleb128 0x6
 1893 0174 40       		.uleb128 0x40
 1894 0175 18       		.uleb128 0x18
 1895 0176 9742     		.uleb128 0x2117
 1896 0178 19       		.uleb128 0x19
 1897 0179 01       		.uleb128 0x1
 1898 017a 13       		.uleb128 0x13
 1899 017b 00       		.byte	0
 1900 017c 00       		.byte	0
 1901 017d 1E       		.uleb128 0x1e
 1902 017e 34       		.uleb128 0x34
 1903 017f 00       		.byte	0
 1904 0180 03       		.uleb128 0x3
 1905 0181 08       		.uleb128 0x8
 1906 0182 3A       		.uleb128 0x3a
 1907 0183 0B       		.uleb128 0xb
 1908 0184 3B       		.uleb128 0x3b
 1909 0185 05       		.uleb128 0x5
 1910 0186 49       		.uleb128 0x49
 1911 0187 13       		.uleb128 0x13
 1912 0188 02       		.uleb128 0x2
 1913 0189 18       		.uleb128 0x18
 1914 018a 00       		.byte	0
 1915 018b 00       		.byte	0
 1916 018c 1F       		.uleb128 0x1f
 1917 018d 2E       		.uleb128 0x2e
 1918 018e 00       		.byte	0
 1919 018f 03       		.uleb128 0x3
 1920 0190 0E       		.uleb128 0xe
 1921 0191 3A       		.uleb128 0x3a
 1922 0192 0B       		.uleb128 0xb
 1923 0193 3B       		.uleb128 0x3b
 1924 0194 05       		.uleb128 0x5
 1925 0195 27       		.uleb128 0x27
 1926 0196 19       		.uleb128 0x19
 1927 0197 11       		.uleb128 0x11
 1928 0198 01       		.uleb128 0x1
 1929 0199 12       		.uleb128 0x12
 1930 019a 06       		.uleb128 0x6
 1931 019b 40       		.uleb128 0x40
 1932 019c 18       		.uleb128 0x18
ARM GAS  /tmp/cc0QBIQQ.s 			page 35


 1933 019d 9642     		.uleb128 0x2116
 1934 019f 19       		.uleb128 0x19
 1935 01a0 00       		.byte	0
 1936 01a1 00       		.byte	0
 1937 01a2 20       		.uleb128 0x20
 1938 01a3 2E       		.uleb128 0x2e
 1939 01a4 01       		.byte	0x1
 1940 01a5 03       		.uleb128 0x3
 1941 01a6 0E       		.uleb128 0xe
 1942 01a7 3A       		.uleb128 0x3a
 1943 01a8 0B       		.uleb128 0xb
 1944 01a9 3B       		.uleb128 0x3b
 1945 01aa 05       		.uleb128 0x5
 1946 01ab 27       		.uleb128 0x27
 1947 01ac 19       		.uleb128 0x19
 1948 01ad 11       		.uleb128 0x11
 1949 01ae 01       		.uleb128 0x1
 1950 01af 12       		.uleb128 0x12
 1951 01b0 06       		.uleb128 0x6
 1952 01b1 40       		.uleb128 0x40
 1953 01b2 18       		.uleb128 0x18
 1954 01b3 9642     		.uleb128 0x2116
 1955 01b5 19       		.uleb128 0x19
 1956 01b6 01       		.uleb128 0x1
 1957 01b7 13       		.uleb128 0x13
 1958 01b8 00       		.byte	0
 1959 01b9 00       		.byte	0
 1960 01ba 21       		.uleb128 0x21
 1961 01bb 34       		.uleb128 0x34
 1962 01bc 00       		.byte	0
 1963 01bd 03       		.uleb128 0x3
 1964 01be 0E       		.uleb128 0xe
 1965 01bf 49       		.uleb128 0x49
 1966 01c0 13       		.uleb128 0x13
 1967 01c1 34       		.uleb128 0x34
 1968 01c2 19       		.uleb128 0x19
 1969 01c3 00       		.byte	0
 1970 01c4 00       		.byte	0
 1971 01c5 22       		.uleb128 0x22
 1972 01c6 2E       		.uleb128 0x2e
 1973 01c7 01       		.byte	0x1
 1974 01c8 03       		.uleb128 0x3
 1975 01c9 0E       		.uleb128 0xe
 1976 01ca 3A       		.uleb128 0x3a
 1977 01cb 0B       		.uleb128 0xb
 1978 01cc 3B       		.uleb128 0x3b
 1979 01cd 0B       		.uleb128 0xb
 1980 01ce 27       		.uleb128 0x27
 1981 01cf 19       		.uleb128 0x19
 1982 01d0 49       		.uleb128 0x49
 1983 01d1 13       		.uleb128 0x13
 1984 01d2 11       		.uleb128 0x11
 1985 01d3 01       		.uleb128 0x1
 1986 01d4 12       		.uleb128 0x12
 1987 01d5 06       		.uleb128 0x6
 1988 01d6 40       		.uleb128 0x40
 1989 01d7 18       		.uleb128 0x18
ARM GAS  /tmp/cc0QBIQQ.s 			page 36


 1990 01d8 9742     		.uleb128 0x2117
 1991 01da 19       		.uleb128 0x19
 1992 01db 01       		.uleb128 0x1
 1993 01dc 13       		.uleb128 0x13
 1994 01dd 00       		.byte	0
 1995 01de 00       		.byte	0
 1996 01df 23       		.uleb128 0x23
 1997 01e0 05       		.uleb128 0x5
 1998 01e1 00       		.byte	0
 1999 01e2 03       		.uleb128 0x3
 2000 01e3 08       		.uleb128 0x8
 2001 01e4 3A       		.uleb128 0x3a
 2002 01e5 0B       		.uleb128 0xb
 2003 01e6 3B       		.uleb128 0x3b
 2004 01e7 0B       		.uleb128 0xb
 2005 01e8 49       		.uleb128 0x49
 2006 01e9 13       		.uleb128 0x13
 2007 01ea 02       		.uleb128 0x2
 2008 01eb 18       		.uleb128 0x18
 2009 01ec 00       		.byte	0
 2010 01ed 00       		.byte	0
 2011 01ee 24       		.uleb128 0x24
 2012 01ef 2E       		.uleb128 0x2e
 2013 01f0 01       		.byte	0x1
 2014 01f1 03       		.uleb128 0x3
 2015 01f2 0E       		.uleb128 0xe
 2016 01f3 3A       		.uleb128 0x3a
 2017 01f4 0B       		.uleb128 0xb
 2018 01f5 3B       		.uleb128 0x3b
 2019 01f6 0B       		.uleb128 0xb
 2020 01f7 27       		.uleb128 0x27
 2021 01f8 19       		.uleb128 0x19
 2022 01f9 11       		.uleb128 0x11
 2023 01fa 01       		.uleb128 0x1
 2024 01fb 12       		.uleb128 0x12
 2025 01fc 06       		.uleb128 0x6
 2026 01fd 40       		.uleb128 0x40
 2027 01fe 18       		.uleb128 0x18
 2028 01ff 9642     		.uleb128 0x2116
 2029 0201 19       		.uleb128 0x19
 2030 0202 01       		.uleb128 0x1
 2031 0203 13       		.uleb128 0x13
 2032 0204 00       		.byte	0
 2033 0205 00       		.byte	0
 2034 0206 25       		.uleb128 0x25
 2035 0207 2E       		.uleb128 0x2e
 2036 0208 01       		.byte	0x1
 2037 0209 3F       		.uleb128 0x3f
 2038 020a 19       		.uleb128 0x19
 2039 020b 03       		.uleb128 0x3
 2040 020c 0E       		.uleb128 0xe
 2041 020d 3A       		.uleb128 0x3a
 2042 020e 0B       		.uleb128 0xb
 2043 020f 3B       		.uleb128 0x3b
 2044 0210 0B       		.uleb128 0xb
 2045 0211 27       		.uleb128 0x27
 2046 0212 19       		.uleb128 0x19
ARM GAS  /tmp/cc0QBIQQ.s 			page 37


 2047 0213 49       		.uleb128 0x49
 2048 0214 13       		.uleb128 0x13
 2049 0215 11       		.uleb128 0x11
 2050 0216 01       		.uleb128 0x1
 2051 0217 12       		.uleb128 0x12
 2052 0218 06       		.uleb128 0x6
 2053 0219 40       		.uleb128 0x40
 2054 021a 18       		.uleb128 0x18
 2055 021b 9642     		.uleb128 0x2116
 2056 021d 19       		.uleb128 0x19
 2057 021e 01       		.uleb128 0x1
 2058 021f 13       		.uleb128 0x13
 2059 0220 00       		.byte	0
 2060 0221 00       		.byte	0
 2061 0222 26       		.uleb128 0x26
 2062 0223 34       		.uleb128 0x34
 2063 0224 00       		.byte	0
 2064 0225 03       		.uleb128 0x3
 2065 0226 08       		.uleb128 0x8
 2066 0227 3A       		.uleb128 0x3a
 2067 0228 0B       		.uleb128 0xb
 2068 0229 3B       		.uleb128 0x3b
 2069 022a 0B       		.uleb128 0xb
 2070 022b 49       		.uleb128 0x49
 2071 022c 13       		.uleb128 0x13
 2072 022d 02       		.uleb128 0x2
 2073 022e 18       		.uleb128 0x18
 2074 022f 00       		.byte	0
 2075 0230 00       		.byte	0
 2076 0231 27       		.uleb128 0x27
 2077 0232 2E       		.uleb128 0x2e
 2078 0233 01       		.byte	0x1
 2079 0234 3F       		.uleb128 0x3f
 2080 0235 19       		.uleb128 0x19
 2081 0236 03       		.uleb128 0x3
 2082 0237 0E       		.uleb128 0xe
 2083 0238 3A       		.uleb128 0x3a
 2084 0239 0B       		.uleb128 0xb
 2085 023a 3B       		.uleb128 0x3b
 2086 023b 0B       		.uleb128 0xb
 2087 023c 27       		.uleb128 0x27
 2088 023d 19       		.uleb128 0x19
 2089 023e 11       		.uleb128 0x11
 2090 023f 01       		.uleb128 0x1
 2091 0240 12       		.uleb128 0x12
 2092 0241 06       		.uleb128 0x6
 2093 0242 40       		.uleb128 0x40
 2094 0243 18       		.uleb128 0x18
 2095 0244 9642     		.uleb128 0x2116
 2096 0246 19       		.uleb128 0x19
 2097 0247 01       		.uleb128 0x1
 2098 0248 13       		.uleb128 0x13
 2099 0249 00       		.byte	0
 2100 024a 00       		.byte	0
 2101 024b 28       		.uleb128 0x28
 2102 024c 34       		.uleb128 0x34
 2103 024d 00       		.byte	0
ARM GAS  /tmp/cc0QBIQQ.s 			page 38


 2104 024e 03       		.uleb128 0x3
 2105 024f 0E       		.uleb128 0xe
 2106 0250 3A       		.uleb128 0x3a
 2107 0251 0B       		.uleb128 0xb
 2108 0252 3B       		.uleb128 0x3b
 2109 0253 05       		.uleb128 0x5
 2110 0254 49       		.uleb128 0x49
 2111 0255 13       		.uleb128 0x13
 2112 0256 3F       		.uleb128 0x3f
 2113 0257 19       		.uleb128 0x19
 2114 0258 3C       		.uleb128 0x3c
 2115 0259 19       		.uleb128 0x19
 2116 025a 00       		.byte	0
 2117 025b 00       		.byte	0
 2118 025c 29       		.uleb128 0x29
 2119 025d 34       		.uleb128 0x34
 2120 025e 00       		.byte	0
 2121 025f 03       		.uleb128 0x3
 2122 0260 08       		.uleb128 0x8
 2123 0261 3A       		.uleb128 0x3a
 2124 0262 0B       		.uleb128 0xb
 2125 0263 3B       		.uleb128 0x3b
 2126 0264 05       		.uleb128 0x5
 2127 0265 49       		.uleb128 0x49
 2128 0266 13       		.uleb128 0x13
 2129 0267 3F       		.uleb128 0x3f
 2130 0268 19       		.uleb128 0x19
 2131 0269 3C       		.uleb128 0x3c
 2132 026a 19       		.uleb128 0x19
 2133 026b 00       		.byte	0
 2134 026c 00       		.byte	0
 2135 026d 00       		.byte	0
 2136              		.section	.debug_aranges,"",%progbits
 2137 0000 1C000000 		.4byte	0x1c
 2138 0004 0200     		.2byte	0x2
 2139 0006 00000000 		.4byte	.Ldebug_info0
 2140 000a 04       		.byte	0x4
 2141 000b 00       		.byte	0
 2142 000c 0000     		.2byte	0
 2143 000e 0000     		.2byte	0
 2144 0010 00000000 		.4byte	.Ltext0
 2145 0014 AE010000 		.4byte	.Letext0-.Ltext0
 2146 0018 00000000 		.4byte	0
 2147 001c 00000000 		.4byte	0
 2148              		.section	.debug_line,"",%progbits
 2149              	.Ldebug_line0:
 2150 0000 D7020000 		.section	.debug_str,"MS",%progbits,1
 2150      02005B02 
 2150      00000201 
 2150      FB0E0D00 
 2150      01010101 
 2151              	.LASF52:
 2152 0000 72656164 		.ascii	"ready_list_t\000"
 2152      795F6C69 
 2152      73745F74 
 2152      00
 2153              	.LASF105:
ARM GAS  /tmp/cc0QBIQQ.s 			page 39


 2154 000d 71756575 		.ascii	"queue_insert\000"
 2154      655F696E 
 2154      73657274 
 2154      00
 2155              	.LASF90:
 2156 001a 77747472 		.ascii	"wttrp\000"
 2156      7000
 2157              	.LASF87:
 2158 0020 7264796D 		.ascii	"rdymsg\000"
 2158      736700
 2159              	.LASF16:
 2160 0027 75696E74 		.ascii	"uint64_t\000"
 2160      36345F74 
 2160      00
 2161              	.LASF5:
 2162 0030 5F5F7569 		.ascii	"__uint8_t\000"
 2162      6E74385F 
 2162      7400
 2163              	.LASF84:
 2164 003a 706F7274 		.ascii	"port_intctx\000"
 2164      5F696E74 
 2164      63747800 
 2165              	.LASF71:
 2166 0046 73797374 		.ascii	"system_debug_t\000"
 2166      656D5F64 
 2166      65627567 
 2166      5F7400
 2167              	.LASF103:
 2168 0055 706F7274 		.ascii	"port_lock\000"
 2168      5F6C6F63 
 2168      6B00
 2169              	.LASF117:
 2170 005f 2F6E6673 		.ascii	"/nfs/nfs7/home/vvedanta/P442/p442-submissions/senso"
 2170      2F6E6673 
 2170      372F686F 
 2170      6D652F76 
 2170      76656461 
 2171 0092 7274696C 		.ascii	"rtile/final_project\000"
 2171      652F6669 
 2171      6E616C5F 
 2171      70726F6A 
 2171      65637400 
 2172              	.LASF12:
 2173 00a6 6C6F6E67 		.ascii	"long long unsigned int\000"
 2173      206C6F6E 
 2173      6720756E 
 2173      7369676E 
 2173      65642069 
 2174              	.LASF88:
 2175 00bd 65786974 		.ascii	"exitcode\000"
 2175      636F6465 
 2175      00
 2176              	.LASF78:
 2177 00c6 6D61696E 		.ascii	"mainthread\000"
 2177      74687265 
 2177      616400
 2178              	.LASF68:
ARM GAS  /tmp/cc0QBIQQ.s 			page 40


 2179 00d1 76697274 		.ascii	"virtual_timers_list_t\000"
 2179      75616C5F 
 2179      74696D65 
 2179      72735F6C 
 2179      6973745F 
 2180              	.LASF114:
 2181 00e7 49544D5F 		.ascii	"ITM_RxBuffer\000"
 2181      52784275 
 2181      66666572 
 2181      00
 2182              	.LASF51:
 2183 00f4 63685F74 		.ascii	"ch_threads_queue\000"
 2183      68726561 
 2183      64735F71 
 2183      75657565 
 2183      00
 2184              	.LASF30:
 2185 0105 705F7072 		.ascii	"p_prio\000"
 2185      696F00
 2186              	.LASF10:
 2187 010c 6C6F6E67 		.ascii	"long long int\000"
 2187      206C6F6E 
 2187      6720696E 
 2187      7400
 2188              	.LASF1:
 2189 011a 7369676E 		.ascii	"signed char\000"
 2189      65642063 
 2189      68617200 
 2190              	.LASF45:
 2191 0126 705F6D70 		.ascii	"p_mpool\000"
 2191      6F6F6C00 
 2192              	.LASF98:
 2193 012e 6D5F7175 		.ascii	"m_queue\000"
 2193      65756500 
 2194              	.LASF77:
 2195 0136 76746C69 		.ascii	"vtlist\000"
 2195      737400
 2196              	.LASF104:
 2197 013d 706F7274 		.ascii	"port_unlock\000"
 2197      5F756E6C 
 2197      6F636B00 
 2198              	.LASF21:
 2199 0149 74736C69 		.ascii	"tslices_t\000"
 2199      6365735F 
 2199      7400
 2200              	.LASF75:
 2201 0153 63685F73 		.ascii	"ch_system\000"
 2201      79737465 
 2201      6D00
 2202              	.LASF7:
 2203 015d 6C6F6E67 		.ascii	"long int\000"
 2203      20696E74 
 2203      00
 2204              	.LASF112:
 2205 0166 63684D73 		.ascii	"chMsgSend\000"
 2205      6753656E 
 2205      6400
ARM GAS  /tmp/cc0QBIQQ.s 			page 41


 2206              	.LASF19:
 2207 0170 74737461 		.ascii	"tstate_t\000"
 2207      74655F74 
 2207      00
 2208              	.LASF108:
 2209 0179 63684D73 		.ascii	"chMsgIsPendingI\000"
 2209      67497350 
 2209      656E6469 
 2209      6E674900 
 2210              	.LASF32:
 2211 0189 705F6E65 		.ascii	"p_newer\000"
 2211      77657200 
 2212              	.LASF95:
 2213 0191 735F7175 		.ascii	"s_queue\000"
 2213      65756500 
 2214              	.LASF57:
 2215 0199 725F6E65 		.ascii	"r_newer\000"
 2215      77657200 
 2216              	.LASF81:
 2217 01a1 72656761 		.ascii	"regarm_t\000"
 2217      726D5F74 
 2217      00
 2218              	.LASF64:
 2219 01aa 76745F70 		.ascii	"vt_prev\000"
 2219      72657600 
 2220              	.LASF102:
 2221 01b2 6D757465 		.ascii	"mutex_t\000"
 2221      785F7400 
 2222              	.LASF119:
 2223 01ba 76616C75 		.ascii	"value\000"
 2223      6500
 2224              	.LASF79:
 2225 01c0 69646C65 		.ascii	"idle_thread_wa\000"
 2225      5F746872 
 2225      6561645F 
 2225      776100
 2226              	.LASF25:
 2227 01cf 636E745F 		.ascii	"cnt_t\000"
 2227      7400
 2228              	.LASF0:
 2229 01d5 756E7369 		.ascii	"unsigned int\000"
 2229      676E6564 
 2229      20696E74 
 2229      00
 2230              	.LASF63:
 2231 01e2 76745F6E 		.ascii	"vt_next\000"
 2231      65787400 
 2232              	.LASF91:
 2233 01ea 77747365 		.ascii	"wtsemp\000"
 2233      6D7000
 2234              	.LASF40:
 2235 01f1 705F6D73 		.ascii	"p_msgqueue\000"
 2235      67717565 
 2235      756500
 2236              	.LASF96:
 2237 01fc 735F636E 		.ascii	"s_cnt\000"
 2237      7400
ARM GAS  /tmp/cc0QBIQQ.s 			page 42


 2238              	.LASF4:
 2239 0202 73686F72 		.ascii	"short unsigned int\000"
 2239      7420756E 
 2239      7369676E 
 2239      65642069 
 2239      6E7400
 2240              	.LASF48:
 2241 0215 63685F74 		.ascii	"ch_thread\000"
 2241      68726561 
 2241      6400
 2242              	.LASF23:
 2243 021f 6D73675F 		.ascii	"msg_t\000"
 2243      7400
 2244              	.LASF74:
 2245 0225 63685F73 		.ascii	"ch_system_t\000"
 2245      79737465 
 2245      6D5F7400 
 2246              	.LASF18:
 2247 0231 746D6F64 		.ascii	"tmode_t\000"
 2247      655F7400 
 2248              	.LASF115:
 2249 0239 474E5520 		.ascii	"GNU C 4.8.4 20140526 (release) [ARM/embedded-4_8-br"
 2249      4320342E 
 2249      382E3420 
 2249      32303134 
 2249      30353236 
 2250 026c 616E6368 		.ascii	"anch revision 211358] -mcpu=cortex-m4 -mno-thumb-in"
 2250      20726576 
 2250      6973696F 
 2250      6E203231 
 2250      31333538 
 2251 029f 74657277 		.ascii	"terwork -mthumb -ggdb -O0 -fomit-frame-pointer -fal"
 2251      6F726B20 
 2251      2D6D7468 
 2251      756D6220 
 2251      2D676764 
 2252 02d2 69676E2D 		.ascii	"ign-functions=16\000"
 2252      66756E63 
 2252      74696F6E 
 2252      733D3136 
 2252      00
 2253              	.LASF53:
 2254 02e3 63685F72 		.ascii	"ch_ready_list\000"
 2254      65616479 
 2254      5F6C6973 
 2254      7400
 2255              	.LASF24:
 2256 02f1 6576656E 		.ascii	"eventmask_t\000"
 2256      746D6173 
 2256      6B5F7400 
 2257              	.LASF6:
 2258 02fd 5F5F696E 		.ascii	"__int32_t\000"
 2258      7433325F 
 2258      7400
 2259              	.LASF82:
 2260 0307 73746B61 		.ascii	"stkalign_t\000"
 2260      6C69676E 
ARM GAS  /tmp/cc0QBIQQ.s 			page 43


 2260      5F7400
 2261              	.LASF47:
 2262 0312 74687265 		.ascii	"threads_list_t\000"
 2262      6164735F 
 2262      6C697374 
 2262      5F7400
 2263              	.LASF39:
 2264 0321 705F7761 		.ascii	"p_waiting\000"
 2264      6974696E 
 2264      6700
 2265              	.LASF80:
 2266 032b 73697A65 		.ascii	"sizetype\000"
 2266      74797065 
 2266      00
 2267              	.LASF46:
 2268 0334 74687265 		.ascii	"thread_reference_t\000"
 2268      61645F72 
 2268      65666572 
 2268      656E6365 
 2268      5F7400
 2269              	.LASF69:
 2270 0347 63685F76 		.ascii	"ch_virtual_timers_list\000"
 2270      69727475 
 2270      616C5F74 
 2270      696D6572 
 2270      735F6C69 
 2271              	.LASF33:
 2272 035e 705F6F6C 		.ascii	"p_older\000"
 2272      64657200 
 2273              	.LASF56:
 2274 0366 725F6374 		.ascii	"r_ctx\000"
 2274      7800
 2275              	.LASF86:
 2276 036c 746D5F63 		.ascii	"tm_calibration_t\000"
 2276      616C6962 
 2276      72617469 
 2276      6F6E5F74 
 2276      00
 2277              	.LASF100:
 2278 037d 6D5F6E65 		.ascii	"m_next\000"
 2278      787400
 2279              	.LASF59:
 2280 0384 725F6375 		.ascii	"r_current\000"
 2280      7272656E 
 2280      7400
 2281              	.LASF58:
 2282 038e 725F6F6C 		.ascii	"r_older\000"
 2282      64657200 
 2283              	.LASF11:
 2284 0396 5F5F7569 		.ascii	"__uint64_t\000"
 2284      6E743634 
 2284      5F7400
 2285              	.LASF20:
 2286 03a1 74726566 		.ascii	"trefs_t\000"
 2286      735F7400 
 2287              	.LASF61:
 2288 03a9 76697274 		.ascii	"virtual_timer_t\000"
ARM GAS  /tmp/cc0QBIQQ.s 			page 44


 2288      75616C5F 
 2288      74696D65 
 2288      725F7400 
 2289              	.LASF29:
 2290 03b9 705F7072 		.ascii	"p_prev\000"
 2290      657600
 2291              	.LASF22:
 2292 03c0 74707269 		.ascii	"tprio_t\000"
 2292      6F5F7400 
 2293              	.LASF72:
 2294 03c8 63685F73 		.ascii	"ch_system_debug\000"
 2294      79737465 
 2294      6D5F6465 
 2294      62756700 
 2295              	.LASF109:
 2296 03d8 5F426F6F 		.ascii	"_Bool\000"
 2296      6C00
 2297              	.LASF14:
 2298 03de 696E7433 		.ascii	"int32_t\000"
 2298      325F7400 
 2299              	.LASF2:
 2300 03e6 756E7369 		.ascii	"unsigned char\000"
 2300      676E6564 
 2300      20636861 
 2300      7200
 2301              	.LASF43:
 2302 03f4 705F6D74 		.ascii	"p_mtxlist\000"
 2302      786C6973 
 2302      7400
 2303              	.LASF3:
 2304 03fe 73686F72 		.ascii	"short int\000"
 2304      7420696E 
 2304      7400
 2305              	.LASF35:
 2306 0408 705F7374 		.ascii	"p_state\000"
 2306      61746500 
 2307              	.LASF38:
 2308 0410 705F7072 		.ascii	"p_preempt\000"
 2308      65656D70 
 2308      7400
 2309              	.LASF55:
 2310 041a 725F7072 		.ascii	"r_prio\000"
 2310      696F00
 2311              	.LASF93:
 2312 0421 65776D61 		.ascii	"ewmask\000"
 2312      736B00
 2313              	.LASF28:
 2314 0428 705F6E65 		.ascii	"p_next\000"
 2314      787400
 2315              	.LASF36:
 2316 042f 705F666C 		.ascii	"p_flags\000"
 2316      61677300 
 2317              	.LASF111:
 2318 0437 5F5F6675 		.ascii	"__func__\000"
 2318      6E635F5F 
 2318      00
 2319              	.LASF120:
ARM GAS  /tmp/cc0QBIQQ.s 			page 45


 2320 0440 63685379 		.ascii	"chSysLock\000"
 2320      734C6F63 
 2320      6B00
 2321              	.LASF62:
 2322 044a 63685F76 		.ascii	"ch_virtual_timer\000"
 2322      69727475 
 2322      616C5F74 
 2322      696D6572 
 2322      00
 2323              	.LASF121:
 2324 045b 63684D73 		.ascii	"chMsgRelease\000"
 2324      6752656C 
 2324      65617365 
 2324      00
 2325              	.LASF94:
 2326 0468 63685F73 		.ascii	"ch_semaphore\000"
 2326      656D6170 
 2326      686F7265 
 2326      00
 2327              	.LASF42:
 2328 0475 705F6570 		.ascii	"p_epending\000"
 2328      656E6469 
 2328      6E6700
 2329              	.LASF15:
 2330 0480 75696E74 		.ascii	"uint32_t\000"
 2330      33325F74 
 2330      00
 2331              	.LASF92:
 2332 0489 77746D74 		.ascii	"wtmtxp\000"
 2332      787000
 2333              	.LASF54:
 2334 0490 725F7175 		.ascii	"r_queue\000"
 2334      65756500 
 2335              	.LASF65:
 2336 0498 76745F64 		.ascii	"vt_delta\000"
 2336      656C7461 
 2336      00
 2337              	.LASF49:
 2338 04a1 63685F74 		.ascii	"ch_threads_list\000"
 2338      68726561 
 2338      64735F6C 
 2338      69737400 
 2339              	.LASF9:
 2340 04b1 6C6F6E67 		.ascii	"long unsigned int\000"
 2340      20756E73 
 2340      69676E65 
 2340      6420696E 
 2340      7400
 2341              	.LASF101:
 2342 04c3 63686172 		.ascii	"char\000"
 2342      00
 2343              	.LASF27:
 2344 04c8 74687265 		.ascii	"thread_t\000"
 2344      61645F74 
 2344      00
 2345              	.LASF107:
 2346 04d1 71756575 		.ascii	"queue_fifo_remove\000"
ARM GAS  /tmp/cc0QBIQQ.s 			page 46


 2346      655F6669 
 2346      666F5F72 
 2346      656D6F76 
 2346      6500
 2347              	.LASF26:
 2348 04e3 73797374 		.ascii	"systime_t\000"
 2348      696D655F 
 2348      7400
 2349              	.LASF44:
 2350 04ed 705F7265 		.ascii	"p_realprio\000"
 2350      616C7072 
 2350      696F00
 2351              	.LASF60:
 2352 04f8 76746675 		.ascii	"vtfunc_t\000"
 2352      6E635F74 
 2352      00
 2353              	.LASF8:
 2354 0501 5F5F7569 		.ascii	"__uint32_t\000"
 2354      6E743332 
 2354      5F7400
 2355              	.LASF118:
 2356 050c 5F5F7365 		.ascii	"__set_BASEPRI\000"
 2356      745F4241 
 2356      53455052 
 2356      4900
 2357              	.LASF73:
 2358 051a 70616E69 		.ascii	"panic_msg\000"
 2358      635F6D73 
 2358      6700
 2359              	.LASF85:
 2360 0524 6F666673 		.ascii	"offset\000"
 2360      657400
 2361              	.LASF83:
 2362 052b 636F6E74 		.ascii	"context\000"
 2362      65787400 
 2363              	.LASF17:
 2364 0533 7274636E 		.ascii	"rtcnt_t\000"
 2364      745F7400 
 2365              	.LASF67:
 2366 053b 76745F70 		.ascii	"vt_par\000"
 2366      617200
 2367              	.LASF113:
 2368 0542 63684D73 		.ascii	"chMsgWait\000"
 2368      67576169 
 2368      7400
 2369              	.LASF50:
 2370 054c 74687265 		.ascii	"threads_queue_t\000"
 2370      6164735F 
 2370      71756575 
 2370      655F7400 
 2371              	.LASF97:
 2372 055c 63685F6D 		.ascii	"ch_mutex\000"
 2372      75746578 
 2372      00
 2373              	.LASF37:
 2374 0565 705F7265 		.ascii	"p_refs\000"
 2374      667300
ARM GAS  /tmp/cc0QBIQQ.s 			page 47


 2375              	.LASF76:
 2376 056c 726C6973 		.ascii	"rlist\000"
 2376      7400
 2377              	.LASF13:
 2378 0572 75696E74 		.ascii	"uint8_t\000"
 2378      385F7400 
 2379              	.LASF89:
 2380 057a 77746F62 		.ascii	"wtobjp\000"
 2380      6A7000
 2381              	.LASF34:
 2382 0581 705F6E61 		.ascii	"p_name\000"
 2382      6D6500
 2383              	.LASF116:
 2384 0588 2E2E2F2E 		.ascii	"../../ChibiOS/os/rt/src/chmsg.c\000"
 2384      2E2F4368 
 2384      6962694F 
 2384      532F6F73 
 2384      2F72742F 
 2385              	.LASF70:
 2386 05a8 76745F73 		.ascii	"vt_systime\000"
 2386      79737469 
 2386      6D6500
 2387              	.LASF106:
 2388 05b3 63685379 		.ascii	"chSysUnlock\000"
 2388      73556E6C 
 2388      6F636B00 
 2389              	.LASF41:
 2390 05bf 705F6D73 		.ascii	"p_msg\000"
 2390      6700
 2391              	.LASF110:
 2392 05c5 63684D73 		.ascii	"chMsgReleaseS\000"
 2392      6752656C 
 2392      65617365 
 2392      5300
 2393              	.LASF99:
 2394 05d3 6D5F6F77 		.ascii	"m_owner\000"
 2394      6E657200 
 2395              	.LASF31:
 2396 05db 705F6374 		.ascii	"p_ctx\000"
 2396      7800
 2397              	.LASF66:
 2398 05e1 76745F66 		.ascii	"vt_func\000"
 2398      756E6300 
 2399              		.ident	"GCC: (GNU Tools for ARM Embedded Processors) 4.8.4 20140526 (release) [ARM/embedded-4_8-br
ARM GAS  /tmp/cc0QBIQQ.s 			page 48


DEFINED SYMBOLS
                            *ABS*:00000000 chmsg.c
     /tmp/cc0QBIQQ.s:18     .text:00000000 $t
     /tmp/cc0QBIQQ.s:23     .text:00000000 port_lock
     /tmp/cc0QBIQQ.s:58     .text:00000010 port_unlock
     /tmp/cc0QBIQQ.s:91     .text:00000020 queue_insert
     /tmp/cc0QBIQQ.s:133    .text:00000050 queue_fifo_remove
     /tmp/cc0QBIQQ.s:172    .text:00000080 chSysLock
     /tmp/cc0QBIQQ.s:195    .text:00000090 chSysUnlock
     /tmp/cc0QBIQQ.s:217    .text:000000a0 chMsgIsPendingI
     /tmp/cc0QBIQQ.s:251    .text:000000c0 chMsgReleaseS
     /tmp/cc0QBIQQ.s:281    .text:000000e0 chMsgSend
     /tmp/cc0QBIQQ.s:344    .text:00000138 $d
     /tmp/cc0QBIQQ.s:348    .text:0000013c $t
     /tmp/cc0QBIQQ.s:354    .text:00000140 chMsgWait
     /tmp/cc0QBIQQ.s:404    .text:00000188 $d
     /tmp/cc0QBIQQ.s:408    .text:0000018c $t
     /tmp/cc0QBIQQ.s:414    .text:00000190 chMsgRelease
                     .debug_frame:00000010 $d

UNDEFINED SYMBOLS
chSchWakeupS
chSchReadyI
chSchGoSleepS
ch
