ARM GAS  /tmp/cc1GdmOi.s 			page 1


   1              		.syntax unified
   2              		.cpu cortex-m4
   3              		.fpu softvfp
   4              		.eabi_attribute 20, 1
   5              		.eabi_attribute 21, 1
   6              		.eabi_attribute 23, 3
   7              		.eabi_attribute 24, 1
   8              		.eabi_attribute 25, 1
   9              		.eabi_attribute 26, 1
  10              		.eabi_attribute 30, 6
  11              		.eabi_attribute 34, 1
  12              		.eabi_attribute 18, 4
  13              		.thumb
  14              		.file	"chtm.c"
  15              		.text
  16              	.Ltext0:
  17              		.cfi_sections	.debug_frame
  18              		.align	2
  19              		.p2align 4,,15
  20              		.thumb
  21              		.thumb_func
  22              		.type	port_rt_get_counter_value, %function
  23              	port_rt_get_counter_value:
  24              	.LFB135:
  25              		.file 1 "../../ChibiOS/os/rt/ports/ARMCMx/chcore_v7m.h"
  26              		.loc 1 568 0
  27              		.cfi_startproc
  28              		@ args = 0, pretend = 0, frame = 0
  29              		@ frame_needed = 0, uses_anonymous_args = 0
  30              		@ link register save eliminated.
  31              		.loc 1 570 0
  32 0000 014B     		ldr	r3, .L3
  33 0002 5B68     		ldr	r3, [r3, #4]
  34              		.loc 1 571 0
  35 0004 1846     		mov	r0, r3
  36 0006 7047     		bx	lr
  37              	.L4:
  38              		.align	2
  39              	.L3:
  40 0008 001000E0 		.word	-536866816
  41              		.cfi_endproc
  42              	.LFE135:
  43              		.size	port_rt_get_counter_value, .-port_rt_get_counter_value
  44              		.align	2
  45 000c AFF30080 		.p2align 4,,15
  46              		.thumb
  47              		.thumb_func
  48              		.type	tm_stop, %function
  49              	tm_stop:
  50              	.LFB230:
  51              		.file 2 "../../ChibiOS/os/rt/src/chtm.c"
  52              		.loc 2 55 0
  53              		.cfi_startproc
  54              		@ args = 0, pretend = 0, frame = 16
  55              		@ frame_needed = 0, uses_anonymous_args = 0
  56              		@ link register save eliminated.
  57 0010 84B0     		sub	sp, sp, #16
ARM GAS  /tmp/cc1GdmOi.s 			page 2


  58              		.cfi_def_cfa_offset 16
  59 0012 0390     		str	r0, [sp, #12]
  60 0014 0291     		str	r1, [sp, #8]
  61 0016 0192     		str	r2, [sp, #4]
  62              		.loc 2 57 0
  63 0018 039B     		ldr	r3, [sp, #12]
  64 001a DB68     		ldr	r3, [r3, #12]
  65 001c 5A1C     		adds	r2, r3, #1
  66 001e 039B     		ldr	r3, [sp, #12]
  67 0020 DA60     		str	r2, [r3, #12]
  68              		.loc 2 58 0
  69 0022 039B     		ldr	r3, [sp, #12]
  70 0024 9B68     		ldr	r3, [r3, #8]
  71 0026 029A     		ldr	r2, [sp, #8]
  72 0028 D21A     		subs	r2, r2, r3
  73 002a 019B     		ldr	r3, [sp, #4]
  74 002c D21A     		subs	r2, r2, r3
  75 002e 039B     		ldr	r3, [sp, #12]
  76 0030 9A60     		str	r2, [r3, #8]
  77              		.loc 2 59 0
  78 0032 039B     		ldr	r3, [sp, #12]
  79 0034 D3E90401 		ldrd	r0, [r3, #16]
  80 0038 039B     		ldr	r3, [sp, #12]
  81 003a 9B68     		ldr	r3, [r3, #8]
  82 003c 1A46     		mov	r2, r3
  83 003e 4FF00003 		mov	r3, #0
  84 0042 1218     		adds	r2, r2, r0
  85 0044 43EB0103 		adc	r3, r3, r1
  86 0048 0399     		ldr	r1, [sp, #12]
  87 004a C1E90423 		strd	r2, [r1, #16]
  88              		.loc 2 60 0
  89 004e 039B     		ldr	r3, [sp, #12]
  90 0050 9A68     		ldr	r2, [r3, #8]
  91 0052 039B     		ldr	r3, [sp, #12]
  92 0054 5B68     		ldr	r3, [r3, #4]
  93 0056 9A42     		cmp	r2, r3
  94 0058 03D9     		bls	.L6
  95              		.loc 2 61 0
  96 005a 039B     		ldr	r3, [sp, #12]
  97 005c 9A68     		ldr	r2, [r3, #8]
  98 005e 039B     		ldr	r3, [sp, #12]
  99 0060 5A60     		str	r2, [r3, #4]
 100              	.L6:
 101              		.loc 2 63 0
 102 0062 039B     		ldr	r3, [sp, #12]
 103 0064 9A68     		ldr	r2, [r3, #8]
 104 0066 039B     		ldr	r3, [sp, #12]
 105 0068 1B68     		ldr	r3, [r3]
 106 006a 9A42     		cmp	r2, r3
 107 006c 03D2     		bcs	.L5
 108              		.loc 2 64 0
 109 006e 039B     		ldr	r3, [sp, #12]
 110 0070 9A68     		ldr	r2, [r3, #8]
 111 0072 039B     		ldr	r3, [sp, #12]
 112 0074 1A60     		str	r2, [r3]
 113              	.L5:
 114              		.loc 2 66 0
ARM GAS  /tmp/cc1GdmOi.s 			page 3


 115 0076 04B0     		add	sp, sp, #16
 116              		@ sp needed
 117 0078 7047     		bx	lr
 118              		.cfi_endproc
 119              	.LFE230:
 120              		.size	tm_stop, .-tm_stop
 121 007a 00BF     		.align	2
 122 007c AFF30080 		.p2align 4,,15
 123              		.global	_tm_init
 124              		.thumb
 125              		.thumb_func
 126              		.type	_tm_init, %function
 127              	_tm_init:
 128              	.LFB231:
 129              		.loc 2 77 0
 130              		.cfi_startproc
 131              		@ args = 0, pretend = 0, frame = 24
 132              		@ frame_needed = 0, uses_anonymous_args = 0
 133 0080 00B5     		push	{lr}
 134              		.cfi_def_cfa_offset 4
 135              		.cfi_offset 14, -4
 136 0082 87B0     		sub	sp, sp, #28
 137              		.cfi_def_cfa_offset 32
 138              		.loc 2 83 0
 139 0084 0A4B     		ldr	r3, .L9
 140 0086 0022     		movs	r2, #0
 141 0088 5A67     		str	r2, [r3, #116]
 142              		.loc 2 84 0
 143 008a 6B46     		mov	r3, sp
 144 008c 1846     		mov	r0, r3
 145 008e FFF7FEFF 		bl	chTMObjectInit
 146              		.loc 2 85 0
 147 0092 6B46     		mov	r3, sp
 148 0094 1846     		mov	r0, r3
 149 0096 FFF7FEFF 		bl	chTMStartMeasurementX
 150              		.loc 2 86 0
 151 009a 6B46     		mov	r3, sp
 152 009c 1846     		mov	r0, r3
 153 009e FFF7FEFF 		bl	chTMStopMeasurementX
 154              		.loc 2 87 0
 155 00a2 029A     		ldr	r2, [sp, #8]
 156 00a4 024B     		ldr	r3, .L9
 157 00a6 5A67     		str	r2, [r3, #116]
 158              		.loc 2 88 0
 159 00a8 07B0     		add	sp, sp, #28
 160              		@ sp needed
 161 00aa 5DF804FB 		ldr	pc, [sp], #4
 162              	.L10:
 163 00ae 00BF     		.align	2
 164              	.L9:
 165 00b0 00000000 		.word	ch
 166              		.cfi_endproc
 167              	.LFE231:
 168              		.size	_tm_init, .-_tm_init
 169              		.align	2
 170 00b4 AFF30080 		.p2align 4,,15
 170      AFF30080 
ARM GAS  /tmp/cc1GdmOi.s 			page 4


 170      AFF30080 
 171              		.global	chTMObjectInit
 172              		.thumb
 173              		.thumb_func
 174              		.type	chTMObjectInit, %function
 175              	chTMObjectInit:
 176              	.LFB232:
 177              		.loc 2 97 0
 178              		.cfi_startproc
 179              		@ args = 0, pretend = 0, frame = 8
 180              		@ frame_needed = 0, uses_anonymous_args = 0
 181              		@ link register save eliminated.
 182 00c0 82B0     		sub	sp, sp, #8
 183              		.cfi_def_cfa_offset 8
 184 00c2 0190     		str	r0, [sp, #4]
 185              		.loc 2 99 0
 186 00c4 019B     		ldr	r3, [sp, #4]
 187 00c6 4FF0FF32 		mov	r2, #-1
 188 00ca 1A60     		str	r2, [r3]
 189              		.loc 2 100 0
 190 00cc 019B     		ldr	r3, [sp, #4]
 191 00ce 0022     		movs	r2, #0
 192 00d0 5A60     		str	r2, [r3, #4]
 193              		.loc 2 101 0
 194 00d2 019B     		ldr	r3, [sp, #4]
 195 00d4 0022     		movs	r2, #0
 196 00d6 9A60     		str	r2, [r3, #8]
 197              		.loc 2 102 0
 198 00d8 019B     		ldr	r3, [sp, #4]
 199 00da 0022     		movs	r2, #0
 200 00dc DA60     		str	r2, [r3, #12]
 201              		.loc 2 103 0
 202 00de 0199     		ldr	r1, [sp, #4]
 203 00e0 4FF00002 		mov	r2, #0
 204 00e4 4FF00003 		mov	r3, #0
 205 00e8 C1E90423 		strd	r2, [r1, #16]
 206              		.loc 2 104 0
 207 00ec 02B0     		add	sp, sp, #8
 208              		@ sp needed
 209 00ee 7047     		bx	lr
 210              		.cfi_endproc
 211              	.LFE232:
 212              		.size	chTMObjectInit, .-chTMObjectInit
 213              		.align	2
 214              		.p2align 4,,15
 215              		.global	chTMStartMeasurementX
 216              		.thumb
 217              		.thumb_func
 218              		.type	chTMStartMeasurementX, %function
 219              	chTMStartMeasurementX:
 220              	.LFB233:
 221              		.loc 2 114 0
 222              		.cfi_startproc
 223              		@ args = 0, pretend = 0, frame = 8
 224              		@ frame_needed = 0, uses_anonymous_args = 0
 225 00f0 00B5     		push	{lr}
 226              		.cfi_def_cfa_offset 4
ARM GAS  /tmp/cc1GdmOi.s 			page 5


 227              		.cfi_offset 14, -4
 228 00f2 83B0     		sub	sp, sp, #12
 229              		.cfi_def_cfa_offset 16
 230 00f4 0190     		str	r0, [sp, #4]
 231              		.loc 2 116 0
 232 00f6 FFF783FF 		bl	port_rt_get_counter_value
 233 00fa 0246     		mov	r2, r0
 234 00fc 019B     		ldr	r3, [sp, #4]
 235 00fe 9A60     		str	r2, [r3, #8]
 236              		.loc 2 117 0
 237 0100 03B0     		add	sp, sp, #12
 238              		@ sp needed
 239 0102 5DF804FB 		ldr	pc, [sp], #4
 240              		.cfi_endproc
 241              	.LFE233:
 242              		.size	chTMStartMeasurementX, .-chTMStartMeasurementX
 243 0106 00BF     		.align	2
 244 0108 AFF30080 		.p2align 4,,15
 244      AFF30080 
 245              		.global	chTMStopMeasurementX
 246              		.thumb
 247              		.thumb_func
 248              		.type	chTMStopMeasurementX, %function
 249              	chTMStopMeasurementX:
 250              	.LFB234:
 251              		.loc 2 127 0
 252              		.cfi_startproc
 253              		@ args = 0, pretend = 0, frame = 8
 254              		@ frame_needed = 0, uses_anonymous_args = 0
 255 0110 00B5     		push	{lr}
 256              		.cfi_def_cfa_offset 4
 257              		.cfi_offset 14, -4
 258 0112 83B0     		sub	sp, sp, #12
 259              		.cfi_def_cfa_offset 16
 260 0114 0190     		str	r0, [sp, #4]
 261              		.loc 2 129 0
 262 0116 FFF773FF 		bl	port_rt_get_counter_value
 263 011a 0246     		mov	r2, r0
 264 011c 044B     		ldr	r3, .L14
 265 011e 5B6F     		ldr	r3, [r3, #116]
 266 0120 0198     		ldr	r0, [sp, #4]
 267 0122 1146     		mov	r1, r2
 268 0124 1A46     		mov	r2, r3
 269 0126 FFF773FF 		bl	tm_stop
 270              		.loc 2 130 0
 271 012a 03B0     		add	sp, sp, #12
 272              		@ sp needed
 273 012c 5DF804FB 		ldr	pc, [sp], #4
 274              	.L15:
 275              		.align	2
 276              	.L14:
 277 0130 00000000 		.word	ch
 278              		.cfi_endproc
 279              	.LFE234:
 280              		.size	chTMStopMeasurementX, .-chTMStopMeasurementX
 281              		.align	2
 282 0134 AFF30080 		.p2align 4,,15
ARM GAS  /tmp/cc1GdmOi.s 			page 6


 282      AFF30080 
 282      AFF30080 
 283              		.global	chTMChainMeasurementToX
 284              		.thumb
 285              		.thumb_func
 286              		.type	chTMChainMeasurementToX, %function
 287              	chTMChainMeasurementToX:
 288              	.LFB235:
 289              		.loc 2 145 0
 290              		.cfi_startproc
 291              		@ args = 0, pretend = 0, frame = 8
 292              		@ frame_needed = 0, uses_anonymous_args = 0
 293 0140 00B5     		push	{lr}
 294              		.cfi_def_cfa_offset 4
 295              		.cfi_offset 14, -4
 296 0142 83B0     		sub	sp, sp, #12
 297              		.cfi_def_cfa_offset 16
 298 0144 0190     		str	r0, [sp, #4]
 299 0146 0091     		str	r1, [sp]
 300              		.loc 2 148 0
 301 0148 FFF75AFF 		bl	port_rt_get_counter_value
 302 014c 0246     		mov	r2, r0
 303 014e 009B     		ldr	r3, [sp]
 304 0150 9A60     		str	r2, [r3, #8]
 305              		.loc 2 151 0
 306 0152 009B     		ldr	r3, [sp]
 307 0154 9B68     		ldr	r3, [r3, #8]
 308 0156 0198     		ldr	r0, [sp, #4]
 309 0158 1946     		mov	r1, r3
 310 015a 0022     		movs	r2, #0
 311 015c FFF758FF 		bl	tm_stop
 312              		.loc 2 152 0
 313 0160 03B0     		add	sp, sp, #12
 314              		@ sp needed
 315 0162 5DF804FB 		ldr	pc, [sp], #4
 316              		.cfi_endproc
 317              	.LFE235:
 318              		.size	chTMChainMeasurementToX, .-chTMChainMeasurementToX
 319              	.Letext0:
 320              		.file 3 "/nfs/nfs5/home/research/hardware/arm2/gcc-arm-embedded/gcc-arm-none-eabi-4_8-2014q2/arm-n
 321              		.file 4 "/nfs/nfs5/home/research/hardware/arm2/gcc-arm-embedded/gcc-arm-none-eabi-4_8-2014q2/arm-n
 322              		.file 5 "../../ChibiOS/os/rt/ports/ARMCMx/compilers/GCC/chtypes.h"
 323              		.file 6 "../../ChibiOS/os/rt/include/chsystypes.h"
 324              		.file 7 "../../ChibiOS/os/rt/include/chschd.h"
 325              		.file 8 "../../ChibiOS/os/ext/CMSIS/include/core_cm4.h"
 326              		.file 9 "../../ChibiOS/os/rt/ports/ARMCMx/chcore.h"
 327              		.file 10 "../../ChibiOS/os/rt/include/chtm.h"
 328              		.file 11 "../../ChibiOS/os/rt/include/chsem.h"
 329              		.file 12 "../../ChibiOS/os/rt/include/chmtx.h"
 330 0166 00BFAFF3 		.section	.debug_info,"",%progbits
 330      0080AFF3 
 330      0080
 331              	.Ldebug_info0:
 332 0000 27090000 		.4byte	0x927
 333 0004 0400     		.2byte	0x4
 334 0006 00000000 		.4byte	.Ldebug_abbrev0
 335 000a 04       		.byte	0x4
ARM GAS  /tmp/cc1GdmOi.s 			page 7


 336 000b 01       		.uleb128 0x1
 337 000c BE020000 		.4byte	.LASF142
 338 0010 01       		.byte	0x1
 339 0011 59000000 		.4byte	.LASF143
 340 0015 91000000 		.4byte	.LASF144
 341 0019 00000000 		.4byte	.Ltext0
 342 001d 66010000 		.4byte	.Letext0-.Ltext0
 343 0021 00000000 		.4byte	.Ldebug_line0
 344 0025 02       		.uleb128 0x2
 345 0026 04       		.byte	0x4
 346 0027 05       		.byte	0x5
 347 0028 696E7400 		.ascii	"int\000"
 348 002c 03       		.uleb128 0x3
 349 002d 04       		.byte	0x4
 350 002e 07       		.byte	0x7
 351 002f 28020000 		.4byte	.LASF0
 352 0033 03       		.uleb128 0x3
 353 0034 01       		.byte	0x1
 354 0035 06       		.byte	0x6
 355 0036 58010000 		.4byte	.LASF1
 356 003a 04       		.uleb128 0x4
 357 003b 23000000 		.4byte	.LASF5
 358 003f 03       		.byte	0x3
 359 0040 1C       		.byte	0x1c
 360 0041 45000000 		.4byte	0x45
 361 0045 03       		.uleb128 0x3
 362 0046 01       		.byte	0x1
 363 0047 08       		.byte	0x8
 364 0048 BB040000 		.4byte	.LASF2
 365 004c 03       		.uleb128 0x3
 366 004d 02       		.byte	0x2
 367 004e 05       		.byte	0x5
 368 004f FE040000 		.4byte	.LASF3
 369 0053 03       		.uleb128 0x3
 370 0054 02       		.byte	0x2
 371 0055 07       		.byte	0x7
 372 0056 74020000 		.4byte	.LASF4
 373 005a 04       		.uleb128 0x4
 374 005b 7E030000 		.4byte	.LASF6
 375 005f 03       		.byte	0x3
 376 0060 37       		.byte	0x37
 377 0061 65000000 		.4byte	0x65
 378 0065 03       		.uleb128 0x3
 379 0066 04       		.byte	0x4
 380 0067 05       		.byte	0x5
 381 0068 B7010000 		.4byte	.LASF7
 382 006c 04       		.uleb128 0x4
 383 006d 01060000 		.4byte	.LASF8
 384 0071 03       		.byte	0x3
 385 0072 38       		.byte	0x38
 386 0073 77000000 		.4byte	0x77
 387 0077 03       		.uleb128 0x3
 388 0078 04       		.byte	0x4
 389 0079 07       		.byte	0x7
 390 007a A2050000 		.4byte	.LASF9
 391 007e 03       		.uleb128 0x3
 392 007f 08       		.byte	0x8
ARM GAS  /tmp/cc1GdmOi.s 			page 8


 393 0080 05       		.byte	0x5
 394 0081 4A010000 		.4byte	.LASF10
 395 0085 04       		.uleb128 0x4
 396 0086 47040000 		.4byte	.LASF11
 397 008a 03       		.byte	0x3
 398 008b 4E       		.byte	0x4e
 399 008c 90000000 		.4byte	0x90
 400 0090 03       		.uleb128 0x3
 401 0091 08       		.byte	0x8
 402 0092 07       		.byte	0x7
 403 0093 D8000000 		.4byte	.LASF12
 404 0097 04       		.uleb128 0x4
 405 0098 6E060000 		.4byte	.LASF13
 406 009c 04       		.byte	0x4
 407 009d 2A       		.byte	0x2a
 408 009e 3A000000 		.4byte	0x3a
 409 00a2 04       		.uleb128 0x4
 410 00a3 B3040000 		.4byte	.LASF14
 411 00a7 04       		.byte	0x4
 412 00a8 41       		.byte	0x41
 413 00a9 5A000000 		.4byte	0x5a
 414 00ad 04       		.uleb128 0x4
 415 00ae 71050000 		.4byte	.LASF15
 416 00b2 04       		.byte	0x4
 417 00b3 42       		.byte	0x42
 418 00b4 6C000000 		.4byte	0x6c
 419 00b8 04       		.uleb128 0x4
 420 00b9 1A000000 		.4byte	.LASF16
 421 00bd 04       		.byte	0x4
 422 00be 4E       		.byte	0x4e
 423 00bf 85000000 		.4byte	0x85
 424 00c3 04       		.uleb128 0x4
 425 00c4 2E060000 		.4byte	.LASF17
 426 00c8 05       		.byte	0x5
 427 00c9 39       		.byte	0x39
 428 00ca AD000000 		.4byte	0xad
 429 00ce 04       		.uleb128 0x4
 430 00cf 30010000 		.4byte	.LASF18
 431 00d3 05       		.byte	0x5
 432 00d4 3A       		.byte	0x3a
 433 00d5 B8000000 		.4byte	0xb8
 434 00d9 04       		.uleb128 0x4
 435 00da B6020000 		.4byte	.LASF19
 436 00de 05       		.byte	0x5
 437 00df 3C       		.byte	0x3c
 438 00e0 97000000 		.4byte	0x97
 439 00e4 04       		.uleb128 0x4
 440 00e5 C0010000 		.4byte	.LASF20
 441 00e9 05       		.byte	0x5
 442 00ea 3D       		.byte	0x3d
 443 00eb 97000000 		.4byte	0x97
 444 00ef 04       		.uleb128 0x4
 445 00f0 5D040000 		.4byte	.LASF21
 446 00f4 05       		.byte	0x5
 447 00f5 3E       		.byte	0x3e
 448 00f6 97000000 		.4byte	0x97
 449 00fa 04       		.uleb128 0x4
ARM GAS  /tmp/cc1GdmOi.s 			page 9


 450 00fb 82010000 		.4byte	.LASF22
 451 00ff 05       		.byte	0x5
 452 0100 3F       		.byte	0x3f
 453 0101 97000000 		.4byte	0x97
 454 0105 04       		.uleb128 0x4
 455 0106 9A040000 		.4byte	.LASF23
 456 010a 05       		.byte	0x5
 457 010b 40       		.byte	0x40
 458 010c AD000000 		.4byte	0xad
 459 0110 04       		.uleb128 0x4
 460 0111 98020000 		.4byte	.LASF24
 461 0115 05       		.byte	0x5
 462 0116 41       		.byte	0x41
 463 0117 A2000000 		.4byte	0xa2
 464 011b 04       		.uleb128 0x4
 465 011c 72030000 		.4byte	.LASF25
 466 0120 05       		.byte	0x5
 467 0121 43       		.byte	0x43
 468 0122 AD000000 		.4byte	0xad
 469 0126 04       		.uleb128 0x4
 470 0127 22020000 		.4byte	.LASF26
 471 012b 05       		.byte	0x5
 472 012c 45       		.byte	0x45
 473 012d A2000000 		.4byte	0xa2
 474 0131 04       		.uleb128 0x4
 475 0132 A3020000 		.4byte	.LASF27
 476 0136 05       		.byte	0x5
 477 0137 46       		.byte	0x46
 478 0138 AD000000 		.4byte	0xad
 479 013c 04       		.uleb128 0x4
 480 013d E3050000 		.4byte	.LASF28
 481 0141 06       		.byte	0x6
 482 0142 33       		.byte	0x33
 483 0143 AD000000 		.4byte	0xad
 484 0147 04       		.uleb128 0x4
 485 0148 B9050000 		.4byte	.LASF29
 486 014c 06       		.byte	0x6
 487 014d 3F       		.byte	0x3f
 488 014e 52010000 		.4byte	0x152
 489 0152 05       		.uleb128 0x5
 490 0153 87020000 		.4byte	.LASF50
 491 0157 44       		.byte	0x44
 492 0158 07       		.byte	0x7
 493 0159 C2       		.byte	0xc2
 494 015a 4B020000 		.4byte	0x24b
 495 015e 06       		.uleb128 0x6
 496 015f 28050000 		.4byte	.LASF30
 497 0163 07       		.byte	0x7
 498 0164 C3       		.byte	0xc3
 499 0165 56020000 		.4byte	0x256
 500 0169 00       		.byte	0
 501 016a 06       		.uleb128 0x6
 502 016b 93040000 		.4byte	.LASF31
 503 016f 07       		.byte	0x7
 504 0170 C5       		.byte	0xc5
 505 0171 56020000 		.4byte	0x256
 506 0175 04       		.byte	0x4
ARM GAS  /tmp/cc1GdmOi.s 			page 10


 507 0176 06       		.uleb128 0x6
 508 0177 39010000 		.4byte	.LASF32
 509 017b 07       		.byte	0x7
 510 017c C7       		.byte	0xc7
 511 017d 05010000 		.4byte	0x105
 512 0181 08       		.byte	0x8
 513 0182 06       		.uleb128 0x6
 514 0183 1D040000 		.4byte	.LASF33
 515 0187 07       		.byte	0x7
 516 0188 C8       		.byte	0xc8
 517 0189 E1050000 		.4byte	0x5e1
 518 018d 0C       		.byte	0xc
 519 018e 06       		.uleb128 0x6
 520 018f D2010000 		.4byte	.LASF34
 521 0193 07       		.byte	0x7
 522 0194 CA       		.byte	0xca
 523 0195 56020000 		.4byte	0x256
 524 0199 10       		.byte	0x10
 525 019a 06       		.uleb128 0x6
 526 019b 0F040000 		.4byte	.LASF35
 527 019f 07       		.byte	0x7
 528 01a0 CB       		.byte	0xcb
 529 01a1 56020000 		.4byte	0x256
 530 01a5 14       		.byte	0x14
 531 01a6 06       		.uleb128 0x6
 532 01a7 85060000 		.4byte	.LASF36
 533 01ab 07       		.byte	0x7
 534 01ac D2       		.byte	0xd2
 535 01ad AE070000 		.4byte	0x7ae
 536 01b1 18       		.byte	0x18
 537 01b2 06       		.uleb128 0x6
 538 01b3 08050000 		.4byte	.LASF37
 539 01b7 07       		.byte	0x7
 540 01b8 DD       		.byte	0xdd
 541 01b9 E4000000 		.4byte	0xe4
 542 01bd 1C       		.byte	0x1c
 543 01be 06       		.uleb128 0x6
 544 01bf 2F050000 		.4byte	.LASF38
 545 01c3 07       		.byte	0x7
 546 01c4 E1       		.byte	0xe1
 547 01c5 D9000000 		.4byte	0xd9
 548 01c9 1D       		.byte	0x1d
 549 01ca 06       		.uleb128 0x6
 550 01cb 61060000 		.4byte	.LASF39
 551 01cf 07       		.byte	0x7
 552 01d0 E6       		.byte	0xe6
 553 01d1 EF000000 		.4byte	0xef
 554 01d5 1E       		.byte	0x1e
 555 01d6 06       		.uleb128 0x6
 556 01d7 10050000 		.4byte	.LASF40
 557 01db 07       		.byte	0x7
 558 01dc EC       		.byte	0xec
 559 01dd FA000000 		.4byte	0xfa
 560 01e1 1F       		.byte	0x1f
 561 01e2 07       		.uleb128 0x7
 562 01e3 705F7500 		.ascii	"p_u\000"
 563 01e7 07       		.byte	0x7
ARM GAS  /tmp/cc1GdmOi.s 			page 11


 564 01e8 3101     		.2byte	0x131
 565 01ea E9060000 		.4byte	0x6e9
 566 01ee 20       		.byte	0x20
 567 01ef 08       		.uleb128 0x8
 568 01f0 C1030000 		.4byte	.LASF41
 569 01f4 07       		.byte	0x7
 570 01f5 3601     		.2byte	0x136
 571 01f7 5C020000 		.4byte	0x25c
 572 01fb 24       		.byte	0x24
 573 01fc 08       		.uleb128 0x8
 574 01fd 50020000 		.4byte	.LASF42
 575 0201 07       		.byte	0x7
 576 0202 3C01     		.2byte	0x13c
 577 0204 80020000 		.4byte	0x280
 578 0208 28       		.byte	0x28
 579 0209 08       		.uleb128 0x8
 580 020a 97060000 		.4byte	.LASF43
 581 020e 07       		.byte	0x7
 582 020f 4001     		.2byte	0x140
 583 0211 10010000 		.4byte	0x110
 584 0215 30       		.byte	0x30
 585 0216 08       		.uleb128 0x8
 586 0217 5F050000 		.4byte	.LASF44
 587 021b 07       		.byte	0x7
 588 021c 4601     		.2byte	0x146
 589 021e 1B010000 		.4byte	0x11b
 590 0222 34       		.byte	0x34
 591 0223 08       		.uleb128 0x8
 592 0224 68030000 		.4byte	.LASF45
 593 0228 07       		.byte	0x7
 594 0229 4D01     		.2byte	0x14d
 595 022b A8070000 		.4byte	0x7a8
 596 022f 38       		.byte	0x38
 597 0230 08       		.uleb128 0x8
 598 0231 ED050000 		.4byte	.LASF46
 599 0235 07       		.byte	0x7
 600 0236 5101     		.2byte	0x151
 601 0238 05010000 		.4byte	0x105
 602 023c 3C       		.byte	0x3c
 603 023d 08       		.uleb128 0x8
 604 023e 64010000 		.4byte	.LASF47
 605 0242 07       		.byte	0x7
 606 0243 5801     		.2byte	0x158
 607 0245 33030000 		.4byte	0x333
 608 0249 40       		.byte	0x40
 609 024a 00       		.byte	0
 610 024b 04       		.uleb128 0x4
 611 024c D4030000 		.4byte	.LASF48
 612 0250 06       		.byte	0x6
 613 0251 44       		.byte	0x44
 614 0252 56020000 		.4byte	0x256
 615 0256 09       		.uleb128 0x9
 616 0257 04       		.byte	0x4
 617 0258 47010000 		.4byte	0x147
 618 025c 04       		.uleb128 0x4
 619 025d AB030000 		.4byte	.LASF49
 620 0261 06       		.byte	0x6
ARM GAS  /tmp/cc1GdmOi.s 			page 12


 621 0262 49       		.byte	0x49
 622 0263 67020000 		.4byte	0x267
 623 0267 05       		.uleb128 0x5
 624 0268 92050000 		.4byte	.LASF51
 625 026c 04       		.byte	0x4
 626 026d 07       		.byte	0x7
 627 026e B0       		.byte	0xb0
 628 026f 80020000 		.4byte	0x280
 629 0273 06       		.uleb128 0x6
 630 0274 28050000 		.4byte	.LASF30
 631 0278 07       		.byte	0x7
 632 0279 B1       		.byte	0xb1
 633 027a 56020000 		.4byte	0x256
 634 027e 00       		.byte	0
 635 027f 00       		.byte	0
 636 0280 04       		.uleb128 0x4
 637 0281 48060000 		.4byte	.LASF52
 638 0285 06       		.byte	0x6
 639 0286 50       		.byte	0x50
 640 0287 8B020000 		.4byte	0x28b
 641 028b 05       		.uleb128 0x5
 642 028c 39000000 		.4byte	.LASF53
 643 0290 08       		.byte	0x8
 644 0291 07       		.byte	0x7
 645 0292 B7       		.byte	0xb7
 646 0293 B0020000 		.4byte	0x2b0
 647 0297 06       		.uleb128 0x6
 648 0298 28050000 		.4byte	.LASF30
 649 029c 07       		.byte	0x7
 650 029d B8       		.byte	0xb8
 651 029e 56020000 		.4byte	0x256
 652 02a2 00       		.byte	0
 653 02a3 06       		.uleb128 0x6
 654 02a4 93040000 		.4byte	.LASF31
 655 02a8 07       		.byte	0x7
 656 02a9 B9       		.byte	0xb9
 657 02aa 56020000 		.4byte	0x256
 658 02ae 04       		.byte	0x4
 659 02af 00       		.byte	0
 660 02b0 04       		.uleb128 0x4
 661 02b1 00000000 		.4byte	.LASF54
 662 02b5 06       		.byte	0x6
 663 02b6 57       		.byte	0x57
 664 02b7 BB020000 		.4byte	0x2bb
 665 02bb 0A       		.uleb128 0xa
 666 02bc 5B020000 		.4byte	.LASF55
 667 02c0 1C       		.byte	0x1c
 668 02c1 07       		.byte	0x7
 669 02c2 9001     		.2byte	0x190
 670 02c4 17030000 		.4byte	0x317
 671 02c8 08       		.uleb128 0x8
 672 02c9 81050000 		.4byte	.LASF56
 673 02cd 07       		.byte	0x7
 674 02ce 9101     		.2byte	0x191
 675 02d0 80020000 		.4byte	0x280
 676 02d4 00       		.byte	0
 677 02d5 08       		.uleb128 0x8
ARM GAS  /tmp/cc1GdmOi.s 			page 13


 678 02d6 1A050000 		.4byte	.LASF57
 679 02da 07       		.byte	0x7
 680 02db 9201     		.2byte	0x192
 681 02dd 05010000 		.4byte	0x105
 682 02e1 08       		.byte	0x8
 683 02e2 08       		.uleb128 0x8
 684 02e3 17040000 		.4byte	.LASF58
 685 02e7 07       		.byte	0x7
 686 02e8 9401     		.2byte	0x194
 687 02ea E1050000 		.4byte	0x5e1
 688 02ee 0C       		.byte	0xc
 689 02ef 08       		.uleb128 0x8
 690 02f0 E2010000 		.4byte	.LASF59
 691 02f4 07       		.byte	0x7
 692 02f5 9701     		.2byte	0x197
 693 02f7 56020000 		.4byte	0x256
 694 02fb 10       		.byte	0x10
 695 02fc 08       		.uleb128 0x8
 696 02fd 3F040000 		.4byte	.LASF60
 697 0301 07       		.byte	0x7
 698 0302 9801     		.2byte	0x198
 699 0304 56020000 		.4byte	0x256
 700 0308 14       		.byte	0x14
 701 0309 08       		.uleb128 0x8
 702 030a 35040000 		.4byte	.LASF61
 703 030e 07       		.byte	0x7
 704 030f 9B01     		.2byte	0x19b
 705 0311 56020000 		.4byte	0x256
 706 0315 18       		.byte	0x18
 707 0316 00       		.byte	0
 708 0317 04       		.uleb128 0x4
 709 0318 F8050000 		.4byte	.LASF62
 710 031c 06       		.byte	0x6
 711 031d 5C       		.byte	0x5c
 712 031e 22030000 		.4byte	0x322
 713 0322 09       		.uleb128 0x9
 714 0323 04       		.byte	0x4
 715 0324 28030000 		.4byte	0x328
 716 0328 0B       		.uleb128 0xb
 717 0329 33030000 		.4byte	0x333
 718 032d 0C       		.uleb128 0xc
 719 032e 33030000 		.4byte	0x333
 720 0332 00       		.byte	0
 721 0333 0D       		.uleb128 0xd
 722 0334 04       		.byte	0x4
 723 0335 04       		.uleb128 0x4
 724 0336 83040000 		.4byte	.LASF63
 725 033a 06       		.byte	0x6
 726 033b 61       		.byte	0x61
 727 033c 40030000 		.4byte	0x340
 728 0340 0A       		.uleb128 0xa
 729 0341 41050000 		.4byte	.LASF64
 730 0345 14       		.byte	0x14
 731 0346 07       		.byte	0x7
 732 0347 6B01     		.2byte	0x16b
 733 0349 8F030000 		.4byte	0x38f
 734 034d 08       		.uleb128 0x8
ARM GAS  /tmp/cc1GdmOi.s 			page 14


 735 034e 35020000 		.4byte	.LASF65
 736 0352 07       		.byte	0x7
 737 0353 6C01     		.2byte	0x16c
 738 0355 C0070000 		.4byte	0x7c0
 739 0359 00       		.byte	0
 740 035a 08       		.uleb128 0x8
 741 035b F3010000 		.4byte	.LASF66
 742 035f 07       		.byte	0x7
 743 0360 6D01     		.2byte	0x16d
 744 0362 C0070000 		.4byte	0x7c0
 745 0366 04       		.byte	0x4
 746 0367 08       		.uleb128 0x8
 747 0368 89050000 		.4byte	.LASF67
 748 036c 07       		.byte	0x7
 749 036d 6E01     		.2byte	0x16e
 750 036f 3C010000 		.4byte	0x13c
 751 0373 08       		.byte	0x8
 752 0374 08       		.uleb128 0x8
 753 0375 A5060000 		.4byte	.LASF68
 754 0379 07       		.byte	0x7
 755 037a 6F01     		.2byte	0x16f
 756 037c 17030000 		.4byte	0x317
 757 0380 0C       		.byte	0xc
 758 0381 08       		.uleb128 0x8
 759 0382 3B060000 		.4byte	.LASF69
 760 0386 07       		.byte	0x7
 761 0387 7101     		.2byte	0x171
 762 0389 33030000 		.4byte	0x333
 763 038d 10       		.byte	0x10
 764 038e 00       		.byte	0
 765 038f 04       		.uleb128 0x4
 766 0390 0B010000 		.4byte	.LASF70
 767 0394 06       		.byte	0x6
 768 0395 66       		.byte	0x66
 769 0396 9A030000 		.4byte	0x39a
 770 039a 0A       		.uleb128 0xa
 771 039b E7030000 		.4byte	.LASF71
 772 039f 10       		.byte	0x10
 773 03a0 07       		.byte	0x7
 774 03a1 7B01     		.2byte	0x17b
 775 03a3 DC030000 		.4byte	0x3dc
 776 03a7 08       		.uleb128 0x8
 777 03a8 35020000 		.4byte	.LASF65
 778 03ac 07       		.byte	0x7
 779 03ad 7C01     		.2byte	0x17c
 780 03af C0070000 		.4byte	0x7c0
 781 03b3 00       		.byte	0
 782 03b4 08       		.uleb128 0x8
 783 03b5 F3010000 		.4byte	.LASF66
 784 03b9 07       		.byte	0x7
 785 03ba 7E01     		.2byte	0x17e
 786 03bc C0070000 		.4byte	0x7c0
 787 03c0 04       		.byte	0x4
 788 03c1 08       		.uleb128 0x8
 789 03c2 89050000 		.4byte	.LASF67
 790 03c6 07       		.byte	0x7
 791 03c7 8001     		.2byte	0x180
ARM GAS  /tmp/cc1GdmOi.s 			page 15


 792 03c9 3C010000 		.4byte	0x13c
 793 03cd 08       		.byte	0x8
 794 03ce 08       		.uleb128 0x8
 795 03cf 8C060000 		.4byte	.LASF72
 796 03d3 07       		.byte	0x7
 797 03d4 8201     		.2byte	0x182
 798 03d6 C6070000 		.4byte	0x7c6
 799 03da 0C       		.byte	0xc
 800 03db 00       		.byte	0
 801 03dc 04       		.uleb128 0x4
 802 03dd 4A000000 		.4byte	.LASF73
 803 03e1 06       		.byte	0x6
 804 03e2 6B       		.byte	0x6b
 805 03e3 E7030000 		.4byte	0x3e7
 806 03e7 0A       		.uleb128 0xa
 807 03e8 FB010000 		.4byte	.LASF74
 808 03ec 04       		.byte	0x4
 809 03ed 07       		.byte	0x7
 810 03ee A201     		.2byte	0x1a2
 811 03f0 02040000 		.4byte	0x402
 812 03f4 08       		.uleb128 0x8
 813 03f5 0C060000 		.4byte	.LASF75
 814 03f9 07       		.byte	0x7
 815 03fa AA01     		.2byte	0x1aa
 816 03fc CB070000 		.4byte	0x7cb
 817 0400 00       		.byte	0
 818 0401 00       		.byte	0
 819 0402 04       		.uleb128 0x4
 820 0403 AA020000 		.4byte	.LASF76
 821 0407 06       		.byte	0x6
 822 0408 70       		.byte	0x70
 823 0409 0D040000 		.4byte	0x40d
 824 040d 0E       		.uleb128 0xe
 825 040e 37050000 		.4byte	.LASF77
 826 0412 5001     		.2byte	0x150
 827 0414 07       		.byte	0x7
 828 0415 C201     		.2byte	0x1c2
 829 0417 69040000 		.4byte	0x469
 830 041b 08       		.uleb128 0x8
 831 041c 68060000 		.4byte	.LASF78
 832 0420 07       		.byte	0x7
 833 0421 C601     		.2byte	0x1c6
 834 0423 B0020000 		.4byte	0x2b0
 835 0427 00       		.byte	0
 836 0428 08       		.uleb128 0x8
 837 0429 7B010000 		.4byte	.LASF79
 838 042d 07       		.byte	0x7
 839 042e CA01     		.2byte	0x1ca
 840 0430 8F030000 		.4byte	0x38f
 841 0434 1C       		.byte	0x1c
 842 0435 07       		.uleb128 0x7
 843 0436 64626700 		.ascii	"dbg\000"
 844 043a 07       		.byte	0x7
 845 043b CE01     		.2byte	0x1ce
 846 043d DC030000 		.4byte	0x3dc
 847 0441 2C       		.byte	0x2c
 848 0442 08       		.uleb128 0x8
ARM GAS  /tmp/cc1GdmOi.s 			page 16


 849 0443 F8000000 		.4byte	.LASF80
 850 0447 07       		.byte	0x7
 851 0448 D201     		.2byte	0x1d2
 852 044a 47010000 		.4byte	0x147
 853 044e 30       		.byte	0x30
 854 044f 07       		.uleb128 0x7
 855 0450 746D00   		.ascii	"tm\000"
 856 0453 07       		.byte	0x7
 857 0454 D701     		.2byte	0x1d7
 858 0456 90060000 		.4byte	0x690
 859 045a 74       		.byte	0x74
 860 045b 08       		.uleb128 0x8
 861 045c 13020000 		.4byte	.LASF81
 862 0460 07       		.byte	0x7
 863 0461 E301     		.2byte	0x1e3
 864 0463 D0070000 		.4byte	0x7d0
 865 0467 78       		.byte	0x78
 866 0468 00       		.byte	0
 867 0469 03       		.uleb128 0x3
 868 046a 04       		.byte	0x4
 869 046b 07       		.byte	0x7
 870 046c CB030000 		.4byte	.LASF82
 871 0470 0F       		.uleb128 0xf
 872 0471 AD000000 		.4byte	0xad
 873 0475 10       		.uleb128 0x10
 874 0476 70040000 		.4byte	0x470
 875 047a 11       		.uleb128 0x11
 876 047b AD000000 		.4byte	0xad
 877 047f 8A040000 		.4byte	0x48a
 878 0483 12       		.uleb128 0x12
 879 0484 69040000 		.4byte	0x469
 880 0488 00       		.byte	0
 881 0489 00       		.byte	0
 882 048a 13       		.uleb128 0x13
 883 048b 5C       		.byte	0x5c
 884 048c 08       		.byte	0x8
 885 048d 5603     		.2byte	0x356
 886 048f BF050000 		.4byte	0x5bf
 887 0493 08       		.uleb128 0x8
 888 0494 36060000 		.4byte	.LASF83
 889 0498 08       		.byte	0x8
 890 0499 5803     		.2byte	0x358
 891 049b 70040000 		.4byte	0x470
 892 049f 00       		.byte	0
 893 04a0 08       		.uleb128 0x8
 894 04a1 BA030000 		.4byte	.LASF84
 895 04a5 08       		.byte	0x8
 896 04a6 5903     		.2byte	0x359
 897 04a8 70040000 		.4byte	0x470
 898 04ac 04       		.byte	0x4
 899 04ad 08       		.uleb128 0x8
 900 04ae 6C010000 		.4byte	.LASF85
 901 04b2 08       		.byte	0x8
 902 04b3 5A03     		.2byte	0x35a
 903 04b5 70040000 		.4byte	0x470
 904 04b9 08       		.byte	0x8
 905 04ba 08       		.uleb128 0x8
ARM GAS  /tmp/cc1GdmOi.s 			page 17


 906 04bb 91020000 		.4byte	.LASF86
 907 04bf 08       		.byte	0x8
 908 04c0 5B03     		.2byte	0x35b
 909 04c2 70040000 		.4byte	0x470
 910 04c6 0C       		.byte	0xc
 911 04c7 08       		.uleb128 0x8
 912 04c8 C9010000 		.4byte	.LASF87
 913 04cc 08       		.byte	0x8
 914 04cd 5C03     		.2byte	0x35c
 915 04cf 70040000 		.4byte	0x470
 916 04d3 10       		.byte	0x10
 917 04d4 08       		.uleb128 0x8
 918 04d5 6A050000 		.4byte	.LASF88
 919 04d9 08       		.byte	0x8
 920 04da 5D03     		.2byte	0x35d
 921 04dc 70040000 		.4byte	0x470
 922 04e0 14       		.byte	0x14
 923 04e1 08       		.uleb128 0x8
 924 04e2 76060000 		.4byte	.LASF89
 925 04e6 08       		.byte	0x8
 926 04e7 5E03     		.2byte	0x35e
 927 04e9 70040000 		.4byte	0x470
 928 04ed 18       		.byte	0x18
 929 04ee 08       		.uleb128 0x8
 930 04ef A2040000 		.4byte	.LASF90
 931 04f3 08       		.byte	0x8
 932 04f4 5F03     		.2byte	0x35f
 933 04f6 75040000 		.4byte	0x475
 934 04fa 1C       		.byte	0x1c
 935 04fb 08       		.uleb128 0x8
 936 04fc 42060000 		.4byte	.LASF91
 937 0500 08       		.byte	0x8
 938 0501 6003     		.2byte	0x360
 939 0503 70040000 		.4byte	0x470
 940 0507 20       		.byte	0x20
 941 0508 08       		.uleb128 0x8
 942 0509 A7040000 		.4byte	.LASF92
 943 050d 08       		.byte	0x8
 944 050e 6103     		.2byte	0x361
 945 0510 70040000 		.4byte	0x470
 946 0514 24       		.byte	0x24
 947 0515 08       		.uleb128 0x8
 948 0516 D6040000 		.4byte	.LASF93
 949 051a 08       		.byte	0x8
 950 051b 6203     		.2byte	0x362
 951 051d 70040000 		.4byte	0x470
 952 0521 28       		.byte	0x28
 953 0522 08       		.uleb128 0x8
 954 0523 65040000 		.4byte	.LASF94
 955 0527 08       		.byte	0x8
 956 0528 6303     		.2byte	0x363
 957 052a 7A040000 		.4byte	0x47a
 958 052e 2C       		.byte	0x2c
 959 052f 08       		.uleb128 0x8
 960 0530 23040000 		.4byte	.LASF95
 961 0534 08       		.byte	0x8
 962 0535 6403     		.2byte	0x364
ARM GAS  /tmp/cc1GdmOi.s 			page 18


 963 0537 70040000 		.4byte	0x470
 964 053b 30       		.byte	0x30
 965 053c 08       		.uleb128 0x8
 966 053d AD040000 		.4byte	.LASF96
 967 0541 08       		.byte	0x8
 968 0542 6503     		.2byte	0x365
 969 0544 70040000 		.4byte	0x470
 970 0548 34       		.byte	0x34
 971 0549 08       		.uleb128 0x8
 972 054a E0040000 		.4byte	.LASF97
 973 054e 08       		.byte	0x8
 974 054f 6603     		.2byte	0x366
 975 0551 70040000 		.4byte	0x470
 976 0555 38       		.byte	0x38
 977 0556 08       		.uleb128 0x8
 978 0557 6F040000 		.4byte	.LASF98
 979 055b 08       		.byte	0x8
 980 055c 6703     		.2byte	0x367
 981 055e 7A040000 		.4byte	0x47a
 982 0562 3C       		.byte	0x3c
 983 0563 08       		.uleb128 0x8
 984 0564 29040000 		.4byte	.LASF99
 985 0568 08       		.byte	0x8
 986 0569 6803     		.2byte	0x368
 987 056b 70040000 		.4byte	0x470
 988 056f 40       		.byte	0x40
 989 0570 08       		.uleb128 0x8
 990 0571 3D020000 		.4byte	.LASF100
 991 0575 08       		.byte	0x8
 992 0576 6903     		.2byte	0x369
 993 0578 70040000 		.4byte	0x470
 994 057c 44       		.byte	0x44
 995 057d 08       		.uleb128 0x8
 996 057e EA040000 		.4byte	.LASF101
 997 0582 08       		.byte	0x8
 998 0583 6A03     		.2byte	0x36a
 999 0585 70040000 		.4byte	0x470
 1000 0589 48       		.byte	0x48
 1001 058a 08       		.uleb128 0x8
 1002 058b 79040000 		.4byte	.LASF102
 1003 058f 08       		.byte	0x8
 1004 0590 6B03     		.2byte	0x36b
 1005 0592 7A040000 		.4byte	0x47a
 1006 0596 4C       		.byte	0x4c
 1007 0597 08       		.uleb128 0x8
 1008 0598 2F040000 		.4byte	.LASF103
 1009 059c 08       		.byte	0x8
 1010 059d 6C03     		.2byte	0x36c
 1011 059f 70040000 		.4byte	0x470
 1012 05a3 50       		.byte	0x50
 1013 05a4 08       		.uleb128 0x8
 1014 05a5 43020000 		.4byte	.LASF104
 1015 05a9 08       		.byte	0x8
 1016 05aa 6D03     		.2byte	0x36d
 1017 05ac 70040000 		.4byte	0x470
 1018 05b0 54       		.byte	0x54
 1019 05b1 08       		.uleb128 0x8
ARM GAS  /tmp/cc1GdmOi.s 			page 19


 1020 05b2 F4040000 		.4byte	.LASF105
 1021 05b6 08       		.byte	0x8
 1022 05b7 6E03     		.2byte	0x36e
 1023 05b9 70040000 		.4byte	0x470
 1024 05bd 58       		.byte	0x58
 1025 05be 00       		.byte	0
 1026 05bf 14       		.uleb128 0x14
 1027 05c0 25060000 		.4byte	.LASF106
 1028 05c4 08       		.byte	0x8
 1029 05c5 6F03     		.2byte	0x36f
 1030 05c7 8A040000 		.4byte	0x48a
 1031 05cb 04       		.uleb128 0x4
 1032 05cc EA010000 		.4byte	.LASF107
 1033 05d0 09       		.byte	0x9
 1034 05d1 65       		.byte	0x65
 1035 05d2 33030000 		.4byte	0x333
 1036 05d6 04       		.uleb128 0x4
 1037 05d7 A0030000 		.4byte	.LASF108
 1038 05db 09       		.byte	0x9
 1039 05dc 6D       		.byte	0x6d
 1040 05dd B8000000 		.4byte	0xb8
 1041 05e1 05       		.uleb128 0x5
 1042 05e2 1D060000 		.4byte	.LASF109
 1043 05e6 04       		.byte	0x4
 1044 05e7 09       		.byte	0x9
 1045 05e8 89       		.byte	0x89
 1046 05e9 FA050000 		.4byte	0x5fa
 1047 05ed 15       		.uleb128 0x15
 1048 05ee 72313300 		.ascii	"r13\000"
 1049 05f2 09       		.byte	0x9
 1050 05f3 8A       		.byte	0x8a
 1051 05f4 75060000 		.4byte	0x675
 1052 05f8 00       		.byte	0
 1053 05f9 00       		.byte	0
 1054 05fa 05       		.uleb128 0x5
 1055 05fb 2D000000 		.4byte	.LASF110
 1056 05ff 24       		.byte	0x24
 1057 0600 01       		.byte	0x1
 1058 0601 FD       		.byte	0xfd
 1059 0602 75060000 		.4byte	0x675
 1060 0606 07       		.uleb128 0x7
 1061 0607 723400   		.ascii	"r4\000"
 1062 060a 01       		.byte	0x1
 1063 060b 1001     		.2byte	0x110
 1064 060d CB050000 		.4byte	0x5cb
 1065 0611 00       		.byte	0
 1066 0612 07       		.uleb128 0x7
 1067 0613 723500   		.ascii	"r5\000"
 1068 0616 01       		.byte	0x1
 1069 0617 1101     		.2byte	0x111
 1070 0619 CB050000 		.4byte	0x5cb
 1071 061d 04       		.byte	0x4
 1072 061e 07       		.uleb128 0x7
 1073 061f 723600   		.ascii	"r6\000"
 1074 0622 01       		.byte	0x1
 1075 0623 1201     		.2byte	0x112
 1076 0625 CB050000 		.4byte	0x5cb
ARM GAS  /tmp/cc1GdmOi.s 			page 20


 1077 0629 08       		.byte	0x8
 1078 062a 07       		.uleb128 0x7
 1079 062b 723700   		.ascii	"r7\000"
 1080 062e 01       		.byte	0x1
 1081 062f 1301     		.2byte	0x113
 1082 0631 CB050000 		.4byte	0x5cb
 1083 0635 0C       		.byte	0xc
 1084 0636 07       		.uleb128 0x7
 1085 0637 723800   		.ascii	"r8\000"
 1086 063a 01       		.byte	0x1
 1087 063b 1401     		.2byte	0x114
 1088 063d CB050000 		.4byte	0x5cb
 1089 0641 10       		.byte	0x10
 1090 0642 07       		.uleb128 0x7
 1091 0643 723900   		.ascii	"r9\000"
 1092 0646 01       		.byte	0x1
 1093 0647 1501     		.2byte	0x115
 1094 0649 CB050000 		.4byte	0x5cb
 1095 064d 14       		.byte	0x14
 1096 064e 07       		.uleb128 0x7
 1097 064f 72313000 		.ascii	"r10\000"
 1098 0653 01       		.byte	0x1
 1099 0654 1601     		.2byte	0x116
 1100 0656 CB050000 		.4byte	0x5cb
 1101 065a 18       		.byte	0x18
 1102 065b 07       		.uleb128 0x7
 1103 065c 72313100 		.ascii	"r11\000"
 1104 0660 01       		.byte	0x1
 1105 0661 1701     		.2byte	0x117
 1106 0663 CB050000 		.4byte	0x5cb
 1107 0667 1C       		.byte	0x1c
 1108 0668 07       		.uleb128 0x7
 1109 0669 6C7200   		.ascii	"lr\000"
 1110 066c 01       		.byte	0x1
 1111 066d 1801     		.2byte	0x118
 1112 066f CB050000 		.4byte	0x5cb
 1113 0673 20       		.byte	0x20
 1114 0674 00       		.byte	0
 1115 0675 09       		.uleb128 0x9
 1116 0676 04       		.byte	0x4
 1117 0677 FA050000 		.4byte	0x5fa
 1118 067b 16       		.uleb128 0x16
 1119 067c 04       		.byte	0x4
 1120 067d 0A       		.byte	0xa
 1121 067e 38       		.byte	0x38
 1122 067f 90060000 		.4byte	0x690
 1123 0683 06       		.uleb128 0x6
 1124 0684 16060000 		.4byte	.LASF111
 1125 0688 0A       		.byte	0xa
 1126 0689 3C       		.byte	0x3c
 1127 068a C3000000 		.4byte	0xc3
 1128 068e 00       		.byte	0
 1129 068f 00       		.byte	0
 1130 0690 04       		.uleb128 0x4
 1131 0691 FE030000 		.4byte	.LASF112
 1132 0695 0A       		.byte	0xa
 1133 0696 3D       		.byte	0x3d
ARM GAS  /tmp/cc1GdmOi.s 			page 21


 1134 0697 7B060000 		.4byte	0x67b
 1135 069b 16       		.uleb128 0x16
 1136 069c 18       		.byte	0x18
 1137 069d 0A       		.byte	0xa
 1138 069e 48       		.byte	0x48
 1139 069f DE060000 		.4byte	0x6de
 1140 06a3 06       		.uleb128 0x6
 1141 06a4 6F020000 		.4byte	.LASF113
 1142 06a8 0A       		.byte	0xa
 1143 06a9 49       		.byte	0x49
 1144 06aa C3000000 		.4byte	0xc3
 1145 06ae 00       		.byte	0
 1146 06af 06       		.uleb128 0x6
 1147 06b0 78000000 		.4byte	.LASF114
 1148 06b4 0A       		.byte	0xa
 1149 06b5 4A       		.byte	0x4a
 1150 06b6 C3000000 		.4byte	0xc3
 1151 06ba 04       		.byte	0x4
 1152 06bb 06       		.uleb128 0x6
 1153 06bc 9E020000 		.4byte	.LASF115
 1154 06c0 0A       		.byte	0xa
 1155 06c1 4B       		.byte	0x4b
 1156 06c2 C3000000 		.4byte	0xc3
 1157 06c6 08       		.byte	0x8
 1158 06c7 15       		.uleb128 0x15
 1159 06c8 6E00     		.ascii	"n\000"
 1160 06ca 0A       		.byte	0xa
 1161 06cb 4C       		.byte	0x4c
 1162 06cc 31010000 		.4byte	0x131
 1163 06d0 0C       		.byte	0xc
 1164 06d1 06       		.uleb128 0x6
 1165 06d2 52040000 		.4byte	.LASF116
 1166 06d6 0A       		.byte	0xa
 1167 06d7 4D       		.byte	0x4d
 1168 06d8 CE000000 		.4byte	0xce
 1169 06dc 10       		.byte	0x10
 1170 06dd 00       		.byte	0
 1171 06de 04       		.uleb128 0x4
 1172 06df 7E000000 		.4byte	.LASF117
 1173 06e3 0A       		.byte	0xa
 1174 06e4 4E       		.byte	0x4e
 1175 06e5 9B060000 		.4byte	0x69b
 1176 06e9 17       		.uleb128 0x17
 1177 06ea 04       		.byte	0x4
 1178 06eb 07       		.byte	0x7
 1179 06ec FA       		.byte	0xfa
 1180 06ed 46070000 		.4byte	0x746
 1181 06f1 18       		.uleb128 0x18
 1182 06f2 13000000 		.4byte	.LASF118
 1183 06f6 07       		.byte	0x7
 1184 06f7 0101     		.2byte	0x101
 1185 06f9 10010000 		.4byte	0x110
 1186 06fd 18       		.uleb128 0x18
 1187 06fe EF000000 		.4byte	.LASF119
 1188 0702 07       		.byte	0x7
 1189 0703 0801     		.2byte	0x108
 1190 0705 10010000 		.4byte	0x110
ARM GAS  /tmp/cc1GdmOi.s 			page 22


 1191 0709 18       		.uleb128 0x18
 1192 070a 7E060000 		.4byte	.LASF120
 1193 070e 07       		.byte	0x7
 1194 070f 0F01     		.2byte	0x10f
 1195 0711 33030000 		.4byte	0x333
 1196 0715 18       		.uleb128 0x18
 1197 0716 0D000000 		.4byte	.LASF121
 1198 071a 07       		.byte	0x7
 1199 071b 1601     		.2byte	0x116
 1200 071d 46070000 		.4byte	0x746
 1201 0721 18       		.uleb128 0x18
 1202 0722 49020000 		.4byte	.LASF122
 1203 0726 07       		.byte	0x7
 1204 0727 1E01     		.2byte	0x11e
 1205 0729 71070000 		.4byte	0x771
 1206 072d 18       		.uleb128 0x18
 1207 072e 7A050000 		.4byte	.LASF123
 1208 0732 07       		.byte	0x7
 1209 0733 2701     		.2byte	0x127
 1210 0735 A8070000 		.4byte	0x7a8
 1211 0739 18       		.uleb128 0x18
 1212 073a 21050000 		.4byte	.LASF124
 1213 073e 07       		.byte	0x7
 1214 073f 2F01     		.2byte	0x12f
 1215 0741 1B010000 		.4byte	0x11b
 1216 0745 00       		.byte	0
 1217 0746 09       		.uleb128 0x9
 1218 0747 04       		.byte	0x4
 1219 0748 4B020000 		.4byte	0x24b
 1220 074c 05       		.uleb128 0x5
 1221 074d 52050000 		.4byte	.LASF125
 1222 0751 0C       		.byte	0xc
 1223 0752 0B       		.byte	0xb
 1224 0753 34       		.byte	0x34
 1225 0754 71070000 		.4byte	0x771
 1226 0758 06       		.uleb128 0x6
 1227 0759 DA010000 		.4byte	.LASF126
 1228 075d 0B       		.byte	0xb
 1229 075e 35       		.byte	0x35
 1230 075f 80020000 		.4byte	0x280
 1231 0763 00       		.byte	0
 1232 0764 06       		.uleb128 0x6
 1233 0765 69020000 		.4byte	.LASF127
 1234 0769 0B       		.byte	0xb
 1235 076a 37       		.byte	0x37
 1236 076b 26010000 		.4byte	0x126
 1237 076f 08       		.byte	0x8
 1238 0770 00       		.byte	0
 1239 0771 09       		.uleb128 0x9
 1240 0772 04       		.byte	0x4
 1241 0773 4C070000 		.4byte	0x74c
 1242 0777 05       		.uleb128 0x5
 1243 0778 58060000 		.4byte	.LASF128
 1244 077c 10       		.byte	0x10
 1245 077d 0C       		.byte	0xc
 1246 077e 39       		.byte	0x39
 1247 077f A8070000 		.4byte	0x7a8
ARM GAS  /tmp/cc1GdmOi.s 			page 23


 1248 0783 06       		.uleb128 0x6
 1249 0784 73010000 		.4byte	.LASF129
 1250 0788 0C       		.byte	0xc
 1251 0789 3A       		.byte	0x3a
 1252 078a 80020000 		.4byte	0x280
 1253 078e 00       		.byte	0
 1254 078f 06       		.uleb128 0x6
 1255 0790 9D060000 		.4byte	.LASF130
 1256 0794 0C       		.byte	0xc
 1257 0795 3C       		.byte	0x3c
 1258 0796 56020000 		.4byte	0x256
 1259 079a 08       		.byte	0x8
 1260 079b 06       		.uleb128 0x6
 1261 079c DC050000 		.4byte	.LASF131
 1262 07a0 0C       		.byte	0xc
 1263 07a1 3E       		.byte	0x3e
 1264 07a2 EB070000 		.4byte	0x7eb
 1265 07a6 0C       		.byte	0xc
 1266 07a7 00       		.byte	0
 1267 07a8 09       		.uleb128 0x9
 1268 07a9 04       		.byte	0x4
 1269 07aa 77070000 		.4byte	0x777
 1270 07ae 09       		.uleb128 0x9
 1271 07af 04       		.byte	0x4
 1272 07b0 B4070000 		.4byte	0x7b4
 1273 07b4 10       		.uleb128 0x10
 1274 07b5 B9070000 		.4byte	0x7b9
 1275 07b9 03       		.uleb128 0x3
 1276 07ba 01       		.byte	0x1
 1277 07bb 08       		.byte	0x8
 1278 07bc B4050000 		.4byte	.LASF132
 1279 07c0 09       		.uleb128 0x9
 1280 07c1 04       		.byte	0x4
 1281 07c2 35030000 		.4byte	0x335
 1282 07c6 0F       		.uleb128 0xf
 1283 07c7 3C010000 		.4byte	0x13c
 1284 07cb 0F       		.uleb128 0xf
 1285 07cc AE070000 		.4byte	0x7ae
 1286 07d0 11       		.uleb128 0x11
 1287 07d1 D6050000 		.4byte	0x5d6
 1288 07d5 E0070000 		.4byte	0x7e0
 1289 07d9 12       		.uleb128 0x12
 1290 07da 69040000 		.4byte	0x469
 1291 07de 1A       		.byte	0x1a
 1292 07df 00       		.byte	0
 1293 07e0 04       		.uleb128 0x4
 1294 07e1 0B020000 		.4byte	.LASF133
 1295 07e5 0C       		.byte	0xc
 1296 07e6 34       		.byte	0x34
 1297 07e7 77070000 		.4byte	0x777
 1298 07eb 09       		.uleb128 0x9
 1299 07ec 04       		.byte	0x4
 1300 07ed E0070000 		.4byte	0x7e0
 1301 07f1 19       		.uleb128 0x19
 1302 07f2 C2050000 		.4byte	.LASF145
 1303 07f6 01       		.byte	0x1
 1304 07f7 3802     		.2byte	0x238
ARM GAS  /tmp/cc1GdmOi.s 			page 24


 1305 07f9 C3000000 		.4byte	0xc3
 1306 07fd 00000000 		.4byte	.LFB135
 1307 0801 0C000000 		.4byte	.LFE135-.LFB135
 1308 0805 01       		.uleb128 0x1
 1309 0806 9C       		.byte	0x9c
 1310 0807 1A       		.uleb128 0x1a
 1311 0808 03010000 		.4byte	.LASF146
 1312 080c 02       		.byte	0x2
 1313 080d 35       		.byte	0x35
 1314 080e 10000000 		.4byte	.LFB230
 1315 0812 6A000000 		.4byte	.LFE230-.LFB230
 1316 0816 01       		.uleb128 0x1
 1317 0817 9C       		.byte	0x9c
 1318 0818 47080000 		.4byte	0x847
 1319 081c 1B       		.uleb128 0x1b
 1320 081d 746D7000 		.ascii	"tmp\000"
 1321 0821 02       		.byte	0x2
 1322 0822 35       		.byte	0x35
 1323 0823 47080000 		.4byte	0x847
 1324 0827 02       		.uleb128 0x2
 1325 0828 91       		.byte	0x91
 1326 0829 7C       		.sleb128 -4
 1327 082a 1B       		.uleb128 0x1b
 1328 082b 6E6F7700 		.ascii	"now\000"
 1329 082f 02       		.byte	0x2
 1330 0830 36       		.byte	0x36
 1331 0831 C3000000 		.4byte	0xc3
 1332 0835 02       		.uleb128 0x2
 1333 0836 91       		.byte	0x91
 1334 0837 78       		.sleb128 -8
 1335 0838 1C       		.uleb128 0x1c
 1336 0839 16060000 		.4byte	.LASF111
 1337 083d 02       		.byte	0x2
 1338 083e 37       		.byte	0x37
 1339 083f C3000000 		.4byte	0xc3
 1340 0843 02       		.uleb128 0x2
 1341 0844 91       		.byte	0x91
 1342 0845 74       		.sleb128 -12
 1343 0846 00       		.byte	0
 1344 0847 09       		.uleb128 0x9
 1345 0848 04       		.byte	0x4
 1346 0849 DE060000 		.4byte	0x6de
 1347 084d 1D       		.uleb128 0x1d
 1348 084e AD060000 		.4byte	.LASF134
 1349 0852 02       		.byte	0x2
 1350 0853 4D       		.byte	0x4d
 1351 0854 80000000 		.4byte	.LFB231
 1352 0858 34000000 		.4byte	.LFE231-.LFB231
 1353 085c 01       		.uleb128 0x1
 1354 085d 9C       		.byte	0x9c
 1355 085e 70080000 		.4byte	0x870
 1356 0862 1E       		.uleb128 0x1e
 1357 0863 746D00   		.ascii	"tm\000"
 1358 0866 02       		.byte	0x2
 1359 0867 4E       		.byte	0x4e
 1360 0868 DE060000 		.4byte	0x6de
 1361 086c 02       		.uleb128 0x2
ARM GAS  /tmp/cc1GdmOi.s 			page 25


 1362 086d 91       		.byte	0x91
 1363 086e 60       		.sleb128 -32
 1364 086f 00       		.byte	0
 1365 0870 1F       		.uleb128 0x1f
 1366 0871 21010000 		.4byte	.LASF135
 1367 0875 02       		.byte	0x2
 1368 0876 61       		.byte	0x61
 1369 0877 C0000000 		.4byte	.LFB232
 1370 087b 30000000 		.4byte	.LFE232-.LFB232
 1371 087f 01       		.uleb128 0x1
 1372 0880 9C       		.byte	0x9c
 1373 0881 94080000 		.4byte	0x894
 1374 0885 1B       		.uleb128 0x1b
 1375 0886 746D7000 		.ascii	"tmp\000"
 1376 088a 02       		.byte	0x2
 1377 088b 61       		.byte	0x61
 1378 088c 47080000 		.4byte	0x847
 1379 0890 02       		.uleb128 0x2
 1380 0891 91       		.byte	0x91
 1381 0892 7C       		.sleb128 -4
 1382 0893 00       		.byte	0
 1383 0894 1D       		.uleb128 0x1d
 1384 0895 8C010000 		.4byte	.LASF136
 1385 0899 02       		.byte	0x2
 1386 089a 72       		.byte	0x72
 1387 089b F0000000 		.4byte	.LFB233
 1388 089f 16000000 		.4byte	.LFE233-.LFB233
 1389 08a3 01       		.uleb128 0x1
 1390 08a4 9C       		.byte	0x9c
 1391 08a5 B8080000 		.4byte	0x8b8
 1392 08a9 1B       		.uleb128 0x1b
 1393 08aa 746D7000 		.ascii	"tmp\000"
 1394 08ae 02       		.byte	0x2
 1395 08af 72       		.byte	0x72
 1396 08b0 47080000 		.4byte	0x847
 1397 08b4 02       		.uleb128 0x2
 1398 08b5 91       		.byte	0x91
 1399 08b6 74       		.sleb128 -12
 1400 08b7 00       		.byte	0
 1401 08b8 1D       		.uleb128 0x1d
 1402 08b9 A2010000 		.4byte	.LASF137
 1403 08bd 02       		.byte	0x2
 1404 08be 7F       		.byte	0x7f
 1405 08bf 10010000 		.4byte	.LFB234
 1406 08c3 24000000 		.4byte	.LFE234-.LFB234
 1407 08c7 01       		.uleb128 0x1
 1408 08c8 9C       		.byte	0x9c
 1409 08c9 DC080000 		.4byte	0x8dc
 1410 08cd 1B       		.uleb128 0x1b
 1411 08ce 746D7000 		.ascii	"tmp\000"
 1412 08d2 02       		.byte	0x2
 1413 08d3 7F       		.byte	0x7f
 1414 08d4 47080000 		.4byte	0x847
 1415 08d8 02       		.uleb128 0x2
 1416 08d9 91       		.byte	0x91
 1417 08da 74       		.sleb128 -12
 1418 08db 00       		.byte	0
ARM GAS  /tmp/cc1GdmOi.s 			page 26


 1419 08dc 1D       		.uleb128 0x1d
 1420 08dd 88030000 		.4byte	.LASF138
 1421 08e1 02       		.byte	0x2
 1422 08e2 90       		.byte	0x90
 1423 08e3 40010000 		.4byte	.LFB235
 1424 08e7 26000000 		.4byte	.LFE235-.LFB235
 1425 08eb 01       		.uleb128 0x1
 1426 08ec 9C       		.byte	0x9c
 1427 08ed 0E090000 		.4byte	0x90e
 1428 08f1 1C       		.uleb128 0x1c
 1429 08f2 40010000 		.4byte	.LASF139
 1430 08f6 02       		.byte	0x2
 1431 08f7 90       		.byte	0x90
 1432 08f8 47080000 		.4byte	0x847
 1433 08fc 02       		.uleb128 0x2
 1434 08fd 91       		.byte	0x91
 1435 08fe 74       		.sleb128 -12
 1436 08ff 1C       		.uleb128 0x1c
 1437 0900 45010000 		.4byte	.LASF140
 1438 0904 02       		.byte	0x2
 1439 0905 91       		.byte	0x91
 1440 0906 47080000 		.4byte	0x847
 1441 090a 02       		.uleb128 0x2
 1442 090b 91       		.byte	0x91
 1443 090c 70       		.sleb128 -16
 1444 090d 00       		.byte	0
 1445 090e 20       		.uleb128 0x20
 1446 090f C9040000 		.4byte	.LASF141
 1447 0913 08       		.byte	0x8
 1448 0914 FA06     		.2byte	0x6fa
 1449 0916 1A090000 		.4byte	0x91a
 1450 091a 0F       		.uleb128 0xf
 1451 091b A2000000 		.4byte	0xa2
 1452 091f 21       		.uleb128 0x21
 1453 0920 636800   		.ascii	"ch\000"
 1454 0923 07       		.byte	0x7
 1455 0924 0902     		.2byte	0x209
 1456 0926 02040000 		.4byte	0x402
 1457 092a 00       		.byte	0
 1458              		.section	.debug_abbrev,"",%progbits
 1459              	.Ldebug_abbrev0:
 1460 0000 01       		.uleb128 0x1
 1461 0001 11       		.uleb128 0x11
 1462 0002 01       		.byte	0x1
 1463 0003 25       		.uleb128 0x25
 1464 0004 0E       		.uleb128 0xe
 1465 0005 13       		.uleb128 0x13
 1466 0006 0B       		.uleb128 0xb
 1467 0007 03       		.uleb128 0x3
 1468 0008 0E       		.uleb128 0xe
 1469 0009 1B       		.uleb128 0x1b
 1470 000a 0E       		.uleb128 0xe
 1471 000b 11       		.uleb128 0x11
 1472 000c 01       		.uleb128 0x1
 1473 000d 12       		.uleb128 0x12
 1474 000e 06       		.uleb128 0x6
 1475 000f 10       		.uleb128 0x10
ARM GAS  /tmp/cc1GdmOi.s 			page 27


 1476 0010 17       		.uleb128 0x17
 1477 0011 00       		.byte	0
 1478 0012 00       		.byte	0
 1479 0013 02       		.uleb128 0x2
 1480 0014 24       		.uleb128 0x24
 1481 0015 00       		.byte	0
 1482 0016 0B       		.uleb128 0xb
 1483 0017 0B       		.uleb128 0xb
 1484 0018 3E       		.uleb128 0x3e
 1485 0019 0B       		.uleb128 0xb
 1486 001a 03       		.uleb128 0x3
 1487 001b 08       		.uleb128 0x8
 1488 001c 00       		.byte	0
 1489 001d 00       		.byte	0
 1490 001e 03       		.uleb128 0x3
 1491 001f 24       		.uleb128 0x24
 1492 0020 00       		.byte	0
 1493 0021 0B       		.uleb128 0xb
 1494 0022 0B       		.uleb128 0xb
 1495 0023 3E       		.uleb128 0x3e
 1496 0024 0B       		.uleb128 0xb
 1497 0025 03       		.uleb128 0x3
 1498 0026 0E       		.uleb128 0xe
 1499 0027 00       		.byte	0
 1500 0028 00       		.byte	0
 1501 0029 04       		.uleb128 0x4
 1502 002a 16       		.uleb128 0x16
 1503 002b 00       		.byte	0
 1504 002c 03       		.uleb128 0x3
 1505 002d 0E       		.uleb128 0xe
 1506 002e 3A       		.uleb128 0x3a
 1507 002f 0B       		.uleb128 0xb
 1508 0030 3B       		.uleb128 0x3b
 1509 0031 0B       		.uleb128 0xb
 1510 0032 49       		.uleb128 0x49
 1511 0033 13       		.uleb128 0x13
 1512 0034 00       		.byte	0
 1513 0035 00       		.byte	0
 1514 0036 05       		.uleb128 0x5
 1515 0037 13       		.uleb128 0x13
 1516 0038 01       		.byte	0x1
 1517 0039 03       		.uleb128 0x3
 1518 003a 0E       		.uleb128 0xe
 1519 003b 0B       		.uleb128 0xb
 1520 003c 0B       		.uleb128 0xb
 1521 003d 3A       		.uleb128 0x3a
 1522 003e 0B       		.uleb128 0xb
 1523 003f 3B       		.uleb128 0x3b
 1524 0040 0B       		.uleb128 0xb
 1525 0041 01       		.uleb128 0x1
 1526 0042 13       		.uleb128 0x13
 1527 0043 00       		.byte	0
 1528 0044 00       		.byte	0
 1529 0045 06       		.uleb128 0x6
 1530 0046 0D       		.uleb128 0xd
 1531 0047 00       		.byte	0
 1532 0048 03       		.uleb128 0x3
ARM GAS  /tmp/cc1GdmOi.s 			page 28


 1533 0049 0E       		.uleb128 0xe
 1534 004a 3A       		.uleb128 0x3a
 1535 004b 0B       		.uleb128 0xb
 1536 004c 3B       		.uleb128 0x3b
 1537 004d 0B       		.uleb128 0xb
 1538 004e 49       		.uleb128 0x49
 1539 004f 13       		.uleb128 0x13
 1540 0050 38       		.uleb128 0x38
 1541 0051 0B       		.uleb128 0xb
 1542 0052 00       		.byte	0
 1543 0053 00       		.byte	0
 1544 0054 07       		.uleb128 0x7
 1545 0055 0D       		.uleb128 0xd
 1546 0056 00       		.byte	0
 1547 0057 03       		.uleb128 0x3
 1548 0058 08       		.uleb128 0x8
 1549 0059 3A       		.uleb128 0x3a
 1550 005a 0B       		.uleb128 0xb
 1551 005b 3B       		.uleb128 0x3b
 1552 005c 05       		.uleb128 0x5
 1553 005d 49       		.uleb128 0x49
 1554 005e 13       		.uleb128 0x13
 1555 005f 38       		.uleb128 0x38
 1556 0060 0B       		.uleb128 0xb
 1557 0061 00       		.byte	0
 1558 0062 00       		.byte	0
 1559 0063 08       		.uleb128 0x8
 1560 0064 0D       		.uleb128 0xd
 1561 0065 00       		.byte	0
 1562 0066 03       		.uleb128 0x3
 1563 0067 0E       		.uleb128 0xe
 1564 0068 3A       		.uleb128 0x3a
 1565 0069 0B       		.uleb128 0xb
 1566 006a 3B       		.uleb128 0x3b
 1567 006b 05       		.uleb128 0x5
 1568 006c 49       		.uleb128 0x49
 1569 006d 13       		.uleb128 0x13
 1570 006e 38       		.uleb128 0x38
 1571 006f 0B       		.uleb128 0xb
 1572 0070 00       		.byte	0
 1573 0071 00       		.byte	0
 1574 0072 09       		.uleb128 0x9
 1575 0073 0F       		.uleb128 0xf
 1576 0074 00       		.byte	0
 1577 0075 0B       		.uleb128 0xb
 1578 0076 0B       		.uleb128 0xb
 1579 0077 49       		.uleb128 0x49
 1580 0078 13       		.uleb128 0x13
 1581 0079 00       		.byte	0
 1582 007a 00       		.byte	0
 1583 007b 0A       		.uleb128 0xa
 1584 007c 13       		.uleb128 0x13
 1585 007d 01       		.byte	0x1
 1586 007e 03       		.uleb128 0x3
 1587 007f 0E       		.uleb128 0xe
 1588 0080 0B       		.uleb128 0xb
 1589 0081 0B       		.uleb128 0xb
ARM GAS  /tmp/cc1GdmOi.s 			page 29


 1590 0082 3A       		.uleb128 0x3a
 1591 0083 0B       		.uleb128 0xb
 1592 0084 3B       		.uleb128 0x3b
 1593 0085 05       		.uleb128 0x5
 1594 0086 01       		.uleb128 0x1
 1595 0087 13       		.uleb128 0x13
 1596 0088 00       		.byte	0
 1597 0089 00       		.byte	0
 1598 008a 0B       		.uleb128 0xb
 1599 008b 15       		.uleb128 0x15
 1600 008c 01       		.byte	0x1
 1601 008d 27       		.uleb128 0x27
 1602 008e 19       		.uleb128 0x19
 1603 008f 01       		.uleb128 0x1
 1604 0090 13       		.uleb128 0x13
 1605 0091 00       		.byte	0
 1606 0092 00       		.byte	0
 1607 0093 0C       		.uleb128 0xc
 1608 0094 05       		.uleb128 0x5
 1609 0095 00       		.byte	0
 1610 0096 49       		.uleb128 0x49
 1611 0097 13       		.uleb128 0x13
 1612 0098 00       		.byte	0
 1613 0099 00       		.byte	0
 1614 009a 0D       		.uleb128 0xd
 1615 009b 0F       		.uleb128 0xf
 1616 009c 00       		.byte	0
 1617 009d 0B       		.uleb128 0xb
 1618 009e 0B       		.uleb128 0xb
 1619 009f 00       		.byte	0
 1620 00a0 00       		.byte	0
 1621 00a1 0E       		.uleb128 0xe
 1622 00a2 13       		.uleb128 0x13
 1623 00a3 01       		.byte	0x1
 1624 00a4 03       		.uleb128 0x3
 1625 00a5 0E       		.uleb128 0xe
 1626 00a6 0B       		.uleb128 0xb
 1627 00a7 05       		.uleb128 0x5
 1628 00a8 3A       		.uleb128 0x3a
 1629 00a9 0B       		.uleb128 0xb
 1630 00aa 3B       		.uleb128 0x3b
 1631 00ab 05       		.uleb128 0x5
 1632 00ac 01       		.uleb128 0x1
 1633 00ad 13       		.uleb128 0x13
 1634 00ae 00       		.byte	0
 1635 00af 00       		.byte	0
 1636 00b0 0F       		.uleb128 0xf
 1637 00b1 35       		.uleb128 0x35
 1638 00b2 00       		.byte	0
 1639 00b3 49       		.uleb128 0x49
 1640 00b4 13       		.uleb128 0x13
 1641 00b5 00       		.byte	0
 1642 00b6 00       		.byte	0
 1643 00b7 10       		.uleb128 0x10
 1644 00b8 26       		.uleb128 0x26
 1645 00b9 00       		.byte	0
 1646 00ba 49       		.uleb128 0x49
ARM GAS  /tmp/cc1GdmOi.s 			page 30


 1647 00bb 13       		.uleb128 0x13
 1648 00bc 00       		.byte	0
 1649 00bd 00       		.byte	0
 1650 00be 11       		.uleb128 0x11
 1651 00bf 01       		.uleb128 0x1
 1652 00c0 01       		.byte	0x1
 1653 00c1 49       		.uleb128 0x49
 1654 00c2 13       		.uleb128 0x13
 1655 00c3 01       		.uleb128 0x1
 1656 00c4 13       		.uleb128 0x13
 1657 00c5 00       		.byte	0
 1658 00c6 00       		.byte	0
 1659 00c7 12       		.uleb128 0x12
 1660 00c8 21       		.uleb128 0x21
 1661 00c9 00       		.byte	0
 1662 00ca 49       		.uleb128 0x49
 1663 00cb 13       		.uleb128 0x13
 1664 00cc 2F       		.uleb128 0x2f
 1665 00cd 0B       		.uleb128 0xb
 1666 00ce 00       		.byte	0
 1667 00cf 00       		.byte	0
 1668 00d0 13       		.uleb128 0x13
 1669 00d1 13       		.uleb128 0x13
 1670 00d2 01       		.byte	0x1
 1671 00d3 0B       		.uleb128 0xb
 1672 00d4 0B       		.uleb128 0xb
 1673 00d5 3A       		.uleb128 0x3a
 1674 00d6 0B       		.uleb128 0xb
 1675 00d7 3B       		.uleb128 0x3b
 1676 00d8 05       		.uleb128 0x5
 1677 00d9 01       		.uleb128 0x1
 1678 00da 13       		.uleb128 0x13
 1679 00db 00       		.byte	0
 1680 00dc 00       		.byte	0
 1681 00dd 14       		.uleb128 0x14
 1682 00de 16       		.uleb128 0x16
 1683 00df 00       		.byte	0
 1684 00e0 03       		.uleb128 0x3
 1685 00e1 0E       		.uleb128 0xe
 1686 00e2 3A       		.uleb128 0x3a
 1687 00e3 0B       		.uleb128 0xb
 1688 00e4 3B       		.uleb128 0x3b
 1689 00e5 05       		.uleb128 0x5
 1690 00e6 49       		.uleb128 0x49
 1691 00e7 13       		.uleb128 0x13
 1692 00e8 00       		.byte	0
 1693 00e9 00       		.byte	0
 1694 00ea 15       		.uleb128 0x15
 1695 00eb 0D       		.uleb128 0xd
 1696 00ec 00       		.byte	0
 1697 00ed 03       		.uleb128 0x3
 1698 00ee 08       		.uleb128 0x8
 1699 00ef 3A       		.uleb128 0x3a
 1700 00f0 0B       		.uleb128 0xb
 1701 00f1 3B       		.uleb128 0x3b
 1702 00f2 0B       		.uleb128 0xb
 1703 00f3 49       		.uleb128 0x49
ARM GAS  /tmp/cc1GdmOi.s 			page 31


 1704 00f4 13       		.uleb128 0x13
 1705 00f5 38       		.uleb128 0x38
 1706 00f6 0B       		.uleb128 0xb
 1707 00f7 00       		.byte	0
 1708 00f8 00       		.byte	0
 1709 00f9 16       		.uleb128 0x16
 1710 00fa 13       		.uleb128 0x13
 1711 00fb 01       		.byte	0x1
 1712 00fc 0B       		.uleb128 0xb
 1713 00fd 0B       		.uleb128 0xb
 1714 00fe 3A       		.uleb128 0x3a
 1715 00ff 0B       		.uleb128 0xb
 1716 0100 3B       		.uleb128 0x3b
 1717 0101 0B       		.uleb128 0xb
 1718 0102 01       		.uleb128 0x1
 1719 0103 13       		.uleb128 0x13
 1720 0104 00       		.byte	0
 1721 0105 00       		.byte	0
 1722 0106 17       		.uleb128 0x17
 1723 0107 17       		.uleb128 0x17
 1724 0108 01       		.byte	0x1
 1725 0109 0B       		.uleb128 0xb
 1726 010a 0B       		.uleb128 0xb
 1727 010b 3A       		.uleb128 0x3a
 1728 010c 0B       		.uleb128 0xb
 1729 010d 3B       		.uleb128 0x3b
 1730 010e 0B       		.uleb128 0xb
 1731 010f 01       		.uleb128 0x1
 1732 0110 13       		.uleb128 0x13
 1733 0111 00       		.byte	0
 1734 0112 00       		.byte	0
 1735 0113 18       		.uleb128 0x18
 1736 0114 0D       		.uleb128 0xd
 1737 0115 00       		.byte	0
 1738 0116 03       		.uleb128 0x3
 1739 0117 0E       		.uleb128 0xe
 1740 0118 3A       		.uleb128 0x3a
 1741 0119 0B       		.uleb128 0xb
 1742 011a 3B       		.uleb128 0x3b
 1743 011b 05       		.uleb128 0x5
 1744 011c 49       		.uleb128 0x49
 1745 011d 13       		.uleb128 0x13
 1746 011e 00       		.byte	0
 1747 011f 00       		.byte	0
 1748 0120 19       		.uleb128 0x19
 1749 0121 2E       		.uleb128 0x2e
 1750 0122 00       		.byte	0
 1751 0123 03       		.uleb128 0x3
 1752 0124 0E       		.uleb128 0xe
 1753 0125 3A       		.uleb128 0x3a
 1754 0126 0B       		.uleb128 0xb
 1755 0127 3B       		.uleb128 0x3b
 1756 0128 05       		.uleb128 0x5
 1757 0129 27       		.uleb128 0x27
 1758 012a 19       		.uleb128 0x19
 1759 012b 49       		.uleb128 0x49
 1760 012c 13       		.uleb128 0x13
ARM GAS  /tmp/cc1GdmOi.s 			page 32


 1761 012d 11       		.uleb128 0x11
 1762 012e 01       		.uleb128 0x1
 1763 012f 12       		.uleb128 0x12
 1764 0130 06       		.uleb128 0x6
 1765 0131 40       		.uleb128 0x40
 1766 0132 18       		.uleb128 0x18
 1767 0133 9742     		.uleb128 0x2117
 1768 0135 19       		.uleb128 0x19
 1769 0136 00       		.byte	0
 1770 0137 00       		.byte	0
 1771 0138 1A       		.uleb128 0x1a
 1772 0139 2E       		.uleb128 0x2e
 1773 013a 01       		.byte	0x1
 1774 013b 03       		.uleb128 0x3
 1775 013c 0E       		.uleb128 0xe
 1776 013d 3A       		.uleb128 0x3a
 1777 013e 0B       		.uleb128 0xb
 1778 013f 3B       		.uleb128 0x3b
 1779 0140 0B       		.uleb128 0xb
 1780 0141 27       		.uleb128 0x27
 1781 0142 19       		.uleb128 0x19
 1782 0143 11       		.uleb128 0x11
 1783 0144 01       		.uleb128 0x1
 1784 0145 12       		.uleb128 0x12
 1785 0146 06       		.uleb128 0x6
 1786 0147 40       		.uleb128 0x40
 1787 0148 18       		.uleb128 0x18
 1788 0149 9742     		.uleb128 0x2117
 1789 014b 19       		.uleb128 0x19
 1790 014c 01       		.uleb128 0x1
 1791 014d 13       		.uleb128 0x13
 1792 014e 00       		.byte	0
 1793 014f 00       		.byte	0
 1794 0150 1B       		.uleb128 0x1b
 1795 0151 05       		.uleb128 0x5
 1796 0152 00       		.byte	0
 1797 0153 03       		.uleb128 0x3
 1798 0154 08       		.uleb128 0x8
 1799 0155 3A       		.uleb128 0x3a
 1800 0156 0B       		.uleb128 0xb
 1801 0157 3B       		.uleb128 0x3b
 1802 0158 0B       		.uleb128 0xb
 1803 0159 49       		.uleb128 0x49
 1804 015a 13       		.uleb128 0x13
 1805 015b 02       		.uleb128 0x2
 1806 015c 18       		.uleb128 0x18
 1807 015d 00       		.byte	0
 1808 015e 00       		.byte	0
 1809 015f 1C       		.uleb128 0x1c
 1810 0160 05       		.uleb128 0x5
 1811 0161 00       		.byte	0
 1812 0162 03       		.uleb128 0x3
 1813 0163 0E       		.uleb128 0xe
 1814 0164 3A       		.uleb128 0x3a
 1815 0165 0B       		.uleb128 0xb
 1816 0166 3B       		.uleb128 0x3b
 1817 0167 0B       		.uleb128 0xb
ARM GAS  /tmp/cc1GdmOi.s 			page 33


 1818 0168 49       		.uleb128 0x49
 1819 0169 13       		.uleb128 0x13
 1820 016a 02       		.uleb128 0x2
 1821 016b 18       		.uleb128 0x18
 1822 016c 00       		.byte	0
 1823 016d 00       		.byte	0
 1824 016e 1D       		.uleb128 0x1d
 1825 016f 2E       		.uleb128 0x2e
 1826 0170 01       		.byte	0x1
 1827 0171 3F       		.uleb128 0x3f
 1828 0172 19       		.uleb128 0x19
 1829 0173 03       		.uleb128 0x3
 1830 0174 0E       		.uleb128 0xe
 1831 0175 3A       		.uleb128 0x3a
 1832 0176 0B       		.uleb128 0xb
 1833 0177 3B       		.uleb128 0x3b
 1834 0178 0B       		.uleb128 0xb
 1835 0179 27       		.uleb128 0x27
 1836 017a 19       		.uleb128 0x19
 1837 017b 11       		.uleb128 0x11
 1838 017c 01       		.uleb128 0x1
 1839 017d 12       		.uleb128 0x12
 1840 017e 06       		.uleb128 0x6
 1841 017f 40       		.uleb128 0x40
 1842 0180 18       		.uleb128 0x18
 1843 0181 9642     		.uleb128 0x2116
 1844 0183 19       		.uleb128 0x19
 1845 0184 01       		.uleb128 0x1
 1846 0185 13       		.uleb128 0x13
 1847 0186 00       		.byte	0
 1848 0187 00       		.byte	0
 1849 0188 1E       		.uleb128 0x1e
 1850 0189 34       		.uleb128 0x34
 1851 018a 00       		.byte	0
 1852 018b 03       		.uleb128 0x3
 1853 018c 08       		.uleb128 0x8
 1854 018d 3A       		.uleb128 0x3a
 1855 018e 0B       		.uleb128 0xb
 1856 018f 3B       		.uleb128 0x3b
 1857 0190 0B       		.uleb128 0xb
 1858 0191 49       		.uleb128 0x49
 1859 0192 13       		.uleb128 0x13
 1860 0193 02       		.uleb128 0x2
 1861 0194 18       		.uleb128 0x18
 1862 0195 00       		.byte	0
 1863 0196 00       		.byte	0
 1864 0197 1F       		.uleb128 0x1f
 1865 0198 2E       		.uleb128 0x2e
 1866 0199 01       		.byte	0x1
 1867 019a 3F       		.uleb128 0x3f
 1868 019b 19       		.uleb128 0x19
 1869 019c 03       		.uleb128 0x3
 1870 019d 0E       		.uleb128 0xe
 1871 019e 3A       		.uleb128 0x3a
 1872 019f 0B       		.uleb128 0xb
 1873 01a0 3B       		.uleb128 0x3b
 1874 01a1 0B       		.uleb128 0xb
ARM GAS  /tmp/cc1GdmOi.s 			page 34


 1875 01a2 27       		.uleb128 0x27
 1876 01a3 19       		.uleb128 0x19
 1877 01a4 11       		.uleb128 0x11
 1878 01a5 01       		.uleb128 0x1
 1879 01a6 12       		.uleb128 0x12
 1880 01a7 06       		.uleb128 0x6
 1881 01a8 40       		.uleb128 0x40
 1882 01a9 18       		.uleb128 0x18
 1883 01aa 9742     		.uleb128 0x2117
 1884 01ac 19       		.uleb128 0x19
 1885 01ad 01       		.uleb128 0x1
 1886 01ae 13       		.uleb128 0x13
 1887 01af 00       		.byte	0
 1888 01b0 00       		.byte	0
 1889 01b1 20       		.uleb128 0x20
 1890 01b2 34       		.uleb128 0x34
 1891 01b3 00       		.byte	0
 1892 01b4 03       		.uleb128 0x3
 1893 01b5 0E       		.uleb128 0xe
 1894 01b6 3A       		.uleb128 0x3a
 1895 01b7 0B       		.uleb128 0xb
 1896 01b8 3B       		.uleb128 0x3b
 1897 01b9 05       		.uleb128 0x5
 1898 01ba 49       		.uleb128 0x49
 1899 01bb 13       		.uleb128 0x13
 1900 01bc 3F       		.uleb128 0x3f
 1901 01bd 19       		.uleb128 0x19
 1902 01be 3C       		.uleb128 0x3c
 1903 01bf 19       		.uleb128 0x19
 1904 01c0 00       		.byte	0
 1905 01c1 00       		.byte	0
 1906 01c2 21       		.uleb128 0x21
 1907 01c3 34       		.uleb128 0x34
 1908 01c4 00       		.byte	0
 1909 01c5 03       		.uleb128 0x3
 1910 01c6 08       		.uleb128 0x8
 1911 01c7 3A       		.uleb128 0x3a
 1912 01c8 0B       		.uleb128 0xb
 1913 01c9 3B       		.uleb128 0x3b
 1914 01ca 05       		.uleb128 0x5
 1915 01cb 49       		.uleb128 0x49
 1916 01cc 13       		.uleb128 0x13
 1917 01cd 3F       		.uleb128 0x3f
 1918 01ce 19       		.uleb128 0x19
 1919 01cf 3C       		.uleb128 0x3c
 1920 01d0 19       		.uleb128 0x19
 1921 01d1 00       		.byte	0
 1922 01d2 00       		.byte	0
 1923 01d3 00       		.byte	0
 1924              		.section	.debug_aranges,"",%progbits
 1925 0000 1C000000 		.4byte	0x1c
 1926 0004 0200     		.2byte	0x2
 1927 0006 00000000 		.4byte	.Ldebug_info0
 1928 000a 04       		.byte	0x4
 1929 000b 00       		.byte	0
 1930 000c 0000     		.2byte	0
 1931 000e 0000     		.2byte	0
ARM GAS  /tmp/cc1GdmOi.s 			page 35


 1932 0010 00000000 		.4byte	.Ltext0
 1933 0014 66010000 		.4byte	.Letext0-.Ltext0
 1934 0018 00000000 		.4byte	0
 1935 001c 00000000 		.4byte	0
 1936              		.section	.debug_line,"",%progbits
 1937              	.Ldebug_line0:
 1938 0000 7B020000 		.section	.debug_str,"MS",%progbits,1
 1938      02003302 
 1938      00000201 
 1938      FB0E0D00 
 1938      01010101 
 1939              	.LASF54:
 1940 0000 72656164 		.ascii	"ready_list_t\000"
 1940      795F6C69 
 1940      73745F74 
 1940      00
 1941              	.LASF121:
 1942 000d 77747472 		.ascii	"wttrp\000"
 1942      7000
 1943              	.LASF118:
 1944 0013 7264796D 		.ascii	"rdymsg\000"
 1944      736700
 1945              	.LASF16:
 1946 001a 75696E74 		.ascii	"uint64_t\000"
 1946      36345F74 
 1946      00
 1947              	.LASF5:
 1948 0023 5F5F7569 		.ascii	"__uint8_t\000"
 1948      6E74385F 
 1948      7400
 1949              	.LASF110:
 1950 002d 706F7274 		.ascii	"port_intctx\000"
 1950      5F696E74 
 1950      63747800 
 1951              	.LASF53:
 1952 0039 63685F74 		.ascii	"ch_threads_queue\000"
 1952      68726561 
 1952      64735F71 
 1952      75657565 
 1952      00
 1953              	.LASF73:
 1954 004a 73797374 		.ascii	"system_debug_t\000"
 1954      656D5F64 
 1954      65627567 
 1954      5F7400
 1955              	.LASF143:
 1956 0059 2E2E2F2E 		.ascii	"../../ChibiOS/os/rt/src/chtm.c\000"
 1956      2E2F4368 
 1956      6962694F 
 1956      532F6F73 
 1956      2F72742F 
 1957              	.LASF114:
 1958 0078 776F7273 		.ascii	"worst\000"
 1958      7400
 1959              	.LASF117:
 1960 007e 74696D65 		.ascii	"time_measurement_t\000"
 1960      5F6D6561 
ARM GAS  /tmp/cc1GdmOi.s 			page 36


 1960      73757265 
 1960      6D656E74 
 1960      5F7400
 1961              	.LASF144:
 1962 0091 2F6E6673 		.ascii	"/nfs/nfs7/home/vvedanta/P442/p442-submissions/senso"
 1962      2F6E6673 
 1962      372F686F 
 1962      6D652F76 
 1962      76656461 
 1963 00c4 7274696C 		.ascii	"rtile/final_project\000"
 1963      652F6669 
 1963      6E616C5F 
 1963      70726F6A 
 1963      65637400 
 1964              	.LASF12:
 1965 00d8 6C6F6E67 		.ascii	"long long unsigned int\000"
 1965      206C6F6E 
 1965      6720756E 
 1965      7369676E 
 1965      65642069 
 1966              	.LASF119:
 1967 00ef 65786974 		.ascii	"exitcode\000"
 1967      636F6465 
 1967      00
 1968              	.LASF80:
 1969 00f8 6D61696E 		.ascii	"mainthread\000"
 1969      74687265 
 1969      616400
 1970              	.LASF146:
 1971 0103 746D5F73 		.ascii	"tm_stop\000"
 1971      746F7000 
 1972              	.LASF70:
 1973 010b 76697274 		.ascii	"virtual_timers_list_t\000"
 1973      75616C5F 
 1973      74696D65 
 1973      72735F6C 
 1973      6973745F 
 1974              	.LASF135:
 1975 0121 6368544D 		.ascii	"chTMObjectInit\000"
 1975      4F626A65 
 1975      6374496E 
 1975      697400
 1976              	.LASF18:
 1977 0130 72747469 		.ascii	"rttime_t\000"
 1977      6D655F74 
 1977      00
 1978              	.LASF32:
 1979 0139 705F7072 		.ascii	"p_prio\000"
 1979      696F00
 1980              	.LASF139:
 1981 0140 746D7031 		.ascii	"tmp1\000"
 1981      00
 1982              	.LASF140:
 1983 0145 746D7032 		.ascii	"tmp2\000"
 1983      00
 1984              	.LASF10:
 1985 014a 6C6F6E67 		.ascii	"long long int\000"
ARM GAS  /tmp/cc1GdmOi.s 			page 37


 1985      206C6F6E 
 1985      6720696E 
 1985      7400
 1986              	.LASF1:
 1987 0158 7369676E 		.ascii	"signed char\000"
 1987      65642063 
 1987      68617200 
 1988              	.LASF47:
 1989 0164 705F6D70 		.ascii	"p_mpool\000"
 1989      6F6F6C00 
 1990              	.LASF85:
 1991 016c 43504943 		.ascii	"CPICNT\000"
 1991      4E5400
 1992              	.LASF129:
 1993 0173 6D5F7175 		.ascii	"m_queue\000"
 1993      65756500 
 1994              	.LASF79:
 1995 017b 76746C69 		.ascii	"vtlist\000"
 1995      737400
 1996              	.LASF22:
 1997 0182 74736C69 		.ascii	"tslices_t\000"
 1997      6365735F 
 1997      7400
 1998              	.LASF136:
 1999 018c 6368544D 		.ascii	"chTMStartMeasurementX\000"
 1999      53746172 
 1999      744D6561 
 1999      73757265 
 1999      6D656E74 
 2000              	.LASF137:
 2001 01a2 6368544D 		.ascii	"chTMStopMeasurementX\000"
 2001      53746F70 
 2001      4D656173 
 2001      7572656D 
 2001      656E7458 
 2002              	.LASF7:
 2003 01b7 6C6F6E67 		.ascii	"long int\000"
 2003      20696E74 
 2003      00
 2004              	.LASF20:
 2005 01c0 74737461 		.ascii	"tstate_t\000"
 2005      74655F74 
 2005      00
 2006              	.LASF87:
 2007 01c9 534C4545 		.ascii	"SLEEPCNT\000"
 2007      50434E54 
 2007      00
 2008              	.LASF34:
 2009 01d2 705F6E65 		.ascii	"p_newer\000"
 2009      77657200 
 2010              	.LASF126:
 2011 01da 735F7175 		.ascii	"s_queue\000"
 2011      65756500 
 2012              	.LASF59:
 2013 01e2 725F6E65 		.ascii	"r_newer\000"
 2013      77657200 
 2014              	.LASF107:
ARM GAS  /tmp/cc1GdmOi.s 			page 38


 2015 01ea 72656761 		.ascii	"regarm_t\000"
 2015      726D5F74 
 2015      00
 2016              	.LASF66:
 2017 01f3 76745F70 		.ascii	"vt_prev\000"
 2017      72657600 
 2018              	.LASF74:
 2019 01fb 63685F73 		.ascii	"ch_system_debug\000"
 2019      79737465 
 2019      6D5F6465 
 2019      62756700 
 2020              	.LASF133:
 2021 020b 6D757465 		.ascii	"mutex_t\000"
 2021      785F7400 
 2022              	.LASF81:
 2023 0213 69646C65 		.ascii	"idle_thread_wa\000"
 2023      5F746872 
 2023      6561645F 
 2023      776100
 2024              	.LASF26:
 2025 0222 636E745F 		.ascii	"cnt_t\000"
 2025      7400
 2026              	.LASF0:
 2027 0228 756E7369 		.ascii	"unsigned int\000"
 2027      676E6564 
 2027      20696E74 
 2027      00
 2028              	.LASF65:
 2029 0235 76745F6E 		.ascii	"vt_next\000"
 2029      65787400 
 2030              	.LASF100:
 2031 023d 4D41534B 		.ascii	"MASK2\000"
 2031      3200
 2032              	.LASF104:
 2033 0243 4D41534B 		.ascii	"MASK3\000"
 2033      3300
 2034              	.LASF122:
 2035 0249 77747365 		.ascii	"wtsemp\000"
 2035      6D7000
 2036              	.LASF42:
 2037 0250 705F6D73 		.ascii	"p_msgqueue\000"
 2037      67717565 
 2037      756500
 2038              	.LASF55:
 2039 025b 63685F72 		.ascii	"ch_ready_list\000"
 2039      65616479 
 2039      5F6C6973 
 2039      7400
 2040              	.LASF127:
 2041 0269 735F636E 		.ascii	"s_cnt\000"
 2041      7400
 2042              	.LASF113:
 2043 026f 62657374 		.ascii	"best\000"
 2043      00
 2044              	.LASF4:
 2045 0274 73686F72 		.ascii	"short unsigned int\000"
 2045      7420756E 
ARM GAS  /tmp/cc1GdmOi.s 			page 39


 2045      7369676E 
 2045      65642069 
 2045      6E7400
 2046              	.LASF50:
 2047 0287 63685F74 		.ascii	"ch_thread\000"
 2047      68726561 
 2047      6400
 2048              	.LASF86:
 2049 0291 45584343 		.ascii	"EXCCNT\000"
 2049      4E5400
 2050              	.LASF24:
 2051 0298 6D73675F 		.ascii	"msg_t\000"
 2051      7400
 2052              	.LASF115:
 2053 029e 6C617374 		.ascii	"last\000"
 2053      00
 2054              	.LASF27:
 2055 02a3 75636E74 		.ascii	"ucnt_t\000"
 2055      5F7400
 2056              	.LASF76:
 2057 02aa 63685F73 		.ascii	"ch_system_t\000"
 2057      79737465 
 2057      6D5F7400 
 2058              	.LASF19:
 2059 02b6 746D6F64 		.ascii	"tmode_t\000"
 2059      655F7400 
 2060              	.LASF142:
 2061 02be 474E5520 		.ascii	"GNU C 4.8.4 20140526 (release) [ARM/embedded-4_8-br"
 2061      4320342E 
 2061      382E3420 
 2061      32303134 
 2061      30353236 
 2062 02f1 616E6368 		.ascii	"anch revision 211358] -mcpu=cortex-m4 -mno-thumb-in"
 2062      20726576 
 2062      6973696F 
 2062      6E203231 
 2062      31333538 
 2063 0324 74657277 		.ascii	"terwork -mthumb -ggdb -O0 -fomit-frame-pointer -fal"
 2063      6F726B20 
 2063      2D6D7468 
 2063      756D6220 
 2063      2D676764 
 2064 0357 69676E2D 		.ascii	"ign-functions=16\000"
 2064      66756E63 
 2064      74696F6E 
 2064      733D3136 
 2064      00
 2065              	.LASF45:
 2066 0368 705F6D74 		.ascii	"p_mtxlist\000"
 2066      786C6973 
 2066      7400
 2067              	.LASF25:
 2068 0372 6576656E 		.ascii	"eventmask_t\000"
 2068      746D6173 
 2068      6B5F7400 
 2069              	.LASF6:
 2070 037e 5F5F696E 		.ascii	"__int32_t\000"
ARM GAS  /tmp/cc1GdmOi.s 			page 40


 2070      7433325F 
 2070      7400
 2071              	.LASF138:
 2072 0388 6368544D 		.ascii	"chTMChainMeasurementToX\000"
 2072      43686169 
 2072      6E4D6561 
 2072      73757265 
 2072      6D656E74 
 2073              	.LASF108:
 2074 03a0 73746B61 		.ascii	"stkalign_t\000"
 2074      6C69676E 
 2074      5F7400
 2075              	.LASF49:
 2076 03ab 74687265 		.ascii	"threads_list_t\000"
 2076      6164735F 
 2076      6C697374 
 2076      5F7400
 2077              	.LASF84:
 2078 03ba 43594343 		.ascii	"CYCCNT\000"
 2078      4E5400
 2079              	.LASF41:
 2080 03c1 705F7761 		.ascii	"p_waiting\000"
 2080      6974696E 
 2080      6700
 2081              	.LASF82:
 2082 03cb 73697A65 		.ascii	"sizetype\000"
 2082      74797065 
 2082      00
 2083              	.LASF48:
 2084 03d4 74687265 		.ascii	"thread_reference_t\000"
 2084      61645F72 
 2084      65666572 
 2084      656E6365 
 2084      5F7400
 2085              	.LASF71:
 2086 03e7 63685F76 		.ascii	"ch_virtual_timers_list\000"
 2086      69727475 
 2086      616C5F74 
 2086      696D6572 
 2086      735F6C69 
 2087              	.LASF112:
 2088 03fe 746D5F63 		.ascii	"tm_calibration_t\000"
 2088      616C6962 
 2088      72617469 
 2088      6F6E5F74 
 2088      00
 2089              	.LASF35:
 2090 040f 705F6F6C 		.ascii	"p_older\000"
 2090      64657200 
 2091              	.LASF58:
 2092 0417 725F6374 		.ascii	"r_ctx\000"
 2092      7800
 2093              	.LASF33:
 2094 041d 705F6374 		.ascii	"p_ctx\000"
 2094      7800
 2095              	.LASF95:
 2096 0423 434F4D50 		.ascii	"COMP1\000"
ARM GAS  /tmp/cc1GdmOi.s 			page 41


 2096      3100
 2097              	.LASF99:
 2098 0429 434F4D50 		.ascii	"COMP2\000"
 2098      3200
 2099              	.LASF103:
 2100 042f 434F4D50 		.ascii	"COMP3\000"
 2100      3300
 2101              	.LASF61:
 2102 0435 725F6375 		.ascii	"r_current\000"
 2102      7272656E 
 2102      7400
 2103              	.LASF60:
 2104 043f 725F6F6C 		.ascii	"r_older\000"
 2104      64657200 
 2105              	.LASF11:
 2106 0447 5F5F7569 		.ascii	"__uint64_t\000"
 2106      6E743634 
 2106      5F7400
 2107              	.LASF116:
 2108 0452 63756D75 		.ascii	"cumulative\000"
 2108      6C617469 
 2108      766500
 2109              	.LASF21:
 2110 045d 74726566 		.ascii	"trefs_t\000"
 2110      735F7400 
 2111              	.LASF94:
 2112 0465 52455345 		.ascii	"RESERVED0\000"
 2112      52564544 
 2112      3000
 2113              	.LASF98:
 2114 046f 52455345 		.ascii	"RESERVED1\000"
 2114      52564544 
 2114      3100
 2115              	.LASF102:
 2116 0479 52455345 		.ascii	"RESERVED2\000"
 2116      52564544 
 2116      3200
 2117              	.LASF63:
 2118 0483 76697274 		.ascii	"virtual_timer_t\000"
 2118      75616C5F 
 2118      74696D65 
 2118      725F7400 
 2119              	.LASF31:
 2120 0493 705F7072 		.ascii	"p_prev\000"
 2120      657600
 2121              	.LASF23:
 2122 049a 74707269 		.ascii	"tprio_t\000"
 2122      6F5F7400 
 2123              	.LASF90:
 2124 04a2 50435352 		.ascii	"PCSR\000"
 2124      00
 2125              	.LASF92:
 2126 04a7 4D41534B 		.ascii	"MASK0\000"
 2126      3000
 2127              	.LASF96:
 2128 04ad 4D41534B 		.ascii	"MASK1\000"
 2128      3100
ARM GAS  /tmp/cc1GdmOi.s 			page 42


 2129              	.LASF14:
 2130 04b3 696E7433 		.ascii	"int32_t\000"
 2130      325F7400 
 2131              	.LASF2:
 2132 04bb 756E7369 		.ascii	"unsigned char\000"
 2132      676E6564 
 2132      20636861 
 2132      7200
 2133              	.LASF141:
 2134 04c9 49544D5F 		.ascii	"ITM_RxBuffer\000"
 2134      52784275 
 2134      66666572 
 2134      00
 2135              	.LASF93:
 2136 04d6 46554E43 		.ascii	"FUNCTION0\000"
 2136      54494F4E 
 2136      3000
 2137              	.LASF97:
 2138 04e0 46554E43 		.ascii	"FUNCTION1\000"
 2138      54494F4E 
 2138      3100
 2139              	.LASF101:
 2140 04ea 46554E43 		.ascii	"FUNCTION2\000"
 2140      54494F4E 
 2140      3200
 2141              	.LASF105:
 2142 04f4 46554E43 		.ascii	"FUNCTION3\000"
 2142      54494F4E 
 2142      3300
 2143              	.LASF3:
 2144 04fe 73686F72 		.ascii	"short int\000"
 2144      7420696E 
 2144      7400
 2145              	.LASF37:
 2146 0508 705F7374 		.ascii	"p_state\000"
 2146      61746500 
 2147              	.LASF40:
 2148 0510 705F7072 		.ascii	"p_preempt\000"
 2148      65656D70 
 2148      7400
 2149              	.LASF57:
 2150 051a 725F7072 		.ascii	"r_prio\000"
 2150      696F00
 2151              	.LASF124:
 2152 0521 65776D61 		.ascii	"ewmask\000"
 2152      736B00
 2153              	.LASF30:
 2154 0528 705F6E65 		.ascii	"p_next\000"
 2154      787400
 2155              	.LASF38:
 2156 052f 705F666C 		.ascii	"p_flags\000"
 2156      61677300 
 2157              	.LASF77:
 2158 0537 63685F73 		.ascii	"ch_system\000"
 2158      79737465 
 2158      6D00
 2159              	.LASF64:
ARM GAS  /tmp/cc1GdmOi.s 			page 43


 2160 0541 63685F76 		.ascii	"ch_virtual_timer\000"
 2160      69727475 
 2160      616C5F74 
 2160      696D6572 
 2160      00
 2161              	.LASF125:
 2162 0552 63685F73 		.ascii	"ch_semaphore\000"
 2162      656D6170 
 2162      686F7265 
 2162      00
 2163              	.LASF44:
 2164 055f 705F6570 		.ascii	"p_epending\000"
 2164      656E6469 
 2164      6E6700
 2165              	.LASF88:
 2166 056a 4C535543 		.ascii	"LSUCNT\000"
 2166      4E5400
 2167              	.LASF15:
 2168 0571 75696E74 		.ascii	"uint32_t\000"
 2168      33325F74 
 2168      00
 2169              	.LASF123:
 2170 057a 77746D74 		.ascii	"wtmtxp\000"
 2170      787000
 2171              	.LASF56:
 2172 0581 725F7175 		.ascii	"r_queue\000"
 2172      65756500 
 2173              	.LASF67:
 2174 0589 76745F64 		.ascii	"vt_delta\000"
 2174      656C7461 
 2174      00
 2175              	.LASF51:
 2176 0592 63685F74 		.ascii	"ch_threads_list\000"
 2176      68726561 
 2176      64735F6C 
 2176      69737400 
 2177              	.LASF9:
 2178 05a2 6C6F6E67 		.ascii	"long unsigned int\000"
 2178      20756E73 
 2178      69676E65 
 2178      6420696E 
 2178      7400
 2179              	.LASF132:
 2180 05b4 63686172 		.ascii	"char\000"
 2180      00
 2181              	.LASF29:
 2182 05b9 74687265 		.ascii	"thread_t\000"
 2182      61645F74 
 2182      00
 2183              	.LASF145:
 2184 05c2 706F7274 		.ascii	"port_rt_get_counter_value\000"
 2184      5F72745F 
 2184      6765745F 
 2184      636F756E 
 2184      7465725F 
 2185              	.LASF131:
 2186 05dc 6D5F6E65 		.ascii	"m_next\000"
ARM GAS  /tmp/cc1GdmOi.s 			page 44


 2186      787400
 2187              	.LASF28:
 2188 05e3 73797374 		.ascii	"systime_t\000"
 2188      696D655F 
 2188      7400
 2189              	.LASF46:
 2190 05ed 705F7265 		.ascii	"p_realprio\000"
 2190      616C7072 
 2190      696F00
 2191              	.LASF62:
 2192 05f8 76746675 		.ascii	"vtfunc_t\000"
 2192      6E635F74 
 2192      00
 2193              	.LASF8:
 2194 0601 5F5F7569 		.ascii	"__uint32_t\000"
 2194      6E743332 
 2194      5F7400
 2195              	.LASF75:
 2196 060c 70616E69 		.ascii	"panic_msg\000"
 2196      635F6D73 
 2196      6700
 2197              	.LASF111:
 2198 0616 6F666673 		.ascii	"offset\000"
 2198      657400
 2199              	.LASF109:
 2200 061d 636F6E74 		.ascii	"context\000"
 2200      65787400 
 2201              	.LASF106:
 2202 0625 4457545F 		.ascii	"DWT_Type\000"
 2202      54797065 
 2202      00
 2203              	.LASF17:
 2204 062e 7274636E 		.ascii	"rtcnt_t\000"
 2204      745F7400 
 2205              	.LASF83:
 2206 0636 4354524C 		.ascii	"CTRL\000"
 2206      00
 2207              	.LASF69:
 2208 063b 76745F70 		.ascii	"vt_par\000"
 2208      617200
 2209              	.LASF91:
 2210 0642 434F4D50 		.ascii	"COMP0\000"
 2210      3000
 2211              	.LASF52:
 2212 0648 74687265 		.ascii	"threads_queue_t\000"
 2212      6164735F 
 2212      71756575 
 2212      655F7400 
 2213              	.LASF128:
 2214 0658 63685F6D 		.ascii	"ch_mutex\000"
 2214      75746578 
 2214      00
 2215              	.LASF39:
 2216 0661 705F7265 		.ascii	"p_refs\000"
 2216      667300
 2217              	.LASF78:
 2218 0668 726C6973 		.ascii	"rlist\000"
ARM GAS  /tmp/cc1GdmOi.s 			page 45


 2218      7400
 2219              	.LASF13:
 2220 066e 75696E74 		.ascii	"uint8_t\000"
 2220      385F7400 
 2221              	.LASF89:
 2222 0676 464F4C44 		.ascii	"FOLDCNT\000"
 2222      434E5400 
 2223              	.LASF120:
 2224 067e 77746F62 		.ascii	"wtobjp\000"
 2224      6A7000
 2225              	.LASF36:
 2226 0685 705F6E61 		.ascii	"p_name\000"
 2226      6D6500
 2227              	.LASF72:
 2228 068c 76745F73 		.ascii	"vt_systime\000"
 2228      79737469 
 2228      6D6500
 2229              	.LASF43:
 2230 0697 705F6D73 		.ascii	"p_msg\000"
 2230      6700
 2231              	.LASF130:
 2232 069d 6D5F6F77 		.ascii	"m_owner\000"
 2232      6E657200 
 2233              	.LASF68:
 2234 06a5 76745F66 		.ascii	"vt_func\000"
 2234      756E6300 
 2235              	.LASF134:
 2236 06ad 5F746D5F 		.ascii	"_tm_init\000"
 2236      696E6974 
 2236      00
 2237              		.ident	"GCC: (GNU Tools for ARM Embedded Processors) 4.8.4 20140526 (release) [ARM/embedded-4_8-br
ARM GAS  /tmp/cc1GdmOi.s 			page 46


DEFINED SYMBOLS
                            *ABS*:00000000 chtm.c
     /tmp/cc1GdmOi.s:18     .text:00000000 $t
     /tmp/cc1GdmOi.s:23     .text:00000000 port_rt_get_counter_value
     /tmp/cc1GdmOi.s:40     .text:00000008 $d
     /tmp/cc1GdmOi.s:44     .text:0000000c $t
     /tmp/cc1GdmOi.s:49     .text:00000010 tm_stop
     /tmp/cc1GdmOi.s:127    .text:00000080 _tm_init
     /tmp/cc1GdmOi.s:175    .text:000000c0 chTMObjectInit
     /tmp/cc1GdmOi.s:219    .text:000000f0 chTMStartMeasurementX
     /tmp/cc1GdmOi.s:249    .text:00000110 chTMStopMeasurementX
     /tmp/cc1GdmOi.s:165    .text:000000b0 $d
     /tmp/cc1GdmOi.s:169    .text:000000b4 $t
     /tmp/cc1GdmOi.s:277    .text:00000130 $d
     /tmp/cc1GdmOi.s:281    .text:00000134 $t
     /tmp/cc1GdmOi.s:287    .text:00000140 chTMChainMeasurementToX
                     .debug_frame:00000010 $d

UNDEFINED SYMBOLS
ch
