ARM GAS  /tmp/ccLnjV46.s 			page 1


   1              		.syntax unified
   2              		.cpu cortex-m4
   3              		.fpu softvfp
   4              		.eabi_attribute 20, 1
   5              		.eabi_attribute 21, 1
   6              		.eabi_attribute 23, 3
   7              		.eabi_attribute 24, 1
   8              		.eabi_attribute 25, 1
   9              		.eabi_attribute 26, 1
  10              		.eabi_attribute 30, 6
  11              		.eabi_attribute 34, 1
  12              		.eabi_attribute 18, 4
  13              		.thumb
  14              		.file	"chvt.c"
  15              		.text
  16              	.Ltext0:
  17              		.cfi_sections	.debug_frame
  18              		.align	2
  19              		.p2align 4,,15
  20              		.global	_vt_init
  21              		.thumb
  22              		.thumb_func
  23              		.type	_vt_init, %function
  24              	_vt_init:
  25              	.LFB230:
  26              		.file 1 "../../ChibiOS/os/rt/src/chvt.c"
  27              		.loc 1 61 0
  28              		.cfi_startproc
  29              		@ args = 0, pretend = 0, frame = 0
  30              		@ frame_needed = 0, uses_anonymous_args = 0
  31              		@ link register save eliminated.
  32              		.loc 1 63 0
  33 0000 064B     		ldr	r3, .L2
  34 0002 074A     		ldr	r2, .L2+4
  35 0004 DA61     		str	r2, [r3, #28]
  36              		.loc 1 64 0
  37 0006 054B     		ldr	r3, .L2
  38 0008 054A     		ldr	r2, .L2+4
  39 000a 1A62     		str	r2, [r3, #32]
  40              		.loc 1 65 0
  41 000c 034B     		ldr	r3, .L2
  42 000e 4FF0FF32 		mov	r2, #-1
  43 0012 5A62     		str	r2, [r3, #36]
  44              		.loc 1 67 0
  45 0014 014B     		ldr	r3, .L2
  46 0016 0022     		movs	r2, #0
  47 0018 9A62     		str	r2, [r3, #40]
  48              		.loc 1 71 0
  49 001a 7047     		bx	lr
  50              	.L3:
  51              		.align	2
  52              	.L2:
  53 001c 00000000 		.word	ch
  54 0020 1C000000 		.word	ch+28
  55              		.cfi_endproc
  56              	.LFE230:
  57              		.size	_vt_init, .-_vt_init
ARM GAS  /tmp/ccLnjV46.s 			page 2


  58              		.align	2
  59 0024 AFF30080 		.p2align 4,,15
  59      AFF30080 
  59      AFF30080 
  60              		.global	chVTDoSetI
  61              		.thumb
  62              		.thumb_func
  63              		.type	chVTDoSetI, %function
  64              	chVTDoSetI:
  65              	.LFB231:
  66              		.loc 1 96 0
  67              		.cfi_startproc
  68              		@ args = 0, pretend = 0, frame = 24
  69              		@ frame_needed = 0, uses_anonymous_args = 0
  70              		@ link register save eliminated.
  71 0030 86B0     		sub	sp, sp, #24
  72              		.cfi_def_cfa_offset 24
  73 0032 0390     		str	r0, [sp, #12]
  74 0034 0291     		str	r1, [sp, #8]
  75 0036 0192     		str	r2, [sp, #4]
  76 0038 0093     		str	r3, [sp]
  77              		.loc 1 103 0
  78 003a 039B     		ldr	r3, [sp, #12]
  79 003c 009A     		ldr	r2, [sp]
  80 003e 1A61     		str	r2, [r3, #16]
  81              		.loc 1 104 0
  82 0040 039B     		ldr	r3, [sp, #12]
  83 0042 019A     		ldr	r2, [sp, #4]
  84 0044 DA60     		str	r2, [r3, #12]
  85              		.loc 1 156 0
  86 0046 029B     		ldr	r3, [sp, #8]
  87 0048 0493     		str	r3, [sp, #16]
  88              		.loc 1 159 0
  89 004a 174B     		ldr	r3, .L7
  90 004c DB69     		ldr	r3, [r3, #28]
  91 004e 0593     		str	r3, [sp, #20]
  92              		.loc 1 164 0
  93 0050 07E0     		b	.L5
  94              	.L6:
  95              		.loc 1 165 0
  96 0052 059B     		ldr	r3, [sp, #20]
  97 0054 9B68     		ldr	r3, [r3, #8]
  98 0056 049A     		ldr	r2, [sp, #16]
  99 0058 D31A     		subs	r3, r2, r3
 100 005a 0493     		str	r3, [sp, #16]
 101              		.loc 1 166 0
 102 005c 059B     		ldr	r3, [sp, #20]
 103 005e 1B68     		ldr	r3, [r3]
 104 0060 0593     		str	r3, [sp, #20]
 105              	.L5:
 106              		.loc 1 164 0 discriminator 1
 107 0062 059B     		ldr	r3, [sp, #20]
 108 0064 9A68     		ldr	r2, [r3, #8]
 109 0066 049B     		ldr	r3, [sp, #16]
 110 0068 9A42     		cmp	r2, r3
 111 006a F2D3     		bcc	.L6
 112              		.loc 1 170 0
ARM GAS  /tmp/ccLnjV46.s 			page 3


 113 006c 039B     		ldr	r3, [sp, #12]
 114 006e 059A     		ldr	r2, [sp, #20]
 115 0070 1A60     		str	r2, [r3]
 116              		.loc 1 171 0
 117 0072 039B     		ldr	r3, [sp, #12]
 118 0074 1B68     		ldr	r3, [r3]
 119 0076 5A68     		ldr	r2, [r3, #4]
 120 0078 039B     		ldr	r3, [sp, #12]
 121 007a 5A60     		str	r2, [r3, #4]
 122              		.loc 1 172 0
 123 007c 039B     		ldr	r3, [sp, #12]
 124 007e 5B68     		ldr	r3, [r3, #4]
 125 0080 039A     		ldr	r2, [sp, #12]
 126 0082 1A60     		str	r2, [r3]
 127              		.loc 1 173 0
 128 0084 059B     		ldr	r3, [sp, #20]
 129 0086 039A     		ldr	r2, [sp, #12]
 130 0088 5A60     		str	r2, [r3, #4]
 131              		.loc 1 174 0
 132 008a 039B     		ldr	r3, [sp, #12]
 133 008c 049A     		ldr	r2, [sp, #16]
 134 008e 9A60     		str	r2, [r3, #8]
 135              		.loc 1 178 0
 136 0090 059B     		ldr	r3, [sp, #20]
 137 0092 9A68     		ldr	r2, [r3, #8]
 138 0094 049B     		ldr	r3, [sp, #16]
 139 0096 D21A     		subs	r2, r2, r3
 140 0098 059B     		ldr	r3, [sp, #20]
 141 009a 9A60     		str	r2, [r3, #8]
 142              		.loc 1 179 0
 143 009c 024B     		ldr	r3, .L7
 144 009e 4FF0FF32 		mov	r2, #-1
 145 00a2 5A62     		str	r2, [r3, #36]
 146              		.loc 1 180 0
 147 00a4 06B0     		add	sp, sp, #24
 148              		@ sp needed
 149 00a6 7047     		bx	lr
 150              	.L8:
 151              		.align	2
 152              	.L7:
 153 00a8 00000000 		.word	ch
 154              		.cfi_endproc
 155              	.LFE231:
 156              		.size	chVTDoSetI, .-chVTDoSetI
 157              		.align	2
 158 00ac AFF30080 		.p2align 4,,15
 159              		.global	chVTDoResetI
 160              		.thumb
 161              		.thumb_func
 162              		.type	chVTDoResetI, %function
 163              	chVTDoResetI:
 164              	.LFB232:
 165              		.loc 1 190 0
 166              		.cfi_startproc
 167              		@ args = 0, pretend = 0, frame = 8
 168              		@ frame_needed = 0, uses_anonymous_args = 0
 169              		@ link register save eliminated.
ARM GAS  /tmp/ccLnjV46.s 			page 4


 170 00b0 82B0     		sub	sp, sp, #8
 171              		.cfi_def_cfa_offset 8
 172 00b2 0190     		str	r0, [sp, #4]
 173              		.loc 1 199 0
 174 00b4 019B     		ldr	r3, [sp, #4]
 175 00b6 1B68     		ldr	r3, [r3]
 176 00b8 019A     		ldr	r2, [sp, #4]
 177 00ba 1268     		ldr	r2, [r2]
 178 00bc 9168     		ldr	r1, [r2, #8]
 179 00be 019A     		ldr	r2, [sp, #4]
 180 00c0 9268     		ldr	r2, [r2, #8]
 181 00c2 0A44     		add	r2, r2, r1
 182 00c4 9A60     		str	r2, [r3, #8]
 183              		.loc 1 202 0
 184 00c6 019B     		ldr	r3, [sp, #4]
 185 00c8 5B68     		ldr	r3, [r3, #4]
 186 00ca 019A     		ldr	r2, [sp, #4]
 187 00cc 1268     		ldr	r2, [r2]
 188 00ce 1A60     		str	r2, [r3]
 189              		.loc 1 203 0
 190 00d0 019B     		ldr	r3, [sp, #4]
 191 00d2 1B68     		ldr	r3, [r3]
 192 00d4 019A     		ldr	r2, [sp, #4]
 193 00d6 5268     		ldr	r2, [r2, #4]
 194 00d8 5A60     		str	r2, [r3, #4]
 195              		.loc 1 204 0
 196 00da 019B     		ldr	r3, [sp, #4]
 197 00dc 0022     		movs	r2, #0
 198 00de DA60     		str	r2, [r3, #12]
 199              		.loc 1 208 0
 200 00e0 024B     		ldr	r3, .L10
 201 00e2 4FF0FF32 		mov	r2, #-1
 202 00e6 5A62     		str	r2, [r3, #36]
 203              		.loc 1 268 0
 204 00e8 02B0     		add	sp, sp, #8
 205              		@ sp needed
 206 00ea 7047     		bx	lr
 207              	.L11:
 208              		.align	2
 209              	.L10:
 210 00ec 00000000 		.word	ch
 211              		.cfi_endproc
 212              	.LFE232:
 213              		.size	chVTDoResetI, .-chVTDoResetI
 214              	.Letext0:
 215              		.file 2 "/nfs/nfs5/home/research/hardware/arm2/gcc-arm-embedded/gcc-arm-none-eabi-4_8-2014q2/arm-n
 216              		.file 3 "/nfs/nfs5/home/research/hardware/arm2/gcc-arm-embedded/gcc-arm-none-eabi-4_8-2014q2/arm-n
 217              		.file 4 "../../ChibiOS/os/rt/ports/ARMCMx/compilers/GCC/chtypes.h"
 218              		.file 5 "../../ChibiOS/os/rt/include/chsystypes.h"
 219              		.file 6 "../../ChibiOS/os/rt/include/chschd.h"
 220              		.file 7 "../../ChibiOS/os/rt/ports/ARMCMx/chcore.h"
 221              		.file 8 "../../ChibiOS/os/rt/ports/ARMCMx/chcore_v7m.h"
 222              		.file 9 "../../ChibiOS/os/rt/include/chtm.h"
 223              		.file 10 "../../ChibiOS/os/rt/include/chsem.h"
 224              		.file 11 "../../ChibiOS/os/rt/include/chmtx.h"
 225              		.file 12 "../../ChibiOS/os/ext/CMSIS/include/core_cm4.h"
 226              		.section	.debug_info,"",%progbits
ARM GAS  /tmp/ccLnjV46.s 			page 5


 227              	.Ldebug_info0:
 228 0000 24070000 		.4byte	0x724
 229 0004 0400     		.2byte	0x4
 230 0006 00000000 		.4byte	.Ldebug_abbrev0
 231 000a 04       		.byte	0x4
 232 000b 01       		.uleb128 0x1
 233 000c 1E020000 		.4byte	.LASF110
 234 0010 01       		.byte	0x1
 235 0011 73030000 		.4byte	.LASF111
 236 0015 5A000000 		.4byte	.LASF112
 237 0019 00000000 		.4byte	.Ltext0
 238 001d F0000000 		.4byte	.Letext0-.Ltext0
 239 0021 00000000 		.4byte	.Ldebug_line0
 240 0025 02       		.uleb128 0x2
 241 0026 04       		.byte	0x4
 242 0027 05       		.byte	0x5
 243 0028 696E7400 		.ascii	"int\000"
 244 002c 03       		.uleb128 0x3
 245 002d 04       		.byte	0x4
 246 002e 07       		.byte	0x7
 247 002f BA010000 		.4byte	.LASF0
 248 0033 03       		.uleb128 0x3
 249 0034 01       		.byte	0x1
 250 0035 06       		.byte	0x6
 251 0036 2B010000 		.4byte	.LASF1
 252 003a 04       		.uleb128 0x4
 253 003b 35000000 		.4byte	.LASF5
 254 003f 02       		.byte	0x2
 255 0040 1C       		.byte	0x1c
 256 0041 45000000 		.4byte	0x45
 257 0045 03       		.uleb128 0x3
 258 0046 01       		.byte	0x1
 259 0047 08       		.byte	0x8
 260 0048 DC030000 		.4byte	.LASF2
 261 004c 03       		.uleb128 0x3
 262 004d 02       		.byte	0x2
 263 004e 05       		.byte	0x5
 264 004f FA030000 		.4byte	.LASF3
 265 0053 03       		.uleb128 0x3
 266 0054 02       		.byte	0x2
 267 0055 07       		.byte	0x7
 268 0056 E7010000 		.4byte	.LASF4
 269 005a 04       		.uleb128 0x4
 270 005b E1020000 		.4byte	.LASF6
 271 005f 02       		.byte	0x2
 272 0060 37       		.byte	0x37
 273 0061 65000000 		.4byte	0x65
 274 0065 03       		.uleb128 0x3
 275 0066 04       		.byte	0x4
 276 0067 05       		.byte	0x5
 277 0068 62010000 		.4byte	.LASF7
 278 006c 04       		.uleb128 0x4
 279 006d DB040000 		.4byte	.LASF8
 280 0071 02       		.byte	0x2
 281 0072 38       		.byte	0x38
 282 0073 77000000 		.4byte	0x77
 283 0077 03       		.uleb128 0x3
ARM GAS  /tmp/ccLnjV46.s 			page 6


 284 0078 04       		.byte	0x4
 285 0079 07       		.byte	0x7
 286 007a 96040000 		.4byte	.LASF9
 287 007e 03       		.uleb128 0x3
 288 007f 08       		.byte	0x8
 289 0080 05       		.byte	0x5
 290 0081 1D010000 		.4byte	.LASF10
 291 0085 04       		.uleb128 0x4
 292 0086 92030000 		.4byte	.LASF11
 293 008a 02       		.byte	0x2
 294 008b 4E       		.byte	0x4e
 295 008c 90000000 		.4byte	0x90
 296 0090 03       		.uleb128 0x3
 297 0091 08       		.byte	0x8
 298 0092 07       		.byte	0x7
 299 0093 A1000000 		.4byte	.LASF12
 300 0097 04       		.uleb128 0x4
 301 0098 3B050000 		.4byte	.LASF13
 302 009c 03       		.byte	0x3
 303 009d 2A       		.byte	0x2a
 304 009e 3A000000 		.4byte	0x3a
 305 00a2 04       		.uleb128 0x4
 306 00a3 D4030000 		.4byte	.LASF14
 307 00a7 03       		.byte	0x3
 308 00a8 41       		.byte	0x41
 309 00a9 5A000000 		.4byte	0x5a
 310 00ad 04       		.uleb128 0x4
 311 00ae 65040000 		.4byte	.LASF15
 312 00b2 03       		.byte	0x3
 313 00b3 42       		.byte	0x42
 314 00b4 6C000000 		.4byte	0x6c
 315 00b8 04       		.uleb128 0x4
 316 00b9 20000000 		.4byte	.LASF16
 317 00bd 03       		.byte	0x3
 318 00be 4E       		.byte	0x4e
 319 00bf 85000000 		.4byte	0x85
 320 00c3 04       		.uleb128 0x4
 321 00c4 FF040000 		.4byte	.LASF17
 322 00c8 04       		.byte	0x4
 323 00c9 39       		.byte	0x39
 324 00ca AD000000 		.4byte	0xad
 325 00ce 04       		.uleb128 0x4
 326 00cf 16020000 		.4byte	.LASF18
 327 00d3 04       		.byte	0x4
 328 00d4 3C       		.byte	0x3c
 329 00d5 97000000 		.4byte	0x97
 330 00d9 04       		.uleb128 0x4
 331 00da 6B010000 		.4byte	.LASF19
 332 00de 04       		.byte	0x4
 333 00df 3D       		.byte	0x3d
 334 00e0 97000000 		.4byte	0x97
 335 00e4 04       		.uleb128 0x4
 336 00e5 9D030000 		.4byte	.LASF20
 337 00e9 04       		.byte	0x4
 338 00ea 3E       		.byte	0x3e
 339 00eb 97000000 		.4byte	0x97
 340 00ef 04       		.uleb128 0x4
ARM GAS  /tmp/ccLnjV46.s 			page 7


 341 00f0 4E010000 		.4byte	.LASF21
 342 00f4 04       		.byte	0x4
 343 00f5 3F       		.byte	0x3f
 344 00f6 97000000 		.4byte	0x97
 345 00fa 04       		.uleb128 0x4
 346 00fb BC030000 		.4byte	.LASF22
 347 00ff 04       		.byte	0x4
 348 0100 40       		.byte	0x40
 349 0101 AD000000 		.4byte	0xad
 350 0105 04       		.uleb128 0x4
 351 0106 04020000 		.4byte	.LASF23
 352 010a 04       		.byte	0x4
 353 010b 41       		.byte	0x41
 354 010c A2000000 		.4byte	0xa2
 355 0110 04       		.uleb128 0x4
 356 0111 29000000 		.4byte	.LASF24
 357 0115 04       		.byte	0x4
 358 0116 43       		.byte	0x43
 359 0117 AD000000 		.4byte	0xad
 360 011b 04       		.uleb128 0x4
 361 011c B4010000 		.4byte	.LASF25
 362 0120 04       		.byte	0x4
 363 0121 45       		.byte	0x45
 364 0122 A2000000 		.4byte	0xa2
 365 0126 04       		.uleb128 0x4
 366 0127 BD040000 		.4byte	.LASF26
 367 012b 05       		.byte	0x5
 368 012c 33       		.byte	0x33
 369 012d AD000000 		.4byte	0xad
 370 0131 04       		.uleb128 0x4
 371 0132 AD040000 		.4byte	.LASF27
 372 0136 05       		.byte	0x5
 373 0137 3F       		.byte	0x3f
 374 0138 3C010000 		.4byte	0x13c
 375 013c 05       		.uleb128 0x5
 376 013d FA010000 		.4byte	.LASF48
 377 0141 44       		.byte	0x44
 378 0142 06       		.byte	0x6
 379 0143 C2       		.byte	0xc2
 380 0144 35020000 		.4byte	0x235
 381 0148 06       		.uleb128 0x6
 382 0149 24040000 		.4byte	.LASF28
 383 014d 06       		.byte	0x6
 384 014e C3       		.byte	0xc3
 385 014f 40020000 		.4byte	0x240
 386 0153 00       		.byte	0
 387 0154 06       		.uleb128 0x6
 388 0155 B5030000 		.4byte	.LASF29
 389 0159 06       		.byte	0x6
 390 015a C5       		.byte	0xc5
 391 015b 40020000 		.4byte	0x240
 392 015f 04       		.byte	0x4
 393 0160 06       		.uleb128 0x6
 394 0161 0D010000 		.4byte	.LASF30
 395 0165 06       		.byte	0x6
 396 0166 C7       		.byte	0xc7
 397 0167 FA000000 		.4byte	0xfa
ARM GAS  /tmp/ccLnjV46.s 			page 8


 398 016b 08       		.byte	0x8
 399 016c 06       		.uleb128 0x6
 400 016d 6A050000 		.4byte	.LASF31
 401 0171 06       		.byte	0x6
 402 0172 C8       		.byte	0xc8
 403 0173 70040000 		.4byte	0x470
 404 0177 0C       		.byte	0xc
 405 0178 06       		.uleb128 0x6
 406 0179 74010000 		.4byte	.LASF32
 407 017d 06       		.byte	0x6
 408 017e CA       		.byte	0xca
 409 017f 40020000 		.4byte	0x240
 410 0183 10       		.byte	0x10
 411 0184 06       		.uleb128 0x6
 412 0185 42030000 		.4byte	.LASF33
 413 0189 06       		.byte	0x6
 414 018a CB       		.byte	0xcb
 415 018b 40020000 		.4byte	0x240
 416 018f 14       		.byte	0x14
 417 0190 06       		.uleb128 0x6
 418 0191 4A050000 		.4byte	.LASF34
 419 0195 06       		.byte	0x6
 420 0196 D2       		.byte	0xd2
 421 0197 EF050000 		.4byte	0x5ef
 422 019b 18       		.byte	0x18
 423 019c 06       		.uleb128 0x6
 424 019d 04040000 		.4byte	.LASF35
 425 01a1 06       		.byte	0x6
 426 01a2 DD       		.byte	0xdd
 427 01a3 D9000000 		.4byte	0xd9
 428 01a7 1C       		.byte	0x1c
 429 01a8 06       		.uleb128 0x6
 430 01a9 2B040000 		.4byte	.LASF36
 431 01ad 06       		.byte	0x6
 432 01ae E1       		.byte	0xe1
 433 01af CE000000 		.4byte	0xce
 434 01b3 1D       		.byte	0x1d
 435 01b4 06       		.uleb128 0x6
 436 01b5 2E050000 		.4byte	.LASF37
 437 01b9 06       		.byte	0x6
 438 01ba E6       		.byte	0xe6
 439 01bb E4000000 		.4byte	0xe4
 440 01bf 1E       		.byte	0x1e
 441 01c0 06       		.uleb128 0x6
 442 01c1 0C040000 		.4byte	.LASF38
 443 01c5 06       		.byte	0x6
 444 01c6 EC       		.byte	0xec
 445 01c7 EF000000 		.4byte	0xef
 446 01cb 1F       		.byte	0x1f
 447 01cc 07       		.uleb128 0x7
 448 01cd 705F7500 		.ascii	"p_u\000"
 449 01d1 06       		.byte	0x6
 450 01d2 3101     		.2byte	0x131
 451 01d4 2A050000 		.4byte	0x52a
 452 01d8 20       		.byte	0x20
 453 01d9 08       		.uleb128 0x8
 454 01da 05030000 		.4byte	.LASF39
ARM GAS  /tmp/ccLnjV46.s 			page 9


 455 01de 06       		.byte	0x6
 456 01df 3601     		.2byte	0x136
 457 01e1 46020000 		.4byte	0x246
 458 01e5 24       		.byte	0x24
 459 01e6 08       		.uleb128 0x8
 460 01e7 D6010000 		.4byte	.LASF40
 461 01eb 06       		.byte	0x6
 462 01ec 3C01     		.2byte	0x13c
 463 01ee 6A020000 		.4byte	0x26a
 464 01f2 28       		.byte	0x28
 465 01f3 08       		.uleb128 0x8
 466 01f4 5C050000 		.4byte	.LASF41
 467 01f8 06       		.byte	0x6
 468 01f9 4001     		.2byte	0x140
 469 01fb 05010000 		.4byte	0x105
 470 01ff 30       		.byte	0x30
 471 0200 08       		.uleb128 0x8
 472 0201 5A040000 		.4byte	.LASF42
 473 0205 06       		.byte	0x6
 474 0206 4601     		.2byte	0x146
 475 0208 10010000 		.4byte	0x110
 476 020c 34       		.byte	0x34
 477 020d 08       		.uleb128 0x8
 478 020e F0030000 		.4byte	.LASF43
 479 0212 06       		.byte	0x6
 480 0213 4D01     		.2byte	0x14d
 481 0215 E9050000 		.4byte	0x5e9
 482 0219 38       		.byte	0x38
 483 021a 08       		.uleb128 0x8
 484 021b C7040000 		.4byte	.LASF44
 485 021f 06       		.byte	0x6
 486 0220 5101     		.2byte	0x151
 487 0222 FA000000 		.4byte	0xfa
 488 0226 3C       		.byte	0x3c
 489 0227 08       		.uleb128 0x8
 490 0228 37010000 		.4byte	.LASF45
 491 022c 06       		.byte	0x6
 492 022d 5801     		.2byte	0x158
 493 022f 1D030000 		.4byte	0x31d
 494 0233 40       		.byte	0x40
 495 0234 00       		.byte	0
 496 0235 04       		.uleb128 0x4
 497 0236 18030000 		.4byte	.LASF46
 498 023a 05       		.byte	0x5
 499 023b 44       		.byte	0x44
 500 023c 40020000 		.4byte	0x240
 501 0240 09       		.uleb128 0x9
 502 0241 04       		.byte	0x4
 503 0242 31010000 		.4byte	0x131
 504 0246 04       		.uleb128 0x4
 505 0247 F6020000 		.4byte	.LASF47
 506 024b 05       		.byte	0x5
 507 024c 49       		.byte	0x49
 508 024d 51020000 		.4byte	0x251
 509 0251 05       		.uleb128 0x5
 510 0252 86040000 		.4byte	.LASF49
 511 0256 04       		.byte	0x4
ARM GAS  /tmp/ccLnjV46.s 			page 10


 512 0257 06       		.byte	0x6
 513 0258 B0       		.byte	0xb0
 514 0259 6A020000 		.4byte	0x26a
 515 025d 06       		.uleb128 0x6
 516 025e 24040000 		.4byte	.LASF28
 517 0262 06       		.byte	0x6
 518 0263 B1       		.byte	0xb1
 519 0264 40020000 		.4byte	0x240
 520 0268 00       		.byte	0
 521 0269 00       		.byte	0
 522 026a 04       		.uleb128 0x4
 523 026b 15050000 		.4byte	.LASF50
 524 026f 05       		.byte	0x5
 525 0270 50       		.byte	0x50
 526 0271 75020000 		.4byte	0x275
 527 0275 05       		.uleb128 0x5
 528 0276 FC000000 		.4byte	.LASF51
 529 027a 08       		.byte	0x8
 530 027b 06       		.byte	0x6
 531 027c B7       		.byte	0xb7
 532 027d 9A020000 		.4byte	0x29a
 533 0281 06       		.uleb128 0x6
 534 0282 24040000 		.4byte	.LASF28
 535 0286 06       		.byte	0x6
 536 0287 B8       		.byte	0xb8
 537 0288 40020000 		.4byte	0x240
 538 028c 00       		.byte	0
 539 028d 06       		.uleb128 0x6
 540 028e B5030000 		.4byte	.LASF29
 541 0292 06       		.byte	0x6
 542 0293 B9       		.byte	0xb9
 543 0294 40020000 		.4byte	0x240
 544 0298 04       		.byte	0x4
 545 0299 00       		.byte	0
 546 029a 04       		.uleb128 0x4
 547 029b 00000000 		.4byte	.LASF52
 548 029f 05       		.byte	0x5
 549 02a0 57       		.byte	0x57
 550 02a1 A5020000 		.4byte	0x2a5
 551 02a5 0A       		.uleb128 0xa
 552 02a6 C8020000 		.4byte	.LASF53
 553 02aa 1C       		.byte	0x1c
 554 02ab 06       		.byte	0x6
 555 02ac 9001     		.2byte	0x190
 556 02ae 01030000 		.4byte	0x301
 557 02b2 08       		.uleb128 0x8
 558 02b3 75040000 		.4byte	.LASF54
 559 02b7 06       		.byte	0x6
 560 02b8 9101     		.2byte	0x191
 561 02ba 6A020000 		.4byte	0x26a
 562 02be 00       		.byte	0
 563 02bf 08       		.uleb128 0x8
 564 02c0 16040000 		.4byte	.LASF55
 565 02c4 06       		.byte	0x6
 566 02c5 9201     		.2byte	0x192
 567 02c7 FA000000 		.4byte	0xfa
 568 02cb 08       		.byte	0x8
ARM GAS  /tmp/ccLnjV46.s 			page 11


 569 02cc 08       		.uleb128 0x8
 570 02cd 4A030000 		.4byte	.LASF56
 571 02d1 06       		.byte	0x6
 572 02d2 9401     		.2byte	0x194
 573 02d4 70040000 		.4byte	0x470
 574 02d8 0C       		.byte	0xc
 575 02d9 08       		.uleb128 0x8
 576 02da 84010000 		.4byte	.LASF57
 577 02de 06       		.byte	0x6
 578 02df 9701     		.2byte	0x197
 579 02e1 40020000 		.4byte	0x240
 580 02e5 10       		.byte	0x10
 581 02e6 08       		.uleb128 0x8
 582 02e7 6B030000 		.4byte	.LASF58
 583 02eb 06       		.byte	0x6
 584 02ec 9801     		.2byte	0x198
 585 02ee 40020000 		.4byte	0x240
 586 02f2 14       		.byte	0x14
 587 02f3 08       		.uleb128 0x8
 588 02f4 61030000 		.4byte	.LASF59
 589 02f8 06       		.byte	0x6
 590 02f9 9B01     		.2byte	0x19b
 591 02fb 40020000 		.4byte	0x240
 592 02ff 18       		.byte	0x18
 593 0300 00       		.byte	0
 594 0301 04       		.uleb128 0x4
 595 0302 D2040000 		.4byte	.LASF60
 596 0306 05       		.byte	0x5
 597 0307 5C       		.byte	0x5c
 598 0308 0C030000 		.4byte	0x30c
 599 030c 09       		.uleb128 0x9
 600 030d 04       		.byte	0x4
 601 030e 12030000 		.4byte	0x312
 602 0312 0B       		.uleb128 0xb
 603 0313 1D030000 		.4byte	0x31d
 604 0317 0C       		.uleb128 0xc
 605 0318 1D030000 		.4byte	0x31d
 606 031c 00       		.byte	0
 607 031d 0D       		.uleb128 0xd
 608 031e 04       		.byte	0x4
 609 031f 04       		.uleb128 0x4
 610 0320 A5030000 		.4byte	.LASF61
 611 0324 05       		.byte	0x5
 612 0325 61       		.byte	0x61
 613 0326 2A030000 		.4byte	0x32a
 614 032a 0A       		.uleb128 0xa
 615 032b 3C040000 		.4byte	.LASF62
 616 032f 14       		.byte	0x14
 617 0330 06       		.byte	0x6
 618 0331 6B01     		.2byte	0x16b
 619 0333 79030000 		.4byte	0x379
 620 0337 08       		.uleb128 0x8
 621 0338 C7010000 		.4byte	.LASF63
 622 033c 06       		.byte	0x6
 623 033d 6C01     		.2byte	0x16c
 624 033f 01060000 		.4byte	0x601
 625 0343 00       		.byte	0
ARM GAS  /tmp/ccLnjV46.s 			page 12


 626 0344 08       		.uleb128 0x8
 627 0345 95010000 		.4byte	.LASF64
 628 0349 06       		.byte	0x6
 629 034a 6D01     		.2byte	0x16d
 630 034c 01060000 		.4byte	0x601
 631 0350 04       		.byte	0x4
 632 0351 08       		.uleb128 0x8
 633 0352 7D040000 		.4byte	.LASF65
 634 0356 06       		.byte	0x6
 635 0357 6E01     		.2byte	0x16e
 636 0359 26010000 		.4byte	0x126
 637 035d 08       		.byte	0x8
 638 035e 08       		.uleb128 0x8
 639 035f 70050000 		.4byte	.LASF66
 640 0363 06       		.byte	0x6
 641 0364 6F01     		.2byte	0x16f
 642 0366 01030000 		.4byte	0x301
 643 036a 0C       		.byte	0xc
 644 036b 08       		.uleb128 0x8
 645 036c 07050000 		.4byte	.LASF67
 646 0370 06       		.byte	0x6
 647 0371 7101     		.2byte	0x171
 648 0373 1D030000 		.4byte	0x31d
 649 0377 10       		.byte	0x10
 650 0378 00       		.byte	0
 651 0379 04       		.uleb128 0x4
 652 037a D9000000 		.4byte	.LASF68
 653 037e 05       		.byte	0x5
 654 037f 66       		.byte	0x66
 655 0380 84030000 		.4byte	0x384
 656 0384 0A       		.uleb128 0xa
 657 0385 2B030000 		.4byte	.LASF69
 658 0389 10       		.byte	0x10
 659 038a 06       		.byte	0x6
 660 038b 7B01     		.2byte	0x17b
 661 038d C6030000 		.4byte	0x3c6
 662 0391 08       		.uleb128 0x8
 663 0392 C7010000 		.4byte	.LASF63
 664 0396 06       		.byte	0x6
 665 0397 7C01     		.2byte	0x17c
 666 0399 01060000 		.4byte	0x601
 667 039d 00       		.byte	0
 668 039e 08       		.uleb128 0x8
 669 039f 95010000 		.4byte	.LASF64
 670 03a3 06       		.byte	0x6
 671 03a4 7E01     		.2byte	0x17e
 672 03a6 01060000 		.4byte	0x601
 673 03aa 04       		.byte	0x4
 674 03ab 08       		.uleb128 0x8
 675 03ac 7D040000 		.4byte	.LASF65
 676 03b0 06       		.byte	0x6
 677 03b1 8001     		.2byte	0x180
 678 03b3 26010000 		.4byte	0x126
 679 03b7 08       		.byte	0x8
 680 03b8 08       		.uleb128 0x8
 681 03b9 51050000 		.4byte	.LASF70
 682 03bd 06       		.byte	0x6
ARM GAS  /tmp/ccLnjV46.s 			page 13


 683 03be 8201     		.2byte	0x182
 684 03c0 07060000 		.4byte	0x607
 685 03c4 0C       		.byte	0xc
 686 03c5 00       		.byte	0
 687 03c6 04       		.uleb128 0x4
 688 03c7 4B000000 		.4byte	.LASF71
 689 03cb 05       		.byte	0x5
 690 03cc 6B       		.byte	0x6b
 691 03cd D1030000 		.4byte	0x3d1
 692 03d1 0A       		.uleb128 0xa
 693 03d2 C4030000 		.4byte	.LASF72
 694 03d6 04       		.byte	0x4
 695 03d7 06       		.byte	0x6
 696 03d8 A201     		.2byte	0x1a2
 697 03da EC030000 		.4byte	0x3ec
 698 03de 08       		.uleb128 0x8
 699 03df E6040000 		.4byte	.LASF73
 700 03e3 06       		.byte	0x6
 701 03e4 AA01     		.2byte	0x1aa
 702 03e6 0C060000 		.4byte	0x60c
 703 03ea 00       		.byte	0
 704 03eb 00       		.byte	0
 705 03ec 04       		.uleb128 0x4
 706 03ed 0A020000 		.4byte	.LASF74
 707 03f1 05       		.byte	0x5
 708 03f2 70       		.byte	0x70
 709 03f3 F7030000 		.4byte	0x3f7
 710 03f7 0E       		.uleb128 0xe
 711 03f8 58010000 		.4byte	.LASF75
 712 03fc 5001     		.2byte	0x150
 713 03fe 06       		.byte	0x6
 714 03ff C201     		.2byte	0x1c2
 715 0401 53040000 		.4byte	0x453
 716 0405 08       		.uleb128 0x8
 717 0406 35050000 		.4byte	.LASF76
 718 040a 06       		.byte	0x6
 719 040b C601     		.2byte	0x1c6
 720 040d 9A020000 		.4byte	0x29a
 721 0411 00       		.byte	0
 722 0412 08       		.uleb128 0x8
 723 0413 47010000 		.4byte	.LASF77
 724 0417 06       		.byte	0x6
 725 0418 CA01     		.2byte	0x1ca
 726 041a 79030000 		.4byte	0x379
 727 041e 1C       		.byte	0x1c
 728 041f 07       		.uleb128 0x7
 729 0420 64626700 		.ascii	"dbg\000"
 730 0424 06       		.byte	0x6
 731 0425 CE01     		.2byte	0x1ce
 732 0427 C6030000 		.4byte	0x3c6
 733 042b 2C       		.byte	0x2c
 734 042c 08       		.uleb128 0x8
 735 042d CE000000 		.4byte	.LASF78
 736 0431 06       		.byte	0x6
 737 0432 D201     		.2byte	0x1d2
 738 0434 31010000 		.4byte	0x131
 739 0438 30       		.byte	0x30
ARM GAS  /tmp/ccLnjV46.s 			page 14


 740 0439 07       		.uleb128 0x7
 741 043a 746D00   		.ascii	"tm\000"
 742 043d 06       		.byte	0x6
 743 043e D701     		.2byte	0x1d7
 744 0440 1F050000 		.4byte	0x51f
 745 0444 74       		.byte	0x74
 746 0445 08       		.uleb128 0x8
 747 0446 A5010000 		.4byte	.LASF79
 748 044a 06       		.byte	0x6
 749 044b E301     		.2byte	0x1e3
 750 044d 11060000 		.4byte	0x611
 751 0451 78       		.byte	0x78
 752 0452 00       		.byte	0
 753 0453 03       		.uleb128 0x3
 754 0454 04       		.byte	0x4
 755 0455 07       		.byte	0x7
 756 0456 0F030000 		.4byte	.LASF80
 757 045a 04       		.uleb128 0x4
 758 045b 8C010000 		.4byte	.LASF81
 759 045f 07       		.byte	0x7
 760 0460 65       		.byte	0x65
 761 0461 1D030000 		.4byte	0x31d
 762 0465 04       		.uleb128 0x4
 763 0466 EB020000 		.4byte	.LASF82
 764 046a 07       		.byte	0x7
 765 046b 6D       		.byte	0x6d
 766 046c B8000000 		.4byte	0xb8
 767 0470 05       		.uleb128 0x5
 768 0471 F7040000 		.4byte	.LASF83
 769 0475 04       		.byte	0x4
 770 0476 07       		.byte	0x7
 771 0477 89       		.byte	0x89
 772 0478 89040000 		.4byte	0x489
 773 047c 0F       		.uleb128 0xf
 774 047d 72313300 		.ascii	"r13\000"
 775 0481 07       		.byte	0x7
 776 0482 8A       		.byte	0x8a
 777 0483 04050000 		.4byte	0x504
 778 0487 00       		.byte	0
 779 0488 00       		.byte	0
 780 0489 05       		.uleb128 0x5
 781 048a 3F000000 		.4byte	.LASF84
 782 048e 24       		.byte	0x24
 783 048f 08       		.byte	0x8
 784 0490 FD       		.byte	0xfd
 785 0491 04050000 		.4byte	0x504
 786 0495 07       		.uleb128 0x7
 787 0496 723400   		.ascii	"r4\000"
 788 0499 08       		.byte	0x8
 789 049a 1001     		.2byte	0x110
 790 049c 5A040000 		.4byte	0x45a
 791 04a0 00       		.byte	0
 792 04a1 07       		.uleb128 0x7
 793 04a2 723500   		.ascii	"r5\000"
 794 04a5 08       		.byte	0x8
 795 04a6 1101     		.2byte	0x111
 796 04a8 5A040000 		.4byte	0x45a
ARM GAS  /tmp/ccLnjV46.s 			page 15


 797 04ac 04       		.byte	0x4
 798 04ad 07       		.uleb128 0x7
 799 04ae 723600   		.ascii	"r6\000"
 800 04b1 08       		.byte	0x8
 801 04b2 1201     		.2byte	0x112
 802 04b4 5A040000 		.4byte	0x45a
 803 04b8 08       		.byte	0x8
 804 04b9 07       		.uleb128 0x7
 805 04ba 723700   		.ascii	"r7\000"
 806 04bd 08       		.byte	0x8
 807 04be 1301     		.2byte	0x113
 808 04c0 5A040000 		.4byte	0x45a
 809 04c4 0C       		.byte	0xc
 810 04c5 07       		.uleb128 0x7
 811 04c6 723800   		.ascii	"r8\000"
 812 04c9 08       		.byte	0x8
 813 04ca 1401     		.2byte	0x114
 814 04cc 5A040000 		.4byte	0x45a
 815 04d0 10       		.byte	0x10
 816 04d1 07       		.uleb128 0x7
 817 04d2 723900   		.ascii	"r9\000"
 818 04d5 08       		.byte	0x8
 819 04d6 1501     		.2byte	0x115
 820 04d8 5A040000 		.4byte	0x45a
 821 04dc 14       		.byte	0x14
 822 04dd 07       		.uleb128 0x7
 823 04de 72313000 		.ascii	"r10\000"
 824 04e2 08       		.byte	0x8
 825 04e3 1601     		.2byte	0x116
 826 04e5 5A040000 		.4byte	0x45a
 827 04e9 18       		.byte	0x18
 828 04ea 07       		.uleb128 0x7
 829 04eb 72313100 		.ascii	"r11\000"
 830 04ef 08       		.byte	0x8
 831 04f0 1701     		.2byte	0x117
 832 04f2 5A040000 		.4byte	0x45a
 833 04f6 1C       		.byte	0x1c
 834 04f7 07       		.uleb128 0x7
 835 04f8 6C7200   		.ascii	"lr\000"
 836 04fb 08       		.byte	0x8
 837 04fc 1801     		.2byte	0x118
 838 04fe 5A040000 		.4byte	0x45a
 839 0502 20       		.byte	0x20
 840 0503 00       		.byte	0
 841 0504 09       		.uleb128 0x9
 842 0505 04       		.byte	0x4
 843 0506 89040000 		.4byte	0x489
 844 050a 10       		.uleb128 0x10
 845 050b 04       		.byte	0x4
 846 050c 09       		.byte	0x9
 847 050d 38       		.byte	0x38
 848 050e 1F050000 		.4byte	0x51f
 849 0512 06       		.uleb128 0x6
 850 0513 F0040000 		.4byte	.LASF85
 851 0517 09       		.byte	0x9
 852 0518 3C       		.byte	0x3c
 853 0519 C3000000 		.4byte	0xc3
ARM GAS  /tmp/ccLnjV46.s 			page 16


 854 051d 00       		.byte	0
 855 051e 00       		.byte	0
 856 051f 04       		.uleb128 0x4
 857 0520 50030000 		.4byte	.LASF86
 858 0524 09       		.byte	0x9
 859 0525 3D       		.byte	0x3d
 860 0526 0A050000 		.4byte	0x50a
 861 052a 11       		.uleb128 0x11
 862 052b 04       		.byte	0x4
 863 052c 06       		.byte	0x6
 864 052d FA       		.byte	0xfa
 865 052e 87050000 		.4byte	0x587
 866 0532 12       		.uleb128 0x12
 867 0533 19000000 		.4byte	.LASF87
 868 0537 06       		.byte	0x6
 869 0538 0101     		.2byte	0x101
 870 053a 05010000 		.4byte	0x105
 871 053e 12       		.uleb128 0x12
 872 053f C5000000 		.4byte	.LASF88
 873 0543 06       		.byte	0x6
 874 0544 0801     		.2byte	0x108
 875 0546 05010000 		.4byte	0x105
 876 054a 12       		.uleb128 0x12
 877 054b 43050000 		.4byte	.LASF89
 878 054f 06       		.byte	0x6
 879 0550 0F01     		.2byte	0x10f
 880 0552 1D030000 		.4byte	0x31d
 881 0556 12       		.uleb128 0x12
 882 0557 0D000000 		.4byte	.LASF90
 883 055b 06       		.byte	0x6
 884 055c 1601     		.2byte	0x116
 885 055e 87050000 		.4byte	0x587
 886 0562 12       		.uleb128 0x12
 887 0563 CF010000 		.4byte	.LASF91
 888 0567 06       		.byte	0x6
 889 0568 1E01     		.2byte	0x11e
 890 056a B2050000 		.4byte	0x5b2
 891 056e 12       		.uleb128 0x12
 892 056f 6E040000 		.4byte	.LASF92
 893 0573 06       		.byte	0x6
 894 0574 2701     		.2byte	0x127
 895 0576 E9050000 		.4byte	0x5e9
 896 057a 12       		.uleb128 0x12
 897 057b 1D040000 		.4byte	.LASF93
 898 057f 06       		.byte	0x6
 899 0580 2F01     		.2byte	0x12f
 900 0582 10010000 		.4byte	0x110
 901 0586 00       		.byte	0
 902 0587 09       		.uleb128 0x9
 903 0588 04       		.byte	0x4
 904 0589 35020000 		.4byte	0x235
 905 058d 05       		.uleb128 0x5
 906 058e 4D040000 		.4byte	.LASF94
 907 0592 0C       		.byte	0xc
 908 0593 0A       		.byte	0xa
 909 0594 34       		.byte	0x34
 910 0595 B2050000 		.4byte	0x5b2
ARM GAS  /tmp/ccLnjV46.s 			page 17


 911 0599 06       		.uleb128 0x6
 912 059a 7C010000 		.4byte	.LASF95
 913 059e 0A       		.byte	0xa
 914 059f 35       		.byte	0x35
 915 05a0 6A020000 		.4byte	0x26a
 916 05a4 00       		.byte	0
 917 05a5 06       		.uleb128 0x6
 918 05a6 E1010000 		.4byte	.LASF96
 919 05aa 0A       		.byte	0xa
 920 05ab 37       		.byte	0x37
 921 05ac 1B010000 		.4byte	0x11b
 922 05b0 08       		.byte	0x8
 923 05b1 00       		.byte	0
 924 05b2 09       		.uleb128 0x9
 925 05b3 04       		.byte	0x4
 926 05b4 8D050000 		.4byte	0x58d
 927 05b8 05       		.uleb128 0x5
 928 05b9 25050000 		.4byte	.LASF97
 929 05bd 10       		.byte	0x10
 930 05be 0B       		.byte	0xb
 931 05bf 39       		.byte	0x39
 932 05c0 E9050000 		.4byte	0x5e9
 933 05c4 06       		.uleb128 0x6
 934 05c5 3F010000 		.4byte	.LASF98
 935 05c9 0B       		.byte	0xb
 936 05ca 3A       		.byte	0x3a
 937 05cb 6A020000 		.4byte	0x26a
 938 05cf 00       		.byte	0
 939 05d0 06       		.uleb128 0x6
 940 05d1 62050000 		.4byte	.LASF99
 941 05d5 0B       		.byte	0xb
 942 05d6 3C       		.byte	0x3c
 943 05d7 40020000 		.4byte	0x240
 944 05db 08       		.byte	0x8
 945 05dc 06       		.uleb128 0x6
 946 05dd B6040000 		.4byte	.LASF100
 947 05e1 0B       		.byte	0xb
 948 05e2 3E       		.byte	0x3e
 949 05e3 2C060000 		.4byte	0x62c
 950 05e7 0C       		.byte	0xc
 951 05e8 00       		.byte	0
 952 05e9 09       		.uleb128 0x9
 953 05ea 04       		.byte	0x4
 954 05eb B8050000 		.4byte	0x5b8
 955 05ef 09       		.uleb128 0x9
 956 05f0 04       		.byte	0x4
 957 05f1 F5050000 		.4byte	0x5f5
 958 05f5 13       		.uleb128 0x13
 959 05f6 FA050000 		.4byte	0x5fa
 960 05fa 03       		.uleb128 0x3
 961 05fb 01       		.byte	0x1
 962 05fc 08       		.byte	0x8
 963 05fd A8040000 		.4byte	.LASF101
 964 0601 09       		.uleb128 0x9
 965 0602 04       		.byte	0x4
 966 0603 1F030000 		.4byte	0x31f
 967 0607 14       		.uleb128 0x14
ARM GAS  /tmp/ccLnjV46.s 			page 18


 968 0608 26010000 		.4byte	0x126
 969 060c 14       		.uleb128 0x14
 970 060d EF050000 		.4byte	0x5ef
 971 0611 15       		.uleb128 0x15
 972 0612 65040000 		.4byte	0x465
 973 0616 21060000 		.4byte	0x621
 974 061a 16       		.uleb128 0x16
 975 061b 53040000 		.4byte	0x453
 976 061f 1A       		.byte	0x1a
 977 0620 00       		.byte	0
 978 0621 04       		.uleb128 0x4
 979 0622 9D010000 		.4byte	.LASF102
 980 0626 0B       		.byte	0xb
 981 0627 34       		.byte	0x34
 982 0628 B8050000 		.4byte	0x5b8
 983 062c 09       		.uleb128 0x9
 984 062d 04       		.byte	0x4
 985 062e 21060000 		.4byte	0x621
 986 0632 17       		.uleb128 0x17
 987 0633 14010000 		.4byte	.LASF113
 988 0637 01       		.byte	0x1
 989 0638 3D       		.byte	0x3d
 990 0639 00000000 		.4byte	.LFB230
 991 063d 24000000 		.4byte	.LFE230-.LFB230
 992 0641 01       		.uleb128 0x1
 993 0642 9C       		.byte	0x9c
 994 0643 18       		.uleb128 0x18
 995 0644 D6020000 		.4byte	.LASF106
 996 0648 01       		.byte	0x1
 997 0649 5F       		.byte	0x5f
 998 064a 30000000 		.4byte	.LFB231
 999 064e 7C000000 		.4byte	.LFE231-.LFB231
 1000 0652 01       		.uleb128 0x1
 1001 0653 9C       		.byte	0x9c
 1002 0654 B4060000 		.4byte	0x6b4
 1003 0658 19       		.uleb128 0x19
 1004 0659 76747000 		.ascii	"vtp\000"
 1005 065d 01       		.byte	0x1
 1006 065e 5F       		.byte	0x5f
 1007 065f 01060000 		.4byte	0x601
 1008 0663 02       		.uleb128 0x2
 1009 0664 91       		.byte	0x91
 1010 0665 74       		.sleb128 -12
 1011 0666 1A       		.uleb128 0x1a
 1012 0667 EA030000 		.4byte	.LASF103
 1013 066b 01       		.byte	0x1
 1014 066c 5F       		.byte	0x5f
 1015 066d 26010000 		.4byte	0x126
 1016 0671 02       		.uleb128 0x2
 1017 0672 91       		.byte	0x91
 1018 0673 70       		.sleb128 -16
 1019 0674 1A       		.uleb128 0x1a
 1020 0675 0E050000 		.4byte	.LASF104
 1021 0679 01       		.byte	0x1
 1022 067a 60       		.byte	0x60
 1023 067b 01030000 		.4byte	0x301
 1024 067f 02       		.uleb128 0x2
ARM GAS  /tmp/ccLnjV46.s 			page 19


 1025 0680 91       		.byte	0x91
 1026 0681 6C       		.sleb128 -20
 1027 0682 19       		.uleb128 0x19
 1028 0683 70617200 		.ascii	"par\000"
 1029 0687 01       		.byte	0x1
 1030 0688 60       		.byte	0x60
 1031 0689 1D030000 		.4byte	0x31d
 1032 068d 02       		.uleb128 0x2
 1033 068e 91       		.byte	0x91
 1034 068f 68       		.sleb128 -24
 1035 0690 1B       		.uleb128 0x1b
 1036 0691 7000     		.ascii	"p\000"
 1037 0693 01       		.byte	0x1
 1038 0694 61       		.byte	0x61
 1039 0695 01060000 		.4byte	0x601
 1040 0699 02       		.uleb128 0x2
 1041 069a 91       		.byte	0x91
 1042 069b 7C       		.sleb128 -4
 1043 069c 1C       		.uleb128 0x1c
 1044 069d 13000000 		.4byte	.LASF105
 1045 06a1 01       		.byte	0x1
 1046 06a2 62       		.byte	0x62
 1047 06a3 26010000 		.4byte	0x126
 1048 06a7 02       		.uleb128 0x2
 1049 06a8 91       		.byte	0x91
 1050 06a9 78       		.sleb128 -8
 1051 06aa 1D       		.uleb128 0x1d
 1052 06ab 33040000 		.4byte	.LASF108
 1053 06af C4060000 		.4byte	0x6c4
 1054 06b3 00       		.byte	0
 1055 06b4 15       		.uleb128 0x15
 1056 06b5 FA050000 		.4byte	0x5fa
 1057 06b9 C4060000 		.4byte	0x6c4
 1058 06bd 16       		.uleb128 0x16
 1059 06be 53040000 		.4byte	0x453
 1060 06c2 0A       		.byte	0xa
 1061 06c3 00       		.byte	0
 1062 06c4 13       		.uleb128 0x13
 1063 06c5 B4060000 		.4byte	0x6b4
 1064 06c9 18       		.uleb128 0x18
 1065 06ca B8000000 		.4byte	.LASF107
 1066 06ce 01       		.byte	0x1
 1067 06cf BE       		.byte	0xbe
 1068 06d0 B0000000 		.4byte	.LFB232
 1069 06d4 40000000 		.4byte	.LFE232-.LFB232
 1070 06d8 01       		.uleb128 0x1
 1071 06d9 9C       		.byte	0x9c
 1072 06da F6060000 		.4byte	0x6f6
 1073 06de 19       		.uleb128 0x19
 1074 06df 76747000 		.ascii	"vtp\000"
 1075 06e3 01       		.byte	0x1
 1076 06e4 BE       		.byte	0xbe
 1077 06e5 01060000 		.4byte	0x601
 1078 06e9 02       		.uleb128 0x2
 1079 06ea 91       		.byte	0x91
 1080 06eb 7C       		.sleb128 -4
 1081 06ec 1D       		.uleb128 0x1d
ARM GAS  /tmp/ccLnjV46.s 			page 20


 1082 06ed 33040000 		.4byte	.LASF108
 1083 06f1 06070000 		.4byte	0x706
 1084 06f5 00       		.byte	0
 1085 06f6 15       		.uleb128 0x15
 1086 06f7 FA050000 		.4byte	0x5fa
 1087 06fb 06070000 		.4byte	0x706
 1088 06ff 16       		.uleb128 0x16
 1089 0700 53040000 		.4byte	0x453
 1090 0704 0C       		.byte	0xc
 1091 0705 00       		.byte	0
 1092 0706 13       		.uleb128 0x13
 1093 0707 F6060000 		.4byte	0x6f6
 1094 070b 1E       		.uleb128 0x1e
 1095 070c EF000000 		.4byte	.LASF109
 1096 0710 0C       		.byte	0xc
 1097 0711 FA06     		.2byte	0x6fa
 1098 0713 17070000 		.4byte	0x717
 1099 0717 14       		.uleb128 0x14
 1100 0718 A2000000 		.4byte	0xa2
 1101 071c 1F       		.uleb128 0x1f
 1102 071d 636800   		.ascii	"ch\000"
 1103 0720 06       		.byte	0x6
 1104 0721 0902     		.2byte	0x209
 1105 0723 EC030000 		.4byte	0x3ec
 1106 0727 00       		.byte	0
 1107              		.section	.debug_abbrev,"",%progbits
 1108              	.Ldebug_abbrev0:
 1109 0000 01       		.uleb128 0x1
 1110 0001 11       		.uleb128 0x11
 1111 0002 01       		.byte	0x1
 1112 0003 25       		.uleb128 0x25
 1113 0004 0E       		.uleb128 0xe
 1114 0005 13       		.uleb128 0x13
 1115 0006 0B       		.uleb128 0xb
 1116 0007 03       		.uleb128 0x3
 1117 0008 0E       		.uleb128 0xe
 1118 0009 1B       		.uleb128 0x1b
 1119 000a 0E       		.uleb128 0xe
 1120 000b 11       		.uleb128 0x11
 1121 000c 01       		.uleb128 0x1
 1122 000d 12       		.uleb128 0x12
 1123 000e 06       		.uleb128 0x6
 1124 000f 10       		.uleb128 0x10
 1125 0010 17       		.uleb128 0x17
 1126 0011 00       		.byte	0
 1127 0012 00       		.byte	0
 1128 0013 02       		.uleb128 0x2
 1129 0014 24       		.uleb128 0x24
 1130 0015 00       		.byte	0
 1131 0016 0B       		.uleb128 0xb
 1132 0017 0B       		.uleb128 0xb
 1133 0018 3E       		.uleb128 0x3e
 1134 0019 0B       		.uleb128 0xb
 1135 001a 03       		.uleb128 0x3
 1136 001b 08       		.uleb128 0x8
 1137 001c 00       		.byte	0
 1138 001d 00       		.byte	0
ARM GAS  /tmp/ccLnjV46.s 			page 21


 1139 001e 03       		.uleb128 0x3
 1140 001f 24       		.uleb128 0x24
 1141 0020 00       		.byte	0
 1142 0021 0B       		.uleb128 0xb
 1143 0022 0B       		.uleb128 0xb
 1144 0023 3E       		.uleb128 0x3e
 1145 0024 0B       		.uleb128 0xb
 1146 0025 03       		.uleb128 0x3
 1147 0026 0E       		.uleb128 0xe
 1148 0027 00       		.byte	0
 1149 0028 00       		.byte	0
 1150 0029 04       		.uleb128 0x4
 1151 002a 16       		.uleb128 0x16
 1152 002b 00       		.byte	0
 1153 002c 03       		.uleb128 0x3
 1154 002d 0E       		.uleb128 0xe
 1155 002e 3A       		.uleb128 0x3a
 1156 002f 0B       		.uleb128 0xb
 1157 0030 3B       		.uleb128 0x3b
 1158 0031 0B       		.uleb128 0xb
 1159 0032 49       		.uleb128 0x49
 1160 0033 13       		.uleb128 0x13
 1161 0034 00       		.byte	0
 1162 0035 00       		.byte	0
 1163 0036 05       		.uleb128 0x5
 1164 0037 13       		.uleb128 0x13
 1165 0038 01       		.byte	0x1
 1166 0039 03       		.uleb128 0x3
 1167 003a 0E       		.uleb128 0xe
 1168 003b 0B       		.uleb128 0xb
 1169 003c 0B       		.uleb128 0xb
 1170 003d 3A       		.uleb128 0x3a
 1171 003e 0B       		.uleb128 0xb
 1172 003f 3B       		.uleb128 0x3b
 1173 0040 0B       		.uleb128 0xb
 1174 0041 01       		.uleb128 0x1
 1175 0042 13       		.uleb128 0x13
 1176 0043 00       		.byte	0
 1177 0044 00       		.byte	0
 1178 0045 06       		.uleb128 0x6
 1179 0046 0D       		.uleb128 0xd
 1180 0047 00       		.byte	0
 1181 0048 03       		.uleb128 0x3
 1182 0049 0E       		.uleb128 0xe
 1183 004a 3A       		.uleb128 0x3a
 1184 004b 0B       		.uleb128 0xb
 1185 004c 3B       		.uleb128 0x3b
 1186 004d 0B       		.uleb128 0xb
 1187 004e 49       		.uleb128 0x49
 1188 004f 13       		.uleb128 0x13
 1189 0050 38       		.uleb128 0x38
 1190 0051 0B       		.uleb128 0xb
 1191 0052 00       		.byte	0
 1192 0053 00       		.byte	0
 1193 0054 07       		.uleb128 0x7
 1194 0055 0D       		.uleb128 0xd
 1195 0056 00       		.byte	0
ARM GAS  /tmp/ccLnjV46.s 			page 22


 1196 0057 03       		.uleb128 0x3
 1197 0058 08       		.uleb128 0x8
 1198 0059 3A       		.uleb128 0x3a
 1199 005a 0B       		.uleb128 0xb
 1200 005b 3B       		.uleb128 0x3b
 1201 005c 05       		.uleb128 0x5
 1202 005d 49       		.uleb128 0x49
 1203 005e 13       		.uleb128 0x13
 1204 005f 38       		.uleb128 0x38
 1205 0060 0B       		.uleb128 0xb
 1206 0061 00       		.byte	0
 1207 0062 00       		.byte	0
 1208 0063 08       		.uleb128 0x8
 1209 0064 0D       		.uleb128 0xd
 1210 0065 00       		.byte	0
 1211 0066 03       		.uleb128 0x3
 1212 0067 0E       		.uleb128 0xe
 1213 0068 3A       		.uleb128 0x3a
 1214 0069 0B       		.uleb128 0xb
 1215 006a 3B       		.uleb128 0x3b
 1216 006b 05       		.uleb128 0x5
 1217 006c 49       		.uleb128 0x49
 1218 006d 13       		.uleb128 0x13
 1219 006e 38       		.uleb128 0x38
 1220 006f 0B       		.uleb128 0xb
 1221 0070 00       		.byte	0
 1222 0071 00       		.byte	0
 1223 0072 09       		.uleb128 0x9
 1224 0073 0F       		.uleb128 0xf
 1225 0074 00       		.byte	0
 1226 0075 0B       		.uleb128 0xb
 1227 0076 0B       		.uleb128 0xb
 1228 0077 49       		.uleb128 0x49
 1229 0078 13       		.uleb128 0x13
 1230 0079 00       		.byte	0
 1231 007a 00       		.byte	0
 1232 007b 0A       		.uleb128 0xa
 1233 007c 13       		.uleb128 0x13
 1234 007d 01       		.byte	0x1
 1235 007e 03       		.uleb128 0x3
 1236 007f 0E       		.uleb128 0xe
 1237 0080 0B       		.uleb128 0xb
 1238 0081 0B       		.uleb128 0xb
 1239 0082 3A       		.uleb128 0x3a
 1240 0083 0B       		.uleb128 0xb
 1241 0084 3B       		.uleb128 0x3b
 1242 0085 05       		.uleb128 0x5
 1243 0086 01       		.uleb128 0x1
 1244 0087 13       		.uleb128 0x13
 1245 0088 00       		.byte	0
 1246 0089 00       		.byte	0
 1247 008a 0B       		.uleb128 0xb
 1248 008b 15       		.uleb128 0x15
 1249 008c 01       		.byte	0x1
 1250 008d 27       		.uleb128 0x27
 1251 008e 19       		.uleb128 0x19
 1252 008f 01       		.uleb128 0x1
ARM GAS  /tmp/ccLnjV46.s 			page 23


 1253 0090 13       		.uleb128 0x13
 1254 0091 00       		.byte	0
 1255 0092 00       		.byte	0
 1256 0093 0C       		.uleb128 0xc
 1257 0094 05       		.uleb128 0x5
 1258 0095 00       		.byte	0
 1259 0096 49       		.uleb128 0x49
 1260 0097 13       		.uleb128 0x13
 1261 0098 00       		.byte	0
 1262 0099 00       		.byte	0
 1263 009a 0D       		.uleb128 0xd
 1264 009b 0F       		.uleb128 0xf
 1265 009c 00       		.byte	0
 1266 009d 0B       		.uleb128 0xb
 1267 009e 0B       		.uleb128 0xb
 1268 009f 00       		.byte	0
 1269 00a0 00       		.byte	0
 1270 00a1 0E       		.uleb128 0xe
 1271 00a2 13       		.uleb128 0x13
 1272 00a3 01       		.byte	0x1
 1273 00a4 03       		.uleb128 0x3
 1274 00a5 0E       		.uleb128 0xe
 1275 00a6 0B       		.uleb128 0xb
 1276 00a7 05       		.uleb128 0x5
 1277 00a8 3A       		.uleb128 0x3a
 1278 00a9 0B       		.uleb128 0xb
 1279 00aa 3B       		.uleb128 0x3b
 1280 00ab 05       		.uleb128 0x5
 1281 00ac 01       		.uleb128 0x1
 1282 00ad 13       		.uleb128 0x13
 1283 00ae 00       		.byte	0
 1284 00af 00       		.byte	0
 1285 00b0 0F       		.uleb128 0xf
 1286 00b1 0D       		.uleb128 0xd
 1287 00b2 00       		.byte	0
 1288 00b3 03       		.uleb128 0x3
 1289 00b4 08       		.uleb128 0x8
 1290 00b5 3A       		.uleb128 0x3a
 1291 00b6 0B       		.uleb128 0xb
 1292 00b7 3B       		.uleb128 0x3b
 1293 00b8 0B       		.uleb128 0xb
 1294 00b9 49       		.uleb128 0x49
 1295 00ba 13       		.uleb128 0x13
 1296 00bb 38       		.uleb128 0x38
 1297 00bc 0B       		.uleb128 0xb
 1298 00bd 00       		.byte	0
 1299 00be 00       		.byte	0
 1300 00bf 10       		.uleb128 0x10
 1301 00c0 13       		.uleb128 0x13
 1302 00c1 01       		.byte	0x1
 1303 00c2 0B       		.uleb128 0xb
 1304 00c3 0B       		.uleb128 0xb
 1305 00c4 3A       		.uleb128 0x3a
 1306 00c5 0B       		.uleb128 0xb
 1307 00c6 3B       		.uleb128 0x3b
 1308 00c7 0B       		.uleb128 0xb
 1309 00c8 01       		.uleb128 0x1
ARM GAS  /tmp/ccLnjV46.s 			page 24


 1310 00c9 13       		.uleb128 0x13
 1311 00ca 00       		.byte	0
 1312 00cb 00       		.byte	0
 1313 00cc 11       		.uleb128 0x11
 1314 00cd 17       		.uleb128 0x17
 1315 00ce 01       		.byte	0x1
 1316 00cf 0B       		.uleb128 0xb
 1317 00d0 0B       		.uleb128 0xb
 1318 00d1 3A       		.uleb128 0x3a
 1319 00d2 0B       		.uleb128 0xb
 1320 00d3 3B       		.uleb128 0x3b
 1321 00d4 0B       		.uleb128 0xb
 1322 00d5 01       		.uleb128 0x1
 1323 00d6 13       		.uleb128 0x13
 1324 00d7 00       		.byte	0
 1325 00d8 00       		.byte	0
 1326 00d9 12       		.uleb128 0x12
 1327 00da 0D       		.uleb128 0xd
 1328 00db 00       		.byte	0
 1329 00dc 03       		.uleb128 0x3
 1330 00dd 0E       		.uleb128 0xe
 1331 00de 3A       		.uleb128 0x3a
 1332 00df 0B       		.uleb128 0xb
 1333 00e0 3B       		.uleb128 0x3b
 1334 00e1 05       		.uleb128 0x5
 1335 00e2 49       		.uleb128 0x49
 1336 00e3 13       		.uleb128 0x13
 1337 00e4 00       		.byte	0
 1338 00e5 00       		.byte	0
 1339 00e6 13       		.uleb128 0x13
 1340 00e7 26       		.uleb128 0x26
 1341 00e8 00       		.byte	0
 1342 00e9 49       		.uleb128 0x49
 1343 00ea 13       		.uleb128 0x13
 1344 00eb 00       		.byte	0
 1345 00ec 00       		.byte	0
 1346 00ed 14       		.uleb128 0x14
 1347 00ee 35       		.uleb128 0x35
 1348 00ef 00       		.byte	0
 1349 00f0 49       		.uleb128 0x49
 1350 00f1 13       		.uleb128 0x13
 1351 00f2 00       		.byte	0
 1352 00f3 00       		.byte	0
 1353 00f4 15       		.uleb128 0x15
 1354 00f5 01       		.uleb128 0x1
 1355 00f6 01       		.byte	0x1
 1356 00f7 49       		.uleb128 0x49
 1357 00f8 13       		.uleb128 0x13
 1358 00f9 01       		.uleb128 0x1
 1359 00fa 13       		.uleb128 0x13
 1360 00fb 00       		.byte	0
 1361 00fc 00       		.byte	0
 1362 00fd 16       		.uleb128 0x16
 1363 00fe 21       		.uleb128 0x21
 1364 00ff 00       		.byte	0
 1365 0100 49       		.uleb128 0x49
 1366 0101 13       		.uleb128 0x13
ARM GAS  /tmp/ccLnjV46.s 			page 25


 1367 0102 2F       		.uleb128 0x2f
 1368 0103 0B       		.uleb128 0xb
 1369 0104 00       		.byte	0
 1370 0105 00       		.byte	0
 1371 0106 17       		.uleb128 0x17
 1372 0107 2E       		.uleb128 0x2e
 1373 0108 00       		.byte	0
 1374 0109 3F       		.uleb128 0x3f
 1375 010a 19       		.uleb128 0x19
 1376 010b 03       		.uleb128 0x3
 1377 010c 0E       		.uleb128 0xe
 1378 010d 3A       		.uleb128 0x3a
 1379 010e 0B       		.uleb128 0xb
 1380 010f 3B       		.uleb128 0x3b
 1381 0110 0B       		.uleb128 0xb
 1382 0111 27       		.uleb128 0x27
 1383 0112 19       		.uleb128 0x19
 1384 0113 11       		.uleb128 0x11
 1385 0114 01       		.uleb128 0x1
 1386 0115 12       		.uleb128 0x12
 1387 0116 06       		.uleb128 0x6
 1388 0117 40       		.uleb128 0x40
 1389 0118 18       		.uleb128 0x18
 1390 0119 9742     		.uleb128 0x2117
 1391 011b 19       		.uleb128 0x19
 1392 011c 00       		.byte	0
 1393 011d 00       		.byte	0
 1394 011e 18       		.uleb128 0x18
 1395 011f 2E       		.uleb128 0x2e
 1396 0120 01       		.byte	0x1
 1397 0121 3F       		.uleb128 0x3f
 1398 0122 19       		.uleb128 0x19
 1399 0123 03       		.uleb128 0x3
 1400 0124 0E       		.uleb128 0xe
 1401 0125 3A       		.uleb128 0x3a
 1402 0126 0B       		.uleb128 0xb
 1403 0127 3B       		.uleb128 0x3b
 1404 0128 0B       		.uleb128 0xb
 1405 0129 27       		.uleb128 0x27
 1406 012a 19       		.uleb128 0x19
 1407 012b 11       		.uleb128 0x11
 1408 012c 01       		.uleb128 0x1
 1409 012d 12       		.uleb128 0x12
 1410 012e 06       		.uleb128 0x6
 1411 012f 40       		.uleb128 0x40
 1412 0130 18       		.uleb128 0x18
 1413 0131 9742     		.uleb128 0x2117
 1414 0133 19       		.uleb128 0x19
 1415 0134 01       		.uleb128 0x1
 1416 0135 13       		.uleb128 0x13
 1417 0136 00       		.byte	0
 1418 0137 00       		.byte	0
 1419 0138 19       		.uleb128 0x19
 1420 0139 05       		.uleb128 0x5
 1421 013a 00       		.byte	0
 1422 013b 03       		.uleb128 0x3
 1423 013c 08       		.uleb128 0x8
ARM GAS  /tmp/ccLnjV46.s 			page 26


 1424 013d 3A       		.uleb128 0x3a
 1425 013e 0B       		.uleb128 0xb
 1426 013f 3B       		.uleb128 0x3b
 1427 0140 0B       		.uleb128 0xb
 1428 0141 49       		.uleb128 0x49
 1429 0142 13       		.uleb128 0x13
 1430 0143 02       		.uleb128 0x2
 1431 0144 18       		.uleb128 0x18
 1432 0145 00       		.byte	0
 1433 0146 00       		.byte	0
 1434 0147 1A       		.uleb128 0x1a
 1435 0148 05       		.uleb128 0x5
 1436 0149 00       		.byte	0
 1437 014a 03       		.uleb128 0x3
 1438 014b 0E       		.uleb128 0xe
 1439 014c 3A       		.uleb128 0x3a
 1440 014d 0B       		.uleb128 0xb
 1441 014e 3B       		.uleb128 0x3b
 1442 014f 0B       		.uleb128 0xb
 1443 0150 49       		.uleb128 0x49
 1444 0151 13       		.uleb128 0x13
 1445 0152 02       		.uleb128 0x2
 1446 0153 18       		.uleb128 0x18
 1447 0154 00       		.byte	0
 1448 0155 00       		.byte	0
 1449 0156 1B       		.uleb128 0x1b
 1450 0157 34       		.uleb128 0x34
 1451 0158 00       		.byte	0
 1452 0159 03       		.uleb128 0x3
 1453 015a 08       		.uleb128 0x8
 1454 015b 3A       		.uleb128 0x3a
 1455 015c 0B       		.uleb128 0xb
 1456 015d 3B       		.uleb128 0x3b
 1457 015e 0B       		.uleb128 0xb
 1458 015f 49       		.uleb128 0x49
 1459 0160 13       		.uleb128 0x13
 1460 0161 02       		.uleb128 0x2
 1461 0162 18       		.uleb128 0x18
 1462 0163 00       		.byte	0
 1463 0164 00       		.byte	0
 1464 0165 1C       		.uleb128 0x1c
 1465 0166 34       		.uleb128 0x34
 1466 0167 00       		.byte	0
 1467 0168 03       		.uleb128 0x3
 1468 0169 0E       		.uleb128 0xe
 1469 016a 3A       		.uleb128 0x3a
 1470 016b 0B       		.uleb128 0xb
 1471 016c 3B       		.uleb128 0x3b
 1472 016d 0B       		.uleb128 0xb
 1473 016e 49       		.uleb128 0x49
 1474 016f 13       		.uleb128 0x13
 1475 0170 02       		.uleb128 0x2
 1476 0171 18       		.uleb128 0x18
 1477 0172 00       		.byte	0
 1478 0173 00       		.byte	0
 1479 0174 1D       		.uleb128 0x1d
 1480 0175 34       		.uleb128 0x34
ARM GAS  /tmp/ccLnjV46.s 			page 27


 1481 0176 00       		.byte	0
 1482 0177 03       		.uleb128 0x3
 1483 0178 0E       		.uleb128 0xe
 1484 0179 49       		.uleb128 0x49
 1485 017a 13       		.uleb128 0x13
 1486 017b 34       		.uleb128 0x34
 1487 017c 19       		.uleb128 0x19
 1488 017d 00       		.byte	0
 1489 017e 00       		.byte	0
 1490 017f 1E       		.uleb128 0x1e
 1491 0180 34       		.uleb128 0x34
 1492 0181 00       		.byte	0
 1493 0182 03       		.uleb128 0x3
 1494 0183 0E       		.uleb128 0xe
 1495 0184 3A       		.uleb128 0x3a
 1496 0185 0B       		.uleb128 0xb
 1497 0186 3B       		.uleb128 0x3b
 1498 0187 05       		.uleb128 0x5
 1499 0188 49       		.uleb128 0x49
 1500 0189 13       		.uleb128 0x13
 1501 018a 3F       		.uleb128 0x3f
 1502 018b 19       		.uleb128 0x19
 1503 018c 3C       		.uleb128 0x3c
 1504 018d 19       		.uleb128 0x19
 1505 018e 00       		.byte	0
 1506 018f 00       		.byte	0
 1507 0190 1F       		.uleb128 0x1f
 1508 0191 34       		.uleb128 0x34
 1509 0192 00       		.byte	0
 1510 0193 03       		.uleb128 0x3
 1511 0194 08       		.uleb128 0x8
 1512 0195 3A       		.uleb128 0x3a
 1513 0196 0B       		.uleb128 0xb
 1514 0197 3B       		.uleb128 0x3b
 1515 0198 05       		.uleb128 0x5
 1516 0199 49       		.uleb128 0x49
 1517 019a 13       		.uleb128 0x13
 1518 019b 3F       		.uleb128 0x3f
 1519 019c 19       		.uleb128 0x19
 1520 019d 3C       		.uleb128 0x3c
 1521 019e 19       		.uleb128 0x19
 1522 019f 00       		.byte	0
 1523 01a0 00       		.byte	0
 1524 01a1 00       		.byte	0
 1525              		.section	.debug_aranges,"",%progbits
 1526 0000 1C000000 		.4byte	0x1c
 1527 0004 0200     		.2byte	0x2
 1528 0006 00000000 		.4byte	.Ldebug_info0
 1529 000a 04       		.byte	0x4
 1530 000b 00       		.byte	0
 1531 000c 0000     		.2byte	0
 1532 000e 0000     		.2byte	0
 1533 0010 00000000 		.4byte	.Ltext0
 1534 0014 F0000000 		.4byte	.Letext0-.Ltext0
 1535 0018 00000000 		.4byte	0
 1536 001c 00000000 		.4byte	0
 1537              		.section	.debug_line,"",%progbits
ARM GAS  /tmp/ccLnjV46.s 			page 28


 1538              	.Ldebug_line0:
 1539 0000 73020000 		.section	.debug_str,"MS",%progbits,1
 1539      02003302 
 1539      00000201 
 1539      FB0E0D00 
 1539      01010101 
 1540              	.LASF52:
 1541 0000 72656164 		.ascii	"ready_list_t\000"
 1541      795F6C69 
 1541      73745F74 
 1541      00
 1542              	.LASF90:
 1543 000d 77747472 		.ascii	"wttrp\000"
 1543      7000
 1544              	.LASF105:
 1545 0013 64656C74 		.ascii	"delta\000"
 1545      6100
 1546              	.LASF87:
 1547 0019 7264796D 		.ascii	"rdymsg\000"
 1547      736700
 1548              	.LASF16:
 1549 0020 75696E74 		.ascii	"uint64_t\000"
 1549      36345F74 
 1549      00
 1550              	.LASF24:
 1551 0029 6576656E 		.ascii	"eventmask_t\000"
 1551      746D6173 
 1551      6B5F7400 
 1552              	.LASF5:
 1553 0035 5F5F7569 		.ascii	"__uint8_t\000"
 1553      6E74385F 
 1553      7400
 1554              	.LASF84:
 1555 003f 706F7274 		.ascii	"port_intctx\000"
 1555      5F696E74 
 1555      63747800 
 1556              	.LASF71:
 1557 004b 73797374 		.ascii	"system_debug_t\000"
 1557      656D5F64 
 1557      65627567 
 1557      5F7400
 1558              	.LASF112:
 1559 005a 2F6E6673 		.ascii	"/nfs/nfs7/home/vvedanta/P442/p442-submissions/senso"
 1559      2F6E6673 
 1559      372F686F 
 1559      6D652F76 
 1559      76656461 
 1560 008d 7274696C 		.ascii	"rtile/final_project\000"
 1560      652F6669 
 1560      6E616C5F 
 1560      70726F6A 
 1560      65637400 
 1561              	.LASF12:
 1562 00a1 6C6F6E67 		.ascii	"long long unsigned int\000"
 1562      206C6F6E 
 1562      6720756E 
 1562      7369676E 
ARM GAS  /tmp/ccLnjV46.s 			page 29


 1562      65642069 
 1563              	.LASF107:
 1564 00b8 63685654 		.ascii	"chVTDoResetI\000"
 1564      446F5265 
 1564      73657449 
 1564      00
 1565              	.LASF88:
 1566 00c5 65786974 		.ascii	"exitcode\000"
 1566      636F6465 
 1566      00
 1567              	.LASF78:
 1568 00ce 6D61696E 		.ascii	"mainthread\000"
 1568      74687265 
 1568      616400
 1569              	.LASF68:
 1570 00d9 76697274 		.ascii	"virtual_timers_list_t\000"
 1570      75616C5F 
 1570      74696D65 
 1570      72735F6C 
 1570      6973745F 
 1571              	.LASF109:
 1572 00ef 49544D5F 		.ascii	"ITM_RxBuffer\000"
 1572      52784275 
 1572      66666572 
 1572      00
 1573              	.LASF51:
 1574 00fc 63685F74 		.ascii	"ch_threads_queue\000"
 1574      68726561 
 1574      64735F71 
 1574      75657565 
 1574      00
 1575              	.LASF30:
 1576 010d 705F7072 		.ascii	"p_prio\000"
 1576      696F00
 1577              	.LASF113:
 1578 0114 5F76745F 		.ascii	"_vt_init\000"
 1578      696E6974 
 1578      00
 1579              	.LASF10:
 1580 011d 6C6F6E67 		.ascii	"long long int\000"
 1580      206C6F6E 
 1580      6720696E 
 1580      7400
 1581              	.LASF1:
 1582 012b 7369676E 		.ascii	"signed char\000"
 1582      65642063 
 1582      68617200 
 1583              	.LASF45:
 1584 0137 705F6D70 		.ascii	"p_mpool\000"
 1584      6F6F6C00 
 1585              	.LASF98:
 1586 013f 6D5F7175 		.ascii	"m_queue\000"
 1586      65756500 
 1587              	.LASF77:
 1588 0147 76746C69 		.ascii	"vtlist\000"
 1588      737400
 1589              	.LASF21:
ARM GAS  /tmp/ccLnjV46.s 			page 30


 1590 014e 74736C69 		.ascii	"tslices_t\000"
 1590      6365735F 
 1590      7400
 1591              	.LASF75:
 1592 0158 63685F73 		.ascii	"ch_system\000"
 1592      79737465 
 1592      6D00
 1593              	.LASF7:
 1594 0162 6C6F6E67 		.ascii	"long int\000"
 1594      20696E74 
 1594      00
 1595              	.LASF19:
 1596 016b 74737461 		.ascii	"tstate_t\000"
 1596      74655F74 
 1596      00
 1597              	.LASF32:
 1598 0174 705F6E65 		.ascii	"p_newer\000"
 1598      77657200 
 1599              	.LASF95:
 1600 017c 735F7175 		.ascii	"s_queue\000"
 1600      65756500 
 1601              	.LASF57:
 1602 0184 725F6E65 		.ascii	"r_newer\000"
 1602      77657200 
 1603              	.LASF81:
 1604 018c 72656761 		.ascii	"regarm_t\000"
 1604      726D5F74 
 1604      00
 1605              	.LASF64:
 1606 0195 76745F70 		.ascii	"vt_prev\000"
 1606      72657600 
 1607              	.LASF102:
 1608 019d 6D757465 		.ascii	"mutex_t\000"
 1608      785F7400 
 1609              	.LASF79:
 1610 01a5 69646C65 		.ascii	"idle_thread_wa\000"
 1610      5F746872 
 1610      6561645F 
 1610      776100
 1611              	.LASF25:
 1612 01b4 636E745F 		.ascii	"cnt_t\000"
 1612      7400
 1613              	.LASF0:
 1614 01ba 756E7369 		.ascii	"unsigned int\000"
 1614      676E6564 
 1614      20696E74 
 1614      00
 1615              	.LASF63:
 1616 01c7 76745F6E 		.ascii	"vt_next\000"
 1616      65787400 
 1617              	.LASF91:
 1618 01cf 77747365 		.ascii	"wtsemp\000"
 1618      6D7000
 1619              	.LASF40:
 1620 01d6 705F6D73 		.ascii	"p_msgqueue\000"
 1620      67717565 
 1620      756500
ARM GAS  /tmp/ccLnjV46.s 			page 31


 1621              	.LASF96:
 1622 01e1 735F636E 		.ascii	"s_cnt\000"
 1622      7400
 1623              	.LASF4:
 1624 01e7 73686F72 		.ascii	"short unsigned int\000"
 1624      7420756E 
 1624      7369676E 
 1624      65642069 
 1624      6E7400
 1625              	.LASF48:
 1626 01fa 63685F74 		.ascii	"ch_thread\000"
 1626      68726561 
 1626      6400
 1627              	.LASF23:
 1628 0204 6D73675F 		.ascii	"msg_t\000"
 1628      7400
 1629              	.LASF74:
 1630 020a 63685F73 		.ascii	"ch_system_t\000"
 1630      79737465 
 1630      6D5F7400 
 1631              	.LASF18:
 1632 0216 746D6F64 		.ascii	"tmode_t\000"
 1632      655F7400 
 1633              	.LASF110:
 1634 021e 474E5520 		.ascii	"GNU C 4.8.4 20140526 (release) [ARM/embedded-4_8-br"
 1634      4320342E 
 1634      382E3420 
 1634      32303134 
 1634      30353236 
 1635 0251 616E6368 		.ascii	"anch revision 211358] -mcpu=cortex-m4 -mno-thumb-in"
 1635      20726576 
 1635      6973696F 
 1635      6E203231 
 1635      31333538 
 1636 0284 74657277 		.ascii	"terwork -mthumb -ggdb -O0 -fomit-frame-pointer -fal"
 1636      6F726B20 
 1636      2D6D7468 
 1636      756D6220 
 1636      2D676764 
 1637 02b7 69676E2D 		.ascii	"ign-functions=16\000"
 1637      66756E63 
 1637      74696F6E 
 1637      733D3136 
 1637      00
 1638              	.LASF53:
 1639 02c8 63685F72 		.ascii	"ch_ready_list\000"
 1639      65616479 
 1639      5F6C6973 
 1639      7400
 1640              	.LASF106:
 1641 02d6 63685654 		.ascii	"chVTDoSetI\000"
 1641      446F5365 
 1641      744900
 1642              	.LASF6:
 1643 02e1 5F5F696E 		.ascii	"__int32_t\000"
 1643      7433325F 
 1643      7400
ARM GAS  /tmp/ccLnjV46.s 			page 32


 1644              	.LASF82:
 1645 02eb 73746B61 		.ascii	"stkalign_t\000"
 1645      6C69676E 
 1645      5F7400
 1646              	.LASF47:
 1647 02f6 74687265 		.ascii	"threads_list_t\000"
 1647      6164735F 
 1647      6C697374 
 1647      5F7400
 1648              	.LASF39:
 1649 0305 705F7761 		.ascii	"p_waiting\000"
 1649      6974696E 
 1649      6700
 1650              	.LASF80:
 1651 030f 73697A65 		.ascii	"sizetype\000"
 1651      74797065 
 1651      00
 1652              	.LASF46:
 1653 0318 74687265 		.ascii	"thread_reference_t\000"
 1653      61645F72 
 1653      65666572 
 1653      656E6365 
 1653      5F7400
 1654              	.LASF69:
 1655 032b 63685F76 		.ascii	"ch_virtual_timers_list\000"
 1655      69727475 
 1655      616C5F74 
 1655      696D6572 
 1655      735F6C69 
 1656              	.LASF33:
 1657 0342 705F6F6C 		.ascii	"p_older\000"
 1657      64657200 
 1658              	.LASF56:
 1659 034a 725F6374 		.ascii	"r_ctx\000"
 1659      7800
 1660              	.LASF86:
 1661 0350 746D5F63 		.ascii	"tm_calibration_t\000"
 1661      616C6962 
 1661      72617469 
 1661      6F6E5F74 
 1661      00
 1662              	.LASF59:
 1663 0361 725F6375 		.ascii	"r_current\000"
 1663      7272656E 
 1663      7400
 1664              	.LASF58:
 1665 036b 725F6F6C 		.ascii	"r_older\000"
 1665      64657200 
 1666              	.LASF111:
 1667 0373 2E2E2F2E 		.ascii	"../../ChibiOS/os/rt/src/chvt.c\000"
 1667      2E2F4368 
 1667      6962694F 
 1667      532F6F73 
 1667      2F72742F 
 1668              	.LASF11:
 1669 0392 5F5F7569 		.ascii	"__uint64_t\000"
 1669      6E743634 
ARM GAS  /tmp/ccLnjV46.s 			page 33


 1669      5F7400
 1670              	.LASF20:
 1671 039d 74726566 		.ascii	"trefs_t\000"
 1671      735F7400 
 1672              	.LASF61:
 1673 03a5 76697274 		.ascii	"virtual_timer_t\000"
 1673      75616C5F 
 1673      74696D65 
 1673      725F7400 
 1674              	.LASF29:
 1675 03b5 705F7072 		.ascii	"p_prev\000"
 1675      657600
 1676              	.LASF22:
 1677 03bc 74707269 		.ascii	"tprio_t\000"
 1677      6F5F7400 
 1678              	.LASF72:
 1679 03c4 63685F73 		.ascii	"ch_system_debug\000"
 1679      79737465 
 1679      6D5F6465 
 1679      62756700 
 1680              	.LASF14:
 1681 03d4 696E7433 		.ascii	"int32_t\000"
 1681      325F7400 
 1682              	.LASF2:
 1683 03dc 756E7369 		.ascii	"unsigned char\000"
 1683      676E6564 
 1683      20636861 
 1683      7200
 1684              	.LASF103:
 1685 03ea 64656C61 		.ascii	"delay\000"
 1685      7900
 1686              	.LASF43:
 1687 03f0 705F6D74 		.ascii	"p_mtxlist\000"
 1687      786C6973 
 1687      7400
 1688              	.LASF3:
 1689 03fa 73686F72 		.ascii	"short int\000"
 1689      7420696E 
 1689      7400
 1690              	.LASF35:
 1691 0404 705F7374 		.ascii	"p_state\000"
 1691      61746500 
 1692              	.LASF38:
 1693 040c 705F7072 		.ascii	"p_preempt\000"
 1693      65656D70 
 1693      7400
 1694              	.LASF55:
 1695 0416 725F7072 		.ascii	"r_prio\000"
 1695      696F00
 1696              	.LASF93:
 1697 041d 65776D61 		.ascii	"ewmask\000"
 1697      736B00
 1698              	.LASF28:
 1699 0424 705F6E65 		.ascii	"p_next\000"
 1699      787400
 1700              	.LASF36:
 1701 042b 705F666C 		.ascii	"p_flags\000"
ARM GAS  /tmp/ccLnjV46.s 			page 34


 1701      61677300 
 1702              	.LASF108:
 1703 0433 5F5F6675 		.ascii	"__func__\000"
 1703      6E635F5F 
 1703      00
 1704              	.LASF62:
 1705 043c 63685F76 		.ascii	"ch_virtual_timer\000"
 1705      69727475 
 1705      616C5F74 
 1705      696D6572 
 1705      00
 1706              	.LASF94:
 1707 044d 63685F73 		.ascii	"ch_semaphore\000"
 1707      656D6170 
 1707      686F7265 
 1707      00
 1708              	.LASF42:
 1709 045a 705F6570 		.ascii	"p_epending\000"
 1709      656E6469 
 1709      6E6700
 1710              	.LASF15:
 1711 0465 75696E74 		.ascii	"uint32_t\000"
 1711      33325F74 
 1711      00
 1712              	.LASF92:
 1713 046e 77746D74 		.ascii	"wtmtxp\000"
 1713      787000
 1714              	.LASF54:
 1715 0475 725F7175 		.ascii	"r_queue\000"
 1715      65756500 
 1716              	.LASF65:
 1717 047d 76745F64 		.ascii	"vt_delta\000"
 1717      656C7461 
 1717      00
 1718              	.LASF49:
 1719 0486 63685F74 		.ascii	"ch_threads_list\000"
 1719      68726561 
 1719      64735F6C 
 1719      69737400 
 1720              	.LASF9:
 1721 0496 6C6F6E67 		.ascii	"long unsigned int\000"
 1721      20756E73 
 1721      69676E65 
 1721      6420696E 
 1721      7400
 1722              	.LASF101:
 1723 04a8 63686172 		.ascii	"char\000"
 1723      00
 1724              	.LASF27:
 1725 04ad 74687265 		.ascii	"thread_t\000"
 1725      61645F74 
 1725      00
 1726              	.LASF100:
 1727 04b6 6D5F6E65 		.ascii	"m_next\000"
 1727      787400
 1728              	.LASF26:
 1729 04bd 73797374 		.ascii	"systime_t\000"
ARM GAS  /tmp/ccLnjV46.s 			page 35


 1729      696D655F 
 1729      7400
 1730              	.LASF44:
 1731 04c7 705F7265 		.ascii	"p_realprio\000"
 1731      616C7072 
 1731      696F00
 1732              	.LASF60:
 1733 04d2 76746675 		.ascii	"vtfunc_t\000"
 1733      6E635F74 
 1733      00
 1734              	.LASF8:
 1735 04db 5F5F7569 		.ascii	"__uint32_t\000"
 1735      6E743332 
 1735      5F7400
 1736              	.LASF73:
 1737 04e6 70616E69 		.ascii	"panic_msg\000"
 1737      635F6D73 
 1737      6700
 1738              	.LASF85:
 1739 04f0 6F666673 		.ascii	"offset\000"
 1739      657400
 1740              	.LASF83:
 1741 04f7 636F6E74 		.ascii	"context\000"
 1741      65787400 
 1742              	.LASF17:
 1743 04ff 7274636E 		.ascii	"rtcnt_t\000"
 1743      745F7400 
 1744              	.LASF67:
 1745 0507 76745F70 		.ascii	"vt_par\000"
 1745      617200
 1746              	.LASF104:
 1747 050e 76746675 		.ascii	"vtfunc\000"
 1747      6E6300
 1748              	.LASF50:
 1749 0515 74687265 		.ascii	"threads_queue_t\000"
 1749      6164735F 
 1749      71756575 
 1749      655F7400 
 1750              	.LASF97:
 1751 0525 63685F6D 		.ascii	"ch_mutex\000"
 1751      75746578 
 1751      00
 1752              	.LASF37:
 1753 052e 705F7265 		.ascii	"p_refs\000"
 1753      667300
 1754              	.LASF76:
 1755 0535 726C6973 		.ascii	"rlist\000"
 1755      7400
 1756              	.LASF13:
 1757 053b 75696E74 		.ascii	"uint8_t\000"
 1757      385F7400 
 1758              	.LASF89:
 1759 0543 77746F62 		.ascii	"wtobjp\000"
 1759      6A7000
 1760              	.LASF34:
 1761 054a 705F6E61 		.ascii	"p_name\000"
 1761      6D6500
ARM GAS  /tmp/ccLnjV46.s 			page 36


 1762              	.LASF70:
 1763 0551 76745F73 		.ascii	"vt_systime\000"
 1763      79737469 
 1763      6D6500
 1764              	.LASF41:
 1765 055c 705F6D73 		.ascii	"p_msg\000"
 1765      6700
 1766              	.LASF99:
 1767 0562 6D5F6F77 		.ascii	"m_owner\000"
 1767      6E657200 
 1768              	.LASF31:
 1769 056a 705F6374 		.ascii	"p_ctx\000"
 1769      7800
 1770              	.LASF66:
 1771 0570 76745F66 		.ascii	"vt_func\000"
 1771      756E6300 
 1772              		.ident	"GCC: (GNU Tools for ARM Embedded Processors) 4.8.4 20140526 (release) [ARM/embedded-4_8-br
ARM GAS  /tmp/ccLnjV46.s 			page 37


DEFINED SYMBOLS
                            *ABS*:00000000 chvt.c
     /tmp/ccLnjV46.s:18     .text:00000000 $t
     /tmp/ccLnjV46.s:24     .text:00000000 _vt_init
     /tmp/ccLnjV46.s:53     .text:0000001c $d
     /tmp/ccLnjV46.s:58     .text:00000024 $t
     /tmp/ccLnjV46.s:64     .text:00000030 chVTDoSetI
     /tmp/ccLnjV46.s:153    .text:000000a8 $d
     /tmp/ccLnjV46.s:157    .text:000000ac $t
     /tmp/ccLnjV46.s:163    .text:000000b0 chVTDoResetI
     /tmp/ccLnjV46.s:210    .text:000000ec $d
                     .debug_frame:00000010 $d

UNDEFINED SYMBOLS
ch
