ARM GAS  /tmp/ccs0sfca.s 			page 1


   1              		.syntax unified
   2              		.cpu cortex-m4
   3              		.fpu softvfp
   4              		.eabi_attribute 20, 1
   5              		.eabi_attribute 21, 1
   6              		.eabi_attribute 23, 3
   7              		.eabi_attribute 24, 1
   8              		.eabi_attribute 25, 1
   9              		.eabi_attribute 26, 1
  10              		.eabi_attribute 30, 6
  11              		.eabi_attribute 34, 1
  12              		.eabi_attribute 18, 4
  13              		.thumb
  14              		.file	"hal_queues.c"
  15              		.text
  16              	.Ltext0:
  17              		.cfi_sections	.debug_frame
  18              	.Letext0:
  19              		.file 1 "/nfs/nfs5/home/research/hardware/arm2/gcc-arm-embedded/gcc-arm-none-eabi-4_8-2014q2/arm-n
  20              		.file 2 "/nfs/nfs5/home/research/hardware/arm2/gcc-arm-embedded/gcc-arm-none-eabi-4_8-2014q2/arm-n
  21              		.file 3 "../../ChibiOS/os/rt/ports/ARMCMx/compilers/GCC/chtypes.h"
  22              		.file 4 "../../ChibiOS/os/rt/include/chsystypes.h"
  23              		.file 5 "../../ChibiOS/os/rt/include/chschd.h"
  24              		.file 6 "../../ChibiOS/os/rt/ports/ARMCMx/chcore.h"
  25              		.file 7 "../../ChibiOS/os/rt/ports/ARMCMx/chcore_v7m.h"
  26              		.file 8 "../../ChibiOS/os/rt/include/chtm.h"
  27              		.file 9 "../../ChibiOS/os/rt/include/chsem.h"
  28              		.file 10 "../../ChibiOS/os/rt/include/chmtx.h"
  29              		.file 11 "../../ChibiOS/os/ext/CMSIS/include/core_cm4.h"
  30              		.section	.debug_info,"",%progbits
  31              	.Ldebug_info0:
  32 0000 4A060000 		.4byte	0x64a
  33 0004 0400     		.2byte	0x4
  34 0006 00000000 		.4byte	.Ldebug_abbrev0
  35 000a 04       		.byte	0x4
  36 000b 01       		.uleb128 0x1
  37 000c B0020000 		.4byte	.LASF105
  38 0010 01       		.byte	0x1
  39 0011 19000000 		.4byte	.LASF106
  40 0015 4A040000 		.4byte	.LASF107
  41 0019 00000000 		.4byte	.Ldebug_line0
  42 001d 02       		.uleb128 0x2
  43 001e 04       		.byte	0x4
  44 001f 05       		.byte	0x5
  45 0020 696E7400 		.ascii	"int\000"
  46 0024 03       		.uleb128 0x3
  47 0025 04       		.byte	0x4
  48 0026 07       		.byte	0x7
  49 0027 27020000 		.4byte	.LASF0
  50 002b 03       		.uleb128 0x3
  51 002c 01       		.byte	0x1
  52 002d 06       		.byte	0x6
  53 002e F3010000 		.4byte	.LASF1
  54 0032 04       		.uleb128 0x4
  55 0033 A6010000 		.4byte	.LASF5
  56 0037 01       		.byte	0x1
  57 0038 1C       		.byte	0x1c
ARM GAS  /tmp/ccs0sfca.s 			page 2


  58 0039 3D000000 		.4byte	0x3d
  59 003d 03       		.uleb128 0x3
  60 003e 01       		.byte	0x1
  61 003f 08       		.byte	0x8
  62 0040 DE010000 		.4byte	.LASF2
  63 0044 03       		.uleb128 0x3
  64 0045 02       		.byte	0x2
  65 0046 05       		.byte	0x5
  66 0047 63000000 		.4byte	.LASF3
  67 004b 03       		.uleb128 0x3
  68 004c 02       		.byte	0x2
  69 004d 07       		.byte	0x7
  70 004e FB030000 		.4byte	.LASF4
  71 0052 04       		.uleb128 0x4
  72 0053 40040000 		.4byte	.LASF6
  73 0057 01       		.byte	0x1
  74 0058 37       		.byte	0x37
  75 0059 5D000000 		.4byte	0x5d
  76 005d 03       		.uleb128 0x3
  77 005e 04       		.byte	0x4
  78 005f 05       		.byte	0x5
  79 0060 65010000 		.4byte	.LASF7
  80 0064 04       		.uleb128 0x4
  81 0065 0E040000 		.4byte	.LASF8
  82 0069 01       		.byte	0x1
  83 006a 38       		.byte	0x38
  84 006b 6F000000 		.4byte	0x6f
  85 006f 03       		.uleb128 0x3
  86 0070 04       		.byte	0x4
  87 0071 07       		.byte	0x7
  88 0072 DF030000 		.4byte	.LASF9
  89 0076 03       		.uleb128 0x3
  90 0077 08       		.byte	0x8
  91 0078 05       		.byte	0x5
  92 0079 48010000 		.4byte	.LASF10
  93 007d 04       		.uleb128 0x4
  94 007e A5030000 		.4byte	.LASF11
  95 0082 01       		.byte	0x1
  96 0083 4E       		.byte	0x4e
  97 0084 88000000 		.4byte	0x88
  98 0088 03       		.uleb128 0x3
  99 0089 08       		.byte	0x8
 100 008a 07       		.byte	0x7
 101 008b 07020000 		.4byte	.LASF12
 102 008f 04       		.uleb128 0x4
 103 0090 E8000000 		.4byte	.LASF13
 104 0094 02       		.byte	0x2
 105 0095 2A       		.byte	0x2a
 106 0096 32000000 		.4byte	0x32
 107 009a 04       		.uleb128 0x4
 108 009b 78030000 		.4byte	.LASF14
 109 009f 02       		.byte	0x2
 110 00a0 41       		.byte	0x41
 111 00a1 52000000 		.4byte	0x52
 112 00a5 04       		.uleb128 0x4
 113 00a6 16010000 		.4byte	.LASF15
 114 00aa 02       		.byte	0x2
ARM GAS  /tmp/ccs0sfca.s 			page 3


 115 00ab 42       		.byte	0x42
 116 00ac 64000000 		.4byte	0x64
 117 00b0 04       		.uleb128 0x4
 118 00b1 4F000000 		.4byte	.LASF16
 119 00b5 02       		.byte	0x2
 120 00b6 4E       		.byte	0x4e
 121 00b7 7D000000 		.4byte	0x7d
 122 00bb 04       		.uleb128 0x4
 123 00bc B7000000 		.4byte	.LASF17
 124 00c0 03       		.byte	0x3
 125 00c1 39       		.byte	0x39
 126 00c2 A5000000 		.4byte	0xa5
 127 00c6 04       		.uleb128 0x4
 128 00c7 40010000 		.4byte	.LASF18
 129 00cb 03       		.byte	0x3
 130 00cc 3C       		.byte	0x3c
 131 00cd 8F000000 		.4byte	0x8f
 132 00d1 04       		.uleb128 0x4
 133 00d2 AB040000 		.4byte	.LASF19
 134 00d6 03       		.byte	0x3
 135 00d7 3D       		.byte	0x3d
 136 00d8 8F000000 		.4byte	0x8f
 137 00dc 04       		.uleb128 0x4
 138 00dd 09000000 		.4byte	.LASF20
 139 00e1 03       		.byte	0x3
 140 00e2 3E       		.byte	0x3e
 141 00e3 8F000000 		.4byte	0x8f
 142 00e7 04       		.uleb128 0x4
 143 00e8 0C010000 		.4byte	.LASF21
 144 00ec 03       		.byte	0x3
 145 00ed 3F       		.byte	0x3f
 146 00ee 8F000000 		.4byte	0x8f
 147 00f2 04       		.uleb128 0x4
 148 00f3 5D010000 		.4byte	.LASF22
 149 00f7 03       		.byte	0x3
 150 00f8 40       		.byte	0x40
 151 00f9 A5000000 		.4byte	0xa5
 152 00fd 04       		.uleb128 0x4
 153 00fe 2C050000 		.4byte	.LASF23
 154 0102 03       		.byte	0x3
 155 0103 41       		.byte	0x41
 156 0104 9A000000 		.4byte	0x9a
 157 0108 04       		.uleb128 0x4
 158 0109 92000000 		.4byte	.LASF24
 159 010d 03       		.byte	0x3
 160 010e 43       		.byte	0x43
 161 010f A5000000 		.4byte	0xa5
 162 0113 04       		.uleb128 0x4
 163 0114 87030000 		.4byte	.LASF25
 164 0118 03       		.byte	0x3
 165 0119 45       		.byte	0x45
 166 011a 9A000000 		.4byte	0x9a
 167 011e 04       		.uleb128 0x4
 168 011f A6020000 		.4byte	.LASF26
 169 0123 04       		.byte	0x4
 170 0124 33       		.byte	0x33
 171 0125 A5000000 		.4byte	0xa5
ARM GAS  /tmp/ccs0sfca.s 			page 4


 172 0129 04       		.uleb128 0x4
 173 012a 00000000 		.4byte	.LASF27
 174 012e 04       		.byte	0x4
 175 012f 3F       		.byte	0x3f
 176 0130 34010000 		.4byte	0x134
 177 0134 05       		.uleb128 0x5
 178 0135 1F010000 		.4byte	.LASF48
 179 0139 44       		.byte	0x44
 180 013a 05       		.byte	0x5
 181 013b C2       		.byte	0xc2
 182 013c 2D020000 		.4byte	0x22d
 183 0140 06       		.uleb128 0x6
 184 0141 B0000000 		.4byte	.LASF28
 185 0145 05       		.byte	0x5
 186 0146 C3       		.byte	0xc3
 187 0147 38020000 		.4byte	0x238
 188 014b 00       		.byte	0
 189 014c 06       		.uleb128 0x6
 190 014d 85000000 		.4byte	.LASF29
 191 0151 05       		.byte	0x5
 192 0152 C5       		.byte	0xc5
 193 0153 38020000 		.4byte	0x238
 194 0157 04       		.byte	0x4
 195 0158 06       		.uleb128 0x6
 196 0159 A9000000 		.4byte	.LASF30
 197 015d 05       		.byte	0x5
 198 015e C7       		.byte	0xc7
 199 015f F2000000 		.4byte	0xf2
 200 0163 08       		.byte	0x8
 201 0164 06       		.uleb128 0x6
 202 0165 FB040000 		.4byte	.LASF31
 203 0169 05       		.byte	0x5
 204 016a C8       		.byte	0xc8
 205 016b 68040000 		.4byte	0x468
 206 016f 0C       		.byte	0xc
 207 0170 06       		.uleb128 0x6
 208 0171 FF010000 		.4byte	.LASF32
 209 0175 05       		.byte	0x5
 210 0176 CA       		.byte	0xca
 211 0177 38020000 		.4byte	0x238
 212 017b 10       		.byte	0x10
 213 017c 06       		.uleb128 0x6
 214 017d D1040000 		.4byte	.LASF33
 215 0181 05       		.byte	0x5
 216 0182 CB       		.byte	0xcb
 217 0183 38020000 		.4byte	0x238
 218 0187 14       		.byte	0x14
 219 0188 06       		.uleb128 0x6
 220 0189 BA030000 		.4byte	.LASF34
 221 018d 05       		.byte	0x5
 222 018e D2       		.byte	0xd2
 223 018f E7050000 		.4byte	0x5e7
 224 0193 18       		.byte	0x18
 225 0194 06       		.uleb128 0x6
 226 0195 8D030000 		.4byte	.LASF35
 227 0199 05       		.byte	0x5
 228 019a DD       		.byte	0xdd
ARM GAS  /tmp/ccs0sfca.s 			page 5


 229 019b D1000000 		.4byte	0xd1
 230 019f 1C       		.byte	0x1c
 231 01a0 06       		.uleb128 0x6
 232 01a1 89020000 		.4byte	.LASF36
 233 01a5 05       		.byte	0x5
 234 01a6 E1       		.byte	0xe1
 235 01a7 C6000000 		.4byte	0xc6
 236 01ab 1D       		.byte	0x1d
 237 01ac 06       		.uleb128 0x6
 238 01ad E6040000 		.4byte	.LASF37
 239 01b1 05       		.byte	0x5
 240 01b2 E6       		.byte	0xe6
 241 01b3 DC000000 		.4byte	0xdc
 242 01b7 1E       		.byte	0x1e
 243 01b8 06       		.uleb128 0x6
 244 01b9 91020000 		.4byte	.LASF38
 245 01bd 05       		.byte	0x5
 246 01be EC       		.byte	0xec
 247 01bf E7000000 		.4byte	0xe7
 248 01c3 1F       		.byte	0x1f
 249 01c4 07       		.uleb128 0x7
 250 01c5 705F7500 		.ascii	"p_u\000"
 251 01c9 05       		.byte	0x5
 252 01ca 3101     		.2byte	0x131
 253 01cc 22050000 		.4byte	0x522
 254 01d0 20       		.byte	0x20
 255 01d1 08       		.uleb128 0x8
 256 01d2 9B030000 		.4byte	.LASF39
 257 01d6 05       		.byte	0x5
 258 01d7 3601     		.2byte	0x136
 259 01d9 3E020000 		.4byte	0x23e
 260 01dd 24       		.byte	0x24
 261 01de 08       		.uleb128 0x8
 262 01df 9E000000 		.4byte	.LASF40
 263 01e3 05       		.byte	0x5
 264 01e4 3C01     		.2byte	0x13c
 265 01e6 62020000 		.4byte	0x262
 266 01ea 28       		.byte	0x28
 267 01eb 08       		.uleb128 0x8
 268 01ec D2010000 		.4byte	.LASF41
 269 01f0 05       		.byte	0x5
 270 01f1 4001     		.2byte	0x140
 271 01f3 FD000000 		.4byte	0xfd
 272 01f7 30       		.byte	0x30
 273 01f8 08       		.uleb128 0x8
 274 01f9 29010000 		.4byte	.LASF42
 275 01fd 05       		.byte	0x5
 276 01fe 4601     		.2byte	0x146
 277 0200 08010000 		.4byte	0x108
 278 0204 34       		.byte	0x34
 279 0205 08       		.uleb128 0x8
 280 0206 B0030000 		.4byte	.LASF43
 281 020a 05       		.byte	0x5
 282 020b 4D01     		.2byte	0x14d
 283 020d E1050000 		.4byte	0x5e1
 284 0211 38       		.byte	0x38
 285 0212 08       		.uleb128 0x8
ARM GAS  /tmp/ccs0sfca.s 			page 6


 286 0213 9B020000 		.4byte	.LASF44
 287 0217 05       		.byte	0x5
 288 0218 5101     		.2byte	0x151
 289 021a F2000000 		.4byte	0xf2
 290 021e 3C       		.byte	0x3c
 291 021f 08       		.uleb128 0x8
 292 0220 16050000 		.4byte	.LASF45
 293 0224 05       		.byte	0x5
 294 0225 5801     		.2byte	0x158
 295 0227 15030000 		.4byte	0x315
 296 022b 40       		.byte	0x40
 297 022c 00       		.byte	0
 298 022d 04       		.uleb128 0x4
 299 022e 91040000 		.4byte	.LASF46
 300 0232 04       		.byte	0x4
 301 0233 44       		.byte	0x44
 302 0234 38020000 		.4byte	0x238
 303 0238 09       		.uleb128 0x9
 304 0239 04       		.byte	0x4
 305 023a 29010000 		.4byte	0x129
 306 023e 04       		.uleb128 0x4
 307 023f 39050000 		.4byte	.LASF47
 308 0243 04       		.byte	0x4
 309 0244 49       		.byte	0x49
 310 0245 49020000 		.4byte	0x249
 311 0249 05       		.uleb128 0x5
 312 024a B8010000 		.4byte	.LASF49
 313 024e 04       		.byte	0x4
 314 024f 05       		.byte	0x5
 315 0250 B0       		.byte	0xb0
 316 0251 62020000 		.4byte	0x262
 317 0255 06       		.uleb128 0x6
 318 0256 B0000000 		.4byte	.LASF28
 319 025a 05       		.byte	0x5
 320 025b B1       		.byte	0xb1
 321 025c 38020000 		.4byte	0x238
 322 0260 00       		.byte	0
 323 0261 00       		.byte	0
 324 0262 04       		.uleb128 0x4
 325 0263 71020000 		.4byte	.LASF50
 326 0267 04       		.byte	0x4
 327 0268 50       		.byte	0x50
 328 0269 6D020000 		.4byte	0x26d
 329 026d 05       		.uleb128 0x5
 330 026e F0000000 		.4byte	.LASF51
 331 0272 08       		.byte	0x8
 332 0273 05       		.byte	0x5
 333 0274 B7       		.byte	0xb7
 334 0275 92020000 		.4byte	0x292
 335 0279 06       		.uleb128 0x6
 336 027a B0000000 		.4byte	.LASF28
 337 027e 05       		.byte	0x5
 338 027f B8       		.byte	0xb8
 339 0280 38020000 		.4byte	0x238
 340 0284 00       		.byte	0
 341 0285 06       		.uleb128 0x6
 342 0286 85000000 		.4byte	.LASF29
ARM GAS  /tmp/ccs0sfca.s 			page 7


 343 028a 05       		.byte	0x5
 344 028b B9       		.byte	0xb9
 345 028c 38020000 		.4byte	0x238
 346 0290 04       		.byte	0x4
 347 0291 00       		.byte	0
 348 0292 04       		.uleb128 0x4
 349 0293 D9040000 		.4byte	.LASF52
 350 0297 04       		.byte	0x4
 351 0298 57       		.byte	0x57
 352 0299 9D020000 		.4byte	0x29d
 353 029d 0A       		.uleb128 0xa
 354 029e ED040000 		.4byte	.LASF53
 355 02a2 1C       		.byte	0x1c
 356 02a3 05       		.byte	0x5
 357 02a4 9001     		.2byte	0x190
 358 02a6 F9020000 		.4byte	0x2f9
 359 02aa 08       		.uleb128 0x8
 360 02ab 6D000000 		.4byte	.LASF54
 361 02af 05       		.byte	0x5
 362 02b0 9101     		.2byte	0x191
 363 02b2 62020000 		.4byte	0x262
 364 02b6 00       		.byte	0
 365 02b7 08       		.uleb128 0x8
 366 02b8 80030000 		.4byte	.LASF55
 367 02bc 05       		.byte	0x5
 368 02bd 9201     		.2byte	0x192
 369 02bf F2000000 		.4byte	0xf2
 370 02c3 08       		.byte	0x8
 371 02c4 08       		.uleb128 0x8
 372 02c5 8C000000 		.4byte	.LASF56
 373 02c9 05       		.byte	0x5
 374 02ca 9401     		.2byte	0x194
 375 02cc 68040000 		.4byte	0x468
 376 02d0 0C       		.byte	0xc
 377 02d1 08       		.uleb128 0x8
 378 02d2 81020000 		.4byte	.LASF57
 379 02d6 05       		.byte	0x5
 380 02d7 9701     		.2byte	0x197
 381 02d9 38020000 		.4byte	0x238
 382 02dd 10       		.byte	0x10
 383 02de 08       		.uleb128 0x8
 384 02df 11000000 		.4byte	.LASF58
 385 02e3 05       		.byte	0x5
 386 02e4 9801     		.2byte	0x198
 387 02e6 38020000 		.4byte	0x238
 388 02ea 14       		.byte	0x14
 389 02eb 08       		.uleb128 0x8
 390 02ec C8010000 		.4byte	.LASF59
 391 02f0 05       		.byte	0x5
 392 02f1 9B01     		.2byte	0x19b
 393 02f3 38020000 		.4byte	0x238
 394 02f7 18       		.byte	0x18
 395 02f8 00       		.byte	0
 396 02f9 04       		.uleb128 0x4
 397 02fa C8040000 		.4byte	.LASF60
 398 02fe 04       		.byte	0x4
 399 02ff 5C       		.byte	0x5c
ARM GAS  /tmp/ccs0sfca.s 			page 8


 400 0300 04030000 		.4byte	0x304
 401 0304 09       		.uleb128 0x9
 402 0305 04       		.byte	0x4
 403 0306 0A030000 		.4byte	0x30a
 404 030a 0B       		.uleb128 0xb
 405 030b 15030000 		.4byte	0x315
 406 030f 0C       		.uleb128 0xc
 407 0310 15030000 		.4byte	0x315
 408 0314 00       		.byte	0
 409 0315 0D       		.uleb128 0xd
 410 0316 04       		.byte	0x4
 411 0317 04       		.uleb128 0x4
 412 0318 7F010000 		.4byte	.LASF61
 413 031c 04       		.byte	0x4
 414 031d 61       		.byte	0x61
 415 031e 22030000 		.4byte	0x322
 416 0322 0A       		.uleb128 0xa
 417 0323 67030000 		.4byte	.LASF62
 418 0327 14       		.byte	0x14
 419 0328 05       		.byte	0x5
 420 0329 6B01     		.2byte	0x16b
 421 032b 71030000 		.4byte	0x371
 422 032f 08       		.uleb128 0x8
 423 0330 53020000 		.4byte	.LASF63
 424 0334 05       		.byte	0x5
 425 0335 6C01     		.2byte	0x16c
 426 0337 F9050000 		.4byte	0x5f9
 427 033b 00       		.byte	0
 428 033c 08       		.uleb128 0x8
 429 033d 38040000 		.4byte	.LASF64
 430 0341 05       		.byte	0x5
 431 0342 6D01     		.2byte	0x16d
 432 0344 F9050000 		.4byte	0x5f9
 433 0348 04       		.byte	0x4
 434 0349 08       		.uleb128 0x8
 435 034a D0030000 		.4byte	.LASF65
 436 034e 05       		.byte	0x5
 437 034f 6E01     		.2byte	0x16e
 438 0351 1E010000 		.4byte	0x11e
 439 0355 08       		.byte	0x8
 440 0356 08       		.uleb128 0x8
 441 0357 D7000000 		.4byte	.LASF66
 442 035b 05       		.byte	0x5
 443 035c 6F01     		.2byte	0x16f
 444 035e F9020000 		.4byte	0x2f9
 445 0362 0C       		.byte	0xc
 446 0363 08       		.uleb128 0x8
 447 0364 D0000000 		.4byte	.LASF67
 448 0368 05       		.byte	0x5
 449 0369 7101     		.2byte	0x171
 450 036b 15030000 		.4byte	0x315
 451 036f 10       		.byte	0x10
 452 0370 00       		.byte	0
 453 0371 04       		.uleb128 0x4
 454 0372 5B020000 		.4byte	.LASF68
 455 0376 04       		.byte	0x4
 456 0377 66       		.byte	0x66
ARM GAS  /tmp/ccs0sfca.s 			page 9


 457 0378 7C030000 		.4byte	0x37c
 458 037c 0A       		.uleb128 0xa
 459 037d 34020000 		.4byte	.LASF69
 460 0381 10       		.byte	0x10
 461 0382 05       		.byte	0x5
 462 0383 7B01     		.2byte	0x17b
 463 0385 BE030000 		.4byte	0x3be
 464 0389 08       		.uleb128 0x8
 465 038a 53020000 		.4byte	.LASF63
 466 038e 05       		.byte	0x5
 467 038f 7C01     		.2byte	0x17c
 468 0391 F9050000 		.4byte	0x5f9
 469 0395 00       		.byte	0
 470 0396 08       		.uleb128 0x8
 471 0397 38040000 		.4byte	.LASF64
 472 039b 05       		.byte	0x5
 473 039c 7E01     		.2byte	0x17e
 474 039e F9050000 		.4byte	0x5f9
 475 03a2 04       		.byte	0x4
 476 03a3 08       		.uleb128 0x8
 477 03a4 D0030000 		.4byte	.LASF65
 478 03a8 05       		.byte	0x5
 479 03a9 8001     		.2byte	0x180
 480 03ab 1E010000 		.4byte	0x11e
 481 03af 08       		.byte	0x8
 482 03b0 08       		.uleb128 0x8
 483 03b1 01010000 		.4byte	.LASF70
 484 03b5 05       		.byte	0x5
 485 03b6 8201     		.2byte	0x182
 486 03b8 FF050000 		.4byte	0x5ff
 487 03bc 0C       		.byte	0xc
 488 03bd 00       		.byte	0
 489 03be 04       		.uleb128 0x4
 490 03bf 8F010000 		.4byte	.LASF71
 491 03c3 04       		.byte	0x4
 492 03c4 6B       		.byte	0x6b
 493 03c5 C9030000 		.4byte	0x3c9
 494 03c9 0A       		.uleb128 0xa
 495 03ca 3F000000 		.4byte	.LASF72
 496 03ce 04       		.byte	0x4
 497 03cf 05       		.byte	0x5
 498 03d0 A201     		.2byte	0x1a2
 499 03d2 E4030000 		.4byte	0x3e4
 500 03d6 08       		.uleb128 0x8
 501 03d7 F1030000 		.4byte	.LASF73
 502 03db 05       		.byte	0x5
 503 03dc AA01     		.2byte	0x1aa
 504 03de 04060000 		.4byte	0x604
 505 03e2 00       		.byte	0
 506 03e3 00       		.byte	0
 507 03e4 04       		.uleb128 0x4
 508 03e5 34010000 		.4byte	.LASF74
 509 03e9 04       		.byte	0x4
 510 03ea 70       		.byte	0x70
 511 03eb EF030000 		.4byte	0x3ef
 512 03ef 0E       		.uleb128 0xe
 513 03f0 6E010000 		.4byte	.LASF75
ARM GAS  /tmp/ccs0sfca.s 			page 10


 514 03f4 5001     		.2byte	0x150
 515 03f6 05       		.byte	0x5
 516 03f7 C201     		.2byte	0x1c2
 517 03f9 4B040000 		.4byte	0x44b
 518 03fd 08       		.uleb128 0x8
 519 03fe D9030000 		.4byte	.LASF76
 520 0402 05       		.byte	0x5
 521 0403 C601     		.2byte	0x1c6
 522 0405 92020000 		.4byte	0x292
 523 0409 00       		.byte	0
 524 040a 08       		.uleb128 0x8
 525 040b 25050000 		.4byte	.LASF77
 526 040f 05       		.byte	0x5
 527 0410 CA01     		.2byte	0x1ca
 528 0412 71030000 		.4byte	0x371
 529 0416 1C       		.byte	0x1c
 530 0417 07       		.uleb128 0x7
 531 0418 64626700 		.ascii	"dbg\000"
 532 041c 05       		.byte	0x5
 533 041d CE01     		.2byte	0x1ce
 534 041f BE030000 		.4byte	0x3be
 535 0423 2C       		.byte	0x2c
 536 0424 08       		.uleb128 0x8
 537 0425 58000000 		.4byte	.LASF78
 538 0429 05       		.byte	0x5
 539 042a D201     		.2byte	0x1d2
 540 042c 29010000 		.4byte	0x129
 541 0430 30       		.byte	0x30
 542 0431 07       		.uleb128 0x7
 543 0432 746D00   		.ascii	"tm\000"
 544 0435 05       		.byte	0x5
 545 0436 D701     		.2byte	0x1d7
 546 0438 17050000 		.4byte	0x517
 547 043c 74       		.byte	0x74
 548 043d 08       		.uleb128 0x8
 549 043e C1030000 		.4byte	.LASF79
 550 0442 05       		.byte	0x5
 551 0443 E301     		.2byte	0x1e3
 552 0445 09060000 		.4byte	0x609
 553 0449 78       		.byte	0x78
 554 044a 00       		.byte	0
 555 044b 03       		.uleb128 0x3
 556 044c 04       		.byte	0x4
 557 044d 07       		.byte	0x7
 558 044e 7C000000 		.4byte	.LASF80
 559 0452 04       		.uleb128 0x4
 560 0453 DF000000 		.4byte	.LASF81
 561 0457 06       		.byte	0x6
 562 0458 65       		.byte	0x65
 563 0459 15030000 		.4byte	0x315
 564 045d 04       		.uleb128 0x4
 565 045e B4040000 		.4byte	.LASF82
 566 0462 06       		.byte	0x6
 567 0463 6D       		.byte	0x6d
 568 0464 B0000000 		.4byte	0xb0
 569 0468 05       		.uleb128 0x5
 570 0469 B0010000 		.4byte	.LASF83
ARM GAS  /tmp/ccs0sfca.s 			page 11


 571 046d 04       		.byte	0x4
 572 046e 06       		.byte	0x6
 573 046f 89       		.byte	0x89
 574 0470 81040000 		.4byte	0x481
 575 0474 0F       		.uleb128 0xf
 576 0475 72313300 		.ascii	"r13\000"
 577 0479 06       		.byte	0x6
 578 047a 8A       		.byte	0x8a
 579 047b FC040000 		.4byte	0x4fc
 580 047f 00       		.byte	0
 581 0480 00       		.byte	0
 582 0481 05       		.uleb128 0x5
 583 0482 2C040000 		.4byte	.LASF84
 584 0486 24       		.byte	0x24
 585 0487 07       		.byte	0x7
 586 0488 FD       		.byte	0xfd
 587 0489 FC040000 		.4byte	0x4fc
 588 048d 07       		.uleb128 0x7
 589 048e 723400   		.ascii	"r4\000"
 590 0491 07       		.byte	0x7
 591 0492 1001     		.2byte	0x110
 592 0494 52040000 		.4byte	0x452
 593 0498 00       		.byte	0
 594 0499 07       		.uleb128 0x7
 595 049a 723500   		.ascii	"r5\000"
 596 049d 07       		.byte	0x7
 597 049e 1101     		.2byte	0x111
 598 04a0 52040000 		.4byte	0x452
 599 04a4 04       		.byte	0x4
 600 04a5 07       		.uleb128 0x7
 601 04a6 723600   		.ascii	"r6\000"
 602 04a9 07       		.byte	0x7
 603 04aa 1201     		.2byte	0x112
 604 04ac 52040000 		.4byte	0x452
 605 04b0 08       		.byte	0x8
 606 04b1 07       		.uleb128 0x7
 607 04b2 723700   		.ascii	"r7\000"
 608 04b5 07       		.byte	0x7
 609 04b6 1301     		.2byte	0x113
 610 04b8 52040000 		.4byte	0x452
 611 04bc 0C       		.byte	0xc
 612 04bd 07       		.uleb128 0x7
 613 04be 723800   		.ascii	"r8\000"
 614 04c1 07       		.byte	0x7
 615 04c2 1401     		.2byte	0x114
 616 04c4 52040000 		.4byte	0x452
 617 04c8 10       		.byte	0x10
 618 04c9 07       		.uleb128 0x7
 619 04ca 723900   		.ascii	"r9\000"
 620 04cd 07       		.byte	0x7
 621 04ce 1501     		.2byte	0x115
 622 04d0 52040000 		.4byte	0x452
 623 04d4 14       		.byte	0x14
 624 04d5 07       		.uleb128 0x7
 625 04d6 72313000 		.ascii	"r10\000"
 626 04da 07       		.byte	0x7
 627 04db 1601     		.2byte	0x116
ARM GAS  /tmp/ccs0sfca.s 			page 12


 628 04dd 52040000 		.4byte	0x452
 629 04e1 18       		.byte	0x18
 630 04e2 07       		.uleb128 0x7
 631 04e3 72313100 		.ascii	"r11\000"
 632 04e7 07       		.byte	0x7
 633 04e8 1701     		.2byte	0x117
 634 04ea 52040000 		.4byte	0x452
 635 04ee 1C       		.byte	0x1c
 636 04ef 07       		.uleb128 0x7
 637 04f0 6C7200   		.ascii	"lr\000"
 638 04f3 07       		.byte	0x7
 639 04f4 1801     		.2byte	0x118
 640 04f6 52040000 		.4byte	0x452
 641 04fa 20       		.byte	0x20
 642 04fb 00       		.byte	0
 643 04fc 09       		.uleb128 0x9
 644 04fd 04       		.byte	0x4
 645 04fe 81040000 		.4byte	0x481
 646 0502 10       		.uleb128 0x10
 647 0503 04       		.byte	0x4
 648 0504 08       		.byte	0x8
 649 0505 38       		.byte	0x38
 650 0506 17050000 		.4byte	0x517
 651 050a 06       		.uleb128 0x6
 652 050b 78010000 		.4byte	.LASF85
 653 050f 08       		.byte	0x8
 654 0510 3C       		.byte	0x3c
 655 0511 BB000000 		.4byte	0xbb
 656 0515 00       		.byte	0
 657 0516 00       		.byte	0
 658 0517 04       		.uleb128 0x4
 659 0518 BF000000 		.4byte	.LASF86
 660 051c 08       		.byte	0x8
 661 051d 3D       		.byte	0x3d
 662 051e 02050000 		.4byte	0x502
 663 0522 11       		.uleb128 0x11
 664 0523 04       		.byte	0x4
 665 0524 05       		.byte	0x5
 666 0525 FA       		.byte	0xfa
 667 0526 7F050000 		.4byte	0x57f
 668 052a 12       		.uleb128 0x12
 669 052b 1E050000 		.4byte	.LASF87
 670 052f 05       		.byte	0x5
 671 0530 0101     		.2byte	0x101
 672 0532 FD000000 		.4byte	0xfd
 673 0536 12       		.uleb128 0x12
 674 0537 BF040000 		.4byte	.LASF88
 675 053b 05       		.byte	0x5
 676 053c 0801     		.2byte	0x108
 677 053e FD000000 		.4byte	0xfd
 678 0542 12       		.uleb128 0x12
 679 0543 A4040000 		.4byte	.LASF89
 680 0547 05       		.byte	0x5
 681 0548 0F01     		.2byte	0x10f
 682 054a 15030000 		.4byte	0x315
 683 054e 12       		.uleb128 0x12
 684 054f 19040000 		.4byte	.LASF90
ARM GAS  /tmp/ccs0sfca.s 			page 13


 685 0553 05       		.byte	0x5
 686 0554 1601     		.2byte	0x116
 687 0556 7F050000 		.4byte	0x57f
 688 055a 12       		.uleb128 0x12
 689 055b 56010000 		.4byte	.LASF91
 690 055f 05       		.byte	0x5
 691 0560 1E01     		.2byte	0x11e
 692 0562 AA050000 		.4byte	0x5aa
 693 0566 12       		.uleb128 0x12
 694 0567 32050000 		.4byte	.LASF92
 695 056b 05       		.byte	0x5
 696 056c 2701     		.2byte	0x127
 697 056e E1050000 		.4byte	0x5e1
 698 0572 12       		.uleb128 0x12
 699 0573 EC010000 		.4byte	.LASF93
 700 0577 05       		.byte	0x5
 701 0578 2F01     		.2byte	0x12f
 702 057a 08010000 		.4byte	0x108
 703 057e 00       		.byte	0
 704 057f 09       		.uleb128 0x9
 705 0580 04       		.byte	0x4
 706 0581 2D020000 		.4byte	0x22d
 707 0585 05       		.uleb128 0x5
 708 0586 1F040000 		.4byte	.LASF94
 709 058a 0C       		.byte	0xc
 710 058b 09       		.byte	0x9
 711 058c 34       		.byte	0x34
 712 058d AA050000 		.4byte	0x5aa
 713 0591 06       		.uleb128 0x6
 714 0592 5F030000 		.4byte	.LASF95
 715 0596 09       		.byte	0x9
 716 0597 35       		.byte	0x35
 717 0598 62020000 		.4byte	0x262
 718 059c 00       		.byte	0
 719 059d 06       		.uleb128 0x6
 720 059e D8010000 		.4byte	.LASF96
 721 05a2 09       		.byte	0x9
 722 05a3 37       		.byte	0x37
 723 05a4 13010000 		.4byte	0x113
 724 05a8 08       		.byte	0x8
 725 05a9 00       		.byte	0
 726 05aa 09       		.uleb128 0x9
 727 05ab 04       		.byte	0x4
 728 05ac 85050000 		.4byte	0x585
 729 05b0 05       		.uleb128 0x5
 730 05b1 1E020000 		.4byte	.LASF97
 731 05b5 10       		.byte	0x10
 732 05b6 0A       		.byte	0xa
 733 05b7 39       		.byte	0x39
 734 05b8 E1050000 		.4byte	0x5e1
 735 05bc 06       		.uleb128 0x6
 736 05bd 9E010000 		.4byte	.LASF98
 737 05c1 0A       		.byte	0xa
 738 05c2 3A       		.byte	0x3a
 739 05c3 62020000 		.4byte	0x262
 740 05c7 00       		.byte	0
 741 05c8 06       		.uleb128 0x6
ARM GAS  /tmp/ccs0sfca.s 			page 14


 742 05c9 0E050000 		.4byte	.LASF99
 743 05cd 0A       		.byte	0xa
 744 05ce 3C       		.byte	0x3c
 745 05cf 38020000 		.4byte	0x238
 746 05d3 08       		.byte	0x8
 747 05d4 06       		.uleb128 0x6
 748 05d5 75000000 		.4byte	.LASF100
 749 05d9 0A       		.byte	0xa
 750 05da 3E       		.byte	0x3e
 751 05db 24060000 		.4byte	0x624
 752 05df 0C       		.byte	0xc
 753 05e0 00       		.byte	0
 754 05e1 09       		.uleb128 0x9
 755 05e2 04       		.byte	0x4
 756 05e3 B0050000 		.4byte	0x5b0
 757 05e7 09       		.uleb128 0x9
 758 05e8 04       		.byte	0x4
 759 05e9 ED050000 		.4byte	0x5ed
 760 05ed 13       		.uleb128 0x13
 761 05ee F2050000 		.4byte	0x5f2
 762 05f2 03       		.uleb128 0x3
 763 05f3 01       		.byte	0x1
 764 05f4 08       		.byte	0x8
 765 05f5 5A030000 		.4byte	.LASF101
 766 05f9 09       		.uleb128 0x9
 767 05fa 04       		.byte	0x4
 768 05fb 17030000 		.4byte	0x317
 769 05ff 14       		.uleb128 0x14
 770 0600 1E010000 		.4byte	0x11e
 771 0604 14       		.uleb128 0x14
 772 0605 E7050000 		.4byte	0x5e7
 773 0609 15       		.uleb128 0x15
 774 060a 5D040000 		.4byte	0x45d
 775 060e 19060000 		.4byte	0x619
 776 0612 16       		.uleb128 0x16
 777 0613 4B040000 		.4byte	0x44b
 778 0617 1A       		.byte	0x1a
 779 0618 00       		.byte	0
 780 0619 04       		.uleb128 0x4
 781 061a 4B020000 		.4byte	.LASF102
 782 061e 0A       		.byte	0xa
 783 061f 34       		.byte	0x34
 784 0620 B0050000 		.4byte	0x5b0
 785 0624 09       		.uleb128 0x9
 786 0625 04       		.byte	0x4
 787 0626 19060000 		.4byte	0x619
 788 062a 03       		.uleb128 0x3
 789 062b 01       		.byte	0x1
 790 062c 02       		.byte	0x2
 791 062d 95030000 		.4byte	.LASF103
 792 0631 17       		.uleb128 0x17
 793 0632 01050000 		.4byte	.LASF104
 794 0636 0B       		.byte	0xb
 795 0637 FA06     		.2byte	0x6fa
 796 0639 3D060000 		.4byte	0x63d
 797 063d 14       		.uleb128 0x14
 798 063e 9A000000 		.4byte	0x9a
ARM GAS  /tmp/ccs0sfca.s 			page 15


 799 0642 18       		.uleb128 0x18
 800 0643 636800   		.ascii	"ch\000"
 801 0646 05       		.byte	0x5
 802 0647 0902     		.2byte	0x209
 803 0649 E4030000 		.4byte	0x3e4
 804 064d 00       		.byte	0
 805              		.section	.debug_abbrev,"",%progbits
 806              	.Ldebug_abbrev0:
 807 0000 01       		.uleb128 0x1
 808 0001 11       		.uleb128 0x11
 809 0002 01       		.byte	0x1
 810 0003 25       		.uleb128 0x25
 811 0004 0E       		.uleb128 0xe
 812 0005 13       		.uleb128 0x13
 813 0006 0B       		.uleb128 0xb
 814 0007 03       		.uleb128 0x3
 815 0008 0E       		.uleb128 0xe
 816 0009 1B       		.uleb128 0x1b
 817 000a 0E       		.uleb128 0xe
 818 000b 10       		.uleb128 0x10
 819 000c 17       		.uleb128 0x17
 820 000d 00       		.byte	0
 821 000e 00       		.byte	0
 822 000f 02       		.uleb128 0x2
 823 0010 24       		.uleb128 0x24
 824 0011 00       		.byte	0
 825 0012 0B       		.uleb128 0xb
 826 0013 0B       		.uleb128 0xb
 827 0014 3E       		.uleb128 0x3e
 828 0015 0B       		.uleb128 0xb
 829 0016 03       		.uleb128 0x3
 830 0017 08       		.uleb128 0x8
 831 0018 00       		.byte	0
 832 0019 00       		.byte	0
 833 001a 03       		.uleb128 0x3
 834 001b 24       		.uleb128 0x24
 835 001c 00       		.byte	0
 836 001d 0B       		.uleb128 0xb
 837 001e 0B       		.uleb128 0xb
 838 001f 3E       		.uleb128 0x3e
 839 0020 0B       		.uleb128 0xb
 840 0021 03       		.uleb128 0x3
 841 0022 0E       		.uleb128 0xe
 842 0023 00       		.byte	0
 843 0024 00       		.byte	0
 844 0025 04       		.uleb128 0x4
 845 0026 16       		.uleb128 0x16
 846 0027 00       		.byte	0
 847 0028 03       		.uleb128 0x3
 848 0029 0E       		.uleb128 0xe
 849 002a 3A       		.uleb128 0x3a
 850 002b 0B       		.uleb128 0xb
 851 002c 3B       		.uleb128 0x3b
 852 002d 0B       		.uleb128 0xb
 853 002e 49       		.uleb128 0x49
 854 002f 13       		.uleb128 0x13
 855 0030 00       		.byte	0
ARM GAS  /tmp/ccs0sfca.s 			page 16


 856 0031 00       		.byte	0
 857 0032 05       		.uleb128 0x5
 858 0033 13       		.uleb128 0x13
 859 0034 01       		.byte	0x1
 860 0035 03       		.uleb128 0x3
 861 0036 0E       		.uleb128 0xe
 862 0037 0B       		.uleb128 0xb
 863 0038 0B       		.uleb128 0xb
 864 0039 3A       		.uleb128 0x3a
 865 003a 0B       		.uleb128 0xb
 866 003b 3B       		.uleb128 0x3b
 867 003c 0B       		.uleb128 0xb
 868 003d 01       		.uleb128 0x1
 869 003e 13       		.uleb128 0x13
 870 003f 00       		.byte	0
 871 0040 00       		.byte	0
 872 0041 06       		.uleb128 0x6
 873 0042 0D       		.uleb128 0xd
 874 0043 00       		.byte	0
 875 0044 03       		.uleb128 0x3
 876 0045 0E       		.uleb128 0xe
 877 0046 3A       		.uleb128 0x3a
 878 0047 0B       		.uleb128 0xb
 879 0048 3B       		.uleb128 0x3b
 880 0049 0B       		.uleb128 0xb
 881 004a 49       		.uleb128 0x49
 882 004b 13       		.uleb128 0x13
 883 004c 38       		.uleb128 0x38
 884 004d 0B       		.uleb128 0xb
 885 004e 00       		.byte	0
 886 004f 00       		.byte	0
 887 0050 07       		.uleb128 0x7
 888 0051 0D       		.uleb128 0xd
 889 0052 00       		.byte	0
 890 0053 03       		.uleb128 0x3
 891 0054 08       		.uleb128 0x8
 892 0055 3A       		.uleb128 0x3a
 893 0056 0B       		.uleb128 0xb
 894 0057 3B       		.uleb128 0x3b
 895 0058 05       		.uleb128 0x5
 896 0059 49       		.uleb128 0x49
 897 005a 13       		.uleb128 0x13
 898 005b 38       		.uleb128 0x38
 899 005c 0B       		.uleb128 0xb
 900 005d 00       		.byte	0
 901 005e 00       		.byte	0
 902 005f 08       		.uleb128 0x8
 903 0060 0D       		.uleb128 0xd
 904 0061 00       		.byte	0
 905 0062 03       		.uleb128 0x3
 906 0063 0E       		.uleb128 0xe
 907 0064 3A       		.uleb128 0x3a
 908 0065 0B       		.uleb128 0xb
 909 0066 3B       		.uleb128 0x3b
 910 0067 05       		.uleb128 0x5
 911 0068 49       		.uleb128 0x49
 912 0069 13       		.uleb128 0x13
ARM GAS  /tmp/ccs0sfca.s 			page 17


 913 006a 38       		.uleb128 0x38
 914 006b 0B       		.uleb128 0xb
 915 006c 00       		.byte	0
 916 006d 00       		.byte	0
 917 006e 09       		.uleb128 0x9
 918 006f 0F       		.uleb128 0xf
 919 0070 00       		.byte	0
 920 0071 0B       		.uleb128 0xb
 921 0072 0B       		.uleb128 0xb
 922 0073 49       		.uleb128 0x49
 923 0074 13       		.uleb128 0x13
 924 0075 00       		.byte	0
 925 0076 00       		.byte	0
 926 0077 0A       		.uleb128 0xa
 927 0078 13       		.uleb128 0x13
 928 0079 01       		.byte	0x1
 929 007a 03       		.uleb128 0x3
 930 007b 0E       		.uleb128 0xe
 931 007c 0B       		.uleb128 0xb
 932 007d 0B       		.uleb128 0xb
 933 007e 3A       		.uleb128 0x3a
 934 007f 0B       		.uleb128 0xb
 935 0080 3B       		.uleb128 0x3b
 936 0081 05       		.uleb128 0x5
 937 0082 01       		.uleb128 0x1
 938 0083 13       		.uleb128 0x13
 939 0084 00       		.byte	0
 940 0085 00       		.byte	0
 941 0086 0B       		.uleb128 0xb
 942 0087 15       		.uleb128 0x15
 943 0088 01       		.byte	0x1
 944 0089 27       		.uleb128 0x27
 945 008a 19       		.uleb128 0x19
 946 008b 01       		.uleb128 0x1
 947 008c 13       		.uleb128 0x13
 948 008d 00       		.byte	0
 949 008e 00       		.byte	0
 950 008f 0C       		.uleb128 0xc
 951 0090 05       		.uleb128 0x5
 952 0091 00       		.byte	0
 953 0092 49       		.uleb128 0x49
 954 0093 13       		.uleb128 0x13
 955 0094 00       		.byte	0
 956 0095 00       		.byte	0
 957 0096 0D       		.uleb128 0xd
 958 0097 0F       		.uleb128 0xf
 959 0098 00       		.byte	0
 960 0099 0B       		.uleb128 0xb
 961 009a 0B       		.uleb128 0xb
 962 009b 00       		.byte	0
 963 009c 00       		.byte	0
 964 009d 0E       		.uleb128 0xe
 965 009e 13       		.uleb128 0x13
 966 009f 01       		.byte	0x1
 967 00a0 03       		.uleb128 0x3
 968 00a1 0E       		.uleb128 0xe
 969 00a2 0B       		.uleb128 0xb
ARM GAS  /tmp/ccs0sfca.s 			page 18


 970 00a3 05       		.uleb128 0x5
 971 00a4 3A       		.uleb128 0x3a
 972 00a5 0B       		.uleb128 0xb
 973 00a6 3B       		.uleb128 0x3b
 974 00a7 05       		.uleb128 0x5
 975 00a8 01       		.uleb128 0x1
 976 00a9 13       		.uleb128 0x13
 977 00aa 00       		.byte	0
 978 00ab 00       		.byte	0
 979 00ac 0F       		.uleb128 0xf
 980 00ad 0D       		.uleb128 0xd
 981 00ae 00       		.byte	0
 982 00af 03       		.uleb128 0x3
 983 00b0 08       		.uleb128 0x8
 984 00b1 3A       		.uleb128 0x3a
 985 00b2 0B       		.uleb128 0xb
 986 00b3 3B       		.uleb128 0x3b
 987 00b4 0B       		.uleb128 0xb
 988 00b5 49       		.uleb128 0x49
 989 00b6 13       		.uleb128 0x13
 990 00b7 38       		.uleb128 0x38
 991 00b8 0B       		.uleb128 0xb
 992 00b9 00       		.byte	0
 993 00ba 00       		.byte	0
 994 00bb 10       		.uleb128 0x10
 995 00bc 13       		.uleb128 0x13
 996 00bd 01       		.byte	0x1
 997 00be 0B       		.uleb128 0xb
 998 00bf 0B       		.uleb128 0xb
 999 00c0 3A       		.uleb128 0x3a
 1000 00c1 0B       		.uleb128 0xb
 1001 00c2 3B       		.uleb128 0x3b
 1002 00c3 0B       		.uleb128 0xb
 1003 00c4 01       		.uleb128 0x1
 1004 00c5 13       		.uleb128 0x13
 1005 00c6 00       		.byte	0
 1006 00c7 00       		.byte	0
 1007 00c8 11       		.uleb128 0x11
 1008 00c9 17       		.uleb128 0x17
 1009 00ca 01       		.byte	0x1
 1010 00cb 0B       		.uleb128 0xb
 1011 00cc 0B       		.uleb128 0xb
 1012 00cd 3A       		.uleb128 0x3a
 1013 00ce 0B       		.uleb128 0xb
 1014 00cf 3B       		.uleb128 0x3b
 1015 00d0 0B       		.uleb128 0xb
 1016 00d1 01       		.uleb128 0x1
 1017 00d2 13       		.uleb128 0x13
 1018 00d3 00       		.byte	0
 1019 00d4 00       		.byte	0
 1020 00d5 12       		.uleb128 0x12
 1021 00d6 0D       		.uleb128 0xd
 1022 00d7 00       		.byte	0
 1023 00d8 03       		.uleb128 0x3
 1024 00d9 0E       		.uleb128 0xe
 1025 00da 3A       		.uleb128 0x3a
 1026 00db 0B       		.uleb128 0xb
ARM GAS  /tmp/ccs0sfca.s 			page 19


 1027 00dc 3B       		.uleb128 0x3b
 1028 00dd 05       		.uleb128 0x5
 1029 00de 49       		.uleb128 0x49
 1030 00df 13       		.uleb128 0x13
 1031 00e0 00       		.byte	0
 1032 00e1 00       		.byte	0
 1033 00e2 13       		.uleb128 0x13
 1034 00e3 26       		.uleb128 0x26
 1035 00e4 00       		.byte	0
 1036 00e5 49       		.uleb128 0x49
 1037 00e6 13       		.uleb128 0x13
 1038 00e7 00       		.byte	0
 1039 00e8 00       		.byte	0
 1040 00e9 14       		.uleb128 0x14
 1041 00ea 35       		.uleb128 0x35
 1042 00eb 00       		.byte	0
 1043 00ec 49       		.uleb128 0x49
 1044 00ed 13       		.uleb128 0x13
 1045 00ee 00       		.byte	0
 1046 00ef 00       		.byte	0
 1047 00f0 15       		.uleb128 0x15
 1048 00f1 01       		.uleb128 0x1
 1049 00f2 01       		.byte	0x1
 1050 00f3 49       		.uleb128 0x49
 1051 00f4 13       		.uleb128 0x13
 1052 00f5 01       		.uleb128 0x1
 1053 00f6 13       		.uleb128 0x13
 1054 00f7 00       		.byte	0
 1055 00f8 00       		.byte	0
 1056 00f9 16       		.uleb128 0x16
 1057 00fa 21       		.uleb128 0x21
 1058 00fb 00       		.byte	0
 1059 00fc 49       		.uleb128 0x49
 1060 00fd 13       		.uleb128 0x13
 1061 00fe 2F       		.uleb128 0x2f
 1062 00ff 0B       		.uleb128 0xb
 1063 0100 00       		.byte	0
 1064 0101 00       		.byte	0
 1065 0102 17       		.uleb128 0x17
 1066 0103 34       		.uleb128 0x34
 1067 0104 00       		.byte	0
 1068 0105 03       		.uleb128 0x3
 1069 0106 0E       		.uleb128 0xe
 1070 0107 3A       		.uleb128 0x3a
 1071 0108 0B       		.uleb128 0xb
 1072 0109 3B       		.uleb128 0x3b
 1073 010a 05       		.uleb128 0x5
 1074 010b 49       		.uleb128 0x49
 1075 010c 13       		.uleb128 0x13
 1076 010d 3F       		.uleb128 0x3f
 1077 010e 19       		.uleb128 0x19
 1078 010f 3C       		.uleb128 0x3c
 1079 0110 19       		.uleb128 0x19
 1080 0111 00       		.byte	0
 1081 0112 00       		.byte	0
 1082 0113 18       		.uleb128 0x18
 1083 0114 34       		.uleb128 0x34
ARM GAS  /tmp/ccs0sfca.s 			page 20


 1084 0115 00       		.byte	0
 1085 0116 03       		.uleb128 0x3
 1086 0117 08       		.uleb128 0x8
 1087 0118 3A       		.uleb128 0x3a
 1088 0119 0B       		.uleb128 0xb
 1089 011a 3B       		.uleb128 0x3b
 1090 011b 05       		.uleb128 0x5
 1091 011c 49       		.uleb128 0x49
 1092 011d 13       		.uleb128 0x13
 1093 011e 3F       		.uleb128 0x3f
 1094 011f 19       		.uleb128 0x19
 1095 0120 3C       		.uleb128 0x3c
 1096 0121 19       		.uleb128 0x19
 1097 0122 00       		.byte	0
 1098 0123 00       		.byte	0
 1099 0124 00       		.byte	0
 1100              		.section	.debug_aranges,"",%progbits
 1101 0000 14000000 		.4byte	0x14
 1102 0004 0200     		.2byte	0x2
 1103 0006 00000000 		.4byte	.Ldebug_info0
 1104 000a 04       		.byte	0x4
 1105 000b 00       		.byte	0
 1106 000c 0000     		.2byte	0
 1107 000e 0000     		.2byte	0
 1108 0010 00000000 		.4byte	0
 1109 0014 00000000 		.4byte	0
 1110              		.section	.debug_line,"",%progbits
 1111              	.Ldebug_line0:
 1112 0000 17020000 		.section	.debug_str,"MS",%progbits,1
 1112      02001102 
 1112      00000201 
 1112      FB0E0D00 
 1112      01010101 
 1113              	.LASF27:
 1114 0000 74687265 		.ascii	"thread_t\000"
 1114      61645F74 
 1114      00
 1115              	.LASF20:
 1116 0009 74726566 		.ascii	"trefs_t\000"
 1116      735F7400 
 1117              	.LASF58:
 1118 0011 725F6F6C 		.ascii	"r_older\000"
 1118      64657200 
 1119              	.LASF106:
 1120 0019 2E2E2F2E 		.ascii	"../../ChibiOS/os/hal/src/hal_queues.c\000"
 1120      2E2F4368 
 1120      6962694F 
 1120      532F6F73 
 1120      2F68616C 
 1121              	.LASF72:
 1122 003f 63685F73 		.ascii	"ch_system_debug\000"
 1122      79737465 
 1122      6D5F6465 
 1122      62756700 
 1123              	.LASF16:
 1124 004f 75696E74 		.ascii	"uint64_t\000"
 1124      36345F74 
ARM GAS  /tmp/ccs0sfca.s 			page 21


 1124      00
 1125              	.LASF78:
 1126 0058 6D61696E 		.ascii	"mainthread\000"
 1126      74687265 
 1126      616400
 1127              	.LASF3:
 1128 0063 73686F72 		.ascii	"short int\000"
 1128      7420696E 
 1128      7400
 1129              	.LASF54:
 1130 006d 725F7175 		.ascii	"r_queue\000"
 1130      65756500 
 1131              	.LASF100:
 1132 0075 6D5F6E65 		.ascii	"m_next\000"
 1132      787400
 1133              	.LASF80:
 1134 007c 73697A65 		.ascii	"sizetype\000"
 1134      74797065 
 1134      00
 1135              	.LASF29:
 1136 0085 705F7072 		.ascii	"p_prev\000"
 1136      657600
 1137              	.LASF56:
 1138 008c 725F6374 		.ascii	"r_ctx\000"
 1138      7800
 1139              	.LASF24:
 1140 0092 6576656E 		.ascii	"eventmask_t\000"
 1140      746D6173 
 1140      6B5F7400 
 1141              	.LASF40:
 1142 009e 705F6D73 		.ascii	"p_msgqueue\000"
 1142      67717565 
 1142      756500
 1143              	.LASF30:
 1144 00a9 705F7072 		.ascii	"p_prio\000"
 1144      696F00
 1145              	.LASF28:
 1146 00b0 705F6E65 		.ascii	"p_next\000"
 1146      787400
 1147              	.LASF17:
 1148 00b7 7274636E 		.ascii	"rtcnt_t\000"
 1148      745F7400 
 1149              	.LASF86:
 1150 00bf 746D5F63 		.ascii	"tm_calibration_t\000"
 1150      616C6962 
 1150      72617469 
 1150      6F6E5F74 
 1150      00
 1151              	.LASF67:
 1152 00d0 76745F70 		.ascii	"vt_par\000"
 1152      617200
 1153              	.LASF66:
 1154 00d7 76745F66 		.ascii	"vt_func\000"
 1154      756E6300 
 1155              	.LASF81:
 1156 00df 72656761 		.ascii	"regarm_t\000"
 1156      726D5F74 
ARM GAS  /tmp/ccs0sfca.s 			page 22


 1156      00
 1157              	.LASF13:
 1158 00e8 75696E74 		.ascii	"uint8_t\000"
 1158      385F7400 
 1159              	.LASF51:
 1160 00f0 63685F74 		.ascii	"ch_threads_queue\000"
 1160      68726561 
 1160      64735F71 
 1160      75657565 
 1160      00
 1161              	.LASF70:
 1162 0101 76745F73 		.ascii	"vt_systime\000"
 1162      79737469 
 1162      6D6500
 1163              	.LASF21:
 1164 010c 74736C69 		.ascii	"tslices_t\000"
 1164      6365735F 
 1164      7400
 1165              	.LASF15:
 1166 0116 75696E74 		.ascii	"uint32_t\000"
 1166      33325F74 
 1166      00
 1167              	.LASF48:
 1168 011f 63685F74 		.ascii	"ch_thread\000"
 1168      68726561 
 1168      6400
 1169              	.LASF42:
 1170 0129 705F6570 		.ascii	"p_epending\000"
 1170      656E6469 
 1170      6E6700
 1171              	.LASF74:
 1172 0134 63685F73 		.ascii	"ch_system_t\000"
 1172      79737465 
 1172      6D5F7400 
 1173              	.LASF18:
 1174 0140 746D6F64 		.ascii	"tmode_t\000"
 1174      655F7400 
 1175              	.LASF10:
 1176 0148 6C6F6E67 		.ascii	"long long int\000"
 1176      206C6F6E 
 1176      6720696E 
 1176      7400
 1177              	.LASF91:
 1178 0156 77747365 		.ascii	"wtsemp\000"
 1178      6D7000
 1179              	.LASF22:
 1180 015d 74707269 		.ascii	"tprio_t\000"
 1180      6F5F7400 
 1181              	.LASF7:
 1182 0165 6C6F6E67 		.ascii	"long int\000"
 1182      20696E74 
 1182      00
 1183              	.LASF75:
 1184 016e 63685F73 		.ascii	"ch_system\000"
 1184      79737465 
 1184      6D00
 1185              	.LASF85:
ARM GAS  /tmp/ccs0sfca.s 			page 23


 1186 0178 6F666673 		.ascii	"offset\000"
 1186      657400
 1187              	.LASF61:
 1188 017f 76697274 		.ascii	"virtual_timer_t\000"
 1188      75616C5F 
 1188      74696D65 
 1188      725F7400 
 1189              	.LASF71:
 1190 018f 73797374 		.ascii	"system_debug_t\000"
 1190      656D5F64 
 1190      65627567 
 1190      5F7400
 1191              	.LASF98:
 1192 019e 6D5F7175 		.ascii	"m_queue\000"
 1192      65756500 
 1193              	.LASF5:
 1194 01a6 5F5F7569 		.ascii	"__uint8_t\000"
 1194      6E74385F 
 1194      7400
 1195              	.LASF83:
 1196 01b0 636F6E74 		.ascii	"context\000"
 1196      65787400 
 1197              	.LASF49:
 1198 01b8 63685F74 		.ascii	"ch_threads_list\000"
 1198      68726561 
 1198      64735F6C 
 1198      69737400 
 1199              	.LASF59:
 1200 01c8 725F6375 		.ascii	"r_current\000"
 1200      7272656E 
 1200      7400
 1201              	.LASF41:
 1202 01d2 705F6D73 		.ascii	"p_msg\000"
 1202      6700
 1203              	.LASF96:
 1204 01d8 735F636E 		.ascii	"s_cnt\000"
 1204      7400
 1205              	.LASF2:
 1206 01de 756E7369 		.ascii	"unsigned char\000"
 1206      676E6564 
 1206      20636861 
 1206      7200
 1207              	.LASF93:
 1208 01ec 65776D61 		.ascii	"ewmask\000"
 1208      736B00
 1209              	.LASF1:
 1210 01f3 7369676E 		.ascii	"signed char\000"
 1210      65642063 
 1210      68617200 
 1211              	.LASF32:
 1212 01ff 705F6E65 		.ascii	"p_newer\000"
 1212      77657200 
 1213              	.LASF12:
 1214 0207 6C6F6E67 		.ascii	"long long unsigned int\000"
 1214      206C6F6E 
 1214      6720756E 
 1214      7369676E 
ARM GAS  /tmp/ccs0sfca.s 			page 24


 1214      65642069 
 1215              	.LASF97:
 1216 021e 63685F6D 		.ascii	"ch_mutex\000"
 1216      75746578 
 1216      00
 1217              	.LASF0:
 1218 0227 756E7369 		.ascii	"unsigned int\000"
 1218      676E6564 
 1218      20696E74 
 1218      00
 1219              	.LASF69:
 1220 0234 63685F76 		.ascii	"ch_virtual_timers_list\000"
 1220      69727475 
 1220      616C5F74 
 1220      696D6572 
 1220      735F6C69 
 1221              	.LASF102:
 1222 024b 6D757465 		.ascii	"mutex_t\000"
 1222      785F7400 
 1223              	.LASF63:
 1224 0253 76745F6E 		.ascii	"vt_next\000"
 1224      65787400 
 1225              	.LASF68:
 1226 025b 76697274 		.ascii	"virtual_timers_list_t\000"
 1226      75616C5F 
 1226      74696D65 
 1226      72735F6C 
 1226      6973745F 
 1227              	.LASF50:
 1228 0271 74687265 		.ascii	"threads_queue_t\000"
 1228      6164735F 
 1228      71756575 
 1228      655F7400 
 1229              	.LASF57:
 1230 0281 725F6E65 		.ascii	"r_newer\000"
 1230      77657200 
 1231              	.LASF36:
 1232 0289 705F666C 		.ascii	"p_flags\000"
 1232      61677300 
 1233              	.LASF38:
 1234 0291 705F7072 		.ascii	"p_preempt\000"
 1234      65656D70 
 1234      7400
 1235              	.LASF44:
 1236 029b 705F7265 		.ascii	"p_realprio\000"
 1236      616C7072 
 1236      696F00
 1237              	.LASF26:
 1238 02a6 73797374 		.ascii	"systime_t\000"
 1238      696D655F 
 1238      7400
 1239              	.LASF105:
 1240 02b0 474E5520 		.ascii	"GNU C 4.8.4 20140526 (release) [ARM/embedded-4_8-br"
 1240      4320342E 
 1240      382E3420 
 1240      32303134 
 1240      30353236 
ARM GAS  /tmp/ccs0sfca.s 			page 25


 1241 02e3 616E6368 		.ascii	"anch revision 211358] -mcpu=cortex-m4 -mno-thumb-in"
 1241      20726576 
 1241      6973696F 
 1241      6E203231 
 1241      31333538 
 1242 0316 74657277 		.ascii	"terwork -mthumb -ggdb -O0 -fomit-frame-pointer -fal"
 1242      6F726B20 
 1242      2D6D7468 
 1242      756D6220 
 1242      2D676764 
 1243 0349 69676E2D 		.ascii	"ign-functions=16\000"
 1243      66756E63 
 1243      74696F6E 
 1243      733D3136 
 1243      00
 1244              	.LASF101:
 1245 035a 63686172 		.ascii	"char\000"
 1245      00
 1246              	.LASF95:
 1247 035f 735F7175 		.ascii	"s_queue\000"
 1247      65756500 
 1248              	.LASF62:
 1249 0367 63685F76 		.ascii	"ch_virtual_timer\000"
 1249      69727475 
 1249      616C5F74 
 1249      696D6572 
 1249      00
 1250              	.LASF14:
 1251 0378 696E7433 		.ascii	"int32_t\000"
 1251      325F7400 
 1252              	.LASF55:
 1253 0380 725F7072 		.ascii	"r_prio\000"
 1253      696F00
 1254              	.LASF25:
 1255 0387 636E745F 		.ascii	"cnt_t\000"
 1255      7400
 1256              	.LASF35:
 1257 038d 705F7374 		.ascii	"p_state\000"
 1257      61746500 
 1258              	.LASF103:
 1259 0395 5F426F6F 		.ascii	"_Bool\000"
 1259      6C00
 1260              	.LASF39:
 1261 039b 705F7761 		.ascii	"p_waiting\000"
 1261      6974696E 
 1261      6700
 1262              	.LASF11:
 1263 03a5 5F5F7569 		.ascii	"__uint64_t\000"
 1263      6E743634 
 1263      5F7400
 1264              	.LASF43:
 1265 03b0 705F6D74 		.ascii	"p_mtxlist\000"
 1265      786C6973 
 1265      7400
 1266              	.LASF34:
 1267 03ba 705F6E61 		.ascii	"p_name\000"
 1267      6D6500
ARM GAS  /tmp/ccs0sfca.s 			page 26


 1268              	.LASF79:
 1269 03c1 69646C65 		.ascii	"idle_thread_wa\000"
 1269      5F746872 
 1269      6561645F 
 1269      776100
 1270              	.LASF65:
 1271 03d0 76745F64 		.ascii	"vt_delta\000"
 1271      656C7461 
 1271      00
 1272              	.LASF76:
 1273 03d9 726C6973 		.ascii	"rlist\000"
 1273      7400
 1274              	.LASF9:
 1275 03df 6C6F6E67 		.ascii	"long unsigned int\000"
 1275      20756E73 
 1275      69676E65 
 1275      6420696E 
 1275      7400
 1276              	.LASF73:
 1277 03f1 70616E69 		.ascii	"panic_msg\000"
 1277      635F6D73 
 1277      6700
 1278              	.LASF4:
 1279 03fb 73686F72 		.ascii	"short unsigned int\000"
 1279      7420756E 
 1279      7369676E 
 1279      65642069 
 1279      6E7400
 1280              	.LASF8:
 1281 040e 5F5F7569 		.ascii	"__uint32_t\000"
 1281      6E743332 
 1281      5F7400
 1282              	.LASF90:
 1283 0419 77747472 		.ascii	"wttrp\000"
 1283      7000
 1284              	.LASF94:
 1285 041f 63685F73 		.ascii	"ch_semaphore\000"
 1285      656D6170 
 1285      686F7265 
 1285      00
 1286              	.LASF84:
 1287 042c 706F7274 		.ascii	"port_intctx\000"
 1287      5F696E74 
 1287      63747800 
 1288              	.LASF64:
 1289 0438 76745F70 		.ascii	"vt_prev\000"
 1289      72657600 
 1290              	.LASF6:
 1291 0440 5F5F696E 		.ascii	"__int32_t\000"
 1291      7433325F 
 1291      7400
 1292              	.LASF107:
 1293 044a 2F6E6673 		.ascii	"/nfs/nfs7/home/vvedanta/P442/p442-submissions/senso"
 1293      2F6E6673 
 1293      372F686F 
 1293      6D652F76 
 1293      76656461 
ARM GAS  /tmp/ccs0sfca.s 			page 27


 1294 047d 7274696C 		.ascii	"rtile/final_project\000"
 1294      652F6669 
 1294      6E616C5F 
 1294      70726F6A 
 1294      65637400 
 1295              	.LASF46:
 1296 0491 74687265 		.ascii	"thread_reference_t\000"
 1296      61645F72 
 1296      65666572 
 1296      656E6365 
 1296      5F7400
 1297              	.LASF89:
 1298 04a4 77746F62 		.ascii	"wtobjp\000"
 1298      6A7000
 1299              	.LASF19:
 1300 04ab 74737461 		.ascii	"tstate_t\000"
 1300      74655F74 
 1300      00
 1301              	.LASF82:
 1302 04b4 73746B61 		.ascii	"stkalign_t\000"
 1302      6C69676E 
 1302      5F7400
 1303              	.LASF88:
 1304 04bf 65786974 		.ascii	"exitcode\000"
 1304      636F6465 
 1304      00
 1305              	.LASF60:
 1306 04c8 76746675 		.ascii	"vtfunc_t\000"
 1306      6E635F74 
 1306      00
 1307              	.LASF33:
 1308 04d1 705F6F6C 		.ascii	"p_older\000"
 1308      64657200 
 1309              	.LASF52:
 1310 04d9 72656164 		.ascii	"ready_list_t\000"
 1310      795F6C69 
 1310      73745F74 
 1310      00
 1311              	.LASF37:
 1312 04e6 705F7265 		.ascii	"p_refs\000"
 1312      667300
 1313              	.LASF53:
 1314 04ed 63685F72 		.ascii	"ch_ready_list\000"
 1314      65616479 
 1314      5F6C6973 
 1314      7400
 1315              	.LASF31:
 1316 04fb 705F6374 		.ascii	"p_ctx\000"
 1316      7800
 1317              	.LASF104:
 1318 0501 49544D5F 		.ascii	"ITM_RxBuffer\000"
 1318      52784275 
 1318      66666572 
 1318      00
 1319              	.LASF99:
 1320 050e 6D5F6F77 		.ascii	"m_owner\000"
 1320      6E657200 
ARM GAS  /tmp/ccs0sfca.s 			page 28


 1321              	.LASF45:
 1322 0516 705F6D70 		.ascii	"p_mpool\000"
 1322      6F6F6C00 
 1323              	.LASF87:
 1324 051e 7264796D 		.ascii	"rdymsg\000"
 1324      736700
 1325              	.LASF77:
 1326 0525 76746C69 		.ascii	"vtlist\000"
 1326      737400
 1327              	.LASF23:
 1328 052c 6D73675F 		.ascii	"msg_t\000"
 1328      7400
 1329              	.LASF92:
 1330 0532 77746D74 		.ascii	"wtmtxp\000"
 1330      787000
 1331              	.LASF47:
 1332 0539 74687265 		.ascii	"threads_list_t\000"
 1332      6164735F 
 1332      6C697374 
 1332      5F7400
 1333              		.ident	"GCC: (GNU Tools for ARM Embedded Processors) 4.8.4 20140526 (release) [ARM/embedded-4_8-br
ARM GAS  /tmp/ccs0sfca.s 			page 29


DEFINED SYMBOLS
                            *ABS*:00000000 hal_queues.c

NO UNDEFINED SYMBOLS
