ARM GAS  /tmp/ccylItAm.s 			page 1


   1              		.syntax unified
   2              		.cpu cortex-m4
   3              		.fpu softvfp
   4              		.eabi_attribute 20, 1
   5              		.eabi_attribute 21, 1
   6              		.eabi_attribute 23, 3
   7              		.eabi_attribute 24, 1
   8              		.eabi_attribute 25, 1
   9              		.eabi_attribute 26, 1
  10              		.eabi_attribute 30, 6
  11              		.eabi_attribute 34, 1
  12              		.eabi_attribute 18, 4
  13              		.thumb
  14              		.file	"pal.c"
  15              		.text
  16              	.Ltext0:
  17              		.cfi_sections	.debug_frame
  18              		.align	2
  19              		.p2align 4,,15
  20              		.global	palReadBus
  21              		.thumb
  22              		.thumb_func
  23              		.type	palReadBus, %function
  24              	palReadBus:
  25              	.LFB267:
  26              		.file 1 "../../ChibiOS/os/hal/src/pal.c"
  27              		.loc 1 65 0
  28              		.cfi_startproc
  29              		@ args = 0, pretend = 0, frame = 8
  30              		@ frame_needed = 0, uses_anonymous_args = 0
  31              		@ link register save eliminated.
  32 0000 82B0     		sub	sp, sp, #8
  33              		.cfi_def_cfa_offset 8
  34 0002 0190     		str	r0, [sp, #4]
  35              		.loc 1 69 0
  36 0004 019B     		ldr	r3, [sp, #4]
  37 0006 1B68     		ldr	r3, [r3]
  38 0008 1A69     		ldr	r2, [r3, #16]
  39 000a 019B     		ldr	r3, [sp, #4]
  40 000c 9B68     		ldr	r3, [r3, #8]
  41 000e DA40     		lsrs	r2, r2, r3
  42 0010 019B     		ldr	r3, [sp, #4]
  43 0012 5B68     		ldr	r3, [r3, #4]
  44 0014 1340     		ands	r3, r3, r2
  45              		.loc 1 70 0
  46 0016 1846     		mov	r0, r3
  47 0018 02B0     		add	sp, sp, #8
  48              		@ sp needed
  49 001a 7047     		bx	lr
  50              		.cfi_endproc
  51              	.LFE267:
  52              		.size	palReadBus, .-palReadBus
  53              		.align	2
  54 001c AFF30080 		.p2align 4,,15
  55              		.global	palWriteBus
  56              		.thumb
  57              		.thumb_func
ARM GAS  /tmp/ccylItAm.s 			page 2


  58              		.type	palWriteBus, %function
  59              	palWriteBus:
  60              	.LFB268:
  61              		.loc 1 90 0
  62              		.cfi_startproc
  63              		@ args = 0, pretend = 0, frame = 8
  64              		@ frame_needed = 0, uses_anonymous_args = 0
  65              		@ link register save eliminated.
  66 0020 82B0     		sub	sp, sp, #8
  67              		.cfi_def_cfa_offset 8
  68 0022 0190     		str	r0, [sp, #4]
  69 0024 0091     		str	r1, [sp]
  70              		.loc 1 94 0
  71 0026 019B     		ldr	r3, [sp, #4]
  72 0028 1B68     		ldr	r3, [r3]
  73 002a 009A     		ldr	r2, [sp]
  74 002c D143     		mvns	r1, r2
  75 002e 019A     		ldr	r2, [sp, #4]
  76 0030 5268     		ldr	r2, [r2, #4]
  77 0032 1140     		ands	r1, r1, r2
  78 0034 019A     		ldr	r2, [sp, #4]
  79 0036 9268     		ldr	r2, [r2, #8]
  80 0038 1032     		adds	r2, r2, #16
  81 003a 9140     		lsls	r1, r1, r2
  82 003c 019A     		ldr	r2, [sp, #4]
  83 003e 5068     		ldr	r0, [r2, #4]
  84 0040 009A     		ldr	r2, [sp]
  85 0042 1040     		ands	r0, r0, r2
  86 0044 019A     		ldr	r2, [sp, #4]
  87 0046 9268     		ldr	r2, [r2, #8]
  88 0048 00FA02F2 		lsl	r2, r0, r2
  89 004c 0A43     		orrs	r2, r2, r1
  90 004e 9A61     		str	r2, [r3, #24]
  91              		.loc 1 95 0
  92 0050 02B0     		add	sp, sp, #8
  93              		@ sp needed
  94 0052 7047     		bx	lr
  95              		.cfi_endproc
  96              	.LFE268:
  97              		.size	palWriteBus, .-palWriteBus
  98              		.align	2
  99 0054 AFF30080 		.p2align 4,,15
  99      AFF30080 
  99      AFF30080 
 100              		.global	palSetBusMode
 101              		.thumb
 102              		.thumb_func
 103              		.type	palSetBusMode, %function
 104              	palSetBusMode:
 105              	.LFB269:
 106              		.loc 1 113 0
 107              		.cfi_startproc
 108              		@ args = 0, pretend = 0, frame = 8
 109              		@ frame_needed = 0, uses_anonymous_args = 0
 110 0060 00B5     		push	{lr}
 111              		.cfi_def_cfa_offset 4
 112              		.cfi_offset 14, -4
ARM GAS  /tmp/ccylItAm.s 			page 3


 113 0062 83B0     		sub	sp, sp, #12
 114              		.cfi_def_cfa_offset 16
 115 0064 0190     		str	r0, [sp, #4]
 116 0066 0091     		str	r1, [sp]
 117              		.loc 1 117 0
 118 0068 019B     		ldr	r3, [sp, #4]
 119 006a 1A68     		ldr	r2, [r3]
 120 006c 019B     		ldr	r3, [sp, #4]
 121 006e 5968     		ldr	r1, [r3, #4]
 122 0070 019B     		ldr	r3, [sp, #4]
 123 0072 9B68     		ldr	r3, [r3, #8]
 124 0074 01FA03F3 		lsl	r3, r1, r3
 125 0078 1046     		mov	r0, r2
 126 007a 1946     		mov	r1, r3
 127 007c 009A     		ldr	r2, [sp]
 128 007e FFF7FEFF 		bl	_pal_lld_setgroupmode
 129              		.loc 1 118 0
 130 0082 03B0     		add	sp, sp, #12
 131              		@ sp needed
 132 0084 5DF804FB 		ldr	pc, [sp], #4
 133              		.cfi_endproc
 134              	.LFE269:
 135              		.size	palSetBusMode, .-palSetBusMode
 136              	.Letext0:
 137              		.file 2 "/nfs/nfs5/home/research/hardware/arm2/gcc-arm-embedded/gcc-arm-none-eabi-4_8-2014q2/arm-n
 138              		.file 3 "/nfs/nfs5/home/research/hardware/arm2/gcc-arm-embedded/gcc-arm-none-eabi-4_8-2014q2/arm-n
 139              		.file 4 "../../ChibiOS/os/rt/ports/ARMCMx/compilers/GCC/chtypes.h"
 140              		.file 5 "../../ChibiOS/os/rt/include/chsystypes.h"
 141              		.file 6 "../../ChibiOS/os/rt/include/chschd.h"
 142              		.file 7 "../../ChibiOS/os/rt/ports/ARMCMx/chcore.h"
 143              		.file 8 "../../ChibiOS/os/rt/ports/ARMCMx/chcore_v7m.h"
 144              		.file 9 "../../ChibiOS/os/rt/include/chtm.h"
 145              		.file 10 "../../ChibiOS/os/rt/include/chsem.h"
 146              		.file 11 "../../ChibiOS/os/rt/include/chmtx.h"
 147              		.file 12 "../../ChibiOS/os/hal/ports/STM32/LLD/GPIOv3/pal_lld.h"
 148              		.file 13 "../../ChibiOS/os/hal/include/pal.h"
 149              		.file 14 "../../ChibiOS/os/ext/CMSIS/include/core_cm4.h"
 150 0088 AFF30080 		.section	.debug_info,"",%progbits
 150      AFF30080 
 151              	.Ldebug_info0:
 152 0000 AB080000 		.4byte	0x8ab
 153 0004 0400     		.2byte	0x4
 154 0006 00000000 		.4byte	.Ldebug_abbrev0
 155 000a 04       		.byte	0x4
 156 000b 01       		.uleb128 0x1
 157 000c 4C020000 		.4byte	.LASF130
 158 0010 01       		.byte	0x1
 159 0011 53010000 		.4byte	.LASF131
 160 0015 C2010000 		.4byte	.LASF132
 161 0019 00000000 		.4byte	.Ltext0
 162 001d 88000000 		.4byte	.Letext0-.Ltext0
 163 0021 00000000 		.4byte	.Ldebug_line0
 164 0025 02       		.uleb128 0x2
 165 0026 04       		.byte	0x4
 166 0027 05       		.byte	0x5
 167 0028 696E7400 		.ascii	"int\000"
 168 002c 03       		.uleb128 0x3
ARM GAS  /tmp/ccylItAm.s 			page 4


 169 002d 04       		.byte	0x4
 170 002e 07       		.byte	0x7
 171 002f 9B010000 		.4byte	.LASF0
 172 0033 03       		.uleb128 0x3
 173 0034 01       		.byte	0x1
 174 0035 06       		.byte	0x6
 175 0036 DC000000 		.4byte	.LASF1
 176 003a 04       		.uleb128 0x4
 177 003b 23000000 		.4byte	.LASF4
 178 003f 02       		.byte	0x2
 179 0040 1C       		.byte	0x1c
 180 0041 45000000 		.4byte	0x45
 181 0045 03       		.uleb128 0x3
 182 0046 01       		.byte	0x1
 183 0047 08       		.byte	0x8
 184 0048 17040000 		.4byte	.LASF2
 185 004c 03       		.uleb128 0x3
 186 004d 02       		.byte	0x2
 187 004e 05       		.byte	0x5
 188 004f 2F040000 		.4byte	.LASF3
 189 0053 04       		.uleb128 0x4
 190 0054 21050000 		.4byte	.LASF5
 191 0058 02       		.byte	0x2
 192 0059 26       		.byte	0x26
 193 005a 5E000000 		.4byte	0x5e
 194 005e 03       		.uleb128 0x3
 195 005f 02       		.byte	0x2
 196 0060 07       		.byte	0x7
 197 0061 0F020000 		.4byte	.LASF6
 198 0065 04       		.uleb128 0x4
 199 0066 10030000 		.4byte	.LASF7
 200 006a 02       		.byte	0x2
 201 006b 37       		.byte	0x37
 202 006c 70000000 		.4byte	0x70
 203 0070 03       		.uleb128 0x3
 204 0071 04       		.byte	0x4
 205 0072 05       		.byte	0x5
 206 0073 13010000 		.4byte	.LASF8
 207 0077 04       		.uleb128 0x4
 208 0078 5A050000 		.4byte	.LASF9
 209 007c 02       		.byte	0x2
 210 007d 38       		.byte	0x38
 211 007e 82000000 		.4byte	0x82
 212 0082 03       		.uleb128 0x3
 213 0083 04       		.byte	0x4
 214 0084 07       		.byte	0x7
 215 0085 F3040000 		.4byte	.LASF10
 216 0089 03       		.uleb128 0x3
 217 008a 08       		.byte	0x8
 218 008b 05       		.byte	0x5
 219 008c CE000000 		.4byte	.LASF11
 220 0090 04       		.uleb128 0x4
 221 0091 34030000 		.4byte	.LASF12
 222 0095 02       		.byte	0x2
 223 0096 4E       		.byte	0x4e
 224 0097 9B000000 		.4byte	0x9b
 225 009b 03       		.uleb128 0x3
ARM GAS  /tmp/ccylItAm.s 			page 5


 226 009c 08       		.byte	0x8
 227 009d 07       		.byte	0x7
 228 009e 62000000 		.4byte	.LASF13
 229 00a2 04       		.uleb128 0x4
 230 00a3 CF050000 		.4byte	.LASF14
 231 00a7 03       		.byte	0x3
 232 00a8 2A       		.byte	0x2a
 233 00a9 3A000000 		.4byte	0x3a
 234 00ad 04       		.uleb128 0x4
 235 00ae 25010000 		.4byte	.LASF15
 236 00b2 03       		.byte	0x3
 237 00b3 36       		.byte	0x36
 238 00b4 53000000 		.4byte	0x53
 239 00b8 04       		.uleb128 0x4
 240 00b9 0F040000 		.4byte	.LASF16
 241 00bd 03       		.byte	0x3
 242 00be 41       		.byte	0x41
 243 00bf 65000000 		.4byte	0x65
 244 00c3 04       		.uleb128 0x4
 245 00c4 C0040000 		.4byte	.LASF17
 246 00c8 03       		.byte	0x3
 247 00c9 42       		.byte	0x42
 248 00ca 77000000 		.4byte	0x77
 249 00ce 04       		.uleb128 0x4
 250 00cf 1A000000 		.4byte	.LASF18
 251 00d3 03       		.byte	0x3
 252 00d4 4E       		.byte	0x4e
 253 00d5 90000000 		.4byte	0x90
 254 00d9 04       		.uleb128 0x4
 255 00da 60040000 		.4byte	.LASF19
 256 00de 03       		.byte	0x3
 257 00df 60       		.byte	0x60
 258 00e0 2C000000 		.4byte	0x2c
 259 00e4 04       		.uleb128 0x4
 260 00e5 8E050000 		.4byte	.LASF20
 261 00e9 04       		.byte	0x4
 262 00ea 39       		.byte	0x39
 263 00eb C3000000 		.4byte	0xc3
 264 00ef 04       		.uleb128 0x4
 265 00f0 44020000 		.4byte	.LASF21
 266 00f4 04       		.byte	0x4
 267 00f5 3C       		.byte	0x3c
 268 00f6 A2000000 		.4byte	0xa2
 269 00fa 04       		.uleb128 0x4
 270 00fb 1C010000 		.4byte	.LASF22
 271 00ff 04       		.byte	0x4
 272 0100 3D       		.byte	0x3d
 273 0101 A2000000 		.4byte	0xa2
 274 0105 04       		.uleb128 0x4
 275 0106 D2030000 		.4byte	.LASF23
 276 010a 04       		.byte	0x4
 277 010b 3E       		.byte	0x3e
 278 010c A2000000 		.4byte	0xa2
 279 0110 04       		.uleb128 0x4
 280 0111 04010000 		.4byte	.LASF24
 281 0115 04       		.byte	0x4
 282 0116 3F       		.byte	0x3f
ARM GAS  /tmp/ccylItAm.s 			page 6


 283 0117 A2000000 		.4byte	0xa2
 284 011b 04       		.uleb128 0x4
 285 011c F1030000 		.4byte	.LASF25
 286 0120 04       		.byte	0x4
 287 0121 40       		.byte	0x40
 288 0122 C3000000 		.4byte	0xc3
 289 0126 04       		.uleb128 0x4
 290 0127 2C020000 		.4byte	.LASF26
 291 012b 04       		.byte	0x4
 292 012c 41       		.byte	0x41
 293 012d B8000000 		.4byte	0xb8
 294 0131 04       		.uleb128 0x4
 295 0132 04030000 		.4byte	.LASF27
 296 0136 04       		.byte	0x4
 297 0137 43       		.byte	0x43
 298 0138 C3000000 		.4byte	0xc3
 299 013c 04       		.uleb128 0x4
 300 013d 95010000 		.4byte	.LASF28
 301 0141 04       		.byte	0x4
 302 0142 45       		.byte	0x45
 303 0143 B8000000 		.4byte	0xb8
 304 0147 04       		.uleb128 0x4
 305 0148 3C050000 		.4byte	.LASF29
 306 014c 05       		.byte	0x5
 307 014d 33       		.byte	0x33
 308 014e C3000000 		.4byte	0xc3
 309 0152 04       		.uleb128 0x4
 310 0153 2C050000 		.4byte	.LASF30
 311 0157 05       		.byte	0x5
 312 0158 3F       		.byte	0x3f
 313 0159 5D010000 		.4byte	0x15d
 314 015d 05       		.uleb128 0x5
 315 015e 22020000 		.4byte	.LASF51
 316 0162 44       		.byte	0x44
 317 0163 06       		.byte	0x6
 318 0164 C2       		.byte	0xc2
 319 0165 56020000 		.4byte	0x256
 320 0169 06       		.uleb128 0x6
 321 016a 59040000 		.4byte	.LASF31
 322 016e 06       		.byte	0x6
 323 016f C3       		.byte	0xc3
 324 0170 61020000 		.4byte	0x261
 325 0174 00       		.byte	0
 326 0175 06       		.uleb128 0x6
 327 0176 EA030000 		.4byte	.LASF32
 328 017a 06       		.byte	0x6
 329 017b C5       		.byte	0xc5
 330 017c 61020000 		.4byte	0x261
 331 0180 04       		.byte	0x4
 332 0181 06       		.uleb128 0x6
 333 0182 C7000000 		.4byte	.LASF33
 334 0186 06       		.byte	0x6
 335 0187 C7       		.byte	0xc7
 336 0188 1B010000 		.4byte	0x11b
 337 018c 08       		.byte	0x8
 338 018d 06       		.uleb128 0x6
 339 018e 07060000 		.4byte	.LASF34
ARM GAS  /tmp/ccylItAm.s 			page 7


 340 0192 06       		.byte	0x6
 341 0193 C8       		.byte	0xc8
 342 0194 96040000 		.4byte	0x496
 343 0198 0C       		.byte	0xc
 344 0199 06       		.uleb128 0x6
 345 019a 2E010000 		.4byte	.LASF35
 346 019e 06       		.byte	0x6
 347 019f CA       		.byte	0xca
 348 01a0 61020000 		.4byte	0x261
 349 01a4 10       		.byte	0x10
 350 01a5 06       		.uleb128 0x6
 351 01a6 82030000 		.4byte	.LASF36
 352 01aa 06       		.byte	0x6
 353 01ab CB       		.byte	0xcb
 354 01ac 61020000 		.4byte	0x261
 355 01b0 14       		.byte	0x14
 356 01b1 06       		.uleb128 0x6
 357 01b2 DE050000 		.4byte	.LASF37
 358 01b6 06       		.byte	0x6
 359 01b7 D2       		.byte	0xd2
 360 01b8 15060000 		.4byte	0x615
 361 01bc 18       		.byte	0x18
 362 01bd 06       		.uleb128 0x6
 363 01be 39040000 		.4byte	.LASF38
 364 01c2 06       		.byte	0x6
 365 01c3 DD       		.byte	0xdd
 366 01c4 FA000000 		.4byte	0xfa
 367 01c8 1C       		.byte	0x1c
 368 01c9 06       		.uleb128 0x6
 369 01ca 6D040000 		.4byte	.LASF39
 370 01ce 06       		.byte	0x6
 371 01cf E1       		.byte	0xe1
 372 01d0 EF000000 		.4byte	0xef
 373 01d4 1D       		.byte	0x1d
 374 01d5 06       		.uleb128 0x6
 375 01d6 C2050000 		.4byte	.LASF40
 376 01da 06       		.byte	0x6
 377 01db E6       		.byte	0xe6
 378 01dc 05010000 		.4byte	0x105
 379 01e0 1E       		.byte	0x1e
 380 01e1 06       		.uleb128 0x6
 381 01e2 41040000 		.4byte	.LASF41
 382 01e6 06       		.byte	0x6
 383 01e7 EC       		.byte	0xec
 384 01e8 10010000 		.4byte	0x110
 385 01ec 1F       		.byte	0x1f
 386 01ed 07       		.uleb128 0x7
 387 01ee 705F7500 		.ascii	"p_u\000"
 388 01f2 06       		.byte	0x6
 389 01f3 3101     		.2byte	0x131
 390 01f5 50050000 		.4byte	0x550
 391 01f9 20       		.byte	0x20
 392 01fa 08       		.uleb128 0x8
 393 01fb 3F030000 		.4byte	.LASF42
 394 01ff 06       		.byte	0x6
 395 0200 3601     		.2byte	0x136
 396 0202 67020000 		.4byte	0x267
ARM GAS  /tmp/ccylItAm.s 			page 8


 397 0206 24       		.byte	0x24
 398 0207 08       		.uleb128 0x8
 399 0208 B7010000 		.4byte	.LASF43
 400 020c 06       		.byte	0x6
 401 020d 3C01     		.2byte	0x13c
 402 020f 8B020000 		.4byte	0x28b
 403 0213 28       		.byte	0x28
 404 0214 08       		.uleb128 0x8
 405 0215 F0050000 		.4byte	.LASF44
 406 0219 06       		.byte	0x6
 407 021a 4001     		.2byte	0x140
 408 021c 26010000 		.4byte	0x126
 409 0220 30       		.byte	0x30
 410 0221 08       		.uleb128 0x8
 411 0222 B5040000 		.4byte	.LASF45
 412 0226 06       		.byte	0x6
 413 0227 4601     		.2byte	0x146
 414 0229 31010000 		.4byte	0x131
 415 022d 34       		.byte	0x34
 416 022e 08       		.uleb128 0x8
 417 022f 25040000 		.4byte	.LASF46
 418 0233 06       		.byte	0x6
 419 0234 4D01     		.2byte	0x14d
 420 0236 0F060000 		.4byte	0x60f
 421 023a 38       		.byte	0x38
 422 023b 08       		.uleb128 0x8
 423 023c 46050000 		.4byte	.LASF47
 424 0240 06       		.byte	0x6
 425 0241 5101     		.2byte	0x151
 426 0243 1B010000 		.4byte	0x11b
 427 0247 3C       		.byte	0x3c
 428 0248 08       		.uleb128 0x8
 429 0249 ED000000 		.4byte	.LASF48
 430 024d 06       		.byte	0x6
 431 024e 5801     		.2byte	0x158
 432 0250 3E030000 		.4byte	0x33e
 433 0254 40       		.byte	0x40
 434 0255 00       		.byte	0
 435 0256 04       		.uleb128 0x4
 436 0257 52030000 		.4byte	.LASF49
 437 025b 05       		.byte	0x5
 438 025c 44       		.byte	0x44
 439 025d 61020000 		.4byte	0x261
 440 0261 09       		.uleb128 0x9
 441 0262 04       		.byte	0x4
 442 0263 52010000 		.4byte	0x152
 443 0267 04       		.uleb128 0x4
 444 0268 25030000 		.4byte	.LASF50
 445 026c 05       		.byte	0x5
 446 026d 49       		.byte	0x49
 447 026e 72020000 		.4byte	0x272
 448 0272 05       		.uleb128 0x5
 449 0273 E3040000 		.4byte	.LASF52
 450 0277 04       		.byte	0x4
 451 0278 06       		.byte	0x6
 452 0279 B0       		.byte	0xb0
 453 027a 8B020000 		.4byte	0x28b
ARM GAS  /tmp/ccylItAm.s 			page 9


 454 027e 06       		.uleb128 0x6
 455 027f 59040000 		.4byte	.LASF31
 456 0283 06       		.byte	0x6
 457 0284 B1       		.byte	0xb1
 458 0285 61020000 		.4byte	0x261
 459 0289 00       		.byte	0
 460 028a 00       		.byte	0
 461 028b 04       		.uleb128 0x4
 462 028c A9050000 		.4byte	.LASF53
 463 0290 05       		.byte	0x5
 464 0291 50       		.byte	0x50
 465 0292 96020000 		.4byte	0x296
 466 0296 05       		.uleb128 0x5
 467 0297 B6000000 		.4byte	.LASF54
 468 029b 08       		.byte	0x8
 469 029c 06       		.byte	0x6
 470 029d B7       		.byte	0xb7
 471 029e BB020000 		.4byte	0x2bb
 472 02a2 06       		.uleb128 0x6
 473 02a3 59040000 		.4byte	.LASF31
 474 02a7 06       		.byte	0x6
 475 02a8 B8       		.byte	0xb8
 476 02a9 61020000 		.4byte	0x261
 477 02ad 00       		.byte	0
 478 02ae 06       		.uleb128 0x6
 479 02af EA030000 		.4byte	.LASF32
 480 02b3 06       		.byte	0x6
 481 02b4 B9       		.byte	0xb9
 482 02b5 61020000 		.4byte	0x261
 483 02b9 04       		.byte	0x4
 484 02ba 00       		.byte	0
 485 02bb 04       		.uleb128 0x4
 486 02bc 00000000 		.4byte	.LASF55
 487 02c0 05       		.byte	0x5
 488 02c1 57       		.byte	0x57
 489 02c2 C6020000 		.4byte	0x2c6
 490 02c6 0A       		.uleb128 0xa
 491 02c7 F6020000 		.4byte	.LASF56
 492 02cb 1C       		.byte	0x1c
 493 02cc 06       		.byte	0x6
 494 02cd 9001     		.2byte	0x190
 495 02cf 22030000 		.4byte	0x322
 496 02d3 08       		.uleb128 0x8
 497 02d4 D2040000 		.4byte	.LASF57
 498 02d8 06       		.byte	0x6
 499 02d9 9101     		.2byte	0x191
 500 02db 8B020000 		.4byte	0x28b
 501 02df 00       		.byte	0
 502 02e0 08       		.uleb128 0x8
 503 02e1 4B040000 		.4byte	.LASF58
 504 02e5 06       		.byte	0x6
 505 02e6 9201     		.2byte	0x192
 506 02e8 1B010000 		.4byte	0x11b
 507 02ec 08       		.byte	0x8
 508 02ed 08       		.uleb128 0x8
 509 02ee 8A030000 		.4byte	.LASF59
 510 02f2 06       		.byte	0x6
ARM GAS  /tmp/ccylItAm.s 			page 10


 511 02f3 9401     		.2byte	0x194
 512 02f5 96040000 		.4byte	0x496
 513 02f9 0C       		.byte	0xc
 514 02fa 08       		.uleb128 0x8
 515 02fb 46010000 		.4byte	.LASF60
 516 02ff 06       		.byte	0x6
 517 0300 9701     		.2byte	0x197
 518 0302 61020000 		.4byte	0x261
 519 0306 10       		.byte	0x10
 520 0307 08       		.uleb128 0x8
 521 0308 AB030000 		.4byte	.LASF61
 522 030c 06       		.byte	0x6
 523 030d 9801     		.2byte	0x198
 524 030f 61020000 		.4byte	0x261
 525 0313 14       		.byte	0x14
 526 0314 08       		.uleb128 0x8
 527 0315 A1030000 		.4byte	.LASF62
 528 0319 06       		.byte	0x6
 529 031a 9B01     		.2byte	0x19b
 530 031c 61020000 		.4byte	0x261
 531 0320 18       		.byte	0x18
 532 0321 00       		.byte	0
 533 0322 04       		.uleb128 0x4
 534 0323 51050000 		.4byte	.LASF63
 535 0327 05       		.byte	0x5
 536 0328 5C       		.byte	0x5c
 537 0329 2D030000 		.4byte	0x32d
 538 032d 09       		.uleb128 0x9
 539 032e 04       		.byte	0x4
 540 032f 33030000 		.4byte	0x333
 541 0333 0B       		.uleb128 0xb
 542 0334 3E030000 		.4byte	0x33e
 543 0338 0C       		.uleb128 0xc
 544 0339 3E030000 		.4byte	0x33e
 545 033d 00       		.byte	0
 546 033e 0D       		.uleb128 0xd
 547 033f 04       		.byte	0x4
 548 0340 04       		.uleb128 0x4
 549 0341 DA030000 		.4byte	.LASF64
 550 0345 05       		.byte	0x5
 551 0346 61       		.byte	0x61
 552 0347 4B030000 		.4byte	0x34b
 553 034b 0A       		.uleb128 0xa
 554 034c 97040000 		.4byte	.LASF65
 555 0350 14       		.byte	0x14
 556 0351 06       		.byte	0x6
 557 0352 6B01     		.2byte	0x16b
 558 0354 9A030000 		.4byte	0x39a
 559 0358 08       		.uleb128 0x8
 560 0359 A8010000 		.4byte	.LASF66
 561 035d 06       		.byte	0x6
 562 035e 6C01     		.2byte	0x16c
 563 0360 27060000 		.4byte	0x627
 564 0364 00       		.byte	0
 565 0365 08       		.uleb128 0x8
 566 0366 72010000 		.4byte	.LASF67
 567 036a 06       		.byte	0x6
ARM GAS  /tmp/ccylItAm.s 			page 11


 568 036b 6D01     		.2byte	0x16d
 569 036d 27060000 		.4byte	0x627
 570 0371 04       		.byte	0x4
 571 0372 08       		.uleb128 0x8
 572 0373 DA040000 		.4byte	.LASF68
 573 0377 06       		.byte	0x6
 574 0378 6E01     		.2byte	0x16e
 575 037a 47010000 		.4byte	0x147
 576 037e 08       		.byte	0x8
 577 037f 08       		.uleb128 0x8
 578 0380 0D060000 		.4byte	.LASF69
 579 0384 06       		.byte	0x6
 580 0385 6F01     		.2byte	0x16f
 581 0387 22030000 		.4byte	0x322
 582 038b 0C       		.byte	0xc
 583 038c 08       		.uleb128 0x8
 584 038d 96050000 		.4byte	.LASF70
 585 0391 06       		.byte	0x6
 586 0392 7101     		.2byte	0x171
 587 0394 3E030000 		.4byte	0x33e
 588 0398 10       		.byte	0x10
 589 0399 00       		.byte	0
 590 039a 04       		.uleb128 0x4
 591 039b 93000000 		.4byte	.LASF71
 592 039f 05       		.byte	0x5
 593 03a0 66       		.byte	0x66
 594 03a1 A5030000 		.4byte	0x3a5
 595 03a5 0A       		.uleb128 0xa
 596 03a6 65030000 		.4byte	.LASF72
 597 03aa 10       		.byte	0x10
 598 03ab 06       		.byte	0x6
 599 03ac 7B01     		.2byte	0x17b
 600 03ae E7030000 		.4byte	0x3e7
 601 03b2 08       		.uleb128 0x8
 602 03b3 A8010000 		.4byte	.LASF66
 603 03b7 06       		.byte	0x6
 604 03b8 7C01     		.2byte	0x17c
 605 03ba 27060000 		.4byte	0x627
 606 03be 00       		.byte	0
 607 03bf 08       		.uleb128 0x8
 608 03c0 72010000 		.4byte	.LASF67
 609 03c4 06       		.byte	0x6
 610 03c5 7E01     		.2byte	0x17e
 611 03c7 27060000 		.4byte	0x627
 612 03cb 04       		.byte	0x4
 613 03cc 08       		.uleb128 0x8
 614 03cd DA040000 		.4byte	.LASF68
 615 03d1 06       		.byte	0x6
 616 03d2 8001     		.2byte	0x180
 617 03d4 47010000 		.4byte	0x147
 618 03d8 08       		.byte	0x8
 619 03d9 08       		.uleb128 0x8
 620 03da E5050000 		.4byte	.LASF73
 621 03de 06       		.byte	0x6
 622 03df 8201     		.2byte	0x182
 623 03e1 2D060000 		.4byte	0x62d
 624 03e5 0C       		.byte	0xc
ARM GAS  /tmp/ccylItAm.s 			page 12


 625 03e6 00       		.byte	0
 626 03e7 04       		.uleb128 0x4
 627 03e8 40000000 		.4byte	.LASF74
 628 03ec 05       		.byte	0x5
 629 03ed 6B       		.byte	0x6b
 630 03ee F2030000 		.4byte	0x3f2
 631 03f2 0A       		.uleb128 0xa
 632 03f3 F9030000 		.4byte	.LASF75
 633 03f7 04       		.byte	0x4
 634 03f8 06       		.byte	0x6
 635 03f9 A201     		.2byte	0x1a2
 636 03fb 0D040000 		.4byte	0x40d
 637 03ff 08       		.uleb128 0x8
 638 0400 65050000 		.4byte	.LASF76
 639 0404 06       		.byte	0x6
 640 0405 AA01     		.2byte	0x1aa
 641 0407 32060000 		.4byte	0x632
 642 040b 00       		.byte	0
 643 040c 00       		.byte	0
 644 040d 04       		.uleb128 0x4
 645 040e 32020000 		.4byte	.LASF77
 646 0412 05       		.byte	0x5
 647 0413 70       		.byte	0x70
 648 0414 18040000 		.4byte	0x418
 649 0418 0E       		.uleb128 0xe
 650 0419 8D040000 		.4byte	.LASF78
 651 041d 5001     		.2byte	0x150
 652 041f 06       		.byte	0x6
 653 0420 C201     		.2byte	0x1c2
 654 0422 74040000 		.4byte	0x474
 655 0426 08       		.uleb128 0x8
 656 0427 C9050000 		.4byte	.LASF79
 657 042b 06       		.byte	0x6
 658 042c C601     		.2byte	0x1c6
 659 042e BB020000 		.4byte	0x2bb
 660 0432 00       		.byte	0
 661 0433 08       		.uleb128 0x8
 662 0434 FD000000 		.4byte	.LASF80
 663 0438 06       		.byte	0x6
 664 0439 CA01     		.2byte	0x1ca
 665 043b 9A030000 		.4byte	0x39a
 666 043f 1C       		.byte	0x1c
 667 0440 07       		.uleb128 0x7
 668 0441 64626700 		.ascii	"dbg\000"
 669 0445 06       		.byte	0x6
 670 0446 CE01     		.2byte	0x1ce
 671 0448 E7030000 		.4byte	0x3e7
 672 044c 2C       		.byte	0x2c
 673 044d 08       		.uleb128 0x8
 674 044e 88000000 		.4byte	.LASF81
 675 0452 06       		.byte	0x6
 676 0453 D201     		.2byte	0x1d2
 677 0455 52010000 		.4byte	0x152
 678 0459 30       		.byte	0x30
 679 045a 07       		.uleb128 0x7
 680 045b 746D00   		.ascii	"tm\000"
 681 045e 06       		.byte	0x6
ARM GAS  /tmp/ccylItAm.s 			page 13


 682 045f D701     		.2byte	0x1d7
 683 0461 45050000 		.4byte	0x545
 684 0465 74       		.byte	0x74
 685 0466 08       		.uleb128 0x8
 686 0467 7E040000 		.4byte	.LASF82
 687 046b 06       		.byte	0x6
 688 046c E301     		.2byte	0x1e3
 689 046e 37060000 		.4byte	0x637
 690 0472 78       		.byte	0x78
 691 0473 00       		.byte	0
 692 0474 03       		.uleb128 0x3
 693 0475 04       		.byte	0x4
 694 0476 07       		.byte	0x7
 695 0477 49030000 		.4byte	.LASF83
 696 047b 0F       		.uleb128 0xf
 697 047c C3000000 		.4byte	0xc3
 698 0480 04       		.uleb128 0x4
 699 0481 C9040000 		.4byte	.LASF84
 700 0485 07       		.byte	0x7
 701 0486 65       		.byte	0x65
 702 0487 3E030000 		.4byte	0x33e
 703 048b 04       		.uleb128 0x4
 704 048c 1A030000 		.4byte	.LASF85
 705 0490 07       		.byte	0x7
 706 0491 6D       		.byte	0x6d
 707 0492 CE000000 		.4byte	0xce
 708 0496 05       		.uleb128 0x5
 709 0497 86050000 		.4byte	.LASF86
 710 049b 04       		.byte	0x4
 711 049c 07       		.byte	0x7
 712 049d 89       		.byte	0x89
 713 049e AF040000 		.4byte	0x4af
 714 04a2 10       		.uleb128 0x10
 715 04a3 72313300 		.ascii	"r13\000"
 716 04a7 07       		.byte	0x7
 717 04a8 8A       		.byte	0x8a
 718 04a9 2A050000 		.4byte	0x52a
 719 04ad 00       		.byte	0
 720 04ae 00       		.byte	0
 721 04af 05       		.uleb128 0x5
 722 04b0 34000000 		.4byte	.LASF87
 723 04b4 24       		.byte	0x24
 724 04b5 08       		.byte	0x8
 725 04b6 FD       		.byte	0xfd
 726 04b7 2A050000 		.4byte	0x52a
 727 04bb 07       		.uleb128 0x7
 728 04bc 723400   		.ascii	"r4\000"
 729 04bf 08       		.byte	0x8
 730 04c0 1001     		.2byte	0x110
 731 04c2 80040000 		.4byte	0x480
 732 04c6 00       		.byte	0
 733 04c7 07       		.uleb128 0x7
 734 04c8 723500   		.ascii	"r5\000"
 735 04cb 08       		.byte	0x8
 736 04cc 1101     		.2byte	0x111
 737 04ce 80040000 		.4byte	0x480
 738 04d2 04       		.byte	0x4
ARM GAS  /tmp/ccylItAm.s 			page 14


 739 04d3 07       		.uleb128 0x7
 740 04d4 723600   		.ascii	"r6\000"
 741 04d7 08       		.byte	0x8
 742 04d8 1201     		.2byte	0x112
 743 04da 80040000 		.4byte	0x480
 744 04de 08       		.byte	0x8
 745 04df 07       		.uleb128 0x7
 746 04e0 723700   		.ascii	"r7\000"
 747 04e3 08       		.byte	0x8
 748 04e4 1301     		.2byte	0x113
 749 04e6 80040000 		.4byte	0x480
 750 04ea 0C       		.byte	0xc
 751 04eb 07       		.uleb128 0x7
 752 04ec 723800   		.ascii	"r8\000"
 753 04ef 08       		.byte	0x8
 754 04f0 1401     		.2byte	0x114
 755 04f2 80040000 		.4byte	0x480
 756 04f6 10       		.byte	0x10
 757 04f7 07       		.uleb128 0x7
 758 04f8 723900   		.ascii	"r9\000"
 759 04fb 08       		.byte	0x8
 760 04fc 1501     		.2byte	0x115
 761 04fe 80040000 		.4byte	0x480
 762 0502 14       		.byte	0x14
 763 0503 07       		.uleb128 0x7
 764 0504 72313000 		.ascii	"r10\000"
 765 0508 08       		.byte	0x8
 766 0509 1601     		.2byte	0x116
 767 050b 80040000 		.4byte	0x480
 768 050f 18       		.byte	0x18
 769 0510 07       		.uleb128 0x7
 770 0511 72313100 		.ascii	"r11\000"
 771 0515 08       		.byte	0x8
 772 0516 1701     		.2byte	0x117
 773 0518 80040000 		.4byte	0x480
 774 051c 1C       		.byte	0x1c
 775 051d 07       		.uleb128 0x7
 776 051e 6C7200   		.ascii	"lr\000"
 777 0521 08       		.byte	0x8
 778 0522 1801     		.2byte	0x118
 779 0524 80040000 		.4byte	0x480
 780 0528 20       		.byte	0x20
 781 0529 00       		.byte	0
 782 052a 09       		.uleb128 0x9
 783 052b 04       		.byte	0x4
 784 052c AF040000 		.4byte	0x4af
 785 0530 11       		.uleb128 0x11
 786 0531 04       		.byte	0x4
 787 0532 09       		.byte	0x9
 788 0533 38       		.byte	0x38
 789 0534 45050000 		.4byte	0x545
 790 0538 06       		.uleb128 0x6
 791 0539 74050000 		.4byte	.LASF88
 792 053d 09       		.byte	0x9
 793 053e 3C       		.byte	0x3c
 794 053f E4000000 		.4byte	0xe4
 795 0543 00       		.byte	0
ARM GAS  /tmp/ccylItAm.s 			page 15


 796 0544 00       		.byte	0
 797 0545 04       		.uleb128 0x4
 798 0546 90030000 		.4byte	.LASF89
 799 054a 09       		.byte	0x9
 800 054b 3D       		.byte	0x3d
 801 054c 30050000 		.4byte	0x530
 802 0550 12       		.uleb128 0x12
 803 0551 04       		.byte	0x4
 804 0552 06       		.byte	0x6
 805 0553 FA       		.byte	0xfa
 806 0554 AD050000 		.4byte	0x5ad
 807 0558 13       		.uleb128 0x13
 808 0559 13000000 		.4byte	.LASF90
 809 055d 06       		.byte	0x6
 810 055e 0101     		.2byte	0x101
 811 0560 26010000 		.4byte	0x126
 812 0564 13       		.uleb128 0x13
 813 0565 7F000000 		.4byte	.LASF91
 814 0569 06       		.byte	0x6
 815 056a 0801     		.2byte	0x108
 816 056c 26010000 		.4byte	0x126
 817 0570 13       		.uleb128 0x13
 818 0571 D7050000 		.4byte	.LASF92
 819 0575 06       		.byte	0x6
 820 0576 0F01     		.2byte	0x10f
 821 0578 3E030000 		.4byte	0x33e
 822 057c 13       		.uleb128 0x13
 823 057d 0D000000 		.4byte	.LASF93
 824 0581 06       		.byte	0x6
 825 0582 1601     		.2byte	0x116
 826 0584 AD050000 		.4byte	0x5ad
 827 0588 13       		.uleb128 0x13
 828 0589 B0010000 		.4byte	.LASF94
 829 058d 06       		.byte	0x6
 830 058e 1E01     		.2byte	0x11e
 831 0590 D8050000 		.4byte	0x5d8
 832 0594 13       		.uleb128 0x13
 833 0595 1A050000 		.4byte	.LASF95
 834 0599 06       		.byte	0x6
 835 059a 2701     		.2byte	0x127
 836 059c 0F060000 		.4byte	0x60f
 837 05a0 13       		.uleb128 0x13
 838 05a1 52040000 		.4byte	.LASF96
 839 05a5 06       		.byte	0x6
 840 05a6 2F01     		.2byte	0x12f
 841 05a8 31010000 		.4byte	0x131
 842 05ac 00       		.byte	0
 843 05ad 09       		.uleb128 0x9
 844 05ae 04       		.byte	0x4
 845 05af 56020000 		.4byte	0x256
 846 05b3 05       		.uleb128 0x5
 847 05b4 A8040000 		.4byte	.LASF97
 848 05b8 0C       		.byte	0xc
 849 05b9 0A       		.byte	0xa
 850 05ba 34       		.byte	0x34
 851 05bb D8050000 		.4byte	0x5d8
 852 05bf 06       		.uleb128 0x6
ARM GAS  /tmp/ccylItAm.s 			page 16


 853 05c0 36010000 		.4byte	.LASF98
 854 05c4 0A       		.byte	0xa
 855 05c5 35       		.byte	0x35
 856 05c6 8B020000 		.4byte	0x28b
 857 05ca 00       		.byte	0
 858 05cb 06       		.uleb128 0x6
 859 05cc 09020000 		.4byte	.LASF99
 860 05d0 0A       		.byte	0xa
 861 05d1 37       		.byte	0x37
 862 05d2 3C010000 		.4byte	0x13c
 863 05d6 08       		.byte	0x8
 864 05d7 00       		.byte	0
 865 05d8 09       		.uleb128 0x9
 866 05d9 04       		.byte	0x4
 867 05da B3050000 		.4byte	0x5b3
 868 05de 05       		.uleb128 0x5
 869 05df B9050000 		.4byte	.LASF100
 870 05e3 10       		.byte	0x10
 871 05e4 0B       		.byte	0xb
 872 05e5 39       		.byte	0x39
 873 05e6 0F060000 		.4byte	0x60f
 874 05ea 06       		.uleb128 0x6
 875 05eb F5000000 		.4byte	.LASF101
 876 05ef 0B       		.byte	0xb
 877 05f0 3A       		.byte	0x3a
 878 05f1 8B020000 		.4byte	0x28b
 879 05f5 00       		.byte	0
 880 05f6 06       		.uleb128 0x6
 881 05f7 FF050000 		.4byte	.LASF102
 882 05fb 0B       		.byte	0xb
 883 05fc 3C       		.byte	0x3c
 884 05fd 61020000 		.4byte	0x261
 885 0601 08       		.byte	0x8
 886 0602 06       		.uleb128 0x6
 887 0603 35050000 		.4byte	.LASF103
 888 0607 0B       		.byte	0xb
 889 0608 3E       		.byte	0x3e
 890 0609 52060000 		.4byte	0x652
 891 060d 0C       		.byte	0xc
 892 060e 00       		.byte	0
 893 060f 09       		.uleb128 0x9
 894 0610 04       		.byte	0x4
 895 0611 DE050000 		.4byte	0x5de
 896 0615 09       		.uleb128 0x9
 897 0616 04       		.byte	0x4
 898 0617 1B060000 		.4byte	0x61b
 899 061b 14       		.uleb128 0x14
 900 061c 20060000 		.4byte	0x620
 901 0620 03       		.uleb128 0x3
 902 0621 01       		.byte	0x1
 903 0622 08       		.byte	0x8
 904 0623 05050000 		.4byte	.LASF104
 905 0627 09       		.uleb128 0x9
 906 0628 04       		.byte	0x4
 907 0629 40030000 		.4byte	0x340
 908 062d 0F       		.uleb128 0xf
 909 062e 47010000 		.4byte	0x147
ARM GAS  /tmp/ccylItAm.s 			page 17


 910 0632 0F       		.uleb128 0xf
 911 0633 15060000 		.4byte	0x615
 912 0637 15       		.uleb128 0x15
 913 0638 8B040000 		.4byte	0x48b
 914 063c 47060000 		.4byte	0x647
 915 0640 16       		.uleb128 0x16
 916 0641 74040000 		.4byte	0x474
 917 0645 1A       		.byte	0x1a
 918 0646 00       		.byte	0
 919 0647 04       		.uleb128 0x4
 920 0648 87010000 		.4byte	.LASF105
 921 064c 0B       		.byte	0xb
 922 064d 34       		.byte	0x34
 923 064e DE050000 		.4byte	0x5de
 924 0652 09       		.uleb128 0x9
 925 0653 04       		.byte	0x4
 926 0654 47060000 		.4byte	0x647
 927 0658 03       		.uleb128 0x3
 928 0659 01       		.byte	0x1
 929 065a 02       		.byte	0x2
 930 065b 09040000 		.4byte	.LASF106
 931 065f 11       		.uleb128 0x11
 932 0660 04       		.byte	0x4
 933 0661 0C       		.byte	0xc
 934 0662 EE       		.byte	0xee
 935 0663 80060000 		.4byte	0x680
 936 0667 10       		.uleb128 0x10
 937 0668 73657400 		.ascii	"set\000"
 938 066c 0C       		.byte	0xc
 939 066d EF       		.byte	0xef
 940 066e AD000000 		.4byte	0xad
 941 0672 00       		.byte	0
 942 0673 06       		.uleb128 0x6
 943 0674 7C030000 		.4byte	.LASF107
 944 0678 0C       		.byte	0xc
 945 0679 F0       		.byte	0xf0
 946 067a AD000000 		.4byte	0xad
 947 067e 02       		.byte	0x2
 948 067f 00       		.byte	0
 949 0680 12       		.uleb128 0x12
 950 0681 04       		.byte	0x4
 951 0682 0C       		.byte	0xc
 952 0683 EC       		.byte	0xec
 953 0684 9B060000 		.4byte	0x69b
 954 0688 17       		.uleb128 0x17
 955 0689 5700     		.ascii	"W\000"
 956 068b 0C       		.byte	0xc
 957 068c ED       		.byte	0xed
 958 068d C3000000 		.4byte	0xc3
 959 0691 17       		.uleb128 0x17
 960 0692 4800     		.ascii	"H\000"
 961 0694 0C       		.byte	0xc
 962 0695 F1       		.byte	0xf1
 963 0696 5F060000 		.4byte	0x65f
 964 069a 00       		.byte	0
 965 069b 11       		.uleb128 0x11
 966 069c 30       		.byte	0x30
ARM GAS  /tmp/ccylItAm.s 			page 18


 967 069d 0C       		.byte	0xc
 968 069e E4       		.byte	0xe4
 969 069f 34070000 		.4byte	0x734
 970 06a3 06       		.uleb128 0x6
 971 06a4 5C000000 		.4byte	.LASF108
 972 06a8 0C       		.byte	0xc
 973 06a9 E6       		.byte	0xe6
 974 06aa 7B040000 		.4byte	0x47b
 975 06ae 00       		.byte	0
 976 06af 06       		.uleb128 0x6
 977 06b0 2D000000 		.4byte	.LASF109
 978 06b4 0C       		.byte	0xc
 979 06b5 E7       		.byte	0xe7
 980 06b6 7B040000 		.4byte	0x47b
 981 06ba 04       		.byte	0x4
 982 06bb 06       		.uleb128 0x6
 983 06bc 3E010000 		.4byte	.LASF110
 984 06c0 0C       		.byte	0xc
 985 06c1 E8       		.byte	0xe8
 986 06c2 7B040000 		.4byte	0x47b
 987 06c6 08       		.byte	0x8
 988 06c7 06       		.uleb128 0x6
 989 06c8 79000000 		.4byte	.LASF111
 990 06cc 0C       		.byte	0xc
 991 06cd E9       		.byte	0xe9
 992 06ce 7B040000 		.4byte	0x47b
 993 06d2 0C       		.byte	0xc
 994 06d3 10       		.uleb128 0x10
 995 06d4 49445200 		.ascii	"IDR\000"
 996 06d8 0C       		.byte	0xc
 997 06d9 EA       		.byte	0xea
 998 06da 7B040000 		.4byte	0x47b
 999 06de 10       		.byte	0x10
 1000 06df 10       		.uleb128 0x10
 1001 06e0 4F445200 		.ascii	"ODR\000"
 1002 06e4 0C       		.byte	0xc
 1003 06e5 EB       		.byte	0xeb
 1004 06e6 7B040000 		.4byte	0x47b
 1005 06ea 14       		.byte	0x14
 1006 06eb 06       		.uleb128 0x6
 1007 06ec E8000000 		.4byte	.LASF112
 1008 06f0 0C       		.byte	0xc
 1009 06f1 F2       		.byte	0xf2
 1010 06f2 34070000 		.4byte	0x734
 1011 06f6 18       		.byte	0x18
 1012 06f7 06       		.uleb128 0x6
 1013 06f8 3E020000 		.4byte	.LASF113
 1014 06fc 0C       		.byte	0xc
 1015 06fd F3       		.byte	0xf3
 1016 06fe 7B040000 		.4byte	0x47b
 1017 0702 1C       		.byte	0x1c
 1018 0703 06       		.uleb128 0x6
 1019 0704 CD030000 		.4byte	.LASF114
 1020 0708 0C       		.byte	0xc
 1021 0709 F4       		.byte	0xf4
 1022 070a 7B040000 		.4byte	0x47b
 1023 070e 20       		.byte	0x20
ARM GAS  /tmp/ccylItAm.s 			page 19


 1024 070f 06       		.uleb128 0x6
 1025 0710 BA030000 		.4byte	.LASF115
 1026 0714 0C       		.byte	0xc
 1027 0715 F5       		.byte	0xf5
 1028 0716 7B040000 		.4byte	0x47b
 1029 071a 24       		.byte	0x24
 1030 071b 10       		.uleb128 0x10
 1031 071c 42525200 		.ascii	"BRR\000"
 1032 0720 0C       		.byte	0xc
 1033 0721 F6       		.byte	0xf6
 1034 0722 7B040000 		.4byte	0x47b
 1035 0726 28       		.byte	0x28
 1036 0727 06       		.uleb128 0x6
 1037 0728 6F050000 		.4byte	.LASF116
 1038 072c 0C       		.byte	0xc
 1039 072d F7       		.byte	0xf7
 1040 072e 7B040000 		.4byte	0x47b
 1041 0732 2C       		.byte	0x2c
 1042 0733 00       		.byte	0
 1043 0734 0F       		.uleb128 0xf
 1044 0735 80060000 		.4byte	0x680
 1045 0739 04       		.uleb128 0x4
 1046 073a 7A010000 		.4byte	.LASF117
 1047 073e 0C       		.byte	0xc
 1048 073f F8       		.byte	0xf8
 1049 0740 9B060000 		.4byte	0x69b
 1050 0744 18       		.uleb128 0x18
 1051 0745 4F000000 		.4byte	.LASF118
 1052 0749 0C       		.byte	0xc
 1053 074a 4B01     		.2byte	0x14b
 1054 074c C3000000 		.4byte	0xc3
 1055 0750 18       		.uleb128 0x18
 1056 0751 F6050000 		.4byte	.LASF119
 1057 0755 0C       		.byte	0xc
 1058 0756 5001     		.2byte	0x150
 1059 0758 C3000000 		.4byte	0xc3
 1060 075c 18       		.uleb128 0x18
 1061 075d 7B050000 		.4byte	.LASF120
 1062 0761 0C       		.byte	0xc
 1063 0762 5D01     		.2byte	0x15d
 1064 0764 68070000 		.4byte	0x768
 1065 0768 09       		.uleb128 0x9
 1066 0769 04       		.byte	0x4
 1067 076a 39070000 		.4byte	0x739
 1068 076e 11       		.uleb128 0x11
 1069 076f 0C       		.byte	0xc
 1070 0770 0D       		.byte	0xd
 1071 0771 7A       		.byte	0x7a
 1072 0772 9B070000 		.4byte	0x79b
 1073 0776 06       		.uleb128 0x6
 1074 0777 B3030000 		.4byte	.LASF121
 1075 077b 0D       		.byte	0xd
 1076 077c 7E       		.byte	0x7e
 1077 077d 5C070000 		.4byte	0x75c
 1078 0781 00       		.byte	0
 1079 0782 06       		.uleb128 0x6
 1080 0783 4E010000 		.4byte	.LASF122
ARM GAS  /tmp/ccylItAm.s 			page 20


 1081 0787 0D       		.byte	0xd
 1082 0788 84       		.byte	0x84
 1083 0789 44070000 		.4byte	0x744
 1084 078d 04       		.byte	0x4
 1085 078e 06       		.uleb128 0x6
 1086 078f 74050000 		.4byte	.LASF88
 1087 0793 0D       		.byte	0xd
 1088 0794 88       		.byte	0x88
 1089 0795 D9000000 		.4byte	0xd9
 1090 0799 08       		.byte	0x8
 1091 079a 00       		.byte	0
 1092 079b 04       		.uleb128 0x4
 1093 079c 8F010000 		.4byte	.LASF123
 1094 07a0 0D       		.byte	0xd
 1095 07a1 89       		.byte	0x89
 1096 07a2 6E070000 		.4byte	0x76e
 1097 07a6 19       		.uleb128 0x19
 1098 07a7 0F050000 		.4byte	.LASF133
 1099 07ab 01       		.byte	0x1
 1100 07ac 41       		.byte	0x41
 1101 07ad 44070000 		.4byte	0x744
 1102 07b1 00000000 		.4byte	.LFB267
 1103 07b5 1C000000 		.4byte	.LFE267-.LFB267
 1104 07b9 01       		.uleb128 0x1
 1105 07ba 9C       		.byte	0x9c
 1106 07bb D7070000 		.4byte	0x7d7
 1107 07bf 1A       		.uleb128 0x1a
 1108 07c0 62757300 		.ascii	"bus\000"
 1109 07c4 01       		.byte	0x1
 1110 07c5 41       		.byte	0x41
 1111 07c6 D7070000 		.4byte	0x7d7
 1112 07ca 02       		.uleb128 0x2
 1113 07cb 91       		.byte	0x91
 1114 07cc 7C       		.sleb128 -4
 1115 07cd 1B       		.uleb128 0x1b
 1116 07ce 75040000 		.4byte	.LASF125
 1117 07d2 ED070000 		.4byte	0x7ed
 1118 07d6 00       		.byte	0
 1119 07d7 09       		.uleb128 0x9
 1120 07d8 04       		.byte	0x4
 1121 07d9 9B070000 		.4byte	0x79b
 1122 07dd 15       		.uleb128 0x15
 1123 07de 20060000 		.4byte	0x620
 1124 07e2 ED070000 		.4byte	0x7ed
 1125 07e6 16       		.uleb128 0x16
 1126 07e7 74040000 		.4byte	0x474
 1127 07eb 0A       		.byte	0xa
 1128 07ec 00       		.byte	0
 1129 07ed 14       		.uleb128 0x14
 1130 07ee DD070000 		.4byte	0x7dd
 1131 07f2 1C       		.uleb128 0x1c
 1132 07f3 9D050000 		.4byte	.LASF126
 1133 07f7 01       		.byte	0x1
 1134 07f8 5A       		.byte	0x5a
 1135 07f9 20000000 		.4byte	.LFB268
 1136 07fd 34000000 		.4byte	.LFE268-.LFB268
 1137 0801 01       		.uleb128 0x1
ARM GAS  /tmp/ccylItAm.s 			page 21


 1138 0802 9C       		.byte	0x9c
 1139 0803 2D080000 		.4byte	0x82d
 1140 0807 1A       		.uleb128 0x1a
 1141 0808 62757300 		.ascii	"bus\000"
 1142 080c 01       		.byte	0x1
 1143 080d 5A       		.byte	0x5a
 1144 080e D7070000 		.4byte	0x7d7
 1145 0812 02       		.uleb128 0x2
 1146 0813 91       		.byte	0x91
 1147 0814 7C       		.sleb128 -4
 1148 0815 1D       		.uleb128 0x1d
 1149 0816 0E010000 		.4byte	.LASF124
 1150 081a 01       		.byte	0x1
 1151 081b 5A       		.byte	0x5a
 1152 081c 44070000 		.4byte	0x744
 1153 0820 02       		.uleb128 0x2
 1154 0821 91       		.byte	0x91
 1155 0822 78       		.sleb128 -8
 1156 0823 1B       		.uleb128 0x1b
 1157 0824 75040000 		.4byte	.LASF125
 1158 0828 3D080000 		.4byte	0x83d
 1159 082c 00       		.byte	0
 1160 082d 15       		.uleb128 0x15
 1161 082e 20060000 		.4byte	0x620
 1162 0832 3D080000 		.4byte	0x83d
 1163 0836 16       		.uleb128 0x16
 1164 0837 74040000 		.4byte	0x474
 1165 083b 0B       		.byte	0xb
 1166 083c 00       		.byte	0
 1167 083d 14       		.uleb128 0x14
 1168 083e 2D080000 		.4byte	0x82d
 1169 0842 1E       		.uleb128 0x1e
 1170 0843 BF030000 		.4byte	.LASF127
 1171 0847 01       		.byte	0x1
 1172 0848 71       		.byte	0x71
 1173 0849 60000000 		.4byte	.LFB269
 1174 084d 28000000 		.4byte	.LFE269-.LFB269
 1175 0851 01       		.uleb128 0x1
 1176 0852 9C       		.byte	0x9c
 1177 0853 7D080000 		.4byte	0x87d
 1178 0857 1A       		.uleb128 0x1a
 1179 0858 62757300 		.ascii	"bus\000"
 1180 085c 01       		.byte	0x1
 1181 085d 71       		.byte	0x71
 1182 085e D7070000 		.4byte	0x7d7
 1183 0862 02       		.uleb128 0x2
 1184 0863 91       		.byte	0x91
 1185 0864 74       		.sleb128 -12
 1186 0865 1D       		.uleb128 0x1d
 1187 0866 0A050000 		.4byte	.LASF128
 1188 086a 01       		.byte	0x1
 1189 086b 71       		.byte	0x71
 1190 086c 50070000 		.4byte	0x750
 1191 0870 02       		.uleb128 0x2
 1192 0871 91       		.byte	0x91
 1193 0872 70       		.sleb128 -16
 1194 0873 1B       		.uleb128 0x1b
ARM GAS  /tmp/ccylItAm.s 			page 22


 1195 0874 75040000 		.4byte	.LASF125
 1196 0878 8D080000 		.4byte	0x88d
 1197 087c 00       		.byte	0
 1198 087d 15       		.uleb128 0x15
 1199 087e 20060000 		.4byte	0x620
 1200 0882 8D080000 		.4byte	0x88d
 1201 0886 16       		.uleb128 0x16
 1202 0887 74040000 		.4byte	0x474
 1203 088b 0D       		.byte	0xd
 1204 088c 00       		.byte	0
 1205 088d 14       		.uleb128 0x14
 1206 088e 7D080000 		.4byte	0x87d
 1207 0892 1F       		.uleb128 0x1f
 1208 0893 A9000000 		.4byte	.LASF129
 1209 0897 0E       		.byte	0xe
 1210 0898 FA06     		.2byte	0x6fa
 1211 089a 9E080000 		.4byte	0x89e
 1212 089e 0F       		.uleb128 0xf
 1213 089f B8000000 		.4byte	0xb8
 1214 08a3 20       		.uleb128 0x20
 1215 08a4 636800   		.ascii	"ch\000"
 1216 08a7 06       		.byte	0x6
 1217 08a8 0902     		.2byte	0x209
 1218 08aa 0D040000 		.4byte	0x40d
 1219 08ae 00       		.byte	0
 1220              		.section	.debug_abbrev,"",%progbits
 1221              	.Ldebug_abbrev0:
 1222 0000 01       		.uleb128 0x1
 1223 0001 11       		.uleb128 0x11
 1224 0002 01       		.byte	0x1
 1225 0003 25       		.uleb128 0x25
 1226 0004 0E       		.uleb128 0xe
 1227 0005 13       		.uleb128 0x13
 1228 0006 0B       		.uleb128 0xb
 1229 0007 03       		.uleb128 0x3
 1230 0008 0E       		.uleb128 0xe
 1231 0009 1B       		.uleb128 0x1b
 1232 000a 0E       		.uleb128 0xe
 1233 000b 11       		.uleb128 0x11
 1234 000c 01       		.uleb128 0x1
 1235 000d 12       		.uleb128 0x12
 1236 000e 06       		.uleb128 0x6
 1237 000f 10       		.uleb128 0x10
 1238 0010 17       		.uleb128 0x17
 1239 0011 00       		.byte	0
 1240 0012 00       		.byte	0
 1241 0013 02       		.uleb128 0x2
 1242 0014 24       		.uleb128 0x24
 1243 0015 00       		.byte	0
 1244 0016 0B       		.uleb128 0xb
 1245 0017 0B       		.uleb128 0xb
 1246 0018 3E       		.uleb128 0x3e
 1247 0019 0B       		.uleb128 0xb
 1248 001a 03       		.uleb128 0x3
 1249 001b 08       		.uleb128 0x8
 1250 001c 00       		.byte	0
 1251 001d 00       		.byte	0
ARM GAS  /tmp/ccylItAm.s 			page 23


 1252 001e 03       		.uleb128 0x3
 1253 001f 24       		.uleb128 0x24
 1254 0020 00       		.byte	0
 1255 0021 0B       		.uleb128 0xb
 1256 0022 0B       		.uleb128 0xb
 1257 0023 3E       		.uleb128 0x3e
 1258 0024 0B       		.uleb128 0xb
 1259 0025 03       		.uleb128 0x3
 1260 0026 0E       		.uleb128 0xe
 1261 0027 00       		.byte	0
 1262 0028 00       		.byte	0
 1263 0029 04       		.uleb128 0x4
 1264 002a 16       		.uleb128 0x16
 1265 002b 00       		.byte	0
 1266 002c 03       		.uleb128 0x3
 1267 002d 0E       		.uleb128 0xe
 1268 002e 3A       		.uleb128 0x3a
 1269 002f 0B       		.uleb128 0xb
 1270 0030 3B       		.uleb128 0x3b
 1271 0031 0B       		.uleb128 0xb
 1272 0032 49       		.uleb128 0x49
 1273 0033 13       		.uleb128 0x13
 1274 0034 00       		.byte	0
 1275 0035 00       		.byte	0
 1276 0036 05       		.uleb128 0x5
 1277 0037 13       		.uleb128 0x13
 1278 0038 01       		.byte	0x1
 1279 0039 03       		.uleb128 0x3
 1280 003a 0E       		.uleb128 0xe
 1281 003b 0B       		.uleb128 0xb
 1282 003c 0B       		.uleb128 0xb
 1283 003d 3A       		.uleb128 0x3a
 1284 003e 0B       		.uleb128 0xb
 1285 003f 3B       		.uleb128 0x3b
 1286 0040 0B       		.uleb128 0xb
 1287 0041 01       		.uleb128 0x1
 1288 0042 13       		.uleb128 0x13
 1289 0043 00       		.byte	0
 1290 0044 00       		.byte	0
 1291 0045 06       		.uleb128 0x6
 1292 0046 0D       		.uleb128 0xd
 1293 0047 00       		.byte	0
 1294 0048 03       		.uleb128 0x3
 1295 0049 0E       		.uleb128 0xe
 1296 004a 3A       		.uleb128 0x3a
 1297 004b 0B       		.uleb128 0xb
 1298 004c 3B       		.uleb128 0x3b
 1299 004d 0B       		.uleb128 0xb
 1300 004e 49       		.uleb128 0x49
 1301 004f 13       		.uleb128 0x13
 1302 0050 38       		.uleb128 0x38
 1303 0051 0B       		.uleb128 0xb
 1304 0052 00       		.byte	0
 1305 0053 00       		.byte	0
 1306 0054 07       		.uleb128 0x7
 1307 0055 0D       		.uleb128 0xd
 1308 0056 00       		.byte	0
ARM GAS  /tmp/ccylItAm.s 			page 24


 1309 0057 03       		.uleb128 0x3
 1310 0058 08       		.uleb128 0x8
 1311 0059 3A       		.uleb128 0x3a
 1312 005a 0B       		.uleb128 0xb
 1313 005b 3B       		.uleb128 0x3b
 1314 005c 05       		.uleb128 0x5
 1315 005d 49       		.uleb128 0x49
 1316 005e 13       		.uleb128 0x13
 1317 005f 38       		.uleb128 0x38
 1318 0060 0B       		.uleb128 0xb
 1319 0061 00       		.byte	0
 1320 0062 00       		.byte	0
 1321 0063 08       		.uleb128 0x8
 1322 0064 0D       		.uleb128 0xd
 1323 0065 00       		.byte	0
 1324 0066 03       		.uleb128 0x3
 1325 0067 0E       		.uleb128 0xe
 1326 0068 3A       		.uleb128 0x3a
 1327 0069 0B       		.uleb128 0xb
 1328 006a 3B       		.uleb128 0x3b
 1329 006b 05       		.uleb128 0x5
 1330 006c 49       		.uleb128 0x49
 1331 006d 13       		.uleb128 0x13
 1332 006e 38       		.uleb128 0x38
 1333 006f 0B       		.uleb128 0xb
 1334 0070 00       		.byte	0
 1335 0071 00       		.byte	0
 1336 0072 09       		.uleb128 0x9
 1337 0073 0F       		.uleb128 0xf
 1338 0074 00       		.byte	0
 1339 0075 0B       		.uleb128 0xb
 1340 0076 0B       		.uleb128 0xb
 1341 0077 49       		.uleb128 0x49
 1342 0078 13       		.uleb128 0x13
 1343 0079 00       		.byte	0
 1344 007a 00       		.byte	0
 1345 007b 0A       		.uleb128 0xa
 1346 007c 13       		.uleb128 0x13
 1347 007d 01       		.byte	0x1
 1348 007e 03       		.uleb128 0x3
 1349 007f 0E       		.uleb128 0xe
 1350 0080 0B       		.uleb128 0xb
 1351 0081 0B       		.uleb128 0xb
 1352 0082 3A       		.uleb128 0x3a
 1353 0083 0B       		.uleb128 0xb
 1354 0084 3B       		.uleb128 0x3b
 1355 0085 05       		.uleb128 0x5
 1356 0086 01       		.uleb128 0x1
 1357 0087 13       		.uleb128 0x13
 1358 0088 00       		.byte	0
 1359 0089 00       		.byte	0
 1360 008a 0B       		.uleb128 0xb
 1361 008b 15       		.uleb128 0x15
 1362 008c 01       		.byte	0x1
 1363 008d 27       		.uleb128 0x27
 1364 008e 19       		.uleb128 0x19
 1365 008f 01       		.uleb128 0x1
ARM GAS  /tmp/ccylItAm.s 			page 25


 1366 0090 13       		.uleb128 0x13
 1367 0091 00       		.byte	0
 1368 0092 00       		.byte	0
 1369 0093 0C       		.uleb128 0xc
 1370 0094 05       		.uleb128 0x5
 1371 0095 00       		.byte	0
 1372 0096 49       		.uleb128 0x49
 1373 0097 13       		.uleb128 0x13
 1374 0098 00       		.byte	0
 1375 0099 00       		.byte	0
 1376 009a 0D       		.uleb128 0xd
 1377 009b 0F       		.uleb128 0xf
 1378 009c 00       		.byte	0
 1379 009d 0B       		.uleb128 0xb
 1380 009e 0B       		.uleb128 0xb
 1381 009f 00       		.byte	0
 1382 00a0 00       		.byte	0
 1383 00a1 0E       		.uleb128 0xe
 1384 00a2 13       		.uleb128 0x13
 1385 00a3 01       		.byte	0x1
 1386 00a4 03       		.uleb128 0x3
 1387 00a5 0E       		.uleb128 0xe
 1388 00a6 0B       		.uleb128 0xb
 1389 00a7 05       		.uleb128 0x5
 1390 00a8 3A       		.uleb128 0x3a
 1391 00a9 0B       		.uleb128 0xb
 1392 00aa 3B       		.uleb128 0x3b
 1393 00ab 05       		.uleb128 0x5
 1394 00ac 01       		.uleb128 0x1
 1395 00ad 13       		.uleb128 0x13
 1396 00ae 00       		.byte	0
 1397 00af 00       		.byte	0
 1398 00b0 0F       		.uleb128 0xf
 1399 00b1 35       		.uleb128 0x35
 1400 00b2 00       		.byte	0
 1401 00b3 49       		.uleb128 0x49
 1402 00b4 13       		.uleb128 0x13
 1403 00b5 00       		.byte	0
 1404 00b6 00       		.byte	0
 1405 00b7 10       		.uleb128 0x10
 1406 00b8 0D       		.uleb128 0xd
 1407 00b9 00       		.byte	0
 1408 00ba 03       		.uleb128 0x3
 1409 00bb 08       		.uleb128 0x8
 1410 00bc 3A       		.uleb128 0x3a
 1411 00bd 0B       		.uleb128 0xb
 1412 00be 3B       		.uleb128 0x3b
 1413 00bf 0B       		.uleb128 0xb
 1414 00c0 49       		.uleb128 0x49
 1415 00c1 13       		.uleb128 0x13
 1416 00c2 38       		.uleb128 0x38
 1417 00c3 0B       		.uleb128 0xb
 1418 00c4 00       		.byte	0
 1419 00c5 00       		.byte	0
 1420 00c6 11       		.uleb128 0x11
 1421 00c7 13       		.uleb128 0x13
 1422 00c8 01       		.byte	0x1
ARM GAS  /tmp/ccylItAm.s 			page 26


 1423 00c9 0B       		.uleb128 0xb
 1424 00ca 0B       		.uleb128 0xb
 1425 00cb 3A       		.uleb128 0x3a
 1426 00cc 0B       		.uleb128 0xb
 1427 00cd 3B       		.uleb128 0x3b
 1428 00ce 0B       		.uleb128 0xb
 1429 00cf 01       		.uleb128 0x1
 1430 00d0 13       		.uleb128 0x13
 1431 00d1 00       		.byte	0
 1432 00d2 00       		.byte	0
 1433 00d3 12       		.uleb128 0x12
 1434 00d4 17       		.uleb128 0x17
 1435 00d5 01       		.byte	0x1
 1436 00d6 0B       		.uleb128 0xb
 1437 00d7 0B       		.uleb128 0xb
 1438 00d8 3A       		.uleb128 0x3a
 1439 00d9 0B       		.uleb128 0xb
 1440 00da 3B       		.uleb128 0x3b
 1441 00db 0B       		.uleb128 0xb
 1442 00dc 01       		.uleb128 0x1
 1443 00dd 13       		.uleb128 0x13
 1444 00de 00       		.byte	0
 1445 00df 00       		.byte	0
 1446 00e0 13       		.uleb128 0x13
 1447 00e1 0D       		.uleb128 0xd
 1448 00e2 00       		.byte	0
 1449 00e3 03       		.uleb128 0x3
 1450 00e4 0E       		.uleb128 0xe
 1451 00e5 3A       		.uleb128 0x3a
 1452 00e6 0B       		.uleb128 0xb
 1453 00e7 3B       		.uleb128 0x3b
 1454 00e8 05       		.uleb128 0x5
 1455 00e9 49       		.uleb128 0x49
 1456 00ea 13       		.uleb128 0x13
 1457 00eb 00       		.byte	0
 1458 00ec 00       		.byte	0
 1459 00ed 14       		.uleb128 0x14
 1460 00ee 26       		.uleb128 0x26
 1461 00ef 00       		.byte	0
 1462 00f0 49       		.uleb128 0x49
 1463 00f1 13       		.uleb128 0x13
 1464 00f2 00       		.byte	0
 1465 00f3 00       		.byte	0
 1466 00f4 15       		.uleb128 0x15
 1467 00f5 01       		.uleb128 0x1
 1468 00f6 01       		.byte	0x1
 1469 00f7 49       		.uleb128 0x49
 1470 00f8 13       		.uleb128 0x13
 1471 00f9 01       		.uleb128 0x1
 1472 00fa 13       		.uleb128 0x13
 1473 00fb 00       		.byte	0
 1474 00fc 00       		.byte	0
 1475 00fd 16       		.uleb128 0x16
 1476 00fe 21       		.uleb128 0x21
 1477 00ff 00       		.byte	0
 1478 0100 49       		.uleb128 0x49
 1479 0101 13       		.uleb128 0x13
ARM GAS  /tmp/ccylItAm.s 			page 27


 1480 0102 2F       		.uleb128 0x2f
 1481 0103 0B       		.uleb128 0xb
 1482 0104 00       		.byte	0
 1483 0105 00       		.byte	0
 1484 0106 17       		.uleb128 0x17
 1485 0107 0D       		.uleb128 0xd
 1486 0108 00       		.byte	0
 1487 0109 03       		.uleb128 0x3
 1488 010a 08       		.uleb128 0x8
 1489 010b 3A       		.uleb128 0x3a
 1490 010c 0B       		.uleb128 0xb
 1491 010d 3B       		.uleb128 0x3b
 1492 010e 0B       		.uleb128 0xb
 1493 010f 49       		.uleb128 0x49
 1494 0110 13       		.uleb128 0x13
 1495 0111 00       		.byte	0
 1496 0112 00       		.byte	0
 1497 0113 18       		.uleb128 0x18
 1498 0114 16       		.uleb128 0x16
 1499 0115 00       		.byte	0
 1500 0116 03       		.uleb128 0x3
 1501 0117 0E       		.uleb128 0xe
 1502 0118 3A       		.uleb128 0x3a
 1503 0119 0B       		.uleb128 0xb
 1504 011a 3B       		.uleb128 0x3b
 1505 011b 05       		.uleb128 0x5
 1506 011c 49       		.uleb128 0x49
 1507 011d 13       		.uleb128 0x13
 1508 011e 00       		.byte	0
 1509 011f 00       		.byte	0
 1510 0120 19       		.uleb128 0x19
 1511 0121 2E       		.uleb128 0x2e
 1512 0122 01       		.byte	0x1
 1513 0123 3F       		.uleb128 0x3f
 1514 0124 19       		.uleb128 0x19
 1515 0125 03       		.uleb128 0x3
 1516 0126 0E       		.uleb128 0xe
 1517 0127 3A       		.uleb128 0x3a
 1518 0128 0B       		.uleb128 0xb
 1519 0129 3B       		.uleb128 0x3b
 1520 012a 0B       		.uleb128 0xb
 1521 012b 27       		.uleb128 0x27
 1522 012c 19       		.uleb128 0x19
 1523 012d 49       		.uleb128 0x49
 1524 012e 13       		.uleb128 0x13
 1525 012f 11       		.uleb128 0x11
 1526 0130 01       		.uleb128 0x1
 1527 0131 12       		.uleb128 0x12
 1528 0132 06       		.uleb128 0x6
 1529 0133 40       		.uleb128 0x40
 1530 0134 18       		.uleb128 0x18
 1531 0135 9742     		.uleb128 0x2117
 1532 0137 19       		.uleb128 0x19
 1533 0138 01       		.uleb128 0x1
 1534 0139 13       		.uleb128 0x13
 1535 013a 00       		.byte	0
 1536 013b 00       		.byte	0
ARM GAS  /tmp/ccylItAm.s 			page 28


 1537 013c 1A       		.uleb128 0x1a
 1538 013d 05       		.uleb128 0x5
 1539 013e 00       		.byte	0
 1540 013f 03       		.uleb128 0x3
 1541 0140 08       		.uleb128 0x8
 1542 0141 3A       		.uleb128 0x3a
 1543 0142 0B       		.uleb128 0xb
 1544 0143 3B       		.uleb128 0x3b
 1545 0144 0B       		.uleb128 0xb
 1546 0145 49       		.uleb128 0x49
 1547 0146 13       		.uleb128 0x13
 1548 0147 02       		.uleb128 0x2
 1549 0148 18       		.uleb128 0x18
 1550 0149 00       		.byte	0
 1551 014a 00       		.byte	0
 1552 014b 1B       		.uleb128 0x1b
 1553 014c 34       		.uleb128 0x34
 1554 014d 00       		.byte	0
 1555 014e 03       		.uleb128 0x3
 1556 014f 0E       		.uleb128 0xe
 1557 0150 49       		.uleb128 0x49
 1558 0151 13       		.uleb128 0x13
 1559 0152 34       		.uleb128 0x34
 1560 0153 19       		.uleb128 0x19
 1561 0154 00       		.byte	0
 1562 0155 00       		.byte	0
 1563 0156 1C       		.uleb128 0x1c
 1564 0157 2E       		.uleb128 0x2e
 1565 0158 01       		.byte	0x1
 1566 0159 3F       		.uleb128 0x3f
 1567 015a 19       		.uleb128 0x19
 1568 015b 03       		.uleb128 0x3
 1569 015c 0E       		.uleb128 0xe
 1570 015d 3A       		.uleb128 0x3a
 1571 015e 0B       		.uleb128 0xb
 1572 015f 3B       		.uleb128 0x3b
 1573 0160 0B       		.uleb128 0xb
 1574 0161 27       		.uleb128 0x27
 1575 0162 19       		.uleb128 0x19
 1576 0163 11       		.uleb128 0x11
 1577 0164 01       		.uleb128 0x1
 1578 0165 12       		.uleb128 0x12
 1579 0166 06       		.uleb128 0x6
 1580 0167 40       		.uleb128 0x40
 1581 0168 18       		.uleb128 0x18
 1582 0169 9742     		.uleb128 0x2117
 1583 016b 19       		.uleb128 0x19
 1584 016c 01       		.uleb128 0x1
 1585 016d 13       		.uleb128 0x13
 1586 016e 00       		.byte	0
 1587 016f 00       		.byte	0
 1588 0170 1D       		.uleb128 0x1d
 1589 0171 05       		.uleb128 0x5
 1590 0172 00       		.byte	0
 1591 0173 03       		.uleb128 0x3
 1592 0174 0E       		.uleb128 0xe
 1593 0175 3A       		.uleb128 0x3a
ARM GAS  /tmp/ccylItAm.s 			page 29


 1594 0176 0B       		.uleb128 0xb
 1595 0177 3B       		.uleb128 0x3b
 1596 0178 0B       		.uleb128 0xb
 1597 0179 49       		.uleb128 0x49
 1598 017a 13       		.uleb128 0x13
 1599 017b 02       		.uleb128 0x2
 1600 017c 18       		.uleb128 0x18
 1601 017d 00       		.byte	0
 1602 017e 00       		.byte	0
 1603 017f 1E       		.uleb128 0x1e
 1604 0180 2E       		.uleb128 0x2e
 1605 0181 01       		.byte	0x1
 1606 0182 3F       		.uleb128 0x3f
 1607 0183 19       		.uleb128 0x19
 1608 0184 03       		.uleb128 0x3
 1609 0185 0E       		.uleb128 0xe
 1610 0186 3A       		.uleb128 0x3a
 1611 0187 0B       		.uleb128 0xb
 1612 0188 3B       		.uleb128 0x3b
 1613 0189 0B       		.uleb128 0xb
 1614 018a 27       		.uleb128 0x27
 1615 018b 19       		.uleb128 0x19
 1616 018c 11       		.uleb128 0x11
 1617 018d 01       		.uleb128 0x1
 1618 018e 12       		.uleb128 0x12
 1619 018f 06       		.uleb128 0x6
 1620 0190 40       		.uleb128 0x40
 1621 0191 18       		.uleb128 0x18
 1622 0192 9642     		.uleb128 0x2116
 1623 0194 19       		.uleb128 0x19
 1624 0195 01       		.uleb128 0x1
 1625 0196 13       		.uleb128 0x13
 1626 0197 00       		.byte	0
 1627 0198 00       		.byte	0
 1628 0199 1F       		.uleb128 0x1f
 1629 019a 34       		.uleb128 0x34
 1630 019b 00       		.byte	0
 1631 019c 03       		.uleb128 0x3
 1632 019d 0E       		.uleb128 0xe
 1633 019e 3A       		.uleb128 0x3a
 1634 019f 0B       		.uleb128 0xb
 1635 01a0 3B       		.uleb128 0x3b
 1636 01a1 05       		.uleb128 0x5
 1637 01a2 49       		.uleb128 0x49
 1638 01a3 13       		.uleb128 0x13
 1639 01a4 3F       		.uleb128 0x3f
 1640 01a5 19       		.uleb128 0x19
 1641 01a6 3C       		.uleb128 0x3c
 1642 01a7 19       		.uleb128 0x19
 1643 01a8 00       		.byte	0
 1644 01a9 00       		.byte	0
 1645 01aa 20       		.uleb128 0x20
 1646 01ab 34       		.uleb128 0x34
 1647 01ac 00       		.byte	0
 1648 01ad 03       		.uleb128 0x3
 1649 01ae 08       		.uleb128 0x8
 1650 01af 3A       		.uleb128 0x3a
ARM GAS  /tmp/ccylItAm.s 			page 30


 1651 01b0 0B       		.uleb128 0xb
 1652 01b1 3B       		.uleb128 0x3b
 1653 01b2 05       		.uleb128 0x5
 1654 01b3 49       		.uleb128 0x49
 1655 01b4 13       		.uleb128 0x13
 1656 01b5 3F       		.uleb128 0x3f
 1657 01b6 19       		.uleb128 0x19
 1658 01b7 3C       		.uleb128 0x3c
 1659 01b8 19       		.uleb128 0x19
 1660 01b9 00       		.byte	0
 1661 01ba 00       		.byte	0
 1662 01bb 00       		.byte	0
 1663              		.section	.debug_aranges,"",%progbits
 1664 0000 1C000000 		.4byte	0x1c
 1665 0004 0200     		.2byte	0x2
 1666 0006 00000000 		.4byte	.Ldebug_info0
 1667 000a 04       		.byte	0x4
 1668 000b 00       		.byte	0
 1669 000c 0000     		.2byte	0
 1670 000e 0000     		.2byte	0
 1671 0010 00000000 		.4byte	.Ltext0
 1672 0014 88000000 		.4byte	.Letext0-.Ltext0
 1673 0018 00000000 		.4byte	0
 1674 001c 00000000 		.4byte	0
 1675              		.section	.debug_line,"",%progbits
 1676              	.Ldebug_line0:
 1677 0000 B5020000 		.section	.debug_str,"MS",%progbits,1
 1677      02009202 
 1677      00000201 
 1677      FB0E0D00 
 1677      01010101 
 1678              	.LASF55:
 1679 0000 72656164 		.ascii	"ready_list_t\000"
 1679      795F6C69 
 1679      73745F74 
 1679      00
 1680              	.LASF93:
 1681 000d 77747472 		.ascii	"wttrp\000"
 1681      7000
 1682              	.LASF90:
 1683 0013 7264796D 		.ascii	"rdymsg\000"
 1683      736700
 1684              	.LASF18:
 1685 001a 75696E74 		.ascii	"uint64_t\000"
 1685      36345F74 
 1685      00
 1686              	.LASF4:
 1687 0023 5F5F7569 		.ascii	"__uint8_t\000"
 1687      6E74385F 
 1687      7400
 1688              	.LASF109:
 1689 002d 4F545950 		.ascii	"OTYPER\000"
 1689      455200
 1690              	.LASF87:
 1691 0034 706F7274 		.ascii	"port_intctx\000"
 1691      5F696E74 
 1691      63747800 
ARM GAS  /tmp/ccylItAm.s 			page 31


 1692              	.LASF74:
 1693 0040 73797374 		.ascii	"system_debug_t\000"
 1693      656D5F64 
 1693      65627567 
 1693      5F7400
 1694              	.LASF118:
 1695 004f 696F706F 		.ascii	"ioportmask_t\000"
 1695      72746D61 
 1695      736B5F74 
 1695      00
 1696              	.LASF108:
 1697 005c 4D4F4445 		.ascii	"MODER\000"
 1697      5200
 1698              	.LASF13:
 1699 0062 6C6F6E67 		.ascii	"long long unsigned int\000"
 1699      206C6F6E 
 1699      6720756E 
 1699      7369676E 
 1699      65642069 
 1700              	.LASF111:
 1701 0079 50555044 		.ascii	"PUPDR\000"
 1701      5200
 1702              	.LASF91:
 1703 007f 65786974 		.ascii	"exitcode\000"
 1703      636F6465 
 1703      00
 1704              	.LASF81:
 1705 0088 6D61696E 		.ascii	"mainthread\000"
 1705      74687265 
 1705      616400
 1706              	.LASF71:
 1707 0093 76697274 		.ascii	"virtual_timers_list_t\000"
 1707      75616C5F 
 1707      74696D65 
 1707      72735F6C 
 1707      6973745F 
 1708              	.LASF129:
 1709 00a9 49544D5F 		.ascii	"ITM_RxBuffer\000"
 1709      52784275 
 1709      66666572 
 1709      00
 1710              	.LASF54:
 1711 00b6 63685F74 		.ascii	"ch_threads_queue\000"
 1711      68726561 
 1711      64735F71 
 1711      75657565 
 1711      00
 1712              	.LASF33:
 1713 00c7 705F7072 		.ascii	"p_prio\000"
 1713      696F00
 1714              	.LASF11:
 1715 00ce 6C6F6E67 		.ascii	"long long int\000"
 1715      206C6F6E 
 1715      6720696E 
 1715      7400
 1716              	.LASF1:
 1717 00dc 7369676E 		.ascii	"signed char\000"
ARM GAS  /tmp/ccylItAm.s 			page 32


 1717      65642063 
 1717      68617200 
 1718              	.LASF112:
 1719 00e8 42535252 		.ascii	"BSRR\000"
 1719      00
 1720              	.LASF48:
 1721 00ed 705F6D70 		.ascii	"p_mpool\000"
 1721      6F6F6C00 
 1722              	.LASF101:
 1723 00f5 6D5F7175 		.ascii	"m_queue\000"
 1723      65756500 
 1724              	.LASF80:
 1725 00fd 76746C69 		.ascii	"vtlist\000"
 1725      737400
 1726              	.LASF24:
 1727 0104 74736C69 		.ascii	"tslices_t\000"
 1727      6365735F 
 1727      7400
 1728              	.LASF124:
 1729 010e 62697473 		.ascii	"bits\000"
 1729      00
 1730              	.LASF8:
 1731 0113 6C6F6E67 		.ascii	"long int\000"
 1731      20696E74 
 1731      00
 1732              	.LASF22:
 1733 011c 74737461 		.ascii	"tstate_t\000"
 1733      74655F74 
 1733      00
 1734              	.LASF15:
 1735 0125 75696E74 		.ascii	"uint16_t\000"
 1735      31365F74 
 1735      00
 1736              	.LASF35:
 1737 012e 705F6E65 		.ascii	"p_newer\000"
 1737      77657200 
 1738              	.LASF98:
 1739 0136 735F7175 		.ascii	"s_queue\000"
 1739      65756500 
 1740              	.LASF110:
 1741 013e 4F535045 		.ascii	"OSPEEDR\000"
 1741      45445200 
 1742              	.LASF60:
 1743 0146 725F6E65 		.ascii	"r_newer\000"
 1743      77657200 
 1744              	.LASF122:
 1745 014e 6D61736B 		.ascii	"mask\000"
 1745      00
 1746              	.LASF131:
 1747 0153 2E2E2F2E 		.ascii	"../../ChibiOS/os/hal/src/pal.c\000"
 1747      2E2F4368 
 1747      6962694F 
 1747      532F6F73 
 1747      2F68616C 
 1748              	.LASF67:
 1749 0172 76745F70 		.ascii	"vt_prev\000"
 1749      72657600 
ARM GAS  /tmp/ccylItAm.s 			page 33


 1750              	.LASF117:
 1751 017a 73746D33 		.ascii	"stm32_gpio_t\000"
 1751      325F6770 
 1751      696F5F74 
 1751      00
 1752              	.LASF105:
 1753 0187 6D757465 		.ascii	"mutex_t\000"
 1753      785F7400 
 1754              	.LASF123:
 1755 018f 494F4275 		.ascii	"IOBus\000"
 1755      7300
 1756              	.LASF28:
 1757 0195 636E745F 		.ascii	"cnt_t\000"
 1757      7400
 1758              	.LASF0:
 1759 019b 756E7369 		.ascii	"unsigned int\000"
 1759      676E6564 
 1759      20696E74 
 1759      00
 1760              	.LASF66:
 1761 01a8 76745F6E 		.ascii	"vt_next\000"
 1761      65787400 
 1762              	.LASF94:
 1763 01b0 77747365 		.ascii	"wtsemp\000"
 1763      6D7000
 1764              	.LASF43:
 1765 01b7 705F6D73 		.ascii	"p_msgqueue\000"
 1765      67717565 
 1765      756500
 1766              	.LASF132:
 1767 01c2 2F6E6673 		.ascii	"/nfs/nfs7/home/vvedanta/P442/p442-submissions/senso"
 1767      2F6E6673 
 1767      372F686F 
 1767      6D652F76 
 1767      76656461 
 1768 01f5 7274696C 		.ascii	"rtile/final_project\000"
 1768      652F6669 
 1768      6E616C5F 
 1768      70726F6A 
 1768      65637400 
 1769              	.LASF99:
 1770 0209 735F636E 		.ascii	"s_cnt\000"
 1770      7400
 1771              	.LASF6:
 1772 020f 73686F72 		.ascii	"short unsigned int\000"
 1772      7420756E 
 1772      7369676E 
 1772      65642069 
 1772      6E7400
 1773              	.LASF51:
 1774 0222 63685F74 		.ascii	"ch_thread\000"
 1774      68726561 
 1774      6400
 1775              	.LASF26:
 1776 022c 6D73675F 		.ascii	"msg_t\000"
 1776      7400
 1777              	.LASF77:
ARM GAS  /tmp/ccylItAm.s 			page 34


 1778 0232 63685F73 		.ascii	"ch_system_t\000"
 1778      79737465 
 1778      6D5F7400 
 1779              	.LASF113:
 1780 023e 4C4F434B 		.ascii	"LOCKR\000"
 1780      5200
 1781              	.LASF21:
 1782 0244 746D6F64 		.ascii	"tmode_t\000"
 1782      655F7400 
 1783              	.LASF130:
 1784 024c 474E5520 		.ascii	"GNU C 4.8.4 20140526 (release) [ARM/embedded-4_8-br"
 1784      4320342E 
 1784      382E3420 
 1784      32303134 
 1784      30353236 
 1785 027f 616E6368 		.ascii	"anch revision 211358] -mcpu=cortex-m4 -mno-thumb-in"
 1785      20726576 
 1785      6973696F 
 1785      6E203231 
 1785      31333538 
 1786 02b2 74657277 		.ascii	"terwork -mthumb -ggdb -O0 -fomit-frame-pointer -fal"
 1786      6F726B20 
 1786      2D6D7468 
 1786      756D6220 
 1786      2D676764 
 1787 02e5 69676E2D 		.ascii	"ign-functions=16\000"
 1787      66756E63 
 1787      74696F6E 
 1787      733D3136 
 1787      00
 1788              	.LASF56:
 1789 02f6 63685F72 		.ascii	"ch_ready_list\000"
 1789      65616479 
 1789      5F6C6973 
 1789      7400
 1790              	.LASF27:
 1791 0304 6576656E 		.ascii	"eventmask_t\000"
 1791      746D6173 
 1791      6B5F7400 
 1792              	.LASF7:
 1793 0310 5F5F696E 		.ascii	"__int32_t\000"
 1793      7433325F 
 1793      7400
 1794              	.LASF85:
 1795 031a 73746B61 		.ascii	"stkalign_t\000"
 1795      6C69676E 
 1795      5F7400
 1796              	.LASF50:
 1797 0325 74687265 		.ascii	"threads_list_t\000"
 1797      6164735F 
 1797      6C697374 
 1797      5F7400
 1798              	.LASF12:
 1799 0334 5F5F7569 		.ascii	"__uint64_t\000"
 1799      6E743634 
 1799      5F7400
 1800              	.LASF42:
ARM GAS  /tmp/ccylItAm.s 			page 35


 1801 033f 705F7761 		.ascii	"p_waiting\000"
 1801      6974696E 
 1801      6700
 1802              	.LASF83:
 1803 0349 73697A65 		.ascii	"sizetype\000"
 1803      74797065 
 1803      00
 1804              	.LASF49:
 1805 0352 74687265 		.ascii	"thread_reference_t\000"
 1805      61645F72 
 1805      65666572 
 1805      656E6365 
 1805      5F7400
 1806              	.LASF72:
 1807 0365 63685F76 		.ascii	"ch_virtual_timers_list\000"
 1807      69727475 
 1807      616C5F74 
 1807      696D6572 
 1807      735F6C69 
 1808              	.LASF107:
 1809 037c 636C6561 		.ascii	"clear\000"
 1809      7200
 1810              	.LASF36:
 1811 0382 705F6F6C 		.ascii	"p_older\000"
 1811      64657200 
 1812              	.LASF59:
 1813 038a 725F6374 		.ascii	"r_ctx\000"
 1813      7800
 1814              	.LASF89:
 1815 0390 746D5F63 		.ascii	"tm_calibration_t\000"
 1815      616C6962 
 1815      72617469 
 1815      6F6E5F74 
 1815      00
 1816              	.LASF62:
 1817 03a1 725F6375 		.ascii	"r_current\000"
 1817      7272656E 
 1817      7400
 1818              	.LASF61:
 1819 03ab 725F6F6C 		.ascii	"r_older\000"
 1819      64657200 
 1820              	.LASF121:
 1821 03b3 706F7274 		.ascii	"portid\000"
 1821      696400
 1822              	.LASF115:
 1823 03ba 41465248 		.ascii	"AFRH\000"
 1823      00
 1824              	.LASF127:
 1825 03bf 70616C53 		.ascii	"palSetBusMode\000"
 1825      65744275 
 1825      734D6F64 
 1825      6500
 1826              	.LASF114:
 1827 03cd 4146524C 		.ascii	"AFRL\000"
 1827      00
 1828              	.LASF23:
 1829 03d2 74726566 		.ascii	"trefs_t\000"
ARM GAS  /tmp/ccylItAm.s 			page 36


 1829      735F7400 
 1830              	.LASF64:
 1831 03da 76697274 		.ascii	"virtual_timer_t\000"
 1831      75616C5F 
 1831      74696D65 
 1831      725F7400 
 1832              	.LASF32:
 1833 03ea 705F7072 		.ascii	"p_prev\000"
 1833      657600
 1834              	.LASF25:
 1835 03f1 74707269 		.ascii	"tprio_t\000"
 1835      6F5F7400 
 1836              	.LASF75:
 1837 03f9 63685F73 		.ascii	"ch_system_debug\000"
 1837      79737465 
 1837      6D5F6465 
 1837      62756700 
 1838              	.LASF106:
 1839 0409 5F426F6F 		.ascii	"_Bool\000"
 1839      6C00
 1840              	.LASF16:
 1841 040f 696E7433 		.ascii	"int32_t\000"
 1841      325F7400 
 1842              	.LASF2:
 1843 0417 756E7369 		.ascii	"unsigned char\000"
 1843      676E6564 
 1843      20636861 
 1843      7200
 1844              	.LASF46:
 1845 0425 705F6D74 		.ascii	"p_mtxlist\000"
 1845      786C6973 
 1845      7400
 1846              	.LASF3:
 1847 042f 73686F72 		.ascii	"short int\000"
 1847      7420696E 
 1847      7400
 1848              	.LASF38:
 1849 0439 705F7374 		.ascii	"p_state\000"
 1849      61746500 
 1850              	.LASF41:
 1851 0441 705F7072 		.ascii	"p_preempt\000"
 1851      65656D70 
 1851      7400
 1852              	.LASF58:
 1853 044b 725F7072 		.ascii	"r_prio\000"
 1853      696F00
 1854              	.LASF96:
 1855 0452 65776D61 		.ascii	"ewmask\000"
 1855      736B00
 1856              	.LASF31:
 1857 0459 705F6E65 		.ascii	"p_next\000"
 1857      787400
 1858              	.LASF19:
 1859 0460 75696E74 		.ascii	"uint_fast8_t\000"
 1859      5F666173 
 1859      74385F74 
 1859      00
ARM GAS  /tmp/ccylItAm.s 			page 37


 1860              	.LASF39:
 1861 046d 705F666C 		.ascii	"p_flags\000"
 1861      61677300 
 1862              	.LASF125:
 1863 0475 5F5F6675 		.ascii	"__func__\000"
 1863      6E635F5F 
 1863      00
 1864              	.LASF82:
 1865 047e 69646C65 		.ascii	"idle_thread_wa\000"
 1865      5F746872 
 1865      6561645F 
 1865      776100
 1866              	.LASF78:
 1867 048d 63685F73 		.ascii	"ch_system\000"
 1867      79737465 
 1867      6D00
 1868              	.LASF65:
 1869 0497 63685F76 		.ascii	"ch_virtual_timer\000"
 1869      69727475 
 1869      616C5F74 
 1869      696D6572 
 1869      00
 1870              	.LASF97:
 1871 04a8 63685F73 		.ascii	"ch_semaphore\000"
 1871      656D6170 
 1871      686F7265 
 1871      00
 1872              	.LASF45:
 1873 04b5 705F6570 		.ascii	"p_epending\000"
 1873      656E6469 
 1873      6E6700
 1874              	.LASF17:
 1875 04c0 75696E74 		.ascii	"uint32_t\000"
 1875      33325F74 
 1875      00
 1876              	.LASF84:
 1877 04c9 72656761 		.ascii	"regarm_t\000"
 1877      726D5F74 
 1877      00
 1878              	.LASF57:
 1879 04d2 725F7175 		.ascii	"r_queue\000"
 1879      65756500 
 1880              	.LASF68:
 1881 04da 76745F64 		.ascii	"vt_delta\000"
 1881      656C7461 
 1881      00
 1882              	.LASF52:
 1883 04e3 63685F74 		.ascii	"ch_threads_list\000"
 1883      68726561 
 1883      64735F6C 
 1883      69737400 
 1884              	.LASF10:
 1885 04f3 6C6F6E67 		.ascii	"long unsigned int\000"
 1885      20756E73 
 1885      69676E65 
 1885      6420696E 
 1885      7400
ARM GAS  /tmp/ccylItAm.s 			page 38


 1886              	.LASF104:
 1887 0505 63686172 		.ascii	"char\000"
 1887      00
 1888              	.LASF128:
 1889 050a 6D6F6465 		.ascii	"mode\000"
 1889      00
 1890              	.LASF133:
 1891 050f 70616C52 		.ascii	"palReadBus\000"
 1891      65616442 
 1891      757300
 1892              	.LASF95:
 1893 051a 77746D74 		.ascii	"wtmtxp\000"
 1893      787000
 1894              	.LASF5:
 1895 0521 5F5F7569 		.ascii	"__uint16_t\000"
 1895      6E743136 
 1895      5F7400
 1896              	.LASF30:
 1897 052c 74687265 		.ascii	"thread_t\000"
 1897      61645F74 
 1897      00
 1898              	.LASF103:
 1899 0535 6D5F6E65 		.ascii	"m_next\000"
 1899      787400
 1900              	.LASF29:
 1901 053c 73797374 		.ascii	"systime_t\000"
 1901      696D655F 
 1901      7400
 1902              	.LASF47:
 1903 0546 705F7265 		.ascii	"p_realprio\000"
 1903      616C7072 
 1903      696F00
 1904              	.LASF63:
 1905 0551 76746675 		.ascii	"vtfunc_t\000"
 1905      6E635F74 
 1905      00
 1906              	.LASF9:
 1907 055a 5F5F7569 		.ascii	"__uint32_t\000"
 1907      6E743332 
 1907      5F7400
 1908              	.LASF76:
 1909 0565 70616E69 		.ascii	"panic_msg\000"
 1909      635F6D73 
 1909      6700
 1910              	.LASF116:
 1911 056f 41534352 		.ascii	"ASCR\000"
 1911      00
 1912              	.LASF88:
 1913 0574 6F666673 		.ascii	"offset\000"
 1913      657400
 1914              	.LASF120:
 1915 057b 696F706F 		.ascii	"ioportid_t\000"
 1915      72746964 
 1915      5F7400
 1916              	.LASF86:
 1917 0586 636F6E74 		.ascii	"context\000"
 1917      65787400 
ARM GAS  /tmp/ccylItAm.s 			page 39


 1918              	.LASF20:
 1919 058e 7274636E 		.ascii	"rtcnt_t\000"
 1919      745F7400 
 1920              	.LASF70:
 1921 0596 76745F70 		.ascii	"vt_par\000"
 1921      617200
 1922              	.LASF126:
 1923 059d 70616C57 		.ascii	"palWriteBus\000"
 1923      72697465 
 1923      42757300 
 1924              	.LASF53:
 1925 05a9 74687265 		.ascii	"threads_queue_t\000"
 1925      6164735F 
 1925      71756575 
 1925      655F7400 
 1926              	.LASF100:
 1927 05b9 63685F6D 		.ascii	"ch_mutex\000"
 1927      75746578 
 1927      00
 1928              	.LASF40:
 1929 05c2 705F7265 		.ascii	"p_refs\000"
 1929      667300
 1930              	.LASF79:
 1931 05c9 726C6973 		.ascii	"rlist\000"
 1931      7400
 1932              	.LASF14:
 1933 05cf 75696E74 		.ascii	"uint8_t\000"
 1933      385F7400 
 1934              	.LASF92:
 1935 05d7 77746F62 		.ascii	"wtobjp\000"
 1935      6A7000
 1936              	.LASF37:
 1937 05de 705F6E61 		.ascii	"p_name\000"
 1937      6D6500
 1938              	.LASF73:
 1939 05e5 76745F73 		.ascii	"vt_systime\000"
 1939      79737469 
 1939      6D6500
 1940              	.LASF44:
 1941 05f0 705F6D73 		.ascii	"p_msg\000"
 1941      6700
 1942              	.LASF119:
 1943 05f6 696F6D6F 		.ascii	"iomode_t\000"
 1943      64655F74 
 1943      00
 1944              	.LASF102:
 1945 05ff 6D5F6F77 		.ascii	"m_owner\000"
 1945      6E657200 
 1946              	.LASF34:
 1947 0607 705F6374 		.ascii	"p_ctx\000"
 1947      7800
 1948              	.LASF69:
 1949 060d 76745F66 		.ascii	"vt_func\000"
 1949      756E6300 
 1950              		.ident	"GCC: (GNU Tools for ARM Embedded Processors) 4.8.4 20140526 (release) [ARM/embedded-4_8-br
ARM GAS  /tmp/ccylItAm.s 			page 40


DEFINED SYMBOLS
                            *ABS*:00000000 pal.c
     /tmp/ccylItAm.s:18     .text:00000000 $t
     /tmp/ccylItAm.s:24     .text:00000000 palReadBus
     /tmp/ccylItAm.s:59     .text:00000020 palWriteBus
     /tmp/ccylItAm.s:104    .text:00000060 palSetBusMode
                     .debug_frame:00000010 $d

UNDEFINED SYMBOLS
_pal_lld_setgroupmode
