ARM GAS  /tmp/ccHTXjQY.s 			page 1


   1              		.syntax unified
   2              		.cpu cortex-m4
   3              		.fpu softvfp
   4              		.eabi_attribute 20, 1
   5              		.eabi_attribute 21, 1
   6              		.eabi_attribute 23, 3
   7              		.eabi_attribute 24, 1
   8              		.eabi_attribute 25, 1
   9              		.eabi_attribute 26, 1
  10              		.eabi_attribute 30, 6
  11              		.eabi_attribute 34, 1
  12              		.eabi_attribute 18, 4
  13              		.thumb
  14              		.file	"st.c"
  15              		.text
  16              	.Ltext0:
  17              		.cfi_sections	.debug_frame
  18              		.align	2
  19              		.p2align 4,,15
  20              		.thumb
  21              		.thumb_func
  22              		.type	st_lld_start_alarm, %function
  23              	st_lld_start_alarm:
  24              	.LFB262:
  25              		.file 1 "../../ChibiOS/os/hal/ports/STM32/LLD/TIMv1/st_lld.h"
  26              		.loc 1 153 0
  27              		.cfi_startproc
  28              		@ args = 0, pretend = 0, frame = 8
  29              		@ frame_needed = 0, uses_anonymous_args = 0
  30              		@ link register save eliminated.
  31 0000 82B0     		sub	sp, sp, #8
  32              		.cfi_def_cfa_offset 8
  33 0002 0190     		str	r0, [sp, #4]
  34              		.loc 1 155 0
  35 0004 4FF08043 		mov	r3, #1073741824
  36 0008 019A     		ldr	r2, [sp, #4]
  37 000a 5A63     		str	r2, [r3, #52]
  38              		.loc 1 156 0
  39 000c 4FF08043 		mov	r3, #1073741824
  40 0010 0022     		movs	r2, #0
  41 0012 1A61     		str	r2, [r3, #16]
  42              		.loc 1 157 0
  43 0014 4FF08043 		mov	r3, #1073741824
  44 0018 0222     		movs	r2, #2
  45 001a DA60     		str	r2, [r3, #12]
  46              		.loc 1 158 0
  47 001c 02B0     		add	sp, sp, #8
  48              		@ sp needed
  49 001e 7047     		bx	lr
  50              		.cfi_endproc
  51              	.LFE262:
  52              		.size	st_lld_start_alarm, .-st_lld_start_alarm
  53              		.align	2
  54              		.p2align 4,,15
  55              		.thumb
  56              		.thumb_func
  57              		.type	st_lld_stop_alarm, %function
ARM GAS  /tmp/ccHTXjQY.s 			page 2


  58              	st_lld_stop_alarm:
  59              	.LFB263:
  60              		.loc 1 165 0
  61              		.cfi_startproc
  62              		@ args = 0, pretend = 0, frame = 0
  63              		@ frame_needed = 0, uses_anonymous_args = 0
  64              		@ link register save eliminated.
  65              		.loc 1 167 0
  66 0020 4FF08043 		mov	r3, #1073741824
  67 0024 0022     		movs	r2, #0
  68 0026 DA60     		str	r2, [r3, #12]
  69              		.loc 1 168 0
  70 0028 7047     		bx	lr
  71              		.cfi_endproc
  72              	.LFE263:
  73              		.size	st_lld_stop_alarm, .-st_lld_stop_alarm
  74 002a 00BF     		.align	2
  75 002c AFF30080 		.p2align 4,,15
  76              		.thumb
  77              		.thumb_func
  78              		.type	st_lld_set_alarm, %function
  79              	st_lld_set_alarm:
  80              	.LFB264:
  81              		.loc 1 177 0
  82              		.cfi_startproc
  83              		@ args = 0, pretend = 0, frame = 8
  84              		@ frame_needed = 0, uses_anonymous_args = 0
  85              		@ link register save eliminated.
  86 0030 82B0     		sub	sp, sp, #8
  87              		.cfi_def_cfa_offset 8
  88 0032 0190     		str	r0, [sp, #4]
  89              		.loc 1 179 0
  90 0034 4FF08043 		mov	r3, #1073741824
  91 0038 019A     		ldr	r2, [sp, #4]
  92 003a 5A63     		str	r2, [r3, #52]
  93              		.loc 1 180 0
  94 003c 02B0     		add	sp, sp, #8
  95              		@ sp needed
  96 003e 7047     		bx	lr
  97              		.cfi_endproc
  98              	.LFE264:
  99              		.size	st_lld_set_alarm, .-st_lld_set_alarm
 100              		.align	2
 101              		.p2align 4,,15
 102              		.thumb
 103              		.thumb_func
 104              		.type	st_lld_get_alarm, %function
 105              	st_lld_get_alarm:
 106              	.LFB265:
 107              		.loc 1 189 0
 108              		.cfi_startproc
 109              		@ args = 0, pretend = 0, frame = 0
 110              		@ frame_needed = 0, uses_anonymous_args = 0
 111              		@ link register save eliminated.
 112              		.loc 1 191 0
 113 0040 4FF08043 		mov	r3, #1073741824
 114 0044 5B6B     		ldr	r3, [r3, #52]
ARM GAS  /tmp/ccHTXjQY.s 			page 3


 115              		.loc 1 192 0
 116 0046 1846     		mov	r0, r3
 117 0048 7047     		bx	lr
 118              		.cfi_endproc
 119              	.LFE265:
 120              		.size	st_lld_get_alarm, .-st_lld_get_alarm
 121 004a 00BF     		.align	2
 122 004c AFF30080 		.p2align 4,,15
 123              		.global	stInit
 124              		.thumb
 125              		.thumb_func
 126              		.type	stInit, %function
 127              	stInit:
 128              	.LFB267:
 129              		.file 2 "../../ChibiOS/os/hal/src/st.c"
 130              		.loc 2 60 0
 131              		.cfi_startproc
 132              		@ args = 0, pretend = 0, frame = 0
 133              		@ frame_needed = 0, uses_anonymous_args = 0
 134 0050 08B5     		push	{r3, lr}
 135              		.cfi_def_cfa_offset 8
 136              		.cfi_offset 3, -8
 137              		.cfi_offset 14, -4
 138              		.loc 2 62 0
 139 0052 FFF7FEFF 		bl	st_lld_init
 140              		.loc 2 63 0
 141 0056 08BD     		pop	{r3, pc}
 142              		.cfi_endproc
 143              	.LFE267:
 144              		.size	stInit, .-stInit
 145              		.align	2
 146 0058 AFF30080 		.p2align 4,,15
 146      AFF30080 
 147              		.global	stStartAlarm
 148              		.thumb
 149              		.thumb_func
 150              		.type	stStartAlarm, %function
 151              	stStartAlarm:
 152              	.LFB268:
 153              		.loc 2 77 0
 154              		.cfi_startproc
 155              		@ args = 0, pretend = 0, frame = 8
 156              		@ frame_needed = 0, uses_anonymous_args = 0
 157 0060 00B5     		push	{lr}
 158              		.cfi_def_cfa_offset 4
 159              		.cfi_offset 14, -4
 160 0062 83B0     		sub	sp, sp, #12
 161              		.cfi_def_cfa_offset 16
 162 0064 0190     		str	r0, [sp, #4]
 163              		.loc 2 81 0
 164 0066 0198     		ldr	r0, [sp, #4]
 165 0068 FFF7CAFF 		bl	st_lld_start_alarm
 166              		.loc 2 82 0
 167 006c 03B0     		add	sp, sp, #12
 168              		@ sp needed
 169 006e 5DF804FB 		ldr	pc, [sp], #4
 170              		.cfi_endproc
ARM GAS  /tmp/ccHTXjQY.s 			page 4


 171              	.LFE268:
 172              		.size	stStartAlarm, .-stStartAlarm
 173 0072 00BF     		.align	2
 174 0074 AFF30080 		.p2align 4,,15
 174      AFF30080 
 174      AFF30080 
 175              		.global	stStopAlarm
 176              		.thumb
 177              		.thumb_func
 178              		.type	stStopAlarm, %function
 179              	stStopAlarm:
 180              	.LFB269:
 181              		.loc 2 91 0
 182              		.cfi_startproc
 183              		@ args = 0, pretend = 0, frame = 0
 184              		@ frame_needed = 0, uses_anonymous_args = 0
 185 0080 08B5     		push	{r3, lr}
 186              		.cfi_def_cfa_offset 8
 187              		.cfi_offset 3, -8
 188              		.cfi_offset 14, -4
 189              		.loc 2 93 0
 190 0082 FFF7CDFF 		bl	st_lld_stop_alarm
 191              		.loc 2 94 0
 192 0086 08BD     		pop	{r3, pc}
 193              		.cfi_endproc
 194              	.LFE269:
 195              		.size	stStopAlarm, .-stStopAlarm
 196              		.align	2
 197 0088 AFF30080 		.p2align 4,,15
 197      AFF30080 
 198              		.global	stSetAlarm
 199              		.thumb
 200              		.thumb_func
 201              		.type	stSetAlarm, %function
 202              	stSetAlarm:
 203              	.LFB270:
 204              		.loc 2 105 0
 205              		.cfi_startproc
 206              		@ args = 0, pretend = 0, frame = 8
 207              		@ frame_needed = 0, uses_anonymous_args = 0
 208 0090 00B5     		push	{lr}
 209              		.cfi_def_cfa_offset 4
 210              		.cfi_offset 14, -4
 211 0092 83B0     		sub	sp, sp, #12
 212              		.cfi_def_cfa_offset 16
 213 0094 0190     		str	r0, [sp, #4]
 214              		.loc 2 109 0
 215 0096 0198     		ldr	r0, [sp, #4]
 216 0098 FFF7CAFF 		bl	st_lld_set_alarm
 217              		.loc 2 110 0
 218 009c 03B0     		add	sp, sp, #12
 219              		@ sp needed
 220 009e 5DF804FB 		ldr	pc, [sp], #4
 221              		.cfi_endproc
 222              	.LFE270:
 223              		.size	stSetAlarm, .-stSetAlarm
 224 00a2 00BF     		.align	2
ARM GAS  /tmp/ccHTXjQY.s 			page 5


 225 00a4 AFF30080 		.p2align 4,,15
 225      AFF30080 
 225      AFF30080 
 226              		.global	stGetAlarm
 227              		.thumb
 228              		.thumb_func
 229              		.type	stGetAlarm, %function
 230              	stGetAlarm:
 231              	.LFB271:
 232              		.loc 2 121 0
 233              		.cfi_startproc
 234              		@ args = 0, pretend = 0, frame = 0
 235              		@ frame_needed = 0, uses_anonymous_args = 0
 236 00b0 08B5     		push	{r3, lr}
 237              		.cfi_def_cfa_offset 8
 238              		.cfi_offset 3, -8
 239              		.cfi_offset 14, -4
 240              		.loc 2 125 0
 241 00b2 FFF7C5FF 		bl	st_lld_get_alarm
 242 00b6 0346     		mov	r3, r0
 243              		.loc 2 126 0
 244 00b8 1846     		mov	r0, r3
 245 00ba 08BD     		pop	{r3, pc}
 246              		.cfi_endproc
 247              	.LFE271:
 248              		.size	stGetAlarm, .-stGetAlarm
 249              	.Letext0:
 250              		.file 3 "/nfs/nfs5/home/research/hardware/arm2/gcc-arm-embedded/gcc-arm-none-eabi-4_8-2014q2/arm-n
 251              		.file 4 "/nfs/nfs5/home/research/hardware/arm2/gcc-arm-embedded/gcc-arm-none-eabi-4_8-2014q2/arm-n
 252              		.file 5 "../../ChibiOS/os/rt/ports/ARMCMx/compilers/GCC/chtypes.h"
 253              		.file 6 "../../ChibiOS/os/rt/include/chsystypes.h"
 254              		.file 7 "../../ChibiOS/os/rt/include/chschd.h"
 255              		.file 8 "../../ChibiOS/os/rt/ports/ARMCMx/chcore.h"
 256              		.file 9 "../../ChibiOS/os/rt/ports/ARMCMx/chcore_v7m.h"
 257              		.file 10 "../../ChibiOS/os/rt/include/chtm.h"
 258              		.file 11 "../../ChibiOS/os/rt/include/chsem.h"
 259              		.file 12 "../../ChibiOS/os/rt/include/chmtx.h"
 260              		.file 13 "../../ChibiOS/os/hal/ports/STM32/LLD/TIMv1/stm32_tim.h"
 261              		.file 14 "../../ChibiOS/os/ext/CMSIS/include/core_cm4.h"
 262 00bc AFF30080 		.section	.debug_info,"",%progbits
 263              	.Ldebug_info0:
 264 0000 D5080000 		.4byte	0x8d5
 265 0004 0400     		.2byte	0x4
 266 0006 00000000 		.4byte	.Ldebug_abbrev0
 267 000a 04       		.byte	0x4
 268 000b 01       		.uleb128 0x1
 269 000c 46020000 		.4byte	.LASF124
 270 0010 01       		.byte	0x1
 271 0011 AB000000 		.4byte	.LASF125
 272 0015 4D000000 		.4byte	.LASF126
 273 0019 00000000 		.4byte	.Ltext0
 274 001d BC000000 		.4byte	.Letext0-.Ltext0
 275 0021 00000000 		.4byte	.Ldebug_line0
 276 0025 02       		.uleb128 0x2
 277 0026 04       		.byte	0x4
 278 0027 05       		.byte	0x5
 279 0028 696E7400 		.ascii	"int\000"
ARM GAS  /tmp/ccHTXjQY.s 			page 6


 280 002c 03       		.uleb128 0x3
 281 002d 04       		.byte	0x4
 282 002e 07       		.byte	0x7
 283 002f EC010000 		.4byte	.LASF0
 284 0033 03       		.uleb128 0x3
 285 0034 01       		.byte	0x1
 286 0035 06       		.byte	0x6
 287 0036 2F010000 		.4byte	.LASF1
 288 003a 04       		.uleb128 0x4
 289 003b 28000000 		.4byte	.LASF5
 290 003f 03       		.byte	0x3
 291 0040 1C       		.byte	0x1c
 292 0041 45000000 		.4byte	0x45
 293 0045 03       		.uleb128 0x3
 294 0046 01       		.byte	0x1
 295 0047 08       		.byte	0x8
 296 0048 0B040000 		.4byte	.LASF2
 297 004c 03       		.uleb128 0x3
 298 004d 02       		.byte	0x2
 299 004e 05       		.byte	0x5
 300 004f 23040000 		.4byte	.LASF3
 301 0053 03       		.uleb128 0x3
 302 0054 02       		.byte	0x2
 303 0055 07       		.byte	0x7
 304 0056 9B010000 		.4byte	.LASF4
 305 005a 04       		.uleb128 0x4
 306 005b 0A030000 		.4byte	.LASF6
 307 005f 03       		.byte	0x3
 308 0060 37       		.byte	0x37
 309 0061 65000000 		.4byte	0x65
 310 0065 03       		.uleb128 0x3
 311 0066 04       		.byte	0x4
 312 0067 05       		.byte	0x5
 313 0068 5E010000 		.4byte	.LASF7
 314 006c 04       		.uleb128 0x4
 315 006d 2B050000 		.4byte	.LASF8
 316 0071 03       		.byte	0x3
 317 0072 38       		.byte	0x38
 318 0073 77000000 		.4byte	0x77
 319 0077 03       		.uleb128 0x3
 320 0078 04       		.byte	0x4
 321 0079 07       		.byte	0x7
 322 007a D5040000 		.4byte	.LASF9
 323 007e 03       		.uleb128 0x3
 324 007f 08       		.byte	0x8
 325 0080 05       		.byte	0x5
 326 0081 7D010000 		.4byte	.LASF10
 327 0085 04       		.uleb128 0x4
 328 0086 BB030000 		.4byte	.LASF11
 329 008a 03       		.byte	0x3
 330 008b 4E       		.byte	0x4e
 331 008c 90000000 		.4byte	0x90
 332 0090 03       		.uleb128 0x3
 333 0091 08       		.byte	0x8
 334 0092 07       		.byte	0x7
 335 0093 94000000 		.4byte	.LASF12
 336 0097 04       		.uleb128 0x4
ARM GAS  /tmp/ccHTXjQY.s 			page 7


 337 0098 54040000 		.4byte	.LASF13
 338 009c 04       		.byte	0x4
 339 009d 2A       		.byte	0x2a
 340 009e 3A000000 		.4byte	0x3a
 341 00a2 04       		.uleb128 0x4
 342 00a3 03040000 		.4byte	.LASF14
 343 00a7 04       		.byte	0x4
 344 00a8 41       		.byte	0x41
 345 00a9 5A000000 		.4byte	0x5a
 346 00ad 04       		.uleb128 0x4
 347 00ae A4040000 		.4byte	.LASF15
 348 00b2 04       		.byte	0x4
 349 00b3 42       		.byte	0x42
 350 00b4 6C000000 		.4byte	0x6c
 351 00b8 04       		.uleb128 0x4
 352 00b9 1F000000 		.4byte	.LASF16
 353 00bd 04       		.byte	0x4
 354 00be 4E       		.byte	0x4e
 355 00bf 85000000 		.4byte	0x85
 356 00c3 04       		.uleb128 0x4
 357 00c4 62050000 		.4byte	.LASF17
 358 00c8 05       		.byte	0x5
 359 00c9 39       		.byte	0x39
 360 00ca AD000000 		.4byte	0xad
 361 00ce 04       		.uleb128 0x4
 362 00cf 67010000 		.4byte	.LASF18
 363 00d3 05       		.byte	0x5
 364 00d4 3C       		.byte	0x3c
 365 00d5 97000000 		.4byte	0x97
 366 00d9 04       		.uleb128 0x4
 367 00da 6F010000 		.4byte	.LASF19
 368 00de 05       		.byte	0x5
 369 00df 3D       		.byte	0x3d
 370 00e0 97000000 		.4byte	0x97
 371 00e4 04       		.uleb128 0x4
 372 00e5 C6030000 		.4byte	.LASF20
 373 00e9 05       		.byte	0x5
 374 00ea 3E       		.byte	0x3e
 375 00eb 97000000 		.4byte	0x97
 376 00ef 04       		.uleb128 0x4
 377 00f0 4A010000 		.4byte	.LASF21
 378 00f4 05       		.byte	0x5
 379 00f5 3F       		.byte	0x3f
 380 00f6 97000000 		.4byte	0x97
 381 00fa 04       		.uleb128 0x4
 382 00fb E5030000 		.4byte	.LASF22
 383 00ff 05       		.byte	0x5
 384 0100 40       		.byte	0x40
 385 0101 AD000000 		.4byte	0xad
 386 0105 04       		.uleb128 0x4
 387 0106 28020000 		.4byte	.LASF23
 388 010a 05       		.byte	0x5
 389 010b 41       		.byte	0x41
 390 010c A2000000 		.4byte	0xa2
 391 0110 04       		.uleb128 0x4
 392 0111 FE020000 		.4byte	.LASF24
 393 0115 05       		.byte	0x5
ARM GAS  /tmp/ccHTXjQY.s 			page 8


 394 0116 43       		.byte	0x43
 395 0117 AD000000 		.4byte	0xad
 396 011b 04       		.uleb128 0x4
 397 011c E6010000 		.4byte	.LASF25
 398 0120 05       		.byte	0x5
 399 0121 45       		.byte	0x45
 400 0122 A2000000 		.4byte	0xa2
 401 0126 04       		.uleb128 0x4
 402 0127 0D050000 		.4byte	.LASF26
 403 012b 06       		.byte	0x6
 404 012c 33       		.byte	0x33
 405 012d AD000000 		.4byte	0xad
 406 0131 04       		.uleb128 0x4
 407 0132 FD040000 		.4byte	.LASF27
 408 0136 06       		.byte	0x6
 409 0137 3F       		.byte	0x3f
 410 0138 3C010000 		.4byte	0x13c
 411 013c 05       		.uleb128 0x5
 412 013d 1E020000 		.4byte	.LASF48
 413 0141 44       		.byte	0x44
 414 0142 07       		.byte	0x7
 415 0143 C2       		.byte	0xc2
 416 0144 35020000 		.4byte	0x235
 417 0148 06       		.uleb128 0x6
 418 0149 4D040000 		.4byte	.LASF28
 419 014d 07       		.byte	0x7
 420 014e C3       		.byte	0xc3
 421 014f 40020000 		.4byte	0x240
 422 0153 00       		.byte	0
 423 0154 06       		.uleb128 0x6
 424 0155 DE030000 		.4byte	.LASF29
 425 0159 07       		.byte	0x7
 426 015a C5       		.byte	0xc5
 427 015b 40020000 		.4byte	0x240
 428 015f 04       		.byte	0x4
 429 0160 06       		.uleb128 0x6
 430 0161 16010000 		.4byte	.LASF30
 431 0165 07       		.byte	0x7
 432 0166 C7       		.byte	0xc7
 433 0167 FA000000 		.4byte	0xfa
 434 016b 08       		.byte	0x8
 435 016c 06       		.uleb128 0x6
 436 016d 01060000 		.4byte	.LASF31
 437 0171 07       		.byte	0x7
 438 0172 C8       		.byte	0xc8
 439 0173 95040000 		.4byte	0x495
 440 0177 0C       		.byte	0xc
 441 0178 06       		.uleb128 0x6
 442 0179 8B010000 		.4byte	.LASF32
 443 017d 07       		.byte	0x7
 444 017e CA       		.byte	0xca
 445 017f 40020000 		.4byte	0x240
 446 0183 10       		.byte	0x10
 447 0184 06       		.uleb128 0x6
 448 0185 7E030000 		.4byte	.LASF33
 449 0189 07       		.byte	0x7
 450 018a CB       		.byte	0xcb
ARM GAS  /tmp/ccHTXjQY.s 			page 9


 451 018b 40020000 		.4byte	0x240
 452 018f 14       		.byte	0x14
 453 0190 06       		.uleb128 0x6
 454 0191 C6050000 		.4byte	.LASF34
 455 0195 07       		.byte	0x7
 456 0196 D2       		.byte	0xd2
 457 0197 14060000 		.4byte	0x614
 458 019b 18       		.byte	0x18
 459 019c 06       		.uleb128 0x6
 460 019d 2D040000 		.4byte	.LASF35
 461 01a1 07       		.byte	0x7
 462 01a2 DD       		.byte	0xdd
 463 01a3 D9000000 		.4byte	0xd9
 464 01a7 1C       		.byte	0x1c
 465 01a8 06       		.uleb128 0x6
 466 01a9 E0050000 		.4byte	.LASF36
 467 01ad 07       		.byte	0x7
 468 01ae E1       		.byte	0xe1
 469 01af CE000000 		.4byte	0xce
 470 01b3 1D       		.byte	0x1d
 471 01b4 06       		.uleb128 0x6
 472 01b5 9C050000 		.4byte	.LASF37
 473 01b9 07       		.byte	0x7
 474 01ba E6       		.byte	0xe6
 475 01bb E4000000 		.4byte	0xe4
 476 01bf 1E       		.byte	0x1e
 477 01c0 06       		.uleb128 0x6
 478 01c1 35040000 		.4byte	.LASF38
 479 01c5 07       		.byte	0x7
 480 01c6 EC       		.byte	0xec
 481 01c7 EF000000 		.4byte	0xef
 482 01cb 1F       		.byte	0x1f
 483 01cc 07       		.uleb128 0x7
 484 01cd 705F7500 		.ascii	"p_u\000"
 485 01d1 07       		.byte	0x7
 486 01d2 3101     		.2byte	0x131
 487 01d4 4F050000 		.4byte	0x54f
 488 01d8 20       		.byte	0x20
 489 01d9 08       		.uleb128 0x8
 490 01da 41030000 		.4byte	.LASF39
 491 01de 07       		.byte	0x7
 492 01df 3601     		.2byte	0x136
 493 01e1 46020000 		.4byte	0x246
 494 01e5 24       		.byte	0x24
 495 01e6 08       		.uleb128 0x8
 496 01e7 08020000 		.4byte	.LASF40
 497 01eb 07       		.byte	0x7
 498 01ec 3C01     		.2byte	0x13c
 499 01ee 6A020000 		.4byte	0x26a
 500 01f2 28       		.byte	0x28
 501 01f3 08       		.uleb128 0x8
 502 01f4 5C050000 		.4byte	.LASF41
 503 01f8 07       		.byte	0x7
 504 01f9 4001     		.2byte	0x140
 505 01fb 05010000 		.4byte	0x105
 506 01ff 30       		.byte	0x30
 507 0200 08       		.uleb128 0x8
ARM GAS  /tmp/ccHTXjQY.s 			page 10


 508 0201 99040000 		.4byte	.LASF42
 509 0205 07       		.byte	0x7
 510 0206 4601     		.2byte	0x146
 511 0208 10010000 		.4byte	0x110
 512 020c 34       		.byte	0x34
 513 020d 08       		.uleb128 0x8
 514 020e 19040000 		.4byte	.LASF43
 515 0212 07       		.byte	0x7
 516 0213 4D01     		.2byte	0x14d
 517 0215 0E060000 		.4byte	0x60e
 518 0219 38       		.byte	0x38
 519 021a 08       		.uleb128 0x8
 520 021b 17050000 		.4byte	.LASF44
 521 021f 07       		.byte	0x7
 522 0220 5101     		.2byte	0x151
 523 0222 FA000000 		.4byte	0xfa
 524 0226 3C       		.byte	0x3c
 525 0227 08       		.uleb128 0x8
 526 0228 B6010000 		.4byte	.LASF45
 527 022c 07       		.byte	0x7
 528 022d 5801     		.2byte	0x158
 529 022f 1D030000 		.4byte	0x31d
 530 0233 40       		.byte	0x40
 531 0234 00       		.byte	0
 532 0235 04       		.uleb128 0x4
 533 0236 54030000 		.4byte	.LASF46
 534 023a 06       		.byte	0x6
 535 023b 44       		.byte	0x44
 536 023c 40020000 		.4byte	0x240
 537 0240 09       		.uleb128 0x9
 538 0241 04       		.byte	0x4
 539 0242 31010000 		.4byte	0x131
 540 0246 04       		.uleb128 0x4
 541 0247 32030000 		.4byte	.LASF47
 542 024b 06       		.byte	0x6
 543 024c 49       		.byte	0x49
 544 024d 51020000 		.4byte	0x251
 545 0251 05       		.uleb128 0x5
 546 0252 C5040000 		.4byte	.LASF49
 547 0256 04       		.byte	0x4
 548 0257 07       		.byte	0x7
 549 0258 B0       		.byte	0xb0
 550 0259 6A020000 		.4byte	0x26a
 551 025d 06       		.uleb128 0x6
 552 025e 4D040000 		.4byte	.LASF28
 553 0262 07       		.byte	0x7
 554 0263 B1       		.byte	0xb1
 555 0264 40020000 		.4byte	0x240
 556 0268 00       		.byte	0
 557 0269 00       		.byte	0
 558 026a 04       		.uleb128 0x4
 559 026b 83050000 		.4byte	.LASF50
 560 026f 06       		.byte	0x6
 561 0270 50       		.byte	0x50
 562 0271 75020000 		.4byte	0x275
 563 0275 05       		.uleb128 0x5
 564 0276 05010000 		.4byte	.LASF51
ARM GAS  /tmp/ccHTXjQY.s 			page 11


 565 027a 08       		.byte	0x8
 566 027b 07       		.byte	0x7
 567 027c B7       		.byte	0xb7
 568 027d 9A020000 		.4byte	0x29a
 569 0281 06       		.uleb128 0x6
 570 0282 4D040000 		.4byte	.LASF28
 571 0286 07       		.byte	0x7
 572 0287 B8       		.byte	0xb8
 573 0288 40020000 		.4byte	0x240
 574 028c 00       		.byte	0
 575 028d 06       		.uleb128 0x6
 576 028e DE030000 		.4byte	.LASF29
 577 0292 07       		.byte	0x7
 578 0293 B9       		.byte	0xb9
 579 0294 40020000 		.4byte	0x240
 580 0298 04       		.byte	0x4
 581 0299 00       		.byte	0
 582 029a 04       		.uleb128 0x4
 583 029b 00000000 		.4byte	.LASF52
 584 029f 06       		.byte	0x6
 585 02a0 57       		.byte	0x57
 586 02a1 A5020000 		.4byte	0x2a5
 587 02a5 0A       		.uleb128 0xa
 588 02a6 F0020000 		.4byte	.LASF53
 589 02aa 1C       		.byte	0x1c
 590 02ab 07       		.byte	0x7
 591 02ac 9001     		.2byte	0x190
 592 02ae 01030000 		.4byte	0x301
 593 02b2 08       		.uleb128 0x8
 594 02b3 B4040000 		.4byte	.LASF54
 595 02b7 07       		.byte	0x7
 596 02b8 9101     		.2byte	0x191
 597 02ba 6A020000 		.4byte	0x26a
 598 02be 00       		.byte	0
 599 02bf 08       		.uleb128 0x8
 600 02c0 3F040000 		.4byte	.LASF55
 601 02c4 07       		.byte	0x7
 602 02c5 9201     		.2byte	0x192
 603 02c7 FA000000 		.4byte	0xfa
 604 02cb 08       		.byte	0x8
 605 02cc 08       		.uleb128 0x8
 606 02cd 8D030000 		.4byte	.LASF56
 607 02d1 07       		.byte	0x7
 608 02d2 9401     		.2byte	0x194
 609 02d4 95040000 		.4byte	0x495
 610 02d8 0C       		.byte	0xc
 611 02d9 08       		.uleb128 0x8
 612 02da AE010000 		.4byte	.LASF57
 613 02de 07       		.byte	0x7
 614 02df 9701     		.2byte	0x197
 615 02e1 40020000 		.4byte	0x240
 616 02e5 10       		.byte	0x10
 617 02e6 08       		.uleb128 0x8
 618 02e7 B3030000 		.4byte	.LASF58
 619 02eb 07       		.byte	0x7
 620 02ec 9801     		.2byte	0x198
 621 02ee 40020000 		.4byte	0x240
ARM GAS  /tmp/ccHTXjQY.s 			page 12


 622 02f2 14       		.byte	0x14
 623 02f3 08       		.uleb128 0x8
 624 02f4 A9030000 		.4byte	.LASF59
 625 02f8 07       		.byte	0x7
 626 02f9 9B01     		.2byte	0x19b
 627 02fb 40020000 		.4byte	0x240
 628 02ff 18       		.byte	0x18
 629 0300 00       		.byte	0
 630 0301 04       		.uleb128 0x4
 631 0302 22050000 		.4byte	.LASF60
 632 0306 06       		.byte	0x6
 633 0307 5C       		.byte	0x5c
 634 0308 0C030000 		.4byte	0x30c
 635 030c 09       		.uleb128 0x9
 636 030d 04       		.byte	0x4
 637 030e 12030000 		.4byte	0x312
 638 0312 0B       		.uleb128 0xb
 639 0313 1D030000 		.4byte	0x31d
 640 0317 0C       		.uleb128 0xc
 641 0318 1D030000 		.4byte	0x31d
 642 031c 00       		.byte	0
 643 031d 0D       		.uleb128 0xd
 644 031e 04       		.byte	0x4
 645 031f 04       		.uleb128 0x4
 646 0320 CE030000 		.4byte	.LASF61
 647 0324 06       		.byte	0x6
 648 0325 61       		.byte	0x61
 649 0326 2A030000 		.4byte	0x32a
 650 032a 0A       		.uleb128 0xa
 651 032b 65040000 		.4byte	.LASF62
 652 032f 14       		.byte	0x14
 653 0330 07       		.byte	0x7
 654 0331 6B01     		.2byte	0x16b
 655 0333 79030000 		.4byte	0x379
 656 0337 08       		.uleb128 0x8
 657 0338 F9010000 		.4byte	.LASF63
 658 033c 07       		.byte	0x7
 659 033d 6C01     		.2byte	0x16c
 660 033f 26060000 		.4byte	0x626
 661 0343 00       		.byte	0
 662 0344 08       		.uleb128 0x8
 663 0345 C7010000 		.4byte	.LASF64
 664 0349 07       		.byte	0x7
 665 034a 6D01     		.2byte	0x16d
 666 034c 26060000 		.4byte	0x626
 667 0350 04       		.byte	0x4
 668 0351 08       		.uleb128 0x8
 669 0352 BC040000 		.4byte	.LASF65
 670 0356 07       		.byte	0x7
 671 0357 6E01     		.2byte	0x16e
 672 0359 26010000 		.4byte	0x126
 673 035d 08       		.byte	0x8
 674 035e 08       		.uleb128 0x8
 675 035f 07060000 		.4byte	.LASF66
 676 0363 07       		.byte	0x7
 677 0364 6F01     		.2byte	0x16f
 678 0366 01030000 		.4byte	0x301
ARM GAS  /tmp/ccHTXjQY.s 			page 13


 679 036a 0C       		.byte	0xc
 680 036b 08       		.uleb128 0x8
 681 036c 7C050000 		.4byte	.LASF67
 682 0370 07       		.byte	0x7
 683 0371 7101     		.2byte	0x171
 684 0373 1D030000 		.4byte	0x31d
 685 0377 10       		.byte	0x10
 686 0378 00       		.byte	0
 687 0379 04       		.uleb128 0x4
 688 037a DD000000 		.4byte	.LASF68
 689 037e 06       		.byte	0x6
 690 037f 66       		.byte	0x66
 691 0380 84030000 		.4byte	0x384
 692 0384 0A       		.uleb128 0xa
 693 0385 67030000 		.4byte	.LASF69
 694 0389 10       		.byte	0x10
 695 038a 07       		.byte	0x7
 696 038b 7B01     		.2byte	0x17b
 697 038d C6030000 		.4byte	0x3c6
 698 0391 08       		.uleb128 0x8
 699 0392 F9010000 		.4byte	.LASF63
 700 0396 07       		.byte	0x7
 701 0397 7C01     		.2byte	0x17c
 702 0399 26060000 		.4byte	0x626
 703 039d 00       		.byte	0
 704 039e 08       		.uleb128 0x8
 705 039f C7010000 		.4byte	.LASF64
 706 03a3 07       		.byte	0x7
 707 03a4 7E01     		.2byte	0x17e
 708 03a6 26060000 		.4byte	0x626
 709 03aa 04       		.byte	0x4
 710 03ab 08       		.uleb128 0x8
 711 03ac BC040000 		.4byte	.LASF65
 712 03b0 07       		.byte	0x7
 713 03b1 8001     		.2byte	0x180
 714 03b3 26010000 		.4byte	0x126
 715 03b7 08       		.byte	0x8
 716 03b8 08       		.uleb128 0x8
 717 03b9 CD050000 		.4byte	.LASF70
 718 03bd 07       		.byte	0x7
 719 03be 8201     		.2byte	0x182
 720 03c0 2C060000 		.4byte	0x62c
 721 03c4 0C       		.byte	0xc
 722 03c5 00       		.byte	0
 723 03c6 04       		.uleb128 0x4
 724 03c7 3E000000 		.4byte	.LASF71
 725 03cb 06       		.byte	0x6
 726 03cc 6B       		.byte	0x6b
 727 03cd D1030000 		.4byte	0x3d1
 728 03d1 0A       		.uleb128 0xa
 729 03d2 ED030000 		.4byte	.LASF72
 730 03d6 04       		.byte	0x4
 731 03d7 07       		.byte	0x7
 732 03d8 A201     		.2byte	0x1a2
 733 03da EC030000 		.4byte	0x3ec
 734 03de 08       		.uleb128 0x8
 735 03df 36050000 		.4byte	.LASF73
ARM GAS  /tmp/ccHTXjQY.s 			page 14


 736 03e3 07       		.byte	0x7
 737 03e4 AA01     		.2byte	0x1aa
 738 03e6 31060000 		.4byte	0x631
 739 03ea 00       		.byte	0
 740 03eb 00       		.byte	0
 741 03ec 04       		.uleb128 0x4
 742 03ed 2E020000 		.4byte	.LASF74
 743 03f1 06       		.byte	0x6
 744 03f2 70       		.byte	0x70
 745 03f3 F7030000 		.4byte	0x3f7
 746 03f7 0E       		.uleb128 0xe
 747 03f8 54010000 		.4byte	.LASF75
 748 03fc 5001     		.2byte	0x150
 749 03fe 07       		.byte	0x7
 750 03ff C201     		.2byte	0x1c2
 751 0401 53040000 		.4byte	0x453
 752 0405 08       		.uleb128 0x8
 753 0406 A3050000 		.4byte	.LASF76
 754 040a 07       		.byte	0x7
 755 040b C601     		.2byte	0x1c6
 756 040d 9A020000 		.4byte	0x29a
 757 0411 00       		.byte	0
 758 0412 08       		.uleb128 0x8
 759 0413 43010000 		.4byte	.LASF77
 760 0417 07       		.byte	0x7
 761 0418 CA01     		.2byte	0x1ca
 762 041a 79030000 		.4byte	0x379
 763 041e 1C       		.byte	0x1c
 764 041f 07       		.uleb128 0x7
 765 0420 64626700 		.ascii	"dbg\000"
 766 0424 07       		.byte	0x7
 767 0425 CE01     		.2byte	0x1ce
 768 0427 C6030000 		.4byte	0x3c6
 769 042b 2C       		.byte	0x2c
 770 042c 08       		.uleb128 0x8
 771 042d D2000000 		.4byte	.LASF78
 772 0431 07       		.byte	0x7
 773 0432 D201     		.2byte	0x1d2
 774 0434 31010000 		.4byte	0x131
 775 0438 30       		.byte	0x30
 776 0439 07       		.uleb128 0x7
 777 043a 746D00   		.ascii	"tm\000"
 778 043d 07       		.byte	0x7
 779 043e D701     		.2byte	0x1d7
 780 0440 44050000 		.4byte	0x544
 781 0444 74       		.byte	0x74
 782 0445 08       		.uleb128 0x8
 783 0446 D7010000 		.4byte	.LASF79
 784 044a 07       		.byte	0x7
 785 044b E301     		.2byte	0x1e3
 786 044d 36060000 		.4byte	0x636
 787 0451 78       		.byte	0x78
 788 0452 00       		.byte	0
 789 0453 03       		.uleb128 0x3
 790 0454 04       		.byte	0x4
 791 0455 07       		.byte	0x7
 792 0456 4B030000 		.4byte	.LASF80
ARM GAS  /tmp/ccHTXjQY.s 			page 15


 793 045a 0F       		.uleb128 0xf
 794 045b AD000000 		.4byte	0xad
 795 045f 10       		.uleb128 0x10
 796 0460 AD000000 		.4byte	0xad
 797 0464 6F040000 		.4byte	0x46f
 798 0468 11       		.uleb128 0x11
 799 0469 53040000 		.4byte	0x453
 800 046d 01       		.byte	0x1
 801 046e 00       		.byte	0
 802 046f 10       		.uleb128 0x10
 803 0470 AD000000 		.4byte	0xad
 804 0474 7F040000 		.4byte	0x47f
 805 0478 11       		.uleb128 0x11
 806 0479 53040000 		.4byte	0x453
 807 047d 03       		.byte	0x3
 808 047e 00       		.byte	0
 809 047f 04       		.uleb128 0x4
 810 0480 BE010000 		.4byte	.LASF81
 811 0484 08       		.byte	0x8
 812 0485 65       		.byte	0x65
 813 0486 1D030000 		.4byte	0x31d
 814 048a 04       		.uleb128 0x4
 815 048b 27030000 		.4byte	.LASF82
 816 048f 08       		.byte	0x8
 817 0490 6D       		.byte	0x6d
 818 0491 B8000000 		.4byte	0xb8
 819 0495 05       		.uleb128 0x5
 820 0496 54050000 		.4byte	.LASF83
 821 049a 04       		.byte	0x4
 822 049b 08       		.byte	0x8
 823 049c 89       		.byte	0x89
 824 049d AE040000 		.4byte	0x4ae
 825 04a1 12       		.uleb128 0x12
 826 04a2 72313300 		.ascii	"r13\000"
 827 04a6 08       		.byte	0x8
 828 04a7 8A       		.byte	0x8a
 829 04a8 29050000 		.4byte	0x529
 830 04ac 00       		.byte	0
 831 04ad 00       		.byte	0
 832 04ae 05       		.uleb128 0x5
 833 04af 32000000 		.4byte	.LASF84
 834 04b3 24       		.byte	0x24
 835 04b4 09       		.byte	0x9
 836 04b5 FD       		.byte	0xfd
 837 04b6 29050000 		.4byte	0x529
 838 04ba 07       		.uleb128 0x7
 839 04bb 723400   		.ascii	"r4\000"
 840 04be 09       		.byte	0x9
 841 04bf 1001     		.2byte	0x110
 842 04c1 7F040000 		.4byte	0x47f
 843 04c5 00       		.byte	0
 844 04c6 07       		.uleb128 0x7
 845 04c7 723500   		.ascii	"r5\000"
 846 04ca 09       		.byte	0x9
 847 04cb 1101     		.2byte	0x111
 848 04cd 7F040000 		.4byte	0x47f
 849 04d1 04       		.byte	0x4
ARM GAS  /tmp/ccHTXjQY.s 			page 16


 850 04d2 07       		.uleb128 0x7
 851 04d3 723600   		.ascii	"r6\000"
 852 04d6 09       		.byte	0x9
 853 04d7 1201     		.2byte	0x112
 854 04d9 7F040000 		.4byte	0x47f
 855 04dd 08       		.byte	0x8
 856 04de 07       		.uleb128 0x7
 857 04df 723700   		.ascii	"r7\000"
 858 04e2 09       		.byte	0x9
 859 04e3 1301     		.2byte	0x113
 860 04e5 7F040000 		.4byte	0x47f
 861 04e9 0C       		.byte	0xc
 862 04ea 07       		.uleb128 0x7
 863 04eb 723800   		.ascii	"r8\000"
 864 04ee 09       		.byte	0x9
 865 04ef 1401     		.2byte	0x114
 866 04f1 7F040000 		.4byte	0x47f
 867 04f5 10       		.byte	0x10
 868 04f6 07       		.uleb128 0x7
 869 04f7 723900   		.ascii	"r9\000"
 870 04fa 09       		.byte	0x9
 871 04fb 1501     		.2byte	0x115
 872 04fd 7F040000 		.4byte	0x47f
 873 0501 14       		.byte	0x14
 874 0502 07       		.uleb128 0x7
 875 0503 72313000 		.ascii	"r10\000"
 876 0507 09       		.byte	0x9
 877 0508 1601     		.2byte	0x116
 878 050a 7F040000 		.4byte	0x47f
 879 050e 18       		.byte	0x18
 880 050f 07       		.uleb128 0x7
 881 0510 72313100 		.ascii	"r11\000"
 882 0514 09       		.byte	0x9
 883 0515 1701     		.2byte	0x117
 884 0517 7F040000 		.4byte	0x47f
 885 051b 1C       		.byte	0x1c
 886 051c 07       		.uleb128 0x7
 887 051d 6C7200   		.ascii	"lr\000"
 888 0520 09       		.byte	0x9
 889 0521 1801     		.2byte	0x118
 890 0523 7F040000 		.4byte	0x47f
 891 0527 20       		.byte	0x20
 892 0528 00       		.byte	0
 893 0529 09       		.uleb128 0x9
 894 052a 04       		.byte	0x4
 895 052b AE040000 		.4byte	0x4ae
 896 052f 13       		.uleb128 0x13
 897 0530 04       		.byte	0x4
 898 0531 0A       		.byte	0xa
 899 0532 38       		.byte	0x38
 900 0533 44050000 		.4byte	0x544
 901 0537 06       		.uleb128 0x6
 902 0538 40050000 		.4byte	.LASF85
 903 053c 0A       		.byte	0xa
 904 053d 3C       		.byte	0x3c
 905 053e C3000000 		.4byte	0xc3
 906 0542 00       		.byte	0
ARM GAS  /tmp/ccHTXjQY.s 			page 17


 907 0543 00       		.byte	0
 908 0544 04       		.uleb128 0x4
 909 0545 93030000 		.4byte	.LASF86
 910 0549 0A       		.byte	0xa
 911 054a 3D       		.byte	0x3d
 912 054b 2F050000 		.4byte	0x52f
 913 054f 14       		.uleb128 0x14
 914 0550 04       		.byte	0x4
 915 0551 07       		.byte	0x7
 916 0552 FA       		.byte	0xfa
 917 0553 AC050000 		.4byte	0x5ac
 918 0557 15       		.uleb128 0x15
 919 0558 18000000 		.4byte	.LASF87
 920 055c 07       		.byte	0x7
 921 055d 0101     		.2byte	0x101
 922 055f 05010000 		.4byte	0x105
 923 0563 15       		.uleb128 0x15
 924 0564 C9000000 		.4byte	.LASF88
 925 0568 07       		.byte	0x7
 926 0569 0801     		.2byte	0x108
 927 056b 05010000 		.4byte	0x105
 928 056f 15       		.uleb128 0x15
 929 0570 BF050000 		.4byte	.LASF89
 930 0574 07       		.byte	0x7
 931 0575 0F01     		.2byte	0x10f
 932 0577 1D030000 		.4byte	0x31d
 933 057b 15       		.uleb128 0x15
 934 057c 12000000 		.4byte	.LASF90
 935 0580 07       		.byte	0x7
 936 0581 1601     		.2byte	0x116
 937 0583 AC050000 		.4byte	0x5ac
 938 0587 15       		.uleb128 0x15
 939 0588 01020000 		.4byte	.LASF91
 940 058c 07       		.byte	0x7
 941 058d 1E01     		.2byte	0x11e
 942 058f D7050000 		.4byte	0x5d7
 943 0593 15       		.uleb128 0x15
 944 0594 AD040000 		.4byte	.LASF92
 945 0598 07       		.byte	0x7
 946 0599 2701     		.2byte	0x127
 947 059b 0E060000 		.4byte	0x60e
 948 059f 15       		.uleb128 0x15
 949 05a0 46040000 		.4byte	.LASF93
 950 05a4 07       		.byte	0x7
 951 05a5 2F01     		.2byte	0x12f
 952 05a7 10010000 		.4byte	0x110
 953 05ab 00       		.byte	0
 954 05ac 09       		.uleb128 0x9
 955 05ad 04       		.byte	0x4
 956 05ae 35020000 		.4byte	0x235
 957 05b2 05       		.uleb128 0x5
 958 05b3 87040000 		.4byte	.LASF94
 959 05b7 0C       		.byte	0xc
 960 05b8 0B       		.byte	0xb
 961 05b9 34       		.byte	0x34
 962 05ba D7050000 		.4byte	0x5d7
 963 05be 06       		.uleb128 0x6
ARM GAS  /tmp/ccHTXjQY.s 			page 18


 964 05bf 93010000 		.4byte	.LASF95
 965 05c3 0B       		.byte	0xb
 966 05c4 35       		.byte	0x35
 967 05c5 6A020000 		.4byte	0x26a
 968 05c9 00       		.byte	0
 969 05ca 06       		.uleb128 0x6
 970 05cb 13020000 		.4byte	.LASF96
 971 05cf 0B       		.byte	0xb
 972 05d0 37       		.byte	0x37
 973 05d1 1B010000 		.4byte	0x11b
 974 05d5 08       		.byte	0x8
 975 05d6 00       		.byte	0
 976 05d7 09       		.uleb128 0x9
 977 05d8 04       		.byte	0x4
 978 05d9 B2050000 		.4byte	0x5b2
 979 05dd 05       		.uleb128 0x5
 980 05de 93050000 		.4byte	.LASF97
 981 05e2 10       		.byte	0x10
 982 05e3 0C       		.byte	0xc
 983 05e4 39       		.byte	0x39
 984 05e5 0E060000 		.4byte	0x60e
 985 05e9 06       		.uleb128 0x6
 986 05ea 3B010000 		.4byte	.LASF98
 987 05ee 0C       		.byte	0xc
 988 05ef 3A       		.byte	0x3a
 989 05f0 6A020000 		.4byte	0x26a
 990 05f4 00       		.byte	0
 991 05f5 06       		.uleb128 0x6
 992 05f6 F9050000 		.4byte	.LASF99
 993 05fa 0C       		.byte	0xc
 994 05fb 3C       		.byte	0x3c
 995 05fc 40020000 		.4byte	0x240
 996 0600 08       		.byte	0x8
 997 0601 06       		.uleb128 0x6
 998 0602 06050000 		.4byte	.LASF100
 999 0606 0C       		.byte	0xc
 1000 0607 3E       		.byte	0x3e
 1001 0608 51060000 		.4byte	0x651
 1002 060c 0C       		.byte	0xc
 1003 060d 00       		.byte	0
 1004 060e 09       		.uleb128 0x9
 1005 060f 04       		.byte	0x4
 1006 0610 DD050000 		.4byte	0x5dd
 1007 0614 09       		.uleb128 0x9
 1008 0615 04       		.byte	0x4
 1009 0616 1A060000 		.4byte	0x61a
 1010 061a 16       		.uleb128 0x16
 1011 061b 1F060000 		.4byte	0x61f
 1012 061f 03       		.uleb128 0x3
 1013 0620 01       		.byte	0x1
 1014 0621 08       		.byte	0x8
 1015 0622 F3040000 		.4byte	.LASF101
 1016 0626 09       		.uleb128 0x9
 1017 0627 04       		.byte	0x4
 1018 0628 1F030000 		.4byte	0x31f
 1019 062c 0F       		.uleb128 0xf
 1020 062d 26010000 		.4byte	0x126
ARM GAS  /tmp/ccHTXjQY.s 			page 19


 1021 0631 0F       		.uleb128 0xf
 1022 0632 14060000 		.4byte	0x614
 1023 0636 10       		.uleb128 0x10
 1024 0637 8A040000 		.4byte	0x48a
 1025 063b 46060000 		.4byte	0x646
 1026 063f 11       		.uleb128 0x11
 1027 0640 53040000 		.4byte	0x453
 1028 0644 1A       		.byte	0x1a
 1029 0645 00       		.byte	0
 1030 0646 04       		.uleb128 0x4
 1031 0647 CF010000 		.4byte	.LASF102
 1032 064b 0C       		.byte	0xc
 1033 064c 34       		.byte	0x34
 1034 064d DD050000 		.4byte	0x5dd
 1035 0651 09       		.uleb128 0x9
 1036 0652 04       		.byte	0x4
 1037 0653 46060000 		.4byte	0x646
 1038 0657 03       		.uleb128 0x3
 1039 0658 01       		.byte	0x1
 1040 0659 02       		.byte	0x2
 1041 065a FD030000 		.4byte	.LASF103
 1042 065e 17       		.uleb128 0x17
 1043 065f 60       		.byte	0x60
 1044 0660 0D       		.byte	0xd
 1045 0661 A101     		.2byte	0x1a1
 1046 0663 6A070000 		.4byte	0x76a
 1047 0667 07       		.uleb128 0x7
 1048 0668 43523100 		.ascii	"CR1\000"
 1049 066c 0D       		.byte	0xd
 1050 066d A201     		.2byte	0x1a2
 1051 066f 5A040000 		.4byte	0x45a
 1052 0673 00       		.byte	0
 1053 0674 07       		.uleb128 0x7
 1054 0675 43523200 		.ascii	"CR2\000"
 1055 0679 0D       		.byte	0xd
 1056 067a A301     		.2byte	0x1a3
 1057 067c 5A040000 		.4byte	0x45a
 1058 0680 04       		.byte	0x4
 1059 0681 08       		.uleb128 0x8
 1060 0682 19020000 		.4byte	.LASF104
 1061 0686 0D       		.byte	0xd
 1062 0687 A401     		.2byte	0x1a4
 1063 0689 5A040000 		.4byte	0x45a
 1064 068d 08       		.byte	0x8
 1065 068e 08       		.uleb128 0x8
 1066 068f 0D000000 		.4byte	.LASF105
 1067 0693 0D       		.byte	0xd
 1068 0694 A501     		.2byte	0x1a5
 1069 0696 5A040000 		.4byte	0x45a
 1070 069a 0C       		.byte	0xc
 1071 069b 07       		.uleb128 0x7
 1072 069c 535200   		.ascii	"SR\000"
 1073 069f 0D       		.byte	0xd
 1074 06a0 A601     		.2byte	0x1a6
 1075 06a2 5A040000 		.4byte	0x45a
 1076 06a6 10       		.byte	0x10
 1077 06a7 07       		.uleb128 0x7
ARM GAS  /tmp/ccHTXjQY.s 			page 20


 1078 06a8 45475200 		.ascii	"EGR\000"
 1079 06ac 0D       		.byte	0xd
 1080 06ad A701     		.2byte	0x1a7
 1081 06af 5A040000 		.4byte	0x45a
 1082 06b3 14       		.byte	0x14
 1083 06b4 08       		.uleb128 0x8
 1084 06b5 1D010000 		.4byte	.LASF106
 1085 06b9 0D       		.byte	0xd
 1086 06ba A801     		.2byte	0x1a8
 1087 06bc 5A040000 		.4byte	0x45a
 1088 06c0 18       		.byte	0x18
 1089 06c1 08       		.uleb128 0x8
 1090 06c2 23010000 		.4byte	.LASF107
 1091 06c6 0D       		.byte	0xd
 1092 06c7 A901     		.2byte	0x1a9
 1093 06c9 5A040000 		.4byte	0x45a
 1094 06cd 1C       		.byte	0x1c
 1095 06ce 08       		.uleb128 0x8
 1096 06cf 78010000 		.4byte	.LASF108
 1097 06d3 0D       		.byte	0xd
 1098 06d4 AA01     		.2byte	0x1aa
 1099 06d6 5A040000 		.4byte	0x45a
 1100 06da 20       		.byte	0x20
 1101 06db 07       		.uleb128 0x7
 1102 06dc 434E5400 		.ascii	"CNT\000"
 1103 06e0 0D       		.byte	0xd
 1104 06e1 AB01     		.2byte	0x1ab
 1105 06e3 5A040000 		.4byte	0x45a
 1106 06e7 24       		.byte	0x24
 1107 06e8 07       		.uleb128 0x7
 1108 06e9 50534300 		.ascii	"PSC\000"
 1109 06ed 0D       		.byte	0xd
 1110 06ee AC01     		.2byte	0x1ac
 1111 06f0 5A040000 		.4byte	0x45a
 1112 06f4 28       		.byte	0x28
 1113 06f5 07       		.uleb128 0x7
 1114 06f6 41525200 		.ascii	"ARR\000"
 1115 06fa 0D       		.byte	0xd
 1116 06fb AD01     		.2byte	0x1ad
 1117 06fd 5A040000 		.4byte	0x45a
 1118 0701 2C       		.byte	0x2c
 1119 0702 07       		.uleb128 0x7
 1120 0703 52435200 		.ascii	"RCR\000"
 1121 0707 0D       		.byte	0xd
 1122 0708 AE01     		.2byte	0x1ae
 1123 070a 5A040000 		.4byte	0x45a
 1124 070e 30       		.byte	0x30
 1125 070f 07       		.uleb128 0x7
 1126 0710 43435200 		.ascii	"CCR\000"
 1127 0714 0D       		.byte	0xd
 1128 0715 AF01     		.2byte	0x1af
 1129 0717 6A070000 		.4byte	0x76a
 1130 071b 34       		.byte	0x34
 1131 071c 08       		.uleb128 0x8
 1132 071d 00010000 		.4byte	.LASF109
 1133 0721 0D       		.byte	0xd
 1134 0722 B001     		.2byte	0x1b0
ARM GAS  /tmp/ccHTXjQY.s 			page 21


 1135 0724 5A040000 		.4byte	0x45a
 1136 0728 44       		.byte	0x44
 1137 0729 07       		.uleb128 0x7
 1138 072a 44435200 		.ascii	"DCR\000"
 1139 072e 0D       		.byte	0xd
 1140 072f B101     		.2byte	0x1b1
 1141 0731 5A040000 		.4byte	0x45a
 1142 0735 48       		.byte	0x48
 1143 0736 08       		.uleb128 0x8
 1144 0737 F8040000 		.4byte	.LASF110
 1145 073b 0D       		.byte	0xd
 1146 073c B201     		.2byte	0x1b2
 1147 073e 5A040000 		.4byte	0x45a
 1148 0742 4C       		.byte	0x4c
 1149 0743 07       		.uleb128 0x7
 1150 0744 4F5200   		.ascii	"OR\000"
 1151 0747 0D       		.byte	0xd
 1152 0748 B301     		.2byte	0x1b3
 1153 074a 5A040000 		.4byte	0x45a
 1154 074e 50       		.byte	0x50
 1155 074f 08       		.uleb128 0x8
 1156 0750 29010000 		.4byte	.LASF111
 1157 0754 0D       		.byte	0xd
 1158 0755 B401     		.2byte	0x1b4
 1159 0757 5A040000 		.4byte	0x45a
 1160 075b 54       		.byte	0x54
 1161 075c 08       		.uleb128 0x8
 1162 075d 94040000 		.4byte	.LASF112
 1163 0761 0D       		.byte	0xd
 1164 0762 B501     		.2byte	0x1b5
 1165 0764 6F070000 		.4byte	0x76f
 1166 0768 58       		.byte	0x58
 1167 0769 00       		.byte	0
 1168 076a 0F       		.uleb128 0xf
 1169 076b 6F040000 		.4byte	0x46f
 1170 076f 0F       		.uleb128 0xf
 1171 0770 5F040000 		.4byte	0x45f
 1172 0774 18       		.uleb128 0x18
 1173 0775 3A020000 		.4byte	.LASF113
 1174 0779 0D       		.byte	0xd
 1175 077a B601     		.2byte	0x1b6
 1176 077c 5E060000 		.4byte	0x65e
 1177 0780 19       		.uleb128 0x19
 1178 0781 14030000 		.4byte	.LASF114
 1179 0785 01       		.byte	0x1
 1180 0786 99       		.byte	0x99
 1181 0787 00000000 		.4byte	.LFB262
 1182 078b 20000000 		.4byte	.LFE262-.LFB262
 1183 078f 01       		.uleb128 0x1
 1184 0790 9C       		.byte	0x9c
 1185 0791 A4070000 		.4byte	0x7a4
 1186 0795 1A       		.uleb128 0x1a
 1187 0796 A4030000 		.4byte	.LASF116
 1188 079a 01       		.byte	0x1
 1189 079b 99       		.byte	0x99
 1190 079c 26010000 		.4byte	0x126
 1191 07a0 02       		.uleb128 0x2
ARM GAS  /tmp/ccHTXjQY.s 			page 22


 1192 07a1 91       		.byte	0x91
 1193 07a2 7C       		.sleb128 -4
 1194 07a3 00       		.byte	0
 1195 07a4 1B       		.uleb128 0x1b
 1196 07a5 6A050000 		.4byte	.LASF127
 1197 07a9 01       		.byte	0x1
 1198 07aa A5       		.byte	0xa5
 1199 07ab 20000000 		.4byte	.LFB263
 1200 07af 0A000000 		.4byte	.LFE263-.LFB263
 1201 07b3 01       		.uleb128 0x1
 1202 07b4 9C       		.byte	0x9c
 1203 07b5 19       		.uleb128 0x19
 1204 07b6 E8050000 		.4byte	.LASF115
 1205 07ba 01       		.byte	0x1
 1206 07bb B1       		.byte	0xb1
 1207 07bc 30000000 		.4byte	.LFB264
 1208 07c0 10000000 		.4byte	.LFE264-.LFB264
 1209 07c4 01       		.uleb128 0x1
 1210 07c5 9C       		.byte	0x9c
 1211 07c6 D9070000 		.4byte	0x7d9
 1212 07ca 1A       		.uleb128 0x1a
 1213 07cb A4030000 		.4byte	.LASF116
 1214 07cf 01       		.byte	0x1
 1215 07d0 B1       		.byte	0xb1
 1216 07d1 26010000 		.4byte	0x126
 1217 07d5 02       		.uleb128 0x2
 1218 07d6 91       		.byte	0x91
 1219 07d7 7C       		.sleb128 -4
 1220 07d8 00       		.byte	0
 1221 07d9 1C       		.uleb128 0x1c
 1222 07da 76040000 		.4byte	.LASF128
 1223 07de 01       		.byte	0x1
 1224 07df BD       		.byte	0xbd
 1225 07e0 26010000 		.4byte	0x126
 1226 07e4 40000000 		.4byte	.LFB265
 1227 07e8 0A000000 		.4byte	.LFE265-.LFB265
 1228 07ec 01       		.uleb128 0x1
 1229 07ed 9C       		.byte	0x9c
 1230 07ee 1D       		.uleb128 0x1d
 1231 07ef 86030000 		.4byte	.LASF118
 1232 07f3 02       		.byte	0x2
 1233 07f4 3C       		.byte	0x3c
 1234 07f5 50000000 		.4byte	.LFB267
 1235 07f9 08000000 		.4byte	.LFE267-.LFB267
 1236 07fd 01       		.uleb128 0x1
 1237 07fe 9C       		.byte	0x9c
 1238 07ff 1E       		.uleb128 0x1e
 1239 0800 47050000 		.4byte	.LASF120
 1240 0804 02       		.byte	0x2
 1241 0805 4D       		.byte	0x4d
 1242 0806 60000000 		.4byte	.LFB268
 1243 080a 12000000 		.4byte	.LFE268-.LFB268
 1244 080e 01       		.uleb128 0x1
 1245 080f 9C       		.byte	0x9c
 1246 0810 2C080000 		.4byte	0x82c
 1247 0814 1A       		.uleb128 0x1a
 1248 0815 D8050000 		.4byte	.LASF117
ARM GAS  /tmp/ccHTXjQY.s 			page 23


 1249 0819 02       		.byte	0x2
 1250 081a 4D       		.byte	0x4d
 1251 081b 26010000 		.4byte	0x126
 1252 081f 02       		.uleb128 0x2
 1253 0820 91       		.byte	0x91
 1254 0821 74       		.sleb128 -12
 1255 0822 1F       		.uleb128 0x1f
 1256 0823 5C040000 		.4byte	.LASF122
 1257 0827 3C080000 		.4byte	0x83c
 1258 082b 00       		.byte	0
 1259 082c 10       		.uleb128 0x10
 1260 082d 1F060000 		.4byte	0x61f
 1261 0831 3C080000 		.4byte	0x83c
 1262 0835 11       		.uleb128 0x11
 1263 0836 53040000 		.4byte	0x453
 1264 083a 0C       		.byte	0xc
 1265 083b 00       		.byte	0
 1266 083c 16       		.uleb128 0x16
 1267 083d 2C080000 		.4byte	0x82c
 1268 0841 1D       		.uleb128 0x1d
 1269 0842 E7040000 		.4byte	.LASF119
 1270 0846 02       		.byte	0x2
 1271 0847 5B       		.byte	0x5b
 1272 0848 80000000 		.4byte	.LFB269
 1273 084c 08000000 		.4byte	.LFE269-.LFB269
 1274 0850 01       		.uleb128 0x1
 1275 0851 9C       		.byte	0x9c
 1276 0852 1E       		.uleb128 0x1e
 1277 0853 A9050000 		.4byte	.LASF121
 1278 0857 02       		.byte	0x2
 1279 0858 69       		.byte	0x69
 1280 0859 90000000 		.4byte	.LFB270
 1281 085d 12000000 		.4byte	.LFE270-.LFB270
 1282 0861 01       		.uleb128 0x1
 1283 0862 9C       		.byte	0x9c
 1284 0863 7F080000 		.4byte	0x87f
 1285 0867 1A       		.uleb128 0x1a
 1286 0868 D8050000 		.4byte	.LASF117
 1287 086c 02       		.byte	0x2
 1288 086d 69       		.byte	0x69
 1289 086e 26010000 		.4byte	0x126
 1290 0872 02       		.uleb128 0x2
 1291 0873 91       		.byte	0x91
 1292 0874 74       		.sleb128 -12
 1293 0875 1F       		.uleb128 0x1f
 1294 0876 5C040000 		.4byte	.LASF122
 1295 087a 8F080000 		.4byte	0x88f
 1296 087e 00       		.byte	0
 1297 087f 10       		.uleb128 0x10
 1298 0880 1F060000 		.4byte	0x61f
 1299 0884 8F080000 		.4byte	0x88f
 1300 0888 11       		.uleb128 0x11
 1301 0889 53040000 		.4byte	0x453
 1302 088d 0A       		.byte	0xa
 1303 088e 00       		.byte	0
 1304 088f 16       		.uleb128 0x16
 1305 0890 7F080000 		.4byte	0x87f
ARM GAS  /tmp/ccHTXjQY.s 			page 24


 1306 0894 20       		.uleb128 0x20
 1307 0895 B4050000 		.4byte	.LASF129
 1308 0899 02       		.byte	0x2
 1309 089a 79       		.byte	0x79
 1310 089b 26010000 		.4byte	0x126
 1311 089f B0000000 		.4byte	.LFB271
 1312 08a3 0C000000 		.4byte	.LFE271-.LFB271
 1313 08a7 01       		.uleb128 0x1
 1314 08a8 9C       		.byte	0x9c
 1315 08a9 B7080000 		.4byte	0x8b7
 1316 08ad 1F       		.uleb128 0x1f
 1317 08ae 5C040000 		.4byte	.LASF122
 1318 08b2 B7080000 		.4byte	0x8b7
 1319 08b6 00       		.byte	0
 1320 08b7 16       		.uleb128 0x16
 1321 08b8 7F080000 		.4byte	0x87f
 1322 08bc 21       		.uleb128 0x21
 1323 08bd F3000000 		.4byte	.LASF123
 1324 08c1 0E       		.byte	0xe
 1325 08c2 FA06     		.2byte	0x6fa
 1326 08c4 C8080000 		.4byte	0x8c8
 1327 08c8 0F       		.uleb128 0xf
 1328 08c9 A2000000 		.4byte	0xa2
 1329 08cd 22       		.uleb128 0x22
 1330 08ce 636800   		.ascii	"ch\000"
 1331 08d1 07       		.byte	0x7
 1332 08d2 0902     		.2byte	0x209
 1333 08d4 EC030000 		.4byte	0x3ec
 1334 08d8 00       		.byte	0
 1335              		.section	.debug_abbrev,"",%progbits
 1336              	.Ldebug_abbrev0:
 1337 0000 01       		.uleb128 0x1
 1338 0001 11       		.uleb128 0x11
 1339 0002 01       		.byte	0x1
 1340 0003 25       		.uleb128 0x25
 1341 0004 0E       		.uleb128 0xe
 1342 0005 13       		.uleb128 0x13
 1343 0006 0B       		.uleb128 0xb
 1344 0007 03       		.uleb128 0x3
 1345 0008 0E       		.uleb128 0xe
 1346 0009 1B       		.uleb128 0x1b
 1347 000a 0E       		.uleb128 0xe
 1348 000b 11       		.uleb128 0x11
 1349 000c 01       		.uleb128 0x1
 1350 000d 12       		.uleb128 0x12
 1351 000e 06       		.uleb128 0x6
 1352 000f 10       		.uleb128 0x10
 1353 0010 17       		.uleb128 0x17
 1354 0011 00       		.byte	0
 1355 0012 00       		.byte	0
 1356 0013 02       		.uleb128 0x2
 1357 0014 24       		.uleb128 0x24
 1358 0015 00       		.byte	0
 1359 0016 0B       		.uleb128 0xb
 1360 0017 0B       		.uleb128 0xb
 1361 0018 3E       		.uleb128 0x3e
 1362 0019 0B       		.uleb128 0xb
ARM GAS  /tmp/ccHTXjQY.s 			page 25


 1363 001a 03       		.uleb128 0x3
 1364 001b 08       		.uleb128 0x8
 1365 001c 00       		.byte	0
 1366 001d 00       		.byte	0
 1367 001e 03       		.uleb128 0x3
 1368 001f 24       		.uleb128 0x24
 1369 0020 00       		.byte	0
 1370 0021 0B       		.uleb128 0xb
 1371 0022 0B       		.uleb128 0xb
 1372 0023 3E       		.uleb128 0x3e
 1373 0024 0B       		.uleb128 0xb
 1374 0025 03       		.uleb128 0x3
 1375 0026 0E       		.uleb128 0xe
 1376 0027 00       		.byte	0
 1377 0028 00       		.byte	0
 1378 0029 04       		.uleb128 0x4
 1379 002a 16       		.uleb128 0x16
 1380 002b 00       		.byte	0
 1381 002c 03       		.uleb128 0x3
 1382 002d 0E       		.uleb128 0xe
 1383 002e 3A       		.uleb128 0x3a
 1384 002f 0B       		.uleb128 0xb
 1385 0030 3B       		.uleb128 0x3b
 1386 0031 0B       		.uleb128 0xb
 1387 0032 49       		.uleb128 0x49
 1388 0033 13       		.uleb128 0x13
 1389 0034 00       		.byte	0
 1390 0035 00       		.byte	0
 1391 0036 05       		.uleb128 0x5
 1392 0037 13       		.uleb128 0x13
 1393 0038 01       		.byte	0x1
 1394 0039 03       		.uleb128 0x3
 1395 003a 0E       		.uleb128 0xe
 1396 003b 0B       		.uleb128 0xb
 1397 003c 0B       		.uleb128 0xb
 1398 003d 3A       		.uleb128 0x3a
 1399 003e 0B       		.uleb128 0xb
 1400 003f 3B       		.uleb128 0x3b
 1401 0040 0B       		.uleb128 0xb
 1402 0041 01       		.uleb128 0x1
 1403 0042 13       		.uleb128 0x13
 1404 0043 00       		.byte	0
 1405 0044 00       		.byte	0
 1406 0045 06       		.uleb128 0x6
 1407 0046 0D       		.uleb128 0xd
 1408 0047 00       		.byte	0
 1409 0048 03       		.uleb128 0x3
 1410 0049 0E       		.uleb128 0xe
 1411 004a 3A       		.uleb128 0x3a
 1412 004b 0B       		.uleb128 0xb
 1413 004c 3B       		.uleb128 0x3b
 1414 004d 0B       		.uleb128 0xb
 1415 004e 49       		.uleb128 0x49
 1416 004f 13       		.uleb128 0x13
 1417 0050 38       		.uleb128 0x38
 1418 0051 0B       		.uleb128 0xb
 1419 0052 00       		.byte	0
ARM GAS  /tmp/ccHTXjQY.s 			page 26


 1420 0053 00       		.byte	0
 1421 0054 07       		.uleb128 0x7
 1422 0055 0D       		.uleb128 0xd
 1423 0056 00       		.byte	0
 1424 0057 03       		.uleb128 0x3
 1425 0058 08       		.uleb128 0x8
 1426 0059 3A       		.uleb128 0x3a
 1427 005a 0B       		.uleb128 0xb
 1428 005b 3B       		.uleb128 0x3b
 1429 005c 05       		.uleb128 0x5
 1430 005d 49       		.uleb128 0x49
 1431 005e 13       		.uleb128 0x13
 1432 005f 38       		.uleb128 0x38
 1433 0060 0B       		.uleb128 0xb
 1434 0061 00       		.byte	0
 1435 0062 00       		.byte	0
 1436 0063 08       		.uleb128 0x8
 1437 0064 0D       		.uleb128 0xd
 1438 0065 00       		.byte	0
 1439 0066 03       		.uleb128 0x3
 1440 0067 0E       		.uleb128 0xe
 1441 0068 3A       		.uleb128 0x3a
 1442 0069 0B       		.uleb128 0xb
 1443 006a 3B       		.uleb128 0x3b
 1444 006b 05       		.uleb128 0x5
 1445 006c 49       		.uleb128 0x49
 1446 006d 13       		.uleb128 0x13
 1447 006e 38       		.uleb128 0x38
 1448 006f 0B       		.uleb128 0xb
 1449 0070 00       		.byte	0
 1450 0071 00       		.byte	0
 1451 0072 09       		.uleb128 0x9
 1452 0073 0F       		.uleb128 0xf
 1453 0074 00       		.byte	0
 1454 0075 0B       		.uleb128 0xb
 1455 0076 0B       		.uleb128 0xb
 1456 0077 49       		.uleb128 0x49
 1457 0078 13       		.uleb128 0x13
 1458 0079 00       		.byte	0
 1459 007a 00       		.byte	0
 1460 007b 0A       		.uleb128 0xa
 1461 007c 13       		.uleb128 0x13
 1462 007d 01       		.byte	0x1
 1463 007e 03       		.uleb128 0x3
 1464 007f 0E       		.uleb128 0xe
 1465 0080 0B       		.uleb128 0xb
 1466 0081 0B       		.uleb128 0xb
 1467 0082 3A       		.uleb128 0x3a
 1468 0083 0B       		.uleb128 0xb
 1469 0084 3B       		.uleb128 0x3b
 1470 0085 05       		.uleb128 0x5
 1471 0086 01       		.uleb128 0x1
 1472 0087 13       		.uleb128 0x13
 1473 0088 00       		.byte	0
 1474 0089 00       		.byte	0
 1475 008a 0B       		.uleb128 0xb
 1476 008b 15       		.uleb128 0x15
ARM GAS  /tmp/ccHTXjQY.s 			page 27


 1477 008c 01       		.byte	0x1
 1478 008d 27       		.uleb128 0x27
 1479 008e 19       		.uleb128 0x19
 1480 008f 01       		.uleb128 0x1
 1481 0090 13       		.uleb128 0x13
 1482 0091 00       		.byte	0
 1483 0092 00       		.byte	0
 1484 0093 0C       		.uleb128 0xc
 1485 0094 05       		.uleb128 0x5
 1486 0095 00       		.byte	0
 1487 0096 49       		.uleb128 0x49
 1488 0097 13       		.uleb128 0x13
 1489 0098 00       		.byte	0
 1490 0099 00       		.byte	0
 1491 009a 0D       		.uleb128 0xd
 1492 009b 0F       		.uleb128 0xf
 1493 009c 00       		.byte	0
 1494 009d 0B       		.uleb128 0xb
 1495 009e 0B       		.uleb128 0xb
 1496 009f 00       		.byte	0
 1497 00a0 00       		.byte	0
 1498 00a1 0E       		.uleb128 0xe
 1499 00a2 13       		.uleb128 0x13
 1500 00a3 01       		.byte	0x1
 1501 00a4 03       		.uleb128 0x3
 1502 00a5 0E       		.uleb128 0xe
 1503 00a6 0B       		.uleb128 0xb
 1504 00a7 05       		.uleb128 0x5
 1505 00a8 3A       		.uleb128 0x3a
 1506 00a9 0B       		.uleb128 0xb
 1507 00aa 3B       		.uleb128 0x3b
 1508 00ab 05       		.uleb128 0x5
 1509 00ac 01       		.uleb128 0x1
 1510 00ad 13       		.uleb128 0x13
 1511 00ae 00       		.byte	0
 1512 00af 00       		.byte	0
 1513 00b0 0F       		.uleb128 0xf
 1514 00b1 35       		.uleb128 0x35
 1515 00b2 00       		.byte	0
 1516 00b3 49       		.uleb128 0x49
 1517 00b4 13       		.uleb128 0x13
 1518 00b5 00       		.byte	0
 1519 00b6 00       		.byte	0
 1520 00b7 10       		.uleb128 0x10
 1521 00b8 01       		.uleb128 0x1
 1522 00b9 01       		.byte	0x1
 1523 00ba 49       		.uleb128 0x49
 1524 00bb 13       		.uleb128 0x13
 1525 00bc 01       		.uleb128 0x1
 1526 00bd 13       		.uleb128 0x13
 1527 00be 00       		.byte	0
 1528 00bf 00       		.byte	0
 1529 00c0 11       		.uleb128 0x11
 1530 00c1 21       		.uleb128 0x21
 1531 00c2 00       		.byte	0
 1532 00c3 49       		.uleb128 0x49
 1533 00c4 13       		.uleb128 0x13
ARM GAS  /tmp/ccHTXjQY.s 			page 28


 1534 00c5 2F       		.uleb128 0x2f
 1535 00c6 0B       		.uleb128 0xb
 1536 00c7 00       		.byte	0
 1537 00c8 00       		.byte	0
 1538 00c9 12       		.uleb128 0x12
 1539 00ca 0D       		.uleb128 0xd
 1540 00cb 00       		.byte	0
 1541 00cc 03       		.uleb128 0x3
 1542 00cd 08       		.uleb128 0x8
 1543 00ce 3A       		.uleb128 0x3a
 1544 00cf 0B       		.uleb128 0xb
 1545 00d0 3B       		.uleb128 0x3b
 1546 00d1 0B       		.uleb128 0xb
 1547 00d2 49       		.uleb128 0x49
 1548 00d3 13       		.uleb128 0x13
 1549 00d4 38       		.uleb128 0x38
 1550 00d5 0B       		.uleb128 0xb
 1551 00d6 00       		.byte	0
 1552 00d7 00       		.byte	0
 1553 00d8 13       		.uleb128 0x13
 1554 00d9 13       		.uleb128 0x13
 1555 00da 01       		.byte	0x1
 1556 00db 0B       		.uleb128 0xb
 1557 00dc 0B       		.uleb128 0xb
 1558 00dd 3A       		.uleb128 0x3a
 1559 00de 0B       		.uleb128 0xb
 1560 00df 3B       		.uleb128 0x3b
 1561 00e0 0B       		.uleb128 0xb
 1562 00e1 01       		.uleb128 0x1
 1563 00e2 13       		.uleb128 0x13
 1564 00e3 00       		.byte	0
 1565 00e4 00       		.byte	0
 1566 00e5 14       		.uleb128 0x14
 1567 00e6 17       		.uleb128 0x17
 1568 00e7 01       		.byte	0x1
 1569 00e8 0B       		.uleb128 0xb
 1570 00e9 0B       		.uleb128 0xb
 1571 00ea 3A       		.uleb128 0x3a
 1572 00eb 0B       		.uleb128 0xb
 1573 00ec 3B       		.uleb128 0x3b
 1574 00ed 0B       		.uleb128 0xb
 1575 00ee 01       		.uleb128 0x1
 1576 00ef 13       		.uleb128 0x13
 1577 00f0 00       		.byte	0
 1578 00f1 00       		.byte	0
 1579 00f2 15       		.uleb128 0x15
 1580 00f3 0D       		.uleb128 0xd
 1581 00f4 00       		.byte	0
 1582 00f5 03       		.uleb128 0x3
 1583 00f6 0E       		.uleb128 0xe
 1584 00f7 3A       		.uleb128 0x3a
 1585 00f8 0B       		.uleb128 0xb
 1586 00f9 3B       		.uleb128 0x3b
 1587 00fa 05       		.uleb128 0x5
 1588 00fb 49       		.uleb128 0x49
 1589 00fc 13       		.uleb128 0x13
 1590 00fd 00       		.byte	0
ARM GAS  /tmp/ccHTXjQY.s 			page 29


 1591 00fe 00       		.byte	0
 1592 00ff 16       		.uleb128 0x16
 1593 0100 26       		.uleb128 0x26
 1594 0101 00       		.byte	0
 1595 0102 49       		.uleb128 0x49
 1596 0103 13       		.uleb128 0x13
 1597 0104 00       		.byte	0
 1598 0105 00       		.byte	0
 1599 0106 17       		.uleb128 0x17
 1600 0107 13       		.uleb128 0x13
 1601 0108 01       		.byte	0x1
 1602 0109 0B       		.uleb128 0xb
 1603 010a 0B       		.uleb128 0xb
 1604 010b 3A       		.uleb128 0x3a
 1605 010c 0B       		.uleb128 0xb
 1606 010d 3B       		.uleb128 0x3b
 1607 010e 05       		.uleb128 0x5
 1608 010f 01       		.uleb128 0x1
 1609 0110 13       		.uleb128 0x13
 1610 0111 00       		.byte	0
 1611 0112 00       		.byte	0
 1612 0113 18       		.uleb128 0x18
 1613 0114 16       		.uleb128 0x16
 1614 0115 00       		.byte	0
 1615 0116 03       		.uleb128 0x3
 1616 0117 0E       		.uleb128 0xe
 1617 0118 3A       		.uleb128 0x3a
 1618 0119 0B       		.uleb128 0xb
 1619 011a 3B       		.uleb128 0x3b
 1620 011b 05       		.uleb128 0x5
 1621 011c 49       		.uleb128 0x49
 1622 011d 13       		.uleb128 0x13
 1623 011e 00       		.byte	0
 1624 011f 00       		.byte	0
 1625 0120 19       		.uleb128 0x19
 1626 0121 2E       		.uleb128 0x2e
 1627 0122 01       		.byte	0x1
 1628 0123 03       		.uleb128 0x3
 1629 0124 0E       		.uleb128 0xe
 1630 0125 3A       		.uleb128 0x3a
 1631 0126 0B       		.uleb128 0xb
 1632 0127 3B       		.uleb128 0x3b
 1633 0128 0B       		.uleb128 0xb
 1634 0129 27       		.uleb128 0x27
 1635 012a 19       		.uleb128 0x19
 1636 012b 11       		.uleb128 0x11
 1637 012c 01       		.uleb128 0x1
 1638 012d 12       		.uleb128 0x12
 1639 012e 06       		.uleb128 0x6
 1640 012f 40       		.uleb128 0x40
 1641 0130 18       		.uleb128 0x18
 1642 0131 9742     		.uleb128 0x2117
 1643 0133 19       		.uleb128 0x19
 1644 0134 01       		.uleb128 0x1
 1645 0135 13       		.uleb128 0x13
 1646 0136 00       		.byte	0
 1647 0137 00       		.byte	0
ARM GAS  /tmp/ccHTXjQY.s 			page 30


 1648 0138 1A       		.uleb128 0x1a
 1649 0139 05       		.uleb128 0x5
 1650 013a 00       		.byte	0
 1651 013b 03       		.uleb128 0x3
 1652 013c 0E       		.uleb128 0xe
 1653 013d 3A       		.uleb128 0x3a
 1654 013e 0B       		.uleb128 0xb
 1655 013f 3B       		.uleb128 0x3b
 1656 0140 0B       		.uleb128 0xb
 1657 0141 49       		.uleb128 0x49
 1658 0142 13       		.uleb128 0x13
 1659 0143 02       		.uleb128 0x2
 1660 0144 18       		.uleb128 0x18
 1661 0145 00       		.byte	0
 1662 0146 00       		.byte	0
 1663 0147 1B       		.uleb128 0x1b
 1664 0148 2E       		.uleb128 0x2e
 1665 0149 00       		.byte	0
 1666 014a 03       		.uleb128 0x3
 1667 014b 0E       		.uleb128 0xe
 1668 014c 3A       		.uleb128 0x3a
 1669 014d 0B       		.uleb128 0xb
 1670 014e 3B       		.uleb128 0x3b
 1671 014f 0B       		.uleb128 0xb
 1672 0150 27       		.uleb128 0x27
 1673 0151 19       		.uleb128 0x19
 1674 0152 11       		.uleb128 0x11
 1675 0153 01       		.uleb128 0x1
 1676 0154 12       		.uleb128 0x12
 1677 0155 06       		.uleb128 0x6
 1678 0156 40       		.uleb128 0x40
 1679 0157 18       		.uleb128 0x18
 1680 0158 9742     		.uleb128 0x2117
 1681 015a 19       		.uleb128 0x19
 1682 015b 00       		.byte	0
 1683 015c 00       		.byte	0
 1684 015d 1C       		.uleb128 0x1c
 1685 015e 2E       		.uleb128 0x2e
 1686 015f 00       		.byte	0
 1687 0160 03       		.uleb128 0x3
 1688 0161 0E       		.uleb128 0xe
 1689 0162 3A       		.uleb128 0x3a
 1690 0163 0B       		.uleb128 0xb
 1691 0164 3B       		.uleb128 0x3b
 1692 0165 0B       		.uleb128 0xb
 1693 0166 27       		.uleb128 0x27
 1694 0167 19       		.uleb128 0x19
 1695 0168 49       		.uleb128 0x49
 1696 0169 13       		.uleb128 0x13
 1697 016a 11       		.uleb128 0x11
 1698 016b 01       		.uleb128 0x1
 1699 016c 12       		.uleb128 0x12
 1700 016d 06       		.uleb128 0x6
 1701 016e 40       		.uleb128 0x40
 1702 016f 18       		.uleb128 0x18
 1703 0170 9742     		.uleb128 0x2117
 1704 0172 19       		.uleb128 0x19
ARM GAS  /tmp/ccHTXjQY.s 			page 31


 1705 0173 00       		.byte	0
 1706 0174 00       		.byte	0
 1707 0175 1D       		.uleb128 0x1d
 1708 0176 2E       		.uleb128 0x2e
 1709 0177 00       		.byte	0
 1710 0178 3F       		.uleb128 0x3f
 1711 0179 19       		.uleb128 0x19
 1712 017a 03       		.uleb128 0x3
 1713 017b 0E       		.uleb128 0xe
 1714 017c 3A       		.uleb128 0x3a
 1715 017d 0B       		.uleb128 0xb
 1716 017e 3B       		.uleb128 0x3b
 1717 017f 0B       		.uleb128 0xb
 1718 0180 27       		.uleb128 0x27
 1719 0181 19       		.uleb128 0x19
 1720 0182 11       		.uleb128 0x11
 1721 0183 01       		.uleb128 0x1
 1722 0184 12       		.uleb128 0x12
 1723 0185 06       		.uleb128 0x6
 1724 0186 40       		.uleb128 0x40
 1725 0187 18       		.uleb128 0x18
 1726 0188 9642     		.uleb128 0x2116
 1727 018a 19       		.uleb128 0x19
 1728 018b 00       		.byte	0
 1729 018c 00       		.byte	0
 1730 018d 1E       		.uleb128 0x1e
 1731 018e 2E       		.uleb128 0x2e
 1732 018f 01       		.byte	0x1
 1733 0190 3F       		.uleb128 0x3f
 1734 0191 19       		.uleb128 0x19
 1735 0192 03       		.uleb128 0x3
 1736 0193 0E       		.uleb128 0xe
 1737 0194 3A       		.uleb128 0x3a
 1738 0195 0B       		.uleb128 0xb
 1739 0196 3B       		.uleb128 0x3b
 1740 0197 0B       		.uleb128 0xb
 1741 0198 27       		.uleb128 0x27
 1742 0199 19       		.uleb128 0x19
 1743 019a 11       		.uleb128 0x11
 1744 019b 01       		.uleb128 0x1
 1745 019c 12       		.uleb128 0x12
 1746 019d 06       		.uleb128 0x6
 1747 019e 40       		.uleb128 0x40
 1748 019f 18       		.uleb128 0x18
 1749 01a0 9642     		.uleb128 0x2116
 1750 01a2 19       		.uleb128 0x19
 1751 01a3 01       		.uleb128 0x1
 1752 01a4 13       		.uleb128 0x13
 1753 01a5 00       		.byte	0
 1754 01a6 00       		.byte	0
 1755 01a7 1F       		.uleb128 0x1f
 1756 01a8 34       		.uleb128 0x34
 1757 01a9 00       		.byte	0
 1758 01aa 03       		.uleb128 0x3
 1759 01ab 0E       		.uleb128 0xe
 1760 01ac 49       		.uleb128 0x49
 1761 01ad 13       		.uleb128 0x13
ARM GAS  /tmp/ccHTXjQY.s 			page 32


 1762 01ae 34       		.uleb128 0x34
 1763 01af 19       		.uleb128 0x19
 1764 01b0 00       		.byte	0
 1765 01b1 00       		.byte	0
 1766 01b2 20       		.uleb128 0x20
 1767 01b3 2E       		.uleb128 0x2e
 1768 01b4 01       		.byte	0x1
 1769 01b5 3F       		.uleb128 0x3f
 1770 01b6 19       		.uleb128 0x19
 1771 01b7 03       		.uleb128 0x3
 1772 01b8 0E       		.uleb128 0xe
 1773 01b9 3A       		.uleb128 0x3a
 1774 01ba 0B       		.uleb128 0xb
 1775 01bb 3B       		.uleb128 0x3b
 1776 01bc 0B       		.uleb128 0xb
 1777 01bd 27       		.uleb128 0x27
 1778 01be 19       		.uleb128 0x19
 1779 01bf 49       		.uleb128 0x49
 1780 01c0 13       		.uleb128 0x13
 1781 01c1 11       		.uleb128 0x11
 1782 01c2 01       		.uleb128 0x1
 1783 01c3 12       		.uleb128 0x12
 1784 01c4 06       		.uleb128 0x6
 1785 01c5 40       		.uleb128 0x40
 1786 01c6 18       		.uleb128 0x18
 1787 01c7 9642     		.uleb128 0x2116
 1788 01c9 19       		.uleb128 0x19
 1789 01ca 01       		.uleb128 0x1
 1790 01cb 13       		.uleb128 0x13
 1791 01cc 00       		.byte	0
 1792 01cd 00       		.byte	0
 1793 01ce 21       		.uleb128 0x21
 1794 01cf 34       		.uleb128 0x34
 1795 01d0 00       		.byte	0
 1796 01d1 03       		.uleb128 0x3
 1797 01d2 0E       		.uleb128 0xe
 1798 01d3 3A       		.uleb128 0x3a
 1799 01d4 0B       		.uleb128 0xb
 1800 01d5 3B       		.uleb128 0x3b
 1801 01d6 05       		.uleb128 0x5
 1802 01d7 49       		.uleb128 0x49
 1803 01d8 13       		.uleb128 0x13
 1804 01d9 3F       		.uleb128 0x3f
 1805 01da 19       		.uleb128 0x19
 1806 01db 3C       		.uleb128 0x3c
 1807 01dc 19       		.uleb128 0x19
 1808 01dd 00       		.byte	0
 1809 01de 00       		.byte	0
 1810 01df 22       		.uleb128 0x22
 1811 01e0 34       		.uleb128 0x34
 1812 01e1 00       		.byte	0
 1813 01e2 03       		.uleb128 0x3
 1814 01e3 08       		.uleb128 0x8
 1815 01e4 3A       		.uleb128 0x3a
 1816 01e5 0B       		.uleb128 0xb
 1817 01e6 3B       		.uleb128 0x3b
 1818 01e7 05       		.uleb128 0x5
ARM GAS  /tmp/ccHTXjQY.s 			page 33


 1819 01e8 49       		.uleb128 0x49
 1820 01e9 13       		.uleb128 0x13
 1821 01ea 3F       		.uleb128 0x3f
 1822 01eb 19       		.uleb128 0x19
 1823 01ec 3C       		.uleb128 0x3c
 1824 01ed 19       		.uleb128 0x19
 1825 01ee 00       		.byte	0
 1826 01ef 00       		.byte	0
 1827 01f0 00       		.byte	0
 1828              		.section	.debug_aranges,"",%progbits
 1829 0000 1C000000 		.4byte	0x1c
 1830 0004 0200     		.2byte	0x2
 1831 0006 00000000 		.4byte	.Ldebug_info0
 1832 000a 04       		.byte	0x4
 1833 000b 00       		.byte	0
 1834 000c 0000     		.2byte	0
 1835 000e 0000     		.2byte	0
 1836 0010 00000000 		.4byte	.Ltext0
 1837 0014 BC000000 		.4byte	.Letext0-.Ltext0
 1838 0018 00000000 		.4byte	0
 1839 001c 00000000 		.4byte	0
 1840              		.section	.debug_line,"",%progbits
 1841              	.Ldebug_line0:
 1842 0000 BB020000 		.section	.debug_str,"MS",%progbits,1
 1842      02007802 
 1842      00000201 
 1842      FB0E0D00 
 1842      01010101 
 1843              	.LASF52:
 1844 0000 72656164 		.ascii	"ready_list_t\000"
 1844      795F6C69 
 1844      73745F74 
 1844      00
 1845              	.LASF105:
 1846 000d 44494552 		.ascii	"DIER\000"
 1846      00
 1847              	.LASF90:
 1848 0012 77747472 		.ascii	"wttrp\000"
 1848      7000
 1849              	.LASF87:
 1850 0018 7264796D 		.ascii	"rdymsg\000"
 1850      736700
 1851              	.LASF16:
 1852 001f 75696E74 		.ascii	"uint64_t\000"
 1852      36345F74 
 1852      00
 1853              	.LASF5:
 1854 0028 5F5F7569 		.ascii	"__uint8_t\000"
 1854      6E74385F 
 1854      7400
 1855              	.LASF84:
 1856 0032 706F7274 		.ascii	"port_intctx\000"
 1856      5F696E74 
 1856      63747800 
 1857              	.LASF71:
 1858 003e 73797374 		.ascii	"system_debug_t\000"
 1858      656D5F64 
ARM GAS  /tmp/ccHTXjQY.s 			page 34


 1858      65627567 
 1858      5F7400
 1859              	.LASF126:
 1860 004d 2F6E6673 		.ascii	"/nfs/nfs7/home/vvedanta/P442/p442-submissions/senso"
 1860      2F6E6673 
 1860      372F686F 
 1860      6D652F76 
 1860      76656461 
 1861 0080 7274696C 		.ascii	"rtile/final_project\000"
 1861      652F6669 
 1861      6E616C5F 
 1861      70726F6A 
 1861      65637400 
 1862              	.LASF12:
 1863 0094 6C6F6E67 		.ascii	"long long unsigned int\000"
 1863      206C6F6E 
 1863      6720756E 
 1863      7369676E 
 1863      65642069 
 1864              	.LASF125:
 1865 00ab 2E2E2F2E 		.ascii	"../../ChibiOS/os/hal/src/st.c\000"
 1865      2E2F4368 
 1865      6962694F 
 1865      532F6F73 
 1865      2F68616C 
 1866              	.LASF88:
 1867 00c9 65786974 		.ascii	"exitcode\000"
 1867      636F6465 
 1867      00
 1868              	.LASF78:
 1869 00d2 6D61696E 		.ascii	"mainthread\000"
 1869      74687265 
 1869      616400
 1870              	.LASF68:
 1871 00dd 76697274 		.ascii	"virtual_timers_list_t\000"
 1871      75616C5F 
 1871      74696D65 
 1871      72735F6C 
 1871      6973745F 
 1872              	.LASF123:
 1873 00f3 49544D5F 		.ascii	"ITM_RxBuffer\000"
 1873      52784275 
 1873      66666572 
 1873      00
 1874              	.LASF109:
 1875 0100 42445452 		.ascii	"BDTR\000"
 1875      00
 1876              	.LASF51:
 1877 0105 63685F74 		.ascii	"ch_threads_queue\000"
 1877      68726561 
 1877      64735F71 
 1877      75657565 
 1877      00
 1878              	.LASF30:
 1879 0116 705F7072 		.ascii	"p_prio\000"
 1879      696F00
 1880              	.LASF106:
ARM GAS  /tmp/ccHTXjQY.s 			page 35


 1881 011d 43434D52 		.ascii	"CCMR1\000"
 1881      3100
 1882              	.LASF107:
 1883 0123 43434D52 		.ascii	"CCMR2\000"
 1883      3200
 1884              	.LASF111:
 1885 0129 43434D52 		.ascii	"CCMR3\000"
 1885      3300
 1886              	.LASF1:
 1887 012f 7369676E 		.ascii	"signed char\000"
 1887      65642063 
 1887      68617200 
 1888              	.LASF98:
 1889 013b 6D5F7175 		.ascii	"m_queue\000"
 1889      65756500 
 1890              	.LASF77:
 1891 0143 76746C69 		.ascii	"vtlist\000"
 1891      737400
 1892              	.LASF21:
 1893 014a 74736C69 		.ascii	"tslices_t\000"
 1893      6365735F 
 1893      7400
 1894              	.LASF75:
 1895 0154 63685F73 		.ascii	"ch_system\000"
 1895      79737465 
 1895      6D00
 1896              	.LASF7:
 1897 015e 6C6F6E67 		.ascii	"long int\000"
 1897      20696E74 
 1897      00
 1898              	.LASF18:
 1899 0167 746D6F64 		.ascii	"tmode_t\000"
 1899      655F7400 
 1900              	.LASF19:
 1901 016f 74737461 		.ascii	"tstate_t\000"
 1901      74655F74 
 1901      00
 1902              	.LASF108:
 1903 0178 43434552 		.ascii	"CCER\000"
 1903      00
 1904              	.LASF10:
 1905 017d 6C6F6E67 		.ascii	"long long int\000"
 1905      206C6F6E 
 1905      6720696E 
 1905      7400
 1906              	.LASF32:
 1907 018b 705F6E65 		.ascii	"p_newer\000"
 1907      77657200 
 1908              	.LASF95:
 1909 0193 735F7175 		.ascii	"s_queue\000"
 1909      65756500 
 1910              	.LASF4:
 1911 019b 73686F72 		.ascii	"short unsigned int\000"
 1911      7420756E 
 1911      7369676E 
 1911      65642069 
 1911      6E7400
ARM GAS  /tmp/ccHTXjQY.s 			page 36


 1912              	.LASF57:
 1913 01ae 725F6E65 		.ascii	"r_newer\000"
 1913      77657200 
 1914              	.LASF45:
 1915 01b6 705F6D70 		.ascii	"p_mpool\000"
 1915      6F6F6C00 
 1916              	.LASF81:
 1917 01be 72656761 		.ascii	"regarm_t\000"
 1917      726D5F74 
 1917      00
 1918              	.LASF64:
 1919 01c7 76745F70 		.ascii	"vt_prev\000"
 1919      72657600 
 1920              	.LASF102:
 1921 01cf 6D757465 		.ascii	"mutex_t\000"
 1921      785F7400 
 1922              	.LASF79:
 1923 01d7 69646C65 		.ascii	"idle_thread_wa\000"
 1923      5F746872 
 1923      6561645F 
 1923      776100
 1924              	.LASF25:
 1925 01e6 636E745F 		.ascii	"cnt_t\000"
 1925      7400
 1926              	.LASF0:
 1927 01ec 756E7369 		.ascii	"unsigned int\000"
 1927      676E6564 
 1927      20696E74 
 1927      00
 1928              	.LASF63:
 1929 01f9 76745F6E 		.ascii	"vt_next\000"
 1929      65787400 
 1930              	.LASF91:
 1931 0201 77747365 		.ascii	"wtsemp\000"
 1931      6D7000
 1932              	.LASF40:
 1933 0208 705F6D73 		.ascii	"p_msgqueue\000"
 1933      67717565 
 1933      756500
 1934              	.LASF96:
 1935 0213 735F636E 		.ascii	"s_cnt\000"
 1935      7400
 1936              	.LASF104:
 1937 0219 534D4352 		.ascii	"SMCR\000"
 1937      00
 1938              	.LASF48:
 1939 021e 63685F74 		.ascii	"ch_thread\000"
 1939      68726561 
 1939      6400
 1940              	.LASF23:
 1941 0228 6D73675F 		.ascii	"msg_t\000"
 1941      7400
 1942              	.LASF74:
 1943 022e 63685F73 		.ascii	"ch_system_t\000"
 1943      79737465 
 1943      6D5F7400 
 1944              	.LASF113:
ARM GAS  /tmp/ccHTXjQY.s 			page 37


 1945 023a 73746D33 		.ascii	"stm32_tim_t\000"
 1945      325F7469 
 1945      6D5F7400 
 1946              	.LASF124:
 1947 0246 474E5520 		.ascii	"GNU C 4.8.4 20140526 (release) [ARM/embedded-4_8-br"
 1947      4320342E 
 1947      382E3420 
 1947      32303134 
 1947      30353236 
 1948 0279 616E6368 		.ascii	"anch revision 211358] -mcpu=cortex-m4 -mno-thumb-in"
 1948      20726576 
 1948      6973696F 
 1948      6E203231 
 1948      31333538 
 1949 02ac 74657277 		.ascii	"terwork -mthumb -ggdb -O0 -fomit-frame-pointer -fal"
 1949      6F726B20 
 1949      2D6D7468 
 1949      756D6220 
 1949      2D676764 
 1950 02df 69676E2D 		.ascii	"ign-functions=16\000"
 1950      66756E63 
 1950      74696F6E 
 1950      733D3136 
 1950      00
 1951              	.LASF53:
 1952 02f0 63685F72 		.ascii	"ch_ready_list\000"
 1952      65616479 
 1952      5F6C6973 
 1952      7400
 1953              	.LASF24:
 1954 02fe 6576656E 		.ascii	"eventmask_t\000"
 1954      746D6173 
 1954      6B5F7400 
 1955              	.LASF6:
 1956 030a 5F5F696E 		.ascii	"__int32_t\000"
 1956      7433325F 
 1956      7400
 1957              	.LASF114:
 1958 0314 73745F6C 		.ascii	"st_lld_start_alarm\000"
 1958      6C645F73 
 1958      74617274 
 1958      5F616C61 
 1958      726D00
 1959              	.LASF82:
 1960 0327 73746B61 		.ascii	"stkalign_t\000"
 1960      6C69676E 
 1960      5F7400
 1961              	.LASF47:
 1962 0332 74687265 		.ascii	"threads_list_t\000"
 1962      6164735F 
 1962      6C697374 
 1962      5F7400
 1963              	.LASF39:
 1964 0341 705F7761 		.ascii	"p_waiting\000"
 1964      6974696E 
 1964      6700
 1965              	.LASF80:
ARM GAS  /tmp/ccHTXjQY.s 			page 38


 1966 034b 73697A65 		.ascii	"sizetype\000"
 1966      74797065 
 1966      00
 1967              	.LASF46:
 1968 0354 74687265 		.ascii	"thread_reference_t\000"
 1968      61645F72 
 1968      65666572 
 1968      656E6365 
 1968      5F7400
 1969              	.LASF69:
 1970 0367 63685F76 		.ascii	"ch_virtual_timers_list\000"
 1970      69727475 
 1970      616C5F74 
 1970      696D6572 
 1970      735F6C69 
 1971              	.LASF33:
 1972 037e 705F6F6C 		.ascii	"p_older\000"
 1972      64657200 
 1973              	.LASF118:
 1974 0386 7374496E 		.ascii	"stInit\000"
 1974      697400
 1975              	.LASF56:
 1976 038d 725F6374 		.ascii	"r_ctx\000"
 1976      7800
 1977              	.LASF86:
 1978 0393 746D5F63 		.ascii	"tm_calibration_t\000"
 1978      616C6962 
 1978      72617469 
 1978      6F6E5F74 
 1978      00
 1979              	.LASF116:
 1980 03a4 74696D65 		.ascii	"time\000"
 1980      00
 1981              	.LASF59:
 1982 03a9 725F6375 		.ascii	"r_current\000"
 1982      7272656E 
 1982      7400
 1983              	.LASF58:
 1984 03b3 725F6F6C 		.ascii	"r_older\000"
 1984      64657200 
 1985              	.LASF11:
 1986 03bb 5F5F7569 		.ascii	"__uint64_t\000"
 1986      6E743634 
 1986      5F7400
 1987              	.LASF20:
 1988 03c6 74726566 		.ascii	"trefs_t\000"
 1988      735F7400 
 1989              	.LASF61:
 1990 03ce 76697274 		.ascii	"virtual_timer_t\000"
 1990      75616C5F 
 1990      74696D65 
 1990      725F7400 
 1991              	.LASF29:
 1992 03de 705F7072 		.ascii	"p_prev\000"
 1992      657600
 1993              	.LASF22:
 1994 03e5 74707269 		.ascii	"tprio_t\000"
ARM GAS  /tmp/ccHTXjQY.s 			page 39


 1994      6F5F7400 
 1995              	.LASF72:
 1996 03ed 63685F73 		.ascii	"ch_system_debug\000"
 1996      79737465 
 1996      6D5F6465 
 1996      62756700 
 1997              	.LASF103:
 1998 03fd 5F426F6F 		.ascii	"_Bool\000"
 1998      6C00
 1999              	.LASF14:
 2000 0403 696E7433 		.ascii	"int32_t\000"
 2000      325F7400 
 2001              	.LASF2:
 2002 040b 756E7369 		.ascii	"unsigned char\000"
 2002      676E6564 
 2002      20636861 
 2002      7200
 2003              	.LASF43:
 2004 0419 705F6D74 		.ascii	"p_mtxlist\000"
 2004      786C6973 
 2004      7400
 2005              	.LASF3:
 2006 0423 73686F72 		.ascii	"short int\000"
 2006      7420696E 
 2006      7400
 2007              	.LASF35:
 2008 042d 705F7374 		.ascii	"p_state\000"
 2008      61746500 
 2009              	.LASF38:
 2010 0435 705F7072 		.ascii	"p_preempt\000"
 2010      65656D70 
 2010      7400
 2011              	.LASF55:
 2012 043f 725F7072 		.ascii	"r_prio\000"
 2012      696F00
 2013              	.LASF93:
 2014 0446 65776D61 		.ascii	"ewmask\000"
 2014      736B00
 2015              	.LASF28:
 2016 044d 705F6E65 		.ascii	"p_next\000"
 2016      787400
 2017              	.LASF13:
 2018 0454 75696E74 		.ascii	"uint8_t\000"
 2018      385F7400 
 2019              	.LASF122:
 2020 045c 5F5F6675 		.ascii	"__func__\000"
 2020      6E635F5F 
 2020      00
 2021              	.LASF62:
 2022 0465 63685F76 		.ascii	"ch_virtual_timer\000"
 2022      69727475 
 2022      616C5F74 
 2022      696D6572 
 2022      00
 2023              	.LASF128:
 2024 0476 73745F6C 		.ascii	"st_lld_get_alarm\000"
 2024      6C645F67 
ARM GAS  /tmp/ccHTXjQY.s 			page 40


 2024      65745F61 
 2024      6C61726D 
 2024      00
 2025              	.LASF94:
 2026 0487 63685F73 		.ascii	"ch_semaphore\000"
 2026      656D6170 
 2026      686F7265 
 2026      00
 2027              	.LASF112:
 2028 0494 43435852 		.ascii	"CCXR\000"
 2028      00
 2029              	.LASF42:
 2030 0499 705F6570 		.ascii	"p_epending\000"
 2030      656E6469 
 2030      6E6700
 2031              	.LASF15:
 2032 04a4 75696E74 		.ascii	"uint32_t\000"
 2032      33325F74 
 2032      00
 2033              	.LASF92:
 2034 04ad 77746D74 		.ascii	"wtmtxp\000"
 2034      787000
 2035              	.LASF54:
 2036 04b4 725F7175 		.ascii	"r_queue\000"
 2036      65756500 
 2037              	.LASF65:
 2038 04bc 76745F64 		.ascii	"vt_delta\000"
 2038      656C7461 
 2038      00
 2039              	.LASF49:
 2040 04c5 63685F74 		.ascii	"ch_threads_list\000"
 2040      68726561 
 2040      64735F6C 
 2040      69737400 
 2041              	.LASF9:
 2042 04d5 6C6F6E67 		.ascii	"long unsigned int\000"
 2042      20756E73 
 2042      69676E65 
 2042      6420696E 
 2042      7400
 2043              	.LASF119:
 2044 04e7 73745374 		.ascii	"stStopAlarm\000"
 2044      6F70416C 
 2044      61726D00 
 2045              	.LASF101:
 2046 04f3 63686172 		.ascii	"char\000"
 2046      00
 2047              	.LASF110:
 2048 04f8 444D4152 		.ascii	"DMAR\000"
 2048      00
 2049              	.LASF27:
 2050 04fd 74687265 		.ascii	"thread_t\000"
 2050      61645F74 
 2050      00
 2051              	.LASF100:
 2052 0506 6D5F6E65 		.ascii	"m_next\000"
 2052      787400
ARM GAS  /tmp/ccHTXjQY.s 			page 41


 2053              	.LASF26:
 2054 050d 73797374 		.ascii	"systime_t\000"
 2054      696D655F 
 2054      7400
 2055              	.LASF44:
 2056 0517 705F7265 		.ascii	"p_realprio\000"
 2056      616C7072 
 2056      696F00
 2057              	.LASF60:
 2058 0522 76746675 		.ascii	"vtfunc_t\000"
 2058      6E635F74 
 2058      00
 2059              	.LASF8:
 2060 052b 5F5F7569 		.ascii	"__uint32_t\000"
 2060      6E743332 
 2060      5F7400
 2061              	.LASF73:
 2062 0536 70616E69 		.ascii	"panic_msg\000"
 2062      635F6D73 
 2062      6700
 2063              	.LASF85:
 2064 0540 6F666673 		.ascii	"offset\000"
 2064      657400
 2065              	.LASF120:
 2066 0547 73745374 		.ascii	"stStartAlarm\000"
 2066      61727441 
 2066      6C61726D 
 2066      00
 2067              	.LASF83:
 2068 0554 636F6E74 		.ascii	"context\000"
 2068      65787400 
 2069              	.LASF41:
 2070 055c 705F6D73 		.ascii	"p_msg\000"
 2070      6700
 2071              	.LASF17:
 2072 0562 7274636E 		.ascii	"rtcnt_t\000"
 2072      745F7400 
 2073              	.LASF127:
 2074 056a 73745F6C 		.ascii	"st_lld_stop_alarm\000"
 2074      6C645F73 
 2074      746F705F 
 2074      616C6172 
 2074      6D00
 2075              	.LASF67:
 2076 057c 76745F70 		.ascii	"vt_par\000"
 2076      617200
 2077              	.LASF50:
 2078 0583 74687265 		.ascii	"threads_queue_t\000"
 2078      6164735F 
 2078      71756575 
 2078      655F7400 
 2079              	.LASF97:
 2080 0593 63685F6D 		.ascii	"ch_mutex\000"
 2080      75746578 
 2080      00
 2081              	.LASF37:
 2082 059c 705F7265 		.ascii	"p_refs\000"
ARM GAS  /tmp/ccHTXjQY.s 			page 42


 2082      667300
 2083              	.LASF76:
 2084 05a3 726C6973 		.ascii	"rlist\000"
 2084      7400
 2085              	.LASF121:
 2086 05a9 73745365 		.ascii	"stSetAlarm\000"
 2086      74416C61 
 2086      726D00
 2087              	.LASF129:
 2088 05b4 73744765 		.ascii	"stGetAlarm\000"
 2088      74416C61 
 2088      726D00
 2089              	.LASF89:
 2090 05bf 77746F62 		.ascii	"wtobjp\000"
 2090      6A7000
 2091              	.LASF34:
 2092 05c6 705F6E61 		.ascii	"p_name\000"
 2092      6D6500
 2093              	.LASF70:
 2094 05cd 76745F73 		.ascii	"vt_systime\000"
 2094      79737469 
 2094      6D6500
 2095              	.LASF117:
 2096 05d8 61627374 		.ascii	"abstime\000"
 2096      696D6500 
 2097              	.LASF36:
 2098 05e0 705F666C 		.ascii	"p_flags\000"
 2098      61677300 
 2099              	.LASF115:
 2100 05e8 73745F6C 		.ascii	"st_lld_set_alarm\000"
 2100      6C645F73 
 2100      65745F61 
 2100      6C61726D 
 2100      00
 2101              	.LASF99:
 2102 05f9 6D5F6F77 		.ascii	"m_owner\000"
 2102      6E657200 
 2103              	.LASF31:
 2104 0601 705F6374 		.ascii	"p_ctx\000"
 2104      7800
 2105              	.LASF66:
 2106 0607 76745F66 		.ascii	"vt_func\000"
 2106      756E6300 
 2107              		.ident	"GCC: (GNU Tools for ARM Embedded Processors) 4.8.4 20140526 (release) [ARM/embedded-4_8-br
ARM GAS  /tmp/ccHTXjQY.s 			page 43


DEFINED SYMBOLS
                            *ABS*:00000000 st.c
     /tmp/ccHTXjQY.s:18     .text:00000000 $t
     /tmp/ccHTXjQY.s:23     .text:00000000 st_lld_start_alarm
     /tmp/ccHTXjQY.s:58     .text:00000020 st_lld_stop_alarm
     /tmp/ccHTXjQY.s:79     .text:00000030 st_lld_set_alarm
     /tmp/ccHTXjQY.s:105    .text:00000040 st_lld_get_alarm
     /tmp/ccHTXjQY.s:127    .text:00000050 stInit
     /tmp/ccHTXjQY.s:151    .text:00000060 stStartAlarm
     /tmp/ccHTXjQY.s:179    .text:00000080 stStopAlarm
     /tmp/ccHTXjQY.s:202    .text:00000090 stSetAlarm
     /tmp/ccHTXjQY.s:230    .text:000000b0 stGetAlarm
                     .debug_frame:00000010 $d

UNDEFINED SYMBOLS
st_lld_init
