ARM GAS  /tmp/cclj3FIe.s 			page 1


   1              		.syntax unified
   2              		.cpu cortex-m4
   3              		.fpu softvfp
   4              		.eabi_attribute 20, 1
   5              		.eabi_attribute 21, 1
   6              		.eabi_attribute 23, 3
   7              		.eabi_attribute 24, 1
   8              		.eabi_attribute 25, 1
   9              		.eabi_attribute 26, 1
  10              		.eabi_attribute 30, 6
  11              		.eabi_attribute 34, 1
  12              		.eabi_attribute 18, 4
  13              		.thumb
  14              		.file	"st_lld.c"
  15              		.text
  16              	.Ltext0:
  17              		.cfi_sections	.debug_frame
  18              		.align	2
  19              		.p2align 4,,15
  20              		.thumb
  21              		.thumb_func
  22              		.type	port_lock, %function
  23              	port_lock:
  24              	.LFB127:
  25              		.file 1 "../../ChibiOS/os/rt/ports/ARMCMx/chcore_v7m.h"
  26              		.loc 1 456 0
  27              		.cfi_startproc
  28              		@ args = 0, pretend = 0, frame = 8
  29              		@ frame_needed = 0, uses_anonymous_args = 0
  30              		@ link register save eliminated.
  31 0000 82B0     		sub	sp, sp, #8
  32              		.cfi_def_cfa_offset 8
  33 0002 2023     		movs	r3, #32
  34 0004 0193     		str	r3, [sp, #4]
  35              	.LBB6:
  36              	.LBB7:
  37              		.file 2 "../../ChibiOS/os/ext/CMSIS/include/core_cmFunc.h"
  38              		.loc 2 548 0
  39 0006 019B     		ldr	r3, [sp, #4]
  40              	@ 548 "../../ChibiOS/os/ext/CMSIS/include/core_cmFunc.h" 1
  41 0008 83F31188 		MSR basepri, r3
  42              	@ 0 "" 2
  43              		.thumb
  44              	.LBE7:
  45              	.LBE6:
  46              		.loc 1 473 0
  47 000c 02B0     		add	sp, sp, #8
  48              		@ sp needed
  49 000e 7047     		bx	lr
  50              		.cfi_endproc
  51              	.LFE127:
  52              		.size	port_lock, .-port_lock
  53              		.align	2
  54              		.p2align 4,,15
  55              		.thumb
  56              		.thumb_func
  57              		.type	port_unlock, %function
ARM GAS  /tmp/cclj3FIe.s 			page 2


  58              	port_unlock:
  59              	.LFB128:
  60              		.loc 1 480 0
  61              		.cfi_startproc
  62              		@ args = 0, pretend = 0, frame = 8
  63              		@ frame_needed = 0, uses_anonymous_args = 0
  64              		@ link register save eliminated.
  65 0010 82B0     		sub	sp, sp, #8
  66              		.cfi_def_cfa_offset 8
  67 0012 0023     		movs	r3, #0
  68 0014 0193     		str	r3, [sp, #4]
  69              	.LBB8:
  70              	.LBB9:
  71              		.loc 2 548 0
  72 0016 019B     		ldr	r3, [sp, #4]
  73              	@ 548 "../../ChibiOS/os/ext/CMSIS/include/core_cmFunc.h" 1
  74 0018 83F31188 		MSR basepri, r3
  75              	@ 0 "" 2
  76              		.thumb
  77              	.LBE9:
  78              	.LBE8:
  79              		.loc 1 487 0
  80 001c 02B0     		add	sp, sp, #8
  81              		@ sp needed
  82 001e 7047     		bx	lr
  83              		.cfi_endproc
  84              	.LFE128:
  85              		.size	port_unlock, .-port_unlock
  86              		.align	2
  87              		.p2align 4,,15
  88              		.thumb
  89              		.thumb_func
  90              		.type	port_lock_from_isr, %function
  91              	port_lock_from_isr:
  92              	.LFB129:
  93              		.loc 1 495 0
  94              		.cfi_startproc
  95              		@ args = 0, pretend = 0, frame = 0
  96              		@ frame_needed = 0, uses_anonymous_args = 0
  97 0020 08B5     		push	{r3, lr}
  98              		.cfi_def_cfa_offset 8
  99              		.cfi_offset 3, -8
 100              		.cfi_offset 14, -4
 101              		.loc 1 497 0
 102 0022 FFF7EDFF 		bl	port_lock
 103              		.loc 1 498 0
 104 0026 08BD     		pop	{r3, pc}
 105              		.cfi_endproc
 106              	.LFE129:
 107              		.size	port_lock_from_isr, .-port_lock_from_isr
 108              		.align	2
 109 0028 AFF30080 		.p2align 4,,15
 109      AFF30080 
 110              		.thumb
 111              		.thumb_func
 112              		.type	port_unlock_from_isr, %function
 113              	port_unlock_from_isr:
ARM GAS  /tmp/cclj3FIe.s 			page 3


 114              	.LFB130:
 115              		.loc 1 506 0
 116              		.cfi_startproc
 117              		@ args = 0, pretend = 0, frame = 0
 118              		@ frame_needed = 0, uses_anonymous_args = 0
 119 0030 08B5     		push	{r3, lr}
 120              		.cfi_def_cfa_offset 8
 121              		.cfi_offset 3, -8
 122              		.cfi_offset 14, -4
 123              		.loc 1 508 0
 124 0032 FFF7EDFF 		bl	port_unlock
 125              		.loc 1 509 0
 126 0036 08BD     		pop	{r3, pc}
 127              		.cfi_endproc
 128              	.LFE130:
 129              		.size	port_unlock_from_isr, .-port_unlock_from_isr
 130              		.align	2
 131 0038 AFF30080 		.p2align 4,,15
 131      AFF30080 
 132              		.thumb
 133              		.thumb_func
 134              		.type	chSysLockFromISR, %function
 135              	chSysLockFromISR:
 136              	.LFB158:
 137              		.file 3 "../../ChibiOS/os/rt/include/chsys.h"
 138              		.loc 3 386 0
 139              		.cfi_startproc
 140              		@ args = 0, pretend = 0, frame = 0
 141              		@ frame_needed = 0, uses_anonymous_args = 0
 142 0040 08B5     		push	{r3, lr}
 143              		.cfi_def_cfa_offset 8
 144              		.cfi_offset 3, -8
 145              		.cfi_offset 14, -4
 146              		.loc 3 388 0
 147 0042 FFF7EDFF 		bl	port_lock_from_isr
 148              		.loc 3 391 0
 149 0046 08BD     		pop	{r3, pc}
 150              		.cfi_endproc
 151              	.LFE158:
 152              		.size	chSysLockFromISR, .-chSysLockFromISR
 153              		.align	2
 154 0048 AFF30080 		.p2align 4,,15
 154      AFF30080 
 155              		.thumb
 156              		.thumb_func
 157              		.type	chSysUnlockFromISR, %function
 158              	chSysUnlockFromISR:
 159              	.LFB159:
 160              		.loc 3 406 0
 161              		.cfi_startproc
 162              		@ args = 0, pretend = 0, frame = 0
 163              		@ frame_needed = 0, uses_anonymous_args = 0
 164 0050 08B5     		push	{r3, lr}
 165              		.cfi_def_cfa_offset 8
 166              		.cfi_offset 3, -8
 167              		.cfi_offset 14, -4
 168              		.loc 3 410 0
ARM GAS  /tmp/cclj3FIe.s 			page 4


 169 0052 FFF7EDFF 		bl	port_unlock_from_isr
 170              		.loc 3 411 0
 171 0056 08BD     		pop	{r3, pc}
 172              		.cfi_endproc
 173              	.LFE159:
 174              		.size	chSysUnlockFromISR, .-chSysUnlockFromISR
 175              		.align	2
 176 0058 AFF30080 		.p2align 4,,15
 176      AFF30080 
 177              		.thumb
 178              		.thumb_func
 179              		.type	osalSysLockFromISR, %function
 180              	osalSysLockFromISR:
 181              	.LFB236:
 182              		.file 4 "../../ChibiOS/os/hal/osal/rt/osal.h"
 183              		.loc 4 513 0
 184              		.cfi_startproc
 185              		@ args = 0, pretend = 0, frame = 0
 186              		@ frame_needed = 0, uses_anonymous_args = 0
 187 0060 08B5     		push	{r3, lr}
 188              		.cfi_def_cfa_offset 8
 189              		.cfi_offset 3, -8
 190              		.cfi_offset 14, -4
 191              		.loc 4 515 0
 192 0062 FFF7EDFF 		bl	chSysLockFromISR
 193              		.loc 4 516 0
 194 0066 08BD     		pop	{r3, pc}
 195              		.cfi_endproc
 196              	.LFE236:
 197              		.size	osalSysLockFromISR, .-osalSysLockFromISR
 198              		.align	2
 199 0068 AFF30080 		.p2align 4,,15
 199      AFF30080 
 200              		.thumb
 201              		.thumb_func
 202              		.type	osalSysUnlockFromISR, %function
 203              	osalSysUnlockFromISR:
 204              	.LFB237:
 205              		.loc 4 524 0
 206              		.cfi_startproc
 207              		@ args = 0, pretend = 0, frame = 0
 208              		@ frame_needed = 0, uses_anonymous_args = 0
 209 0070 08B5     		push	{r3, lr}
 210              		.cfi_def_cfa_offset 8
 211              		.cfi_offset 3, -8
 212              		.cfi_offset 14, -4
 213              		.loc 4 526 0
 214 0072 FFF7EDFF 		bl	chSysUnlockFromISR
 215              		.loc 4 527 0
 216 0076 08BD     		pop	{r3, pc}
 217              		.cfi_endproc
 218              	.LFE237:
 219              		.size	osalSysUnlockFromISR, .-osalSysUnlockFromISR
 220              		.align	2
 221 0078 AFF30080 		.p2align 4,,15
 221      AFF30080 
 222              		.thumb
ARM GAS  /tmp/cclj3FIe.s 			page 5


 223              		.thumb_func
 224              		.type	osalOsTimerHandlerI, %function
 225              	osalOsTimerHandlerI:
 226              	.LFB241:
 227              		.loc 4 583 0
 228              		.cfi_startproc
 229              		@ args = 0, pretend = 0, frame = 0
 230              		@ frame_needed = 0, uses_anonymous_args = 0
 231 0080 08B5     		push	{r3, lr}
 232              		.cfi_def_cfa_offset 8
 233              		.cfi_offset 3, -8
 234              		.cfi_offset 14, -4
 235              		.loc 4 585 0
 236 0082 FFF7FEFF 		bl	chSysTimerHandlerI
 237              		.loc 4 586 0
 238 0086 08BD     		pop	{r3, pc}
 239              		.cfi_endproc
 240              	.LFE241:
 241              		.size	osalOsTimerHandlerI, .-osalOsTimerHandlerI
 242              		.align	2
 243 0088 AFF30080 		.p2align 4,,15
 243      AFF30080 
 244              		.global	SysTick_Handler
 245              		.thumb
 246              		.thumb_func
 247              		.type	SysTick_Handler, %function
 248              	SysTick_Handler:
 249              	.LFB267:
 250              		.file 5 "../../ChibiOS/os/hal/ports/STM32/LLD/TIMv1/st_lld.c"
 251              		.loc 5 220 0
 252              		.cfi_startproc
 253              		@ args = 0, pretend = 0, frame = 0
 254              		@ frame_needed = 0, uses_anonymous_args = 0
 255 0090 08B5     		push	{r3, lr}
 256              		.cfi_def_cfa_offset 8
 257              		.cfi_offset 3, -8
 258              		.cfi_offset 14, -4
 259              		.loc 5 224 0
 260 0092 FFF7E5FF 		bl	osalSysLockFromISR
 261              		.loc 5 225 0
 262 0096 FFF7F3FF 		bl	osalOsTimerHandlerI
 263              		.loc 5 226 0
 264 009a FFF7E9FF 		bl	osalSysUnlockFromISR
 265              		.loc 5 228 0
 266 009e FFF7FEFF 		bl	_port_irq_epilogue
 267              		.loc 5 229 0
 268 00a2 08BD     		pop	{r3, pc}
 269              		.cfi_endproc
 270              	.LFE267:
 271              		.size	SysTick_Handler, .-SysTick_Handler
 272              		.align	2
 273 00a4 AFF30080 		.p2align 4,,15
 273      AFF30080 
 273      AFF30080 
 274              		.global	st_lld_init
 275              		.thumb
 276              		.thumb_func
ARM GAS  /tmp/cclj3FIe.s 			page 6


 277              		.type	st_lld_init, %function
 278              	st_lld_init:
 279              	.LFB268:
 280              		.loc 5 267 0
 281              		.cfi_startproc
 282              		@ args = 0, pretend = 0, frame = 0
 283              		@ frame_needed = 0, uses_anonymous_args = 0
 284 00b0 08B5     		push	{r3, lr}
 285              		.cfi_def_cfa_offset 8
 286              		.cfi_offset 3, -8
 287              		.cfi_offset 14, -4
 288              		.loc 5 295 0
 289 00b2 074B     		ldr	r3, .L12
 290 00b4 40F21F32 		movw	r2, #799
 291 00b8 5A60     		str	r2, [r3, #4]
 292              		.loc 5 296 0
 293 00ba 054B     		ldr	r3, .L12
 294 00bc 0022     		movs	r2, #0
 295 00be 9A60     		str	r2, [r3, #8]
 296              		.loc 5 297 0
 297 00c0 034B     		ldr	r3, .L12
 298 00c2 0722     		movs	r2, #7
 299 00c4 1A60     		str	r2, [r3]
 300              		.loc 5 302 0
 301 00c6 0B20     		movs	r0, #11
 302 00c8 0821     		movs	r1, #8
 303 00ca FFF7FEFF 		bl	nvicSetSystemHandlerPriority
 304              		.loc 5 304 0
 305 00ce 08BD     		pop	{r3, pc}
 306              	.L13:
 307              		.align	2
 308              	.L12:
 309 00d0 10E000E0 		.word	-536813552
 310              		.cfi_endproc
 311              	.LFE268:
 312              		.size	st_lld_init, .-st_lld_init
 313              	.Letext0:
 314              		.file 6 "/nfs/nfs5/home/research/hardware/arm2/gcc-arm-embedded/gcc-arm-none-eabi-4_8-2014q2/arm-n
 315              		.file 7 "/nfs/nfs5/home/research/hardware/arm2/gcc-arm-embedded/gcc-arm-none-eabi-4_8-2014q2/arm-n
 316              		.file 8 "../../ChibiOS/os/rt/ports/ARMCMx/compilers/GCC/chtypes.h"
 317              		.file 9 "../../ChibiOS/os/rt/include/chsystypes.h"
 318              		.file 10 "../../ChibiOS/os/rt/include/chschd.h"
 319              		.file 11 "../../ChibiOS/os/ext/CMSIS/include/core_cm4.h"
 320              		.file 12 "../../ChibiOS/os/rt/ports/ARMCMx/chcore.h"
 321              		.file 13 "../../ChibiOS/os/rt/include/chtm.h"
 322              		.file 14 "../../ChibiOS/os/rt/include/chsem.h"
 323              		.file 15 "../../ChibiOS/os/rt/include/chmtx.h"
 324 00d4 AFF30080 		.section	.debug_info,"",%progbits
 324      AFF30080 
 324      AFF30080 
 325              	.Ldebug_info0:
 326 0000 C1070000 		.4byte	0x7c1
 327 0004 0400     		.2byte	0x4
 328 0006 00000000 		.4byte	.Ldebug_abbrev0
 329 000a 04       		.byte	0x4
 330 000b 01       		.uleb128 0x1
 331 000c 4B020000 		.4byte	.LASF120
ARM GAS  /tmp/cclj3FIe.s 			page 7


 332 0010 01       		.byte	0x1
 333 0011 C0050000 		.4byte	.LASF121
 334 0015 52000000 		.4byte	.LASF122
 335 0019 00000000 		.4byte	.Ltext0
 336 001d D4000000 		.4byte	.Letext0-.Ltext0
 337 0021 00000000 		.4byte	.Ldebug_line0
 338 0025 02       		.uleb128 0x2
 339 0026 04       		.byte	0x4
 340 0027 05       		.byte	0x5
 341 0028 696E7400 		.ascii	"int\000"
 342 002c 03       		.uleb128 0x3
 343 002d 04       		.byte	0x4
 344 002e 07       		.byte	0x7
 345 002f F5010000 		.4byte	.LASF0
 346 0033 03       		.uleb128 0x3
 347 0034 01       		.byte	0x1
 348 0035 06       		.byte	0x6
 349 0036 21010000 		.4byte	.LASF1
 350 003a 04       		.uleb128 0x4
 351 003b 23000000 		.4byte	.LASF5
 352 003f 06       		.byte	0x6
 353 0040 1C       		.byte	0x1c
 354 0041 45000000 		.4byte	0x45
 355 0045 03       		.uleb128 0x3
 356 0046 01       		.byte	0x1
 357 0047 08       		.byte	0x8
 358 0048 1D040000 		.4byte	.LASF2
 359 004c 03       		.uleb128 0x3
 360 004d 02       		.byte	0x2
 361 004e 05       		.byte	0x5
 362 004f 42040000 		.4byte	.LASF3
 363 0053 03       		.uleb128 0x3
 364 0054 02       		.byte	0x2
 365 0055 07       		.byte	0x7
 366 0056 86010000 		.4byte	.LASF4
 367 005a 04       		.uleb128 0x4
 368 005b 0F030000 		.4byte	.LASF6
 369 005f 06       		.byte	0x6
 370 0060 37       		.byte	0x37
 371 0061 65000000 		.4byte	0x65
 372 0065 03       		.uleb128 0x3
 373 0066 04       		.byte	0x4
 374 0067 05       		.byte	0x5
 375 0068 64010000 		.4byte	.LASF7
 376 006c 04       		.uleb128 0x4
 377 006d 37050000 		.4byte	.LASF8
 378 0071 06       		.byte	0x6
 379 0072 38       		.byte	0x38
 380 0073 77000000 		.4byte	0x77
 381 0077 03       		.uleb128 0x3
 382 0078 04       		.byte	0x4
 383 0079 07       		.byte	0x7
 384 007a DD040000 		.4byte	.LASF9
 385 007e 03       		.uleb128 0x3
 386 007f 08       		.byte	0x8
 387 0080 05       		.byte	0x5
 388 0081 13010000 		.4byte	.LASF10
ARM GAS  /tmp/cclj3FIe.s 			page 8


 389 0085 04       		.uleb128 0x4
 390 0086 BA030000 		.4byte	.LASF11
 391 008a 06       		.byte	0x6
 392 008b 4E       		.byte	0x4e
 393 008c 90000000 		.4byte	0x90
 394 0090 03       		.uleb128 0x3
 395 0091 08       		.byte	0x8
 396 0092 07       		.byte	0x7
 397 0093 99000000 		.4byte	.LASF12
 398 0097 04       		.uleb128 0x4
 399 0098 FA050000 		.4byte	.LASF13
 400 009c 07       		.byte	0x7
 401 009d 2A       		.byte	0x2a
 402 009e 3A000000 		.4byte	0x3a
 403 00a2 04       		.uleb128 0x4
 404 00a3 15040000 		.4byte	.LASF14
 405 00a7 07       		.byte	0x7
 406 00a8 41       		.byte	0x41
 407 00a9 5A000000 		.4byte	0x5a
 408 00ad 04       		.uleb128 0x4
 409 00ae AC040000 		.4byte	.LASF15
 410 00b2 07       		.byte	0x7
 411 00b3 42       		.byte	0x42
 412 00b4 6C000000 		.4byte	0x6c
 413 00b8 04       		.uleb128 0x4
 414 00b9 1A000000 		.4byte	.LASF16
 415 00bd 07       		.byte	0x7
 416 00be 4E       		.byte	0x4e
 417 00bf 85000000 		.4byte	0x85
 418 00c3 04       		.uleb128 0x4
 419 00c4 79050000 		.4byte	.LASF17
 420 00c8 08       		.byte	0x8
 421 00c9 39       		.byte	0x39
 422 00ca AD000000 		.4byte	0xad
 423 00ce 04       		.uleb128 0x4
 424 00cf 73040000 		.4byte	.LASF18
 425 00d3 08       		.byte	0x8
 426 00d4 3C       		.byte	0x3c
 427 00d5 97000000 		.4byte	0x97
 428 00d9 04       		.uleb128 0x4
 429 00da 6D010000 		.4byte	.LASF19
 430 00de 08       		.byte	0x8
 431 00df 3D       		.byte	0x3d
 432 00e0 97000000 		.4byte	0x97
 433 00e4 04       		.uleb128 0x4
 434 00e5 C5030000 		.4byte	.LASF20
 435 00e9 08       		.byte	0x8
 436 00ea 3E       		.byte	0x3e
 437 00eb 97000000 		.4byte	0x97
 438 00ef 04       		.uleb128 0x4
 439 00f0 50010000 		.4byte	.LASF21
 440 00f4 08       		.byte	0x8
 441 00f5 3F       		.byte	0x3f
 442 00f6 97000000 		.4byte	0x97
 443 00fa 04       		.uleb128 0x4
 444 00fb E4030000 		.4byte	.LASF22
 445 00ff 08       		.byte	0x8
ARM GAS  /tmp/cclj3FIe.s 			page 9


 446 0100 40       		.byte	0x40
 447 0101 AD000000 		.4byte	0xad
 448 0105 04       		.uleb128 0x4
 449 0106 32020000 		.4byte	.LASF23
 450 010a 08       		.byte	0x8
 451 010b 41       		.byte	0x41
 452 010c A2000000 		.4byte	0xa2
 453 0110 04       		.uleb128 0x4
 454 0111 03030000 		.4byte	.LASF24
 455 0115 08       		.byte	0x8
 456 0116 43       		.byte	0x43
 457 0117 AD000000 		.4byte	0xad
 458 011b 04       		.uleb128 0x4
 459 011c EF010000 		.4byte	.LASF25
 460 0120 08       		.byte	0x8
 461 0121 45       		.byte	0x45
 462 0122 A2000000 		.4byte	0xa2
 463 0126 04       		.uleb128 0x4
 464 0127 19050000 		.4byte	.LASF26
 465 012b 09       		.byte	0x9
 466 012c 33       		.byte	0x33
 467 012d AD000000 		.4byte	0xad
 468 0131 04       		.uleb128 0x4
 469 0132 09050000 		.4byte	.LASF27
 470 0136 09       		.byte	0x9
 471 0137 3F       		.byte	0x3f
 472 0138 3C010000 		.4byte	0x13c
 473 013c 05       		.uleb128 0x5
 474 013d 28020000 		.4byte	.LASF48
 475 0141 44       		.byte	0x44
 476 0142 0A       		.byte	0xa
 477 0143 C2       		.byte	0xc2
 478 0144 35020000 		.4byte	0x235
 479 0148 06       		.uleb128 0x6
 480 0149 6C040000 		.4byte	.LASF28
 481 014d 0A       		.byte	0xa
 482 014e C3       		.byte	0xc3
 483 014f 40020000 		.4byte	0x240
 484 0153 00       		.byte	0
 485 0154 06       		.uleb128 0x6
 486 0155 DD030000 		.4byte	.LASF29
 487 0159 0A       		.byte	0xa
 488 015a C5       		.byte	0xc5
 489 015b 40020000 		.4byte	0x240
 490 015f 04       		.byte	0x4
 491 0160 06       		.uleb128 0x6
 492 0161 0C010000 		.4byte	.LASF30
 493 0165 0A       		.byte	0xa
 494 0166 C7       		.byte	0xc7
 495 0167 FA000000 		.4byte	0xfa
 496 016b 08       		.byte	0x8
 497 016c 06       		.uleb128 0x6
 498 016d 33060000 		.4byte	.LASF31
 499 0171 0A       		.byte	0xa
 500 0172 C8       		.byte	0xc8
 501 0173 C4040000 		.4byte	0x4c4
 502 0177 0C       		.byte	0xc
ARM GAS  /tmp/cclj3FIe.s 			page 10


 503 0178 06       		.uleb128 0x6
 504 0179 76010000 		.4byte	.LASF32
 505 017d 0A       		.byte	0xa
 506 017e CA       		.byte	0xca
 507 017f 40020000 		.4byte	0x240
 508 0183 10       		.byte	0x10
 509 0184 06       		.uleb128 0x6
 510 0185 89030000 		.4byte	.LASF33
 511 0189 0A       		.byte	0xa
 512 018a CB       		.byte	0xcb
 513 018b 40020000 		.4byte	0x240
 514 018f 14       		.byte	0x14
 515 0190 06       		.uleb128 0x6
 516 0191 13060000 		.4byte	.LASF34
 517 0195 0A       		.byte	0xa
 518 0196 D2       		.byte	0xd2
 519 0197 43060000 		.4byte	0x643
 520 019b 18       		.byte	0x18
 521 019c 06       		.uleb128 0x6
 522 019d 4C040000 		.4byte	.LASF35
 523 01a1 0A       		.byte	0xa
 524 01a2 DD       		.byte	0xdd
 525 01a3 D9000000 		.4byte	0xd9
 526 01a7 1C       		.byte	0x1c
 527 01a8 06       		.uleb128 0x6
 528 01a9 7B040000 		.4byte	.LASF36
 529 01ad 0A       		.byte	0xa
 530 01ae E1       		.byte	0xe1
 531 01af CE000000 		.4byte	0xce
 532 01b3 1D       		.byte	0x1d
 533 01b4 06       		.uleb128 0x6
 534 01b5 B9050000 		.4byte	.LASF37
 535 01b9 0A       		.byte	0xa
 536 01ba E6       		.byte	0xe6
 537 01bb E4000000 		.4byte	0xe4
 538 01bf 1E       		.byte	0x1e
 539 01c0 06       		.uleb128 0x6
 540 01c1 54040000 		.4byte	.LASF38
 541 01c5 0A       		.byte	0xa
 542 01c6 EC       		.byte	0xec
 543 01c7 EF000000 		.4byte	0xef
 544 01cb 1F       		.byte	0x1f
 545 01cc 07       		.uleb128 0x7
 546 01cd 705F7500 		.ascii	"p_u\000"
 547 01d1 0A       		.byte	0xa
 548 01d2 3101     		.2byte	0x131
 549 01d4 7E050000 		.4byte	0x57e
 550 01d8 20       		.byte	0x20
 551 01d9 08       		.uleb128 0x8
 552 01da 47030000 		.4byte	.LASF39
 553 01de 0A       		.byte	0xa
 554 01df 3601     		.2byte	0x136
 555 01e1 46020000 		.4byte	0x246
 556 01e5 24       		.byte	0x24
 557 01e6 08       		.uleb128 0x8
 558 01e7 11020000 		.4byte	.LASF40
 559 01eb 0A       		.byte	0xa
ARM GAS  /tmp/cclj3FIe.s 			page 11


 560 01ec 3C01     		.2byte	0x13c
 561 01ee 6A020000 		.4byte	0x26a
 562 01f2 28       		.byte	0x28
 563 01f3 08       		.uleb128 0x8
 564 01f4 25060000 		.4byte	.LASF41
 565 01f8 0A       		.byte	0xa
 566 01f9 4001     		.2byte	0x140
 567 01fb 05010000 		.4byte	0x105
 568 01ff 30       		.byte	0x30
 569 0200 08       		.uleb128 0x8
 570 0201 A1040000 		.4byte	.LASF42
 571 0205 0A       		.byte	0xa
 572 0206 4601     		.2byte	0x146
 573 0208 10010000 		.4byte	0x110
 574 020c 34       		.byte	0x34
 575 020d 08       		.uleb128 0x8
 576 020e 38040000 		.4byte	.LASF43
 577 0212 0A       		.byte	0xa
 578 0213 4D01     		.2byte	0x14d
 579 0215 3D060000 		.4byte	0x63d
 580 0219 38       		.byte	0x38
 581 021a 08       		.uleb128 0x8
 582 021b 23050000 		.4byte	.LASF44
 583 021f 0A       		.byte	0xa
 584 0220 5101     		.2byte	0x151
 585 0222 FA000000 		.4byte	0xfa
 586 0226 3C       		.byte	0x3c
 587 0227 08       		.uleb128 0x8
 588 0228 2D010000 		.4byte	.LASF45
 589 022c 0A       		.byte	0xa
 590 022d 5801     		.2byte	0x158
 591 022f 1D030000 		.4byte	0x31d
 592 0233 40       		.byte	0x40
 593 0234 00       		.byte	0
 594 0235 04       		.uleb128 0x4
 595 0236 5A030000 		.4byte	.LASF46
 596 023a 09       		.byte	0x9
 597 023b 44       		.byte	0x44
 598 023c 40020000 		.4byte	0x240
 599 0240 09       		.uleb128 0x9
 600 0241 04       		.byte	0x4
 601 0242 31010000 		.4byte	0x131
 602 0246 04       		.uleb128 0x4
 603 0247 38030000 		.4byte	.LASF47
 604 024b 09       		.byte	0x9
 605 024c 49       		.byte	0x49
 606 024d 51020000 		.4byte	0x251
 607 0251 05       		.uleb128 0x5
 608 0252 CD040000 		.4byte	.LASF49
 609 0256 04       		.byte	0x4
 610 0257 0A       		.byte	0xa
 611 0258 B0       		.byte	0xb0
 612 0259 6A020000 		.4byte	0x26a
 613 025d 06       		.uleb128 0x6
 614 025e 6C040000 		.4byte	.LASF28
 615 0262 0A       		.byte	0xa
 616 0263 B1       		.byte	0xb1
ARM GAS  /tmp/cclj3FIe.s 			page 12


 617 0264 40020000 		.4byte	0x240
 618 0268 00       		.byte	0
 619 0269 00       		.byte	0
 620 026a 04       		.uleb128 0x4
 621 026b A0050000 		.4byte	.LASF50
 622 026f 09       		.byte	0x9
 623 0270 50       		.byte	0x50
 624 0271 75020000 		.4byte	0x275
 625 0275 05       		.uleb128 0x5
 626 0276 FB000000 		.4byte	.LASF51
 627 027a 08       		.byte	0x8
 628 027b 0A       		.byte	0xa
 629 027c B7       		.byte	0xb7
 630 027d 9A020000 		.4byte	0x29a
 631 0281 06       		.uleb128 0x6
 632 0282 6C040000 		.4byte	.LASF28
 633 0286 0A       		.byte	0xa
 634 0287 B8       		.byte	0xb8
 635 0288 40020000 		.4byte	0x240
 636 028c 00       		.byte	0
 637 028d 06       		.uleb128 0x6
 638 028e DD030000 		.4byte	.LASF29
 639 0292 0A       		.byte	0xa
 640 0293 B9       		.byte	0xb9
 641 0294 40020000 		.4byte	0x240
 642 0298 04       		.byte	0x4
 643 0299 00       		.byte	0
 644 029a 04       		.uleb128 0x4
 645 029b 00000000 		.4byte	.LASF52
 646 029f 09       		.byte	0x9
 647 02a0 57       		.byte	0x57
 648 02a1 A5020000 		.4byte	0x2a5
 649 02a5 0A       		.uleb128 0xa
 650 02a6 F5020000 		.4byte	.LASF53
 651 02aa 1C       		.byte	0x1c
 652 02ab 0A       		.byte	0xa
 653 02ac 9001     		.2byte	0x190
 654 02ae 01030000 		.4byte	0x301
 655 02b2 08       		.uleb128 0x8
 656 02b3 BC040000 		.4byte	.LASF54
 657 02b7 0A       		.byte	0xa
 658 02b8 9101     		.2byte	0x191
 659 02ba 6A020000 		.4byte	0x26a
 660 02be 00       		.byte	0
 661 02bf 08       		.uleb128 0x8
 662 02c0 5E040000 		.4byte	.LASF55
 663 02c4 0A       		.byte	0xa
 664 02c5 9201     		.2byte	0x192
 665 02c7 FA000000 		.4byte	0xfa
 666 02cb 08       		.byte	0x8
 667 02cc 08       		.uleb128 0x8
 668 02cd 91030000 		.4byte	.LASF56
 669 02d1 0A       		.byte	0xa
 670 02d2 9401     		.2byte	0x194
 671 02d4 C4040000 		.4byte	0x4c4
 672 02d8 0C       		.byte	0xc
 673 02d9 08       		.uleb128 0x8
ARM GAS  /tmp/cclj3FIe.s 			page 13


 674 02da A6010000 		.4byte	.LASF57
 675 02de 0A       		.byte	0xa
 676 02df 9701     		.2byte	0x197
 677 02e1 40020000 		.4byte	0x240
 678 02e5 10       		.byte	0x10
 679 02e6 08       		.uleb128 0x8
 680 02e7 B2030000 		.4byte	.LASF58
 681 02eb 0A       		.byte	0xa
 682 02ec 9801     		.2byte	0x198
 683 02ee 40020000 		.4byte	0x240
 684 02f2 14       		.byte	0x14
 685 02f3 08       		.uleb128 0x8
 686 02f4 A8030000 		.4byte	.LASF59
 687 02f8 0A       		.byte	0xa
 688 02f9 9B01     		.2byte	0x19b
 689 02fb 40020000 		.4byte	0x240
 690 02ff 18       		.byte	0x18
 691 0300 00       		.byte	0
 692 0301 04       		.uleb128 0x4
 693 0302 2E050000 		.4byte	.LASF60
 694 0306 09       		.byte	0x9
 695 0307 5C       		.byte	0x5c
 696 0308 0C030000 		.4byte	0x30c
 697 030c 09       		.uleb128 0x9
 698 030d 04       		.byte	0x4
 699 030e 12030000 		.4byte	0x312
 700 0312 0B       		.uleb128 0xb
 701 0313 1D030000 		.4byte	0x31d
 702 0317 0C       		.uleb128 0xc
 703 0318 1D030000 		.4byte	0x31d
 704 031c 00       		.byte	0
 705 031d 0D       		.uleb128 0xd
 706 031e 04       		.byte	0x4
 707 031f 04       		.uleb128 0x4
 708 0320 CD030000 		.4byte	.LASF61
 709 0324 09       		.byte	0x9
 710 0325 61       		.byte	0x61
 711 0326 2A030000 		.4byte	0x32a
 712 032a 0A       		.uleb128 0xa
 713 032b 83040000 		.4byte	.LASF62
 714 032f 14       		.byte	0x14
 715 0330 0A       		.byte	0xa
 716 0331 6B01     		.2byte	0x16b
 717 0333 79030000 		.4byte	0x379
 718 0337 08       		.uleb128 0x8
 719 0338 02020000 		.4byte	.LASF63
 720 033c 0A       		.byte	0xa
 721 033d 6C01     		.2byte	0x16c
 722 033f 55060000 		.4byte	0x655
 723 0343 00       		.byte	0
 724 0344 08       		.uleb128 0x8
 725 0345 B7010000 		.4byte	.LASF64
 726 0349 0A       		.byte	0xa
 727 034a 6D01     		.2byte	0x16d
 728 034c 55060000 		.4byte	0x655
 729 0350 04       		.byte	0x4
 730 0351 08       		.uleb128 0x8
ARM GAS  /tmp/cclj3FIe.s 			page 14


 731 0352 C4040000 		.4byte	.LASF65
 732 0356 0A       		.byte	0xa
 733 0357 6E01     		.2byte	0x16e
 734 0359 26010000 		.4byte	0x126
 735 035d 08       		.byte	0x8
 736 035e 08       		.uleb128 0x8
 737 035f 39060000 		.4byte	.LASF66
 738 0363 0A       		.byte	0xa
 739 0364 6F01     		.2byte	0x16f
 740 0366 01030000 		.4byte	0x301
 741 036a 0C       		.byte	0xc
 742 036b 08       		.uleb128 0x8
 743 036c 99050000 		.4byte	.LASF67
 744 0370 0A       		.byte	0xa
 745 0371 7101     		.2byte	0x171
 746 0373 1D030000 		.4byte	0x31d
 747 0377 10       		.byte	0x10
 748 0378 00       		.byte	0
 749 0379 04       		.uleb128 0x4
 750 037a C4000000 		.4byte	.LASF68
 751 037e 09       		.byte	0x9
 752 037f 66       		.byte	0x66
 753 0380 84030000 		.4byte	0x384
 754 0384 0A       		.uleb128 0xa
 755 0385 72030000 		.4byte	.LASF69
 756 0389 10       		.byte	0x10
 757 038a 0A       		.byte	0xa
 758 038b 7B01     		.2byte	0x17b
 759 038d C6030000 		.4byte	0x3c6
 760 0391 08       		.uleb128 0x8
 761 0392 02020000 		.4byte	.LASF63
 762 0396 0A       		.byte	0xa
 763 0397 7C01     		.2byte	0x17c
 764 0399 55060000 		.4byte	0x655
 765 039d 00       		.byte	0
 766 039e 08       		.uleb128 0x8
 767 039f B7010000 		.4byte	.LASF64
 768 03a3 0A       		.byte	0xa
 769 03a4 7E01     		.2byte	0x17e
 770 03a6 55060000 		.4byte	0x655
 771 03aa 04       		.byte	0x4
 772 03ab 08       		.uleb128 0x8
 773 03ac C4040000 		.4byte	.LASF65
 774 03b0 0A       		.byte	0xa
 775 03b1 8001     		.2byte	0x180
 776 03b3 26010000 		.4byte	0x126
 777 03b7 08       		.byte	0x8
 778 03b8 08       		.uleb128 0x8
 779 03b9 1A060000 		.4byte	.LASF70
 780 03bd 0A       		.byte	0xa
 781 03be 8201     		.2byte	0x182
 782 03c0 5B060000 		.4byte	0x65b
 783 03c4 0C       		.byte	0xc
 784 03c5 00       		.byte	0
 785 03c6 04       		.uleb128 0x4
 786 03c7 39000000 		.4byte	.LASF71
 787 03cb 09       		.byte	0x9
ARM GAS  /tmp/cclj3FIe.s 			page 15


 788 03cc 6B       		.byte	0x6b
 789 03cd D1030000 		.4byte	0x3d1
 790 03d1 0A       		.uleb128 0xa
 791 03d2 FF030000 		.4byte	.LASF72
 792 03d6 04       		.byte	0x4
 793 03d7 0A       		.byte	0xa
 794 03d8 A201     		.2byte	0x1a2
 795 03da EC030000 		.4byte	0x3ec
 796 03de 08       		.uleb128 0x8
 797 03df 50050000 		.4byte	.LASF73
 798 03e3 0A       		.byte	0xa
 799 03e4 AA01     		.2byte	0x1aa
 800 03e6 60060000 		.4byte	0x660
 801 03ea 00       		.byte	0
 802 03eb 00       		.byte	0
 803 03ec 04       		.uleb128 0x4
 804 03ed 38020000 		.4byte	.LASF74
 805 03f1 09       		.byte	0x9
 806 03f2 70       		.byte	0x70
 807 03f3 F7030000 		.4byte	0x3f7
 808 03f7 0E       		.uleb128 0xe
 809 03f8 5A010000 		.4byte	.LASF75
 810 03fc 5001     		.2byte	0x150
 811 03fe 0A       		.byte	0xa
 812 03ff C201     		.2byte	0x1c2
 813 0401 53040000 		.4byte	0x453
 814 0405 08       		.uleb128 0x8
 815 0406 F4050000 		.4byte	.LASF76
 816 040a 0A       		.byte	0xa
 817 040b C601     		.2byte	0x1c6
 818 040d 9A020000 		.4byte	0x29a
 819 0411 00       		.byte	0
 820 0412 08       		.uleb128 0x8
 821 0413 3D010000 		.4byte	.LASF77
 822 0417 0A       		.byte	0xa
 823 0418 CA01     		.2byte	0x1ca
 824 041a 79030000 		.4byte	0x379
 825 041e 1C       		.byte	0x1c
 826 041f 07       		.uleb128 0x7
 827 0420 64626700 		.ascii	"dbg\000"
 828 0424 0A       		.byte	0xa
 829 0425 CE01     		.2byte	0x1ce
 830 0427 C6030000 		.4byte	0x3c6
 831 042b 2C       		.byte	0x2c
 832 042c 08       		.uleb128 0x8
 833 042d B9000000 		.4byte	.LASF78
 834 0431 0A       		.byte	0xa
 835 0432 D201     		.2byte	0x1d2
 836 0434 31010000 		.4byte	0x131
 837 0438 30       		.byte	0x30
 838 0439 07       		.uleb128 0x7
 839 043a 746D00   		.ascii	"tm\000"
 840 043d 0A       		.byte	0xa
 841 043e D701     		.2byte	0x1d7
 842 0440 73050000 		.4byte	0x573
 843 0444 74       		.byte	0x74
 844 0445 08       		.uleb128 0x8
ARM GAS  /tmp/cclj3FIe.s 			page 16


 845 0446 E0010000 		.4byte	.LASF79
 846 044a 0A       		.byte	0xa
 847 044b E301     		.2byte	0x1e3
 848 044d 65060000 		.4byte	0x665
 849 0451 78       		.byte	0x78
 850 0452 00       		.byte	0
 851 0453 03       		.uleb128 0x3
 852 0454 04       		.byte	0x4
 853 0455 07       		.byte	0x7
 854 0456 51030000 		.4byte	.LASF80
 855 045a 0F       		.uleb128 0xf
 856 045b AD000000 		.4byte	0xad
 857 045f 10       		.uleb128 0x10
 858 0460 5A040000 		.4byte	0x45a
 859 0464 11       		.uleb128 0x11
 860 0465 10       		.byte	0x10
 861 0466 0B       		.byte	0xb
 862 0467 BF02     		.2byte	0x2bf
 863 0469 A2040000 		.4byte	0x4a2
 864 046d 08       		.uleb128 0x8
 865 046e 94050000 		.4byte	.LASF81
 866 0472 0B       		.byte	0xb
 867 0473 C102     		.2byte	0x2c1
 868 0475 5A040000 		.4byte	0x45a
 869 0479 00       		.byte	0
 870 047a 08       		.uleb128 0x8
 871 047b 6D030000 		.4byte	.LASF82
 872 047f 0B       		.byte	0xb
 873 0480 C202     		.2byte	0x2c2
 874 0482 5A040000 		.4byte	0x45a
 875 0486 04       		.byte	0x4
 876 0487 07       		.uleb128 0x7
 877 0488 56414C00 		.ascii	"VAL\000"
 878 048c 0B       		.byte	0xb
 879 048d C302     		.2byte	0x2c3
 880 048f 5A040000 		.4byte	0x45a
 881 0493 08       		.byte	0x8
 882 0494 08       		.uleb128 0x8
 883 0495 22020000 		.4byte	.LASF83
 884 0499 0B       		.byte	0xb
 885 049a C402     		.2byte	0x2c4
 886 049c 5F040000 		.4byte	0x45f
 887 04a0 0C       		.byte	0xc
 888 04a1 00       		.byte	0
 889 04a2 12       		.uleb128 0x12
 890 04a3 99010000 		.4byte	.LASF84
 891 04a7 0B       		.byte	0xb
 892 04a8 C502     		.2byte	0x2c5
 893 04aa 64040000 		.4byte	0x464
 894 04ae 04       		.uleb128 0x4
 895 04af AE010000 		.4byte	.LASF85
 896 04b3 0C       		.byte	0xc
 897 04b4 65       		.byte	0x65
 898 04b5 1D030000 		.4byte	0x31d
 899 04b9 04       		.uleb128 0x4
 900 04ba 19030000 		.4byte	.LASF86
 901 04be 0C       		.byte	0xc
ARM GAS  /tmp/cclj3FIe.s 			page 17


 902 04bf 6D       		.byte	0x6d
 903 04c0 B8000000 		.4byte	0xb8
 904 04c4 05       		.uleb128 0x5
 905 04c5 61050000 		.4byte	.LASF87
 906 04c9 04       		.byte	0x4
 907 04ca 0C       		.byte	0xc
 908 04cb 89       		.byte	0x89
 909 04cc DD040000 		.4byte	0x4dd
 910 04d0 13       		.uleb128 0x13
 911 04d1 72313300 		.ascii	"r13\000"
 912 04d5 0C       		.byte	0xc
 913 04d6 8A       		.byte	0x8a
 914 04d7 58050000 		.4byte	0x558
 915 04db 00       		.byte	0
 916 04dc 00       		.byte	0
 917 04dd 05       		.uleb128 0x5
 918 04de 2D000000 		.4byte	.LASF88
 919 04e2 24       		.byte	0x24
 920 04e3 01       		.byte	0x1
 921 04e4 FD       		.byte	0xfd
 922 04e5 58050000 		.4byte	0x558
 923 04e9 07       		.uleb128 0x7
 924 04ea 723400   		.ascii	"r4\000"
 925 04ed 01       		.byte	0x1
 926 04ee 1001     		.2byte	0x110
 927 04f0 AE040000 		.4byte	0x4ae
 928 04f4 00       		.byte	0
 929 04f5 07       		.uleb128 0x7
 930 04f6 723500   		.ascii	"r5\000"
 931 04f9 01       		.byte	0x1
 932 04fa 1101     		.2byte	0x111
 933 04fc AE040000 		.4byte	0x4ae
 934 0500 04       		.byte	0x4
 935 0501 07       		.uleb128 0x7
 936 0502 723600   		.ascii	"r6\000"
 937 0505 01       		.byte	0x1
 938 0506 1201     		.2byte	0x112
 939 0508 AE040000 		.4byte	0x4ae
 940 050c 08       		.byte	0x8
 941 050d 07       		.uleb128 0x7
 942 050e 723700   		.ascii	"r7\000"
 943 0511 01       		.byte	0x1
 944 0512 1301     		.2byte	0x113
 945 0514 AE040000 		.4byte	0x4ae
 946 0518 0C       		.byte	0xc
 947 0519 07       		.uleb128 0x7
 948 051a 723800   		.ascii	"r8\000"
 949 051d 01       		.byte	0x1
 950 051e 1401     		.2byte	0x114
 951 0520 AE040000 		.4byte	0x4ae
 952 0524 10       		.byte	0x10
 953 0525 07       		.uleb128 0x7
 954 0526 723900   		.ascii	"r9\000"
 955 0529 01       		.byte	0x1
 956 052a 1501     		.2byte	0x115
 957 052c AE040000 		.4byte	0x4ae
 958 0530 14       		.byte	0x14
ARM GAS  /tmp/cclj3FIe.s 			page 18


 959 0531 07       		.uleb128 0x7
 960 0532 72313000 		.ascii	"r10\000"
 961 0536 01       		.byte	0x1
 962 0537 1601     		.2byte	0x116
 963 0539 AE040000 		.4byte	0x4ae
 964 053d 18       		.byte	0x18
 965 053e 07       		.uleb128 0x7
 966 053f 72313100 		.ascii	"r11\000"
 967 0543 01       		.byte	0x1
 968 0544 1701     		.2byte	0x117
 969 0546 AE040000 		.4byte	0x4ae
 970 054a 1C       		.byte	0x1c
 971 054b 07       		.uleb128 0x7
 972 054c 6C7200   		.ascii	"lr\000"
 973 054f 01       		.byte	0x1
 974 0550 1801     		.2byte	0x118
 975 0552 AE040000 		.4byte	0x4ae
 976 0556 20       		.byte	0x20
 977 0557 00       		.byte	0
 978 0558 09       		.uleb128 0x9
 979 0559 04       		.byte	0x4
 980 055a DD040000 		.4byte	0x4dd
 981 055e 14       		.uleb128 0x14
 982 055f 04       		.byte	0x4
 983 0560 0D       		.byte	0xd
 984 0561 38       		.byte	0x38
 985 0562 73050000 		.4byte	0x573
 986 0566 06       		.uleb128 0x6
 987 0567 5A050000 		.4byte	.LASF89
 988 056b 0D       		.byte	0xd
 989 056c 3C       		.byte	0x3c
 990 056d C3000000 		.4byte	0xc3
 991 0571 00       		.byte	0
 992 0572 00       		.byte	0
 993 0573 04       		.uleb128 0x4
 994 0574 97030000 		.4byte	.LASF90
 995 0578 0D       		.byte	0xd
 996 0579 3D       		.byte	0x3d
 997 057a 5E050000 		.4byte	0x55e
 998 057e 15       		.uleb128 0x15
 999 057f 04       		.byte	0x4
 1000 0580 0A       		.byte	0xa
 1001 0581 FA       		.byte	0xfa
 1002 0582 DB050000 		.4byte	0x5db
 1003 0586 16       		.uleb128 0x16
 1004 0587 13000000 		.4byte	.LASF91
 1005 058b 0A       		.byte	0xa
 1006 058c 0101     		.2byte	0x101
 1007 058e 05010000 		.4byte	0x105
 1008 0592 16       		.uleb128 0x16
 1009 0593 B0000000 		.4byte	.LASF92
 1010 0597 0A       		.byte	0xa
 1011 0598 0801     		.2byte	0x108
 1012 059a 05010000 		.4byte	0x105
 1013 059e 16       		.uleb128 0x16
 1014 059f 44020000 		.4byte	.LASF93
 1015 05a3 0A       		.byte	0xa
ARM GAS  /tmp/cclj3FIe.s 			page 19


 1016 05a4 0F01     		.2byte	0x10f
 1017 05a6 1D030000 		.4byte	0x31d
 1018 05aa 16       		.uleb128 0x16
 1019 05ab 0D000000 		.4byte	.LASF94
 1020 05af 0A       		.byte	0xa
 1021 05b0 1601     		.2byte	0x116
 1022 05b2 DB050000 		.4byte	0x5db
 1023 05b6 16       		.uleb128 0x16
 1024 05b7 0A020000 		.4byte	.LASF95
 1025 05bb 0A       		.byte	0xa
 1026 05bc 1E01     		.2byte	0x11e
 1027 05be 06060000 		.4byte	0x606
 1028 05c2 16       		.uleb128 0x16
 1029 05c3 B5040000 		.4byte	.LASF96
 1030 05c7 0A       		.byte	0xa
 1031 05c8 2701     		.2byte	0x127
 1032 05ca 3D060000 		.4byte	0x63d
 1033 05ce 16       		.uleb128 0x16
 1034 05cf 65040000 		.4byte	.LASF97
 1035 05d3 0A       		.byte	0xa
 1036 05d4 2F01     		.2byte	0x12f
 1037 05d6 10010000 		.4byte	0x110
 1038 05da 00       		.byte	0
 1039 05db 09       		.uleb128 0x9
 1040 05dc 04       		.byte	0x4
 1041 05dd 35020000 		.4byte	0x235
 1042 05e1 05       		.uleb128 0x5
 1043 05e2 94040000 		.4byte	.LASF98
 1044 05e6 0C       		.byte	0xc
 1045 05e7 0E       		.byte	0xe
 1046 05e8 34       		.byte	0x34
 1047 05e9 06060000 		.4byte	0x606
 1048 05ed 06       		.uleb128 0x6
 1049 05ee 7E010000 		.4byte	.LASF99
 1050 05f2 0E       		.byte	0xe
 1051 05f3 35       		.byte	0x35
 1052 05f4 6A020000 		.4byte	0x26a
 1053 05f8 00       		.byte	0
 1054 05f9 06       		.uleb128 0x6
 1055 05fa 1C020000 		.4byte	.LASF100
 1056 05fe 0E       		.byte	0xe
 1057 05ff 37       		.byte	0x37
 1058 0600 1B010000 		.4byte	0x11b
 1059 0604 08       		.byte	0x8
 1060 0605 00       		.byte	0
 1061 0606 09       		.uleb128 0x9
 1062 0607 04       		.byte	0x4
 1063 0608 E1050000 		.4byte	0x5e1
 1064 060c 05       		.uleb128 0x5
 1065 060d B0050000 		.4byte	.LASF101
 1066 0611 10       		.byte	0x10
 1067 0612 0F       		.byte	0xf
 1068 0613 39       		.byte	0x39
 1069 0614 3D060000 		.4byte	0x63d
 1070 0618 06       		.uleb128 0x6
 1071 0619 35010000 		.4byte	.LASF102
 1072 061d 0F       		.byte	0xf
ARM GAS  /tmp/cclj3FIe.s 			page 20


 1073 061e 3A       		.byte	0x3a
 1074 061f 6A020000 		.4byte	0x26a
 1075 0623 00       		.byte	0
 1076 0624 06       		.uleb128 0x6
 1077 0625 2B060000 		.4byte	.LASF103
 1078 0629 0F       		.byte	0xf
 1079 062a 3C       		.byte	0x3c
 1080 062b 40020000 		.4byte	0x240
 1081 062f 08       		.byte	0x8
 1082 0630 06       		.uleb128 0x6
 1083 0631 12050000 		.4byte	.LASF104
 1084 0635 0F       		.byte	0xf
 1085 0636 3E       		.byte	0x3e
 1086 0637 80060000 		.4byte	0x680
 1087 063b 0C       		.byte	0xc
 1088 063c 00       		.byte	0
 1089 063d 09       		.uleb128 0x9
 1090 063e 04       		.byte	0x4
 1091 063f 0C060000 		.4byte	0x60c
 1092 0643 09       		.uleb128 0x9
 1093 0644 04       		.byte	0x4
 1094 0645 49060000 		.4byte	0x649
 1095 0649 10       		.uleb128 0x10
 1096 064a 4E060000 		.4byte	0x64e
 1097 064e 03       		.uleb128 0x3
 1098 064f 01       		.byte	0x1
 1099 0650 08       		.byte	0x8
 1100 0651 EF040000 		.4byte	.LASF105
 1101 0655 09       		.uleb128 0x9
 1102 0656 04       		.byte	0x4
 1103 0657 1F030000 		.4byte	0x31f
 1104 065b 0F       		.uleb128 0xf
 1105 065c 26010000 		.4byte	0x126
 1106 0660 0F       		.uleb128 0xf
 1107 0661 43060000 		.4byte	0x643
 1108 0665 17       		.uleb128 0x17
 1109 0666 B9040000 		.4byte	0x4b9
 1110 066a 75060000 		.4byte	0x675
 1111 066e 18       		.uleb128 0x18
 1112 066f 53040000 		.4byte	0x453
 1113 0673 1A       		.byte	0x1a
 1114 0674 00       		.byte	0
 1115 0675 04       		.uleb128 0x4
 1116 0676 D2010000 		.4byte	.LASF106
 1117 067a 0F       		.byte	0xf
 1118 067b 34       		.byte	0x34
 1119 067c 0C060000 		.4byte	0x60c
 1120 0680 09       		.uleb128 0x9
 1121 0681 04       		.byte	0x4
 1122 0682 75060000 		.4byte	0x675
 1123 0686 03       		.uleb128 0x3
 1124 0687 01       		.byte	0x1
 1125 0688 02       		.byte	0x2
 1126 0689 0F040000 		.4byte	.LASF107
 1127 068d 19       		.uleb128 0x19
 1128 068e 42050000 		.4byte	.LASF123
 1129 0692 02       		.byte	0x2
ARM GAS  /tmp/cclj3FIe.s 			page 21


 1130 0693 2202     		.2byte	0x222
 1131 0695 03       		.byte	0x3
 1132 0696 A7060000 		.4byte	0x6a7
 1133 069a 1A       		.uleb128 0x1a
 1134 069b DA010000 		.4byte	.LASF124
 1135 069f 02       		.byte	0x2
 1136 06a0 2202     		.2byte	0x222
 1137 06a2 AD000000 		.4byte	0xad
 1138 06a6 00       		.byte	0
 1139 06a7 1B       		.uleb128 0x1b
 1140 06a8 48000000 		.4byte	.LASF108
 1141 06ac 01       		.byte	0x1
 1142 06ad C801     		.2byte	0x1c8
 1143 06af 00000000 		.4byte	.LFB127
 1144 06b3 10000000 		.4byte	.LFE127-.LFB127
 1145 06b7 01       		.uleb128 0x1
 1146 06b8 9C       		.byte	0x9c
 1147 06b9 D7060000 		.4byte	0x6d7
 1148 06bd 1C       		.uleb128 0x1c
 1149 06be 8D060000 		.4byte	0x68d
 1150 06c2 06000000 		.4byte	.LBB6
 1151 06c6 06000000 		.4byte	.LBE6-.LBB6
 1152 06ca 01       		.byte	0x1
 1153 06cb D001     		.2byte	0x1d0
 1154 06cd 1D       		.uleb128 0x1d
 1155 06ce 9A060000 		.4byte	0x69a
 1156 06d2 02       		.uleb128 0x2
 1157 06d3 91       		.byte	0x91
 1158 06d4 7C       		.sleb128 -4
 1159 06d5 00       		.byte	0
 1160 06d6 00       		.byte	0
 1161 06d7 1B       		.uleb128 0x1b
 1162 06d8 44010000 		.4byte	.LASF109
 1163 06dc 01       		.byte	0x1
 1164 06dd E001     		.2byte	0x1e0
 1165 06df 10000000 		.4byte	.LFB128
 1166 06e3 10000000 		.4byte	.LFE128-.LFB128
 1167 06e7 01       		.uleb128 0x1
 1168 06e8 9C       		.byte	0x9c
 1169 06e9 07070000 		.4byte	0x707
 1170 06ed 1C       		.uleb128 0x1c
 1171 06ee 8D060000 		.4byte	0x68d
 1172 06f2 16000000 		.4byte	.LBB8
 1173 06f6 06000000 		.4byte	.LBE8-.LBB8
 1174 06fa 01       		.byte	0x1
 1175 06fb E301     		.2byte	0x1e3
 1176 06fd 1D       		.uleb128 0x1d
 1177 06fe 9A060000 		.4byte	0x69a
 1178 0702 02       		.uleb128 0x2
 1179 0703 91       		.byte	0x91
 1180 0704 7C       		.sleb128 -4
 1181 0705 00       		.byte	0
 1182 0706 00       		.byte	0
 1183 0707 1E       		.uleb128 0x1e
 1184 0708 81050000 		.4byte	.LASF110
 1185 070c 01       		.byte	0x1
 1186 070d EF01     		.2byte	0x1ef
ARM GAS  /tmp/cclj3FIe.s 			page 22


 1187 070f 20000000 		.4byte	.LFB129
 1188 0713 08000000 		.4byte	.LFE129-.LFB129
 1189 0717 01       		.uleb128 0x1
 1190 0718 9C       		.byte	0x9c
 1191 0719 1E       		.uleb128 0x1e
 1192 071a F4040000 		.4byte	.LASF111
 1193 071e 01       		.byte	0x1
 1194 071f FA01     		.2byte	0x1fa
 1195 0721 30000000 		.4byte	.LFB130
 1196 0725 08000000 		.4byte	.LFE130-.LFB130
 1197 0729 01       		.uleb128 0x1
 1198 072a 9C       		.byte	0x9c
 1199 072b 1E       		.uleb128 0x1e
 1200 072c 02060000 		.4byte	.LASF112
 1201 0730 03       		.byte	0x3
 1202 0731 8201     		.2byte	0x182
 1203 0733 40000000 		.4byte	.LFB158
 1204 0737 08000000 		.4byte	.LFE158-.LFB158
 1205 073b 01       		.uleb128 0x1
 1206 073c 9C       		.byte	0x9c
 1207 073d 1E       		.uleb128 0x1e
 1208 073e EC030000 		.4byte	.LASF113
 1209 0742 03       		.byte	0x3
 1210 0743 9601     		.2byte	0x196
 1211 0745 50000000 		.4byte	.LFB159
 1212 0749 08000000 		.4byte	.LFE159-.LFB159
 1213 074d 01       		.uleb128 0x1
 1214 074e 9C       		.byte	0x9c
 1215 074f 1E       		.uleb128 0x1e
 1216 0750 BF010000 		.4byte	.LASF114
 1217 0754 04       		.byte	0x4
 1218 0755 0102     		.2byte	0x201
 1219 0757 60000000 		.4byte	.LFB236
 1220 075b 08000000 		.4byte	.LFE236-.LFB236
 1221 075f 01       		.uleb128 0x1
 1222 0760 9C       		.byte	0x9c
 1223 0761 1E       		.uleb128 0x1e
 1224 0762 DA000000 		.4byte	.LASF115
 1225 0766 04       		.byte	0x4
 1226 0767 0C02     		.2byte	0x20c
 1227 0769 70000000 		.4byte	.LFB237
 1228 076d 08000000 		.4byte	.LFE237-.LFB237
 1229 0771 01       		.uleb128 0x1
 1230 0772 9C       		.byte	0x9c
 1231 0773 1E       		.uleb128 0x1e
 1232 0774 24030000 		.4byte	.LASF116
 1233 0778 04       		.byte	0x4
 1234 0779 4702     		.2byte	0x247
 1235 077b 80000000 		.4byte	.LFB241
 1236 077f 08000000 		.4byte	.LFE241-.LFB241
 1237 0783 01       		.uleb128 0x1
 1238 0784 9C       		.byte	0x9c
 1239 0785 1F       		.uleb128 0x1f
 1240 0786 69050000 		.4byte	.LASF117
 1241 078a 05       		.byte	0x5
 1242 078b DC       		.byte	0xdc
 1243 078c 90000000 		.4byte	.LFB267
ARM GAS  /tmp/cclj3FIe.s 			page 23


 1244 0790 14000000 		.4byte	.LFE267-.LFB267
 1245 0794 01       		.uleb128 0x1
 1246 0795 9C       		.byte	0x9c
 1247 0796 20       		.uleb128 0x20
 1248 0797 EF000000 		.4byte	.LASF118
 1249 079b 05       		.byte	0x5
 1250 079c 0B01     		.2byte	0x10b
 1251 079e B0000000 		.4byte	.LFB268
 1252 07a2 24000000 		.4byte	.LFE268-.LFB268
 1253 07a6 01       		.uleb128 0x1
 1254 07a7 9C       		.byte	0x9c
 1255 07a8 21       		.uleb128 0x21
 1256 07a9 2B040000 		.4byte	.LASF119
 1257 07ad 0B       		.byte	0xb
 1258 07ae FA06     		.2byte	0x6fa
 1259 07b0 B4070000 		.4byte	0x7b4
 1260 07b4 0F       		.uleb128 0xf
 1261 07b5 A2000000 		.4byte	0xa2
 1262 07b9 22       		.uleb128 0x22
 1263 07ba 636800   		.ascii	"ch\000"
 1264 07bd 0A       		.byte	0xa
 1265 07be 0902     		.2byte	0x209
 1266 07c0 EC030000 		.4byte	0x3ec
 1267 07c4 00       		.byte	0
 1268              		.section	.debug_abbrev,"",%progbits
 1269              	.Ldebug_abbrev0:
 1270 0000 01       		.uleb128 0x1
 1271 0001 11       		.uleb128 0x11
 1272 0002 01       		.byte	0x1
 1273 0003 25       		.uleb128 0x25
 1274 0004 0E       		.uleb128 0xe
 1275 0005 13       		.uleb128 0x13
 1276 0006 0B       		.uleb128 0xb
 1277 0007 03       		.uleb128 0x3
 1278 0008 0E       		.uleb128 0xe
 1279 0009 1B       		.uleb128 0x1b
 1280 000a 0E       		.uleb128 0xe
 1281 000b 11       		.uleb128 0x11
 1282 000c 01       		.uleb128 0x1
 1283 000d 12       		.uleb128 0x12
 1284 000e 06       		.uleb128 0x6
 1285 000f 10       		.uleb128 0x10
 1286 0010 17       		.uleb128 0x17
 1287 0011 00       		.byte	0
 1288 0012 00       		.byte	0
 1289 0013 02       		.uleb128 0x2
 1290 0014 24       		.uleb128 0x24
 1291 0015 00       		.byte	0
 1292 0016 0B       		.uleb128 0xb
 1293 0017 0B       		.uleb128 0xb
 1294 0018 3E       		.uleb128 0x3e
 1295 0019 0B       		.uleb128 0xb
 1296 001a 03       		.uleb128 0x3
 1297 001b 08       		.uleb128 0x8
 1298 001c 00       		.byte	0
 1299 001d 00       		.byte	0
 1300 001e 03       		.uleb128 0x3
ARM GAS  /tmp/cclj3FIe.s 			page 24


 1301 001f 24       		.uleb128 0x24
 1302 0020 00       		.byte	0
 1303 0021 0B       		.uleb128 0xb
 1304 0022 0B       		.uleb128 0xb
 1305 0023 3E       		.uleb128 0x3e
 1306 0024 0B       		.uleb128 0xb
 1307 0025 03       		.uleb128 0x3
 1308 0026 0E       		.uleb128 0xe
 1309 0027 00       		.byte	0
 1310 0028 00       		.byte	0
 1311 0029 04       		.uleb128 0x4
 1312 002a 16       		.uleb128 0x16
 1313 002b 00       		.byte	0
 1314 002c 03       		.uleb128 0x3
 1315 002d 0E       		.uleb128 0xe
 1316 002e 3A       		.uleb128 0x3a
 1317 002f 0B       		.uleb128 0xb
 1318 0030 3B       		.uleb128 0x3b
 1319 0031 0B       		.uleb128 0xb
 1320 0032 49       		.uleb128 0x49
 1321 0033 13       		.uleb128 0x13
 1322 0034 00       		.byte	0
 1323 0035 00       		.byte	0
 1324 0036 05       		.uleb128 0x5
 1325 0037 13       		.uleb128 0x13
 1326 0038 01       		.byte	0x1
 1327 0039 03       		.uleb128 0x3
 1328 003a 0E       		.uleb128 0xe
 1329 003b 0B       		.uleb128 0xb
 1330 003c 0B       		.uleb128 0xb
 1331 003d 3A       		.uleb128 0x3a
 1332 003e 0B       		.uleb128 0xb
 1333 003f 3B       		.uleb128 0x3b
 1334 0040 0B       		.uleb128 0xb
 1335 0041 01       		.uleb128 0x1
 1336 0042 13       		.uleb128 0x13
 1337 0043 00       		.byte	0
 1338 0044 00       		.byte	0
 1339 0045 06       		.uleb128 0x6
 1340 0046 0D       		.uleb128 0xd
 1341 0047 00       		.byte	0
 1342 0048 03       		.uleb128 0x3
 1343 0049 0E       		.uleb128 0xe
 1344 004a 3A       		.uleb128 0x3a
 1345 004b 0B       		.uleb128 0xb
 1346 004c 3B       		.uleb128 0x3b
 1347 004d 0B       		.uleb128 0xb
 1348 004e 49       		.uleb128 0x49
 1349 004f 13       		.uleb128 0x13
 1350 0050 38       		.uleb128 0x38
 1351 0051 0B       		.uleb128 0xb
 1352 0052 00       		.byte	0
 1353 0053 00       		.byte	0
 1354 0054 07       		.uleb128 0x7
 1355 0055 0D       		.uleb128 0xd
 1356 0056 00       		.byte	0
 1357 0057 03       		.uleb128 0x3
ARM GAS  /tmp/cclj3FIe.s 			page 25


 1358 0058 08       		.uleb128 0x8
 1359 0059 3A       		.uleb128 0x3a
 1360 005a 0B       		.uleb128 0xb
 1361 005b 3B       		.uleb128 0x3b
 1362 005c 05       		.uleb128 0x5
 1363 005d 49       		.uleb128 0x49
 1364 005e 13       		.uleb128 0x13
 1365 005f 38       		.uleb128 0x38
 1366 0060 0B       		.uleb128 0xb
 1367 0061 00       		.byte	0
 1368 0062 00       		.byte	0
 1369 0063 08       		.uleb128 0x8
 1370 0064 0D       		.uleb128 0xd
 1371 0065 00       		.byte	0
 1372 0066 03       		.uleb128 0x3
 1373 0067 0E       		.uleb128 0xe
 1374 0068 3A       		.uleb128 0x3a
 1375 0069 0B       		.uleb128 0xb
 1376 006a 3B       		.uleb128 0x3b
 1377 006b 05       		.uleb128 0x5
 1378 006c 49       		.uleb128 0x49
 1379 006d 13       		.uleb128 0x13
 1380 006e 38       		.uleb128 0x38
 1381 006f 0B       		.uleb128 0xb
 1382 0070 00       		.byte	0
 1383 0071 00       		.byte	0
 1384 0072 09       		.uleb128 0x9
 1385 0073 0F       		.uleb128 0xf
 1386 0074 00       		.byte	0
 1387 0075 0B       		.uleb128 0xb
 1388 0076 0B       		.uleb128 0xb
 1389 0077 49       		.uleb128 0x49
 1390 0078 13       		.uleb128 0x13
 1391 0079 00       		.byte	0
 1392 007a 00       		.byte	0
 1393 007b 0A       		.uleb128 0xa
 1394 007c 13       		.uleb128 0x13
 1395 007d 01       		.byte	0x1
 1396 007e 03       		.uleb128 0x3
 1397 007f 0E       		.uleb128 0xe
 1398 0080 0B       		.uleb128 0xb
 1399 0081 0B       		.uleb128 0xb
 1400 0082 3A       		.uleb128 0x3a
 1401 0083 0B       		.uleb128 0xb
 1402 0084 3B       		.uleb128 0x3b
 1403 0085 05       		.uleb128 0x5
 1404 0086 01       		.uleb128 0x1
 1405 0087 13       		.uleb128 0x13
 1406 0088 00       		.byte	0
 1407 0089 00       		.byte	0
 1408 008a 0B       		.uleb128 0xb
 1409 008b 15       		.uleb128 0x15
 1410 008c 01       		.byte	0x1
 1411 008d 27       		.uleb128 0x27
 1412 008e 19       		.uleb128 0x19
 1413 008f 01       		.uleb128 0x1
 1414 0090 13       		.uleb128 0x13
ARM GAS  /tmp/cclj3FIe.s 			page 26


 1415 0091 00       		.byte	0
 1416 0092 00       		.byte	0
 1417 0093 0C       		.uleb128 0xc
 1418 0094 05       		.uleb128 0x5
 1419 0095 00       		.byte	0
 1420 0096 49       		.uleb128 0x49
 1421 0097 13       		.uleb128 0x13
 1422 0098 00       		.byte	0
 1423 0099 00       		.byte	0
 1424 009a 0D       		.uleb128 0xd
 1425 009b 0F       		.uleb128 0xf
 1426 009c 00       		.byte	0
 1427 009d 0B       		.uleb128 0xb
 1428 009e 0B       		.uleb128 0xb
 1429 009f 00       		.byte	0
 1430 00a0 00       		.byte	0
 1431 00a1 0E       		.uleb128 0xe
 1432 00a2 13       		.uleb128 0x13
 1433 00a3 01       		.byte	0x1
 1434 00a4 03       		.uleb128 0x3
 1435 00a5 0E       		.uleb128 0xe
 1436 00a6 0B       		.uleb128 0xb
 1437 00a7 05       		.uleb128 0x5
 1438 00a8 3A       		.uleb128 0x3a
 1439 00a9 0B       		.uleb128 0xb
 1440 00aa 3B       		.uleb128 0x3b
 1441 00ab 05       		.uleb128 0x5
 1442 00ac 01       		.uleb128 0x1
 1443 00ad 13       		.uleb128 0x13
 1444 00ae 00       		.byte	0
 1445 00af 00       		.byte	0
 1446 00b0 0F       		.uleb128 0xf
 1447 00b1 35       		.uleb128 0x35
 1448 00b2 00       		.byte	0
 1449 00b3 49       		.uleb128 0x49
 1450 00b4 13       		.uleb128 0x13
 1451 00b5 00       		.byte	0
 1452 00b6 00       		.byte	0
 1453 00b7 10       		.uleb128 0x10
 1454 00b8 26       		.uleb128 0x26
 1455 00b9 00       		.byte	0
 1456 00ba 49       		.uleb128 0x49
 1457 00bb 13       		.uleb128 0x13
 1458 00bc 00       		.byte	0
 1459 00bd 00       		.byte	0
 1460 00be 11       		.uleb128 0x11
 1461 00bf 13       		.uleb128 0x13
 1462 00c0 01       		.byte	0x1
 1463 00c1 0B       		.uleb128 0xb
 1464 00c2 0B       		.uleb128 0xb
 1465 00c3 3A       		.uleb128 0x3a
 1466 00c4 0B       		.uleb128 0xb
 1467 00c5 3B       		.uleb128 0x3b
 1468 00c6 05       		.uleb128 0x5
 1469 00c7 01       		.uleb128 0x1
 1470 00c8 13       		.uleb128 0x13
 1471 00c9 00       		.byte	0
ARM GAS  /tmp/cclj3FIe.s 			page 27


 1472 00ca 00       		.byte	0
 1473 00cb 12       		.uleb128 0x12
 1474 00cc 16       		.uleb128 0x16
 1475 00cd 00       		.byte	0
 1476 00ce 03       		.uleb128 0x3
 1477 00cf 0E       		.uleb128 0xe
 1478 00d0 3A       		.uleb128 0x3a
 1479 00d1 0B       		.uleb128 0xb
 1480 00d2 3B       		.uleb128 0x3b
 1481 00d3 05       		.uleb128 0x5
 1482 00d4 49       		.uleb128 0x49
 1483 00d5 13       		.uleb128 0x13
 1484 00d6 00       		.byte	0
 1485 00d7 00       		.byte	0
 1486 00d8 13       		.uleb128 0x13
 1487 00d9 0D       		.uleb128 0xd
 1488 00da 00       		.byte	0
 1489 00db 03       		.uleb128 0x3
 1490 00dc 08       		.uleb128 0x8
 1491 00dd 3A       		.uleb128 0x3a
 1492 00de 0B       		.uleb128 0xb
 1493 00df 3B       		.uleb128 0x3b
 1494 00e0 0B       		.uleb128 0xb
 1495 00e1 49       		.uleb128 0x49
 1496 00e2 13       		.uleb128 0x13
 1497 00e3 38       		.uleb128 0x38
 1498 00e4 0B       		.uleb128 0xb
 1499 00e5 00       		.byte	0
 1500 00e6 00       		.byte	0
 1501 00e7 14       		.uleb128 0x14
 1502 00e8 13       		.uleb128 0x13
 1503 00e9 01       		.byte	0x1
 1504 00ea 0B       		.uleb128 0xb
 1505 00eb 0B       		.uleb128 0xb
 1506 00ec 3A       		.uleb128 0x3a
 1507 00ed 0B       		.uleb128 0xb
 1508 00ee 3B       		.uleb128 0x3b
 1509 00ef 0B       		.uleb128 0xb
 1510 00f0 01       		.uleb128 0x1
 1511 00f1 13       		.uleb128 0x13
 1512 00f2 00       		.byte	0
 1513 00f3 00       		.byte	0
 1514 00f4 15       		.uleb128 0x15
 1515 00f5 17       		.uleb128 0x17
 1516 00f6 01       		.byte	0x1
 1517 00f7 0B       		.uleb128 0xb
 1518 00f8 0B       		.uleb128 0xb
 1519 00f9 3A       		.uleb128 0x3a
 1520 00fa 0B       		.uleb128 0xb
 1521 00fb 3B       		.uleb128 0x3b
 1522 00fc 0B       		.uleb128 0xb
 1523 00fd 01       		.uleb128 0x1
 1524 00fe 13       		.uleb128 0x13
 1525 00ff 00       		.byte	0
 1526 0100 00       		.byte	0
 1527 0101 16       		.uleb128 0x16
 1528 0102 0D       		.uleb128 0xd
ARM GAS  /tmp/cclj3FIe.s 			page 28


 1529 0103 00       		.byte	0
 1530 0104 03       		.uleb128 0x3
 1531 0105 0E       		.uleb128 0xe
 1532 0106 3A       		.uleb128 0x3a
 1533 0107 0B       		.uleb128 0xb
 1534 0108 3B       		.uleb128 0x3b
 1535 0109 05       		.uleb128 0x5
 1536 010a 49       		.uleb128 0x49
 1537 010b 13       		.uleb128 0x13
 1538 010c 00       		.byte	0
 1539 010d 00       		.byte	0
 1540 010e 17       		.uleb128 0x17
 1541 010f 01       		.uleb128 0x1
 1542 0110 01       		.byte	0x1
 1543 0111 49       		.uleb128 0x49
 1544 0112 13       		.uleb128 0x13
 1545 0113 01       		.uleb128 0x1
 1546 0114 13       		.uleb128 0x13
 1547 0115 00       		.byte	0
 1548 0116 00       		.byte	0
 1549 0117 18       		.uleb128 0x18
 1550 0118 21       		.uleb128 0x21
 1551 0119 00       		.byte	0
 1552 011a 49       		.uleb128 0x49
 1553 011b 13       		.uleb128 0x13
 1554 011c 2F       		.uleb128 0x2f
 1555 011d 0B       		.uleb128 0xb
 1556 011e 00       		.byte	0
 1557 011f 00       		.byte	0
 1558 0120 19       		.uleb128 0x19
 1559 0121 2E       		.uleb128 0x2e
 1560 0122 01       		.byte	0x1
 1561 0123 03       		.uleb128 0x3
 1562 0124 0E       		.uleb128 0xe
 1563 0125 3A       		.uleb128 0x3a
 1564 0126 0B       		.uleb128 0xb
 1565 0127 3B       		.uleb128 0x3b
 1566 0128 05       		.uleb128 0x5
 1567 0129 27       		.uleb128 0x27
 1568 012a 19       		.uleb128 0x19
 1569 012b 20       		.uleb128 0x20
 1570 012c 0B       		.uleb128 0xb
 1571 012d 01       		.uleb128 0x1
 1572 012e 13       		.uleb128 0x13
 1573 012f 00       		.byte	0
 1574 0130 00       		.byte	0
 1575 0131 1A       		.uleb128 0x1a
 1576 0132 05       		.uleb128 0x5
 1577 0133 00       		.byte	0
 1578 0134 03       		.uleb128 0x3
 1579 0135 0E       		.uleb128 0xe
 1580 0136 3A       		.uleb128 0x3a
 1581 0137 0B       		.uleb128 0xb
 1582 0138 3B       		.uleb128 0x3b
 1583 0139 05       		.uleb128 0x5
 1584 013a 49       		.uleb128 0x49
 1585 013b 13       		.uleb128 0x13
ARM GAS  /tmp/cclj3FIe.s 			page 29


 1586 013c 00       		.byte	0
 1587 013d 00       		.byte	0
 1588 013e 1B       		.uleb128 0x1b
 1589 013f 2E       		.uleb128 0x2e
 1590 0140 01       		.byte	0x1
 1591 0141 03       		.uleb128 0x3
 1592 0142 0E       		.uleb128 0xe
 1593 0143 3A       		.uleb128 0x3a
 1594 0144 0B       		.uleb128 0xb
 1595 0145 3B       		.uleb128 0x3b
 1596 0146 05       		.uleb128 0x5
 1597 0147 27       		.uleb128 0x27
 1598 0148 19       		.uleb128 0x19
 1599 0149 11       		.uleb128 0x11
 1600 014a 01       		.uleb128 0x1
 1601 014b 12       		.uleb128 0x12
 1602 014c 06       		.uleb128 0x6
 1603 014d 40       		.uleb128 0x40
 1604 014e 18       		.uleb128 0x18
 1605 014f 9742     		.uleb128 0x2117
 1606 0151 19       		.uleb128 0x19
 1607 0152 01       		.uleb128 0x1
 1608 0153 13       		.uleb128 0x13
 1609 0154 00       		.byte	0
 1610 0155 00       		.byte	0
 1611 0156 1C       		.uleb128 0x1c
 1612 0157 1D       		.uleb128 0x1d
 1613 0158 01       		.byte	0x1
 1614 0159 31       		.uleb128 0x31
 1615 015a 13       		.uleb128 0x13
 1616 015b 11       		.uleb128 0x11
 1617 015c 01       		.uleb128 0x1
 1618 015d 12       		.uleb128 0x12
 1619 015e 06       		.uleb128 0x6
 1620 015f 58       		.uleb128 0x58
 1621 0160 0B       		.uleb128 0xb
 1622 0161 59       		.uleb128 0x59
 1623 0162 05       		.uleb128 0x5
 1624 0163 00       		.byte	0
 1625 0164 00       		.byte	0
 1626 0165 1D       		.uleb128 0x1d
 1627 0166 05       		.uleb128 0x5
 1628 0167 00       		.byte	0
 1629 0168 31       		.uleb128 0x31
 1630 0169 13       		.uleb128 0x13
 1631 016a 02       		.uleb128 0x2
 1632 016b 18       		.uleb128 0x18
 1633 016c 00       		.byte	0
 1634 016d 00       		.byte	0
 1635 016e 1E       		.uleb128 0x1e
 1636 016f 2E       		.uleb128 0x2e
 1637 0170 00       		.byte	0
 1638 0171 03       		.uleb128 0x3
 1639 0172 0E       		.uleb128 0xe
 1640 0173 3A       		.uleb128 0x3a
 1641 0174 0B       		.uleb128 0xb
 1642 0175 3B       		.uleb128 0x3b
ARM GAS  /tmp/cclj3FIe.s 			page 30


 1643 0176 05       		.uleb128 0x5
 1644 0177 27       		.uleb128 0x27
 1645 0178 19       		.uleb128 0x19
 1646 0179 11       		.uleb128 0x11
 1647 017a 01       		.uleb128 0x1
 1648 017b 12       		.uleb128 0x12
 1649 017c 06       		.uleb128 0x6
 1650 017d 40       		.uleb128 0x40
 1651 017e 18       		.uleb128 0x18
 1652 017f 9642     		.uleb128 0x2116
 1653 0181 19       		.uleb128 0x19
 1654 0182 00       		.byte	0
 1655 0183 00       		.byte	0
 1656 0184 1F       		.uleb128 0x1f
 1657 0185 2E       		.uleb128 0x2e
 1658 0186 00       		.byte	0
 1659 0187 3F       		.uleb128 0x3f
 1660 0188 19       		.uleb128 0x19
 1661 0189 03       		.uleb128 0x3
 1662 018a 0E       		.uleb128 0xe
 1663 018b 3A       		.uleb128 0x3a
 1664 018c 0B       		.uleb128 0xb
 1665 018d 3B       		.uleb128 0x3b
 1666 018e 0B       		.uleb128 0xb
 1667 018f 27       		.uleb128 0x27
 1668 0190 19       		.uleb128 0x19
 1669 0191 11       		.uleb128 0x11
 1670 0192 01       		.uleb128 0x1
 1671 0193 12       		.uleb128 0x12
 1672 0194 06       		.uleb128 0x6
 1673 0195 40       		.uleb128 0x40
 1674 0196 18       		.uleb128 0x18
 1675 0197 9642     		.uleb128 0x2116
 1676 0199 19       		.uleb128 0x19
 1677 019a 00       		.byte	0
 1678 019b 00       		.byte	0
 1679 019c 20       		.uleb128 0x20
 1680 019d 2E       		.uleb128 0x2e
 1681 019e 00       		.byte	0
 1682 019f 3F       		.uleb128 0x3f
 1683 01a0 19       		.uleb128 0x19
 1684 01a1 03       		.uleb128 0x3
 1685 01a2 0E       		.uleb128 0xe
 1686 01a3 3A       		.uleb128 0x3a
 1687 01a4 0B       		.uleb128 0xb
 1688 01a5 3B       		.uleb128 0x3b
 1689 01a6 05       		.uleb128 0x5
 1690 01a7 27       		.uleb128 0x27
 1691 01a8 19       		.uleb128 0x19
 1692 01a9 11       		.uleb128 0x11
 1693 01aa 01       		.uleb128 0x1
 1694 01ab 12       		.uleb128 0x12
 1695 01ac 06       		.uleb128 0x6
 1696 01ad 40       		.uleb128 0x40
 1697 01ae 18       		.uleb128 0x18
 1698 01af 9642     		.uleb128 0x2116
 1699 01b1 19       		.uleb128 0x19
ARM GAS  /tmp/cclj3FIe.s 			page 31


 1700 01b2 00       		.byte	0
 1701 01b3 00       		.byte	0
 1702 01b4 21       		.uleb128 0x21
 1703 01b5 34       		.uleb128 0x34
 1704 01b6 00       		.byte	0
 1705 01b7 03       		.uleb128 0x3
 1706 01b8 0E       		.uleb128 0xe
 1707 01b9 3A       		.uleb128 0x3a
 1708 01ba 0B       		.uleb128 0xb
 1709 01bb 3B       		.uleb128 0x3b
 1710 01bc 05       		.uleb128 0x5
 1711 01bd 49       		.uleb128 0x49
 1712 01be 13       		.uleb128 0x13
 1713 01bf 3F       		.uleb128 0x3f
 1714 01c0 19       		.uleb128 0x19
 1715 01c1 3C       		.uleb128 0x3c
 1716 01c2 19       		.uleb128 0x19
 1717 01c3 00       		.byte	0
 1718 01c4 00       		.byte	0
 1719 01c5 22       		.uleb128 0x22
 1720 01c6 34       		.uleb128 0x34
 1721 01c7 00       		.byte	0
 1722 01c8 03       		.uleb128 0x3
 1723 01c9 08       		.uleb128 0x8
 1724 01ca 3A       		.uleb128 0x3a
 1725 01cb 0B       		.uleb128 0xb
 1726 01cc 3B       		.uleb128 0x3b
 1727 01cd 05       		.uleb128 0x5
 1728 01ce 49       		.uleb128 0x49
 1729 01cf 13       		.uleb128 0x13
 1730 01d0 3F       		.uleb128 0x3f
 1731 01d1 19       		.uleb128 0x19
 1732 01d2 3C       		.uleb128 0x3c
 1733 01d3 19       		.uleb128 0x19
 1734 01d4 00       		.byte	0
 1735 01d5 00       		.byte	0
 1736 01d6 00       		.byte	0
 1737              		.section	.debug_aranges,"",%progbits
 1738 0000 1C000000 		.4byte	0x1c
 1739 0004 0200     		.2byte	0x2
 1740 0006 00000000 		.4byte	.Ldebug_info0
 1741 000a 04       		.byte	0x4
 1742 000b 00       		.byte	0
 1743 000c 0000     		.2byte	0
 1744 000e 0000     		.2byte	0
 1745 0010 00000000 		.4byte	.Ltext0
 1746 0014 D4000000 		.4byte	.Letext0-.Ltext0
 1747 0018 00000000 		.4byte	0
 1748 001c 00000000 		.4byte	0
 1749              		.section	.debug_line,"",%progbits
 1750              	.Ldebug_line0:
 1751 0000 F1020000 		.section	.debug_str,"MS",%progbits,1
 1751      02008B02 
 1751      00000201 
 1751      FB0E0D00 
 1751      01010101 
 1752              	.LASF52:
ARM GAS  /tmp/cclj3FIe.s 			page 32


 1753 0000 72656164 		.ascii	"ready_list_t\000"
 1753      795F6C69 
 1753      73745F74 
 1753      00
 1754              	.LASF94:
 1755 000d 77747472 		.ascii	"wttrp\000"
 1755      7000
 1756              	.LASF91:
 1757 0013 7264796D 		.ascii	"rdymsg\000"
 1757      736700
 1758              	.LASF16:
 1759 001a 75696E74 		.ascii	"uint64_t\000"
 1759      36345F74 
 1759      00
 1760              	.LASF5:
 1761 0023 5F5F7569 		.ascii	"__uint8_t\000"
 1761      6E74385F 
 1761      7400
 1762              	.LASF88:
 1763 002d 706F7274 		.ascii	"port_intctx\000"
 1763      5F696E74 
 1763      63747800 
 1764              	.LASF71:
 1765 0039 73797374 		.ascii	"system_debug_t\000"
 1765      656D5F64 
 1765      65627567 
 1765      5F7400
 1766              	.LASF108:
 1767 0048 706F7274 		.ascii	"port_lock\000"
 1767      5F6C6F63 
 1767      6B00
 1768              	.LASF122:
 1769 0052 2F6E6673 		.ascii	"/nfs/nfs7/home/vvedanta/P442/p442-submissions/senso"
 1769      2F6E6673 
 1769      372F686F 
 1769      6D652F76 
 1769      76656461 
 1770 0085 7274696C 		.ascii	"rtile/final_project\000"
 1770      652F6669 
 1770      6E616C5F 
 1770      70726F6A 
 1770      65637400 
 1771              	.LASF12:
 1772 0099 6C6F6E67 		.ascii	"long long unsigned int\000"
 1772      206C6F6E 
 1772      6720756E 
 1772      7369676E 
 1772      65642069 
 1773              	.LASF92:
 1774 00b0 65786974 		.ascii	"exitcode\000"
 1774      636F6465 
 1774      00
 1775              	.LASF78:
 1776 00b9 6D61696E 		.ascii	"mainthread\000"
 1776      74687265 
 1776      616400
 1777              	.LASF68:
ARM GAS  /tmp/cclj3FIe.s 			page 33


 1778 00c4 76697274 		.ascii	"virtual_timers_list_t\000"
 1778      75616C5F 
 1778      74696D65 
 1778      72735F6C 
 1778      6973745F 
 1779              	.LASF115:
 1780 00da 6F73616C 		.ascii	"osalSysUnlockFromISR\000"
 1780      53797355 
 1780      6E6C6F63 
 1780      6B46726F 
 1780      6D495352 
 1781              	.LASF118:
 1782 00ef 73745F6C 		.ascii	"st_lld_init\000"
 1782      6C645F69 
 1782      6E697400 
 1783              	.LASF51:
 1784 00fb 63685F74 		.ascii	"ch_threads_queue\000"
 1784      68726561 
 1784      64735F71 
 1784      75657565 
 1784      00
 1785              	.LASF30:
 1786 010c 705F7072 		.ascii	"p_prio\000"
 1786      696F00
 1787              	.LASF10:
 1788 0113 6C6F6E67 		.ascii	"long long int\000"
 1788      206C6F6E 
 1788      6720696E 
 1788      7400
 1789              	.LASF1:
 1790 0121 7369676E 		.ascii	"signed char\000"
 1790      65642063 
 1790      68617200 
 1791              	.LASF45:
 1792 012d 705F6D70 		.ascii	"p_mpool\000"
 1792      6F6F6C00 
 1793              	.LASF102:
 1794 0135 6D5F7175 		.ascii	"m_queue\000"
 1794      65756500 
 1795              	.LASF77:
 1796 013d 76746C69 		.ascii	"vtlist\000"
 1796      737400
 1797              	.LASF109:
 1798 0144 706F7274 		.ascii	"port_unlock\000"
 1798      5F756E6C 
 1798      6F636B00 
 1799              	.LASF21:
 1800 0150 74736C69 		.ascii	"tslices_t\000"
 1800      6365735F 
 1800      7400
 1801              	.LASF75:
 1802 015a 63685F73 		.ascii	"ch_system\000"
 1802      79737465 
 1802      6D00
 1803              	.LASF7:
 1804 0164 6C6F6E67 		.ascii	"long int\000"
 1804      20696E74 
ARM GAS  /tmp/cclj3FIe.s 			page 34


 1804      00
 1805              	.LASF19:
 1806 016d 74737461 		.ascii	"tstate_t\000"
 1806      74655F74 
 1806      00
 1807              	.LASF32:
 1808 0176 705F6E65 		.ascii	"p_newer\000"
 1808      77657200 
 1809              	.LASF99:
 1810 017e 735F7175 		.ascii	"s_queue\000"
 1810      65756500 
 1811              	.LASF4:
 1812 0186 73686F72 		.ascii	"short unsigned int\000"
 1812      7420756E 
 1812      7369676E 
 1812      65642069 
 1812      6E7400
 1813              	.LASF84:
 1814 0199 53797354 		.ascii	"SysTick_Type\000"
 1814      69636B5F 
 1814      54797065 
 1814      00
 1815              	.LASF57:
 1816 01a6 725F6E65 		.ascii	"r_newer\000"
 1816      77657200 
 1817              	.LASF85:
 1818 01ae 72656761 		.ascii	"regarm_t\000"
 1818      726D5F74 
 1818      00
 1819              	.LASF64:
 1820 01b7 76745F70 		.ascii	"vt_prev\000"
 1820      72657600 
 1821              	.LASF114:
 1822 01bf 6F73616C 		.ascii	"osalSysLockFromISR\000"
 1822      5379734C 
 1822      6F636B46 
 1822      726F6D49 
 1822      535200
 1823              	.LASF106:
 1824 01d2 6D757465 		.ascii	"mutex_t\000"
 1824      785F7400 
 1825              	.LASF124:
 1826 01da 76616C75 		.ascii	"value\000"
 1826      6500
 1827              	.LASF79:
 1828 01e0 69646C65 		.ascii	"idle_thread_wa\000"
 1828      5F746872 
 1828      6561645F 
 1828      776100
 1829              	.LASF25:
 1830 01ef 636E745F 		.ascii	"cnt_t\000"
 1830      7400
 1831              	.LASF0:
 1832 01f5 756E7369 		.ascii	"unsigned int\000"
 1832      676E6564 
 1832      20696E74 
 1832      00
ARM GAS  /tmp/cclj3FIe.s 			page 35


 1833              	.LASF63:
 1834 0202 76745F6E 		.ascii	"vt_next\000"
 1834      65787400 
 1835              	.LASF95:
 1836 020a 77747365 		.ascii	"wtsemp\000"
 1836      6D7000
 1837              	.LASF40:
 1838 0211 705F6D73 		.ascii	"p_msgqueue\000"
 1838      67717565 
 1838      756500
 1839              	.LASF100:
 1840 021c 735F636E 		.ascii	"s_cnt\000"
 1840      7400
 1841              	.LASF83:
 1842 0222 43414C49 		.ascii	"CALIB\000"
 1842      4200
 1843              	.LASF48:
 1844 0228 63685F74 		.ascii	"ch_thread\000"
 1844      68726561 
 1844      6400
 1845              	.LASF23:
 1846 0232 6D73675F 		.ascii	"msg_t\000"
 1846      7400
 1847              	.LASF74:
 1848 0238 63685F73 		.ascii	"ch_system_t\000"
 1848      79737465 
 1848      6D5F7400 
 1849              	.LASF93:
 1850 0244 77746F62 		.ascii	"wtobjp\000"
 1850      6A7000
 1851              	.LASF120:
 1852 024b 474E5520 		.ascii	"GNU C 4.8.4 20140526 (release) [ARM/embedded-4_8-br"
 1852      4320342E 
 1852      382E3420 
 1852      32303134 
 1852      30353236 
 1853 027e 616E6368 		.ascii	"anch revision 211358] -mcpu=cortex-m4 -mno-thumb-in"
 1853      20726576 
 1853      6973696F 
 1853      6E203231 
 1853      31333538 
 1854 02b1 74657277 		.ascii	"terwork -mthumb -ggdb -O0 -fomit-frame-pointer -fal"
 1854      6F726B20 
 1854      2D6D7468 
 1854      756D6220 
 1854      2D676764 
 1855 02e4 69676E2D 		.ascii	"ign-functions=16\000"
 1855      66756E63 
 1855      74696F6E 
 1855      733D3136 
 1855      00
 1856              	.LASF53:
 1857 02f5 63685F72 		.ascii	"ch_ready_list\000"
 1857      65616479 
 1857      5F6C6973 
 1857      7400
 1858              	.LASF24:
ARM GAS  /tmp/cclj3FIe.s 			page 36


 1859 0303 6576656E 		.ascii	"eventmask_t\000"
 1859      746D6173 
 1859      6B5F7400 
 1860              	.LASF6:
 1861 030f 5F5F696E 		.ascii	"__int32_t\000"
 1861      7433325F 
 1861      7400
 1862              	.LASF86:
 1863 0319 73746B61 		.ascii	"stkalign_t\000"
 1863      6C69676E 
 1863      5F7400
 1864              	.LASF116:
 1865 0324 6F73616C 		.ascii	"osalOsTimerHandlerI\000"
 1865      4F735469 
 1865      6D657248 
 1865      616E646C 
 1865      65724900 
 1866              	.LASF47:
 1867 0338 74687265 		.ascii	"threads_list_t\000"
 1867      6164735F 
 1867      6C697374 
 1867      5F7400
 1868              	.LASF39:
 1869 0347 705F7761 		.ascii	"p_waiting\000"
 1869      6974696E 
 1869      6700
 1870              	.LASF80:
 1871 0351 73697A65 		.ascii	"sizetype\000"
 1871      74797065 
 1871      00
 1872              	.LASF46:
 1873 035a 74687265 		.ascii	"thread_reference_t\000"
 1873      61645F72 
 1873      65666572 
 1873      656E6365 
 1873      5F7400
 1874              	.LASF82:
 1875 036d 4C4F4144 		.ascii	"LOAD\000"
 1875      00
 1876              	.LASF69:
 1877 0372 63685F76 		.ascii	"ch_virtual_timers_list\000"
 1877      69727475 
 1877      616C5F74 
 1877      696D6572 
 1877      735F6C69 
 1878              	.LASF33:
 1879 0389 705F6F6C 		.ascii	"p_older\000"
 1879      64657200 
 1880              	.LASF56:
 1881 0391 725F6374 		.ascii	"r_ctx\000"
 1881      7800
 1882              	.LASF90:
 1883 0397 746D5F63 		.ascii	"tm_calibration_t\000"
 1883      616C6962 
 1883      72617469 
 1883      6F6E5F74 
 1883      00
ARM GAS  /tmp/cclj3FIe.s 			page 37


 1884              	.LASF59:
 1885 03a8 725F6375 		.ascii	"r_current\000"
 1885      7272656E 
 1885      7400
 1886              	.LASF58:
 1887 03b2 725F6F6C 		.ascii	"r_older\000"
 1887      64657200 
 1888              	.LASF11:
 1889 03ba 5F5F7569 		.ascii	"__uint64_t\000"
 1889      6E743634 
 1889      5F7400
 1890              	.LASF20:
 1891 03c5 74726566 		.ascii	"trefs_t\000"
 1891      735F7400 
 1892              	.LASF61:
 1893 03cd 76697274 		.ascii	"virtual_timer_t\000"
 1893      75616C5F 
 1893      74696D65 
 1893      725F7400 
 1894              	.LASF29:
 1895 03dd 705F7072 		.ascii	"p_prev\000"
 1895      657600
 1896              	.LASF22:
 1897 03e4 74707269 		.ascii	"tprio_t\000"
 1897      6F5F7400 
 1898              	.LASF113:
 1899 03ec 63685379 		.ascii	"chSysUnlockFromISR\000"
 1899      73556E6C 
 1899      6F636B46 
 1899      726F6D49 
 1899      535200
 1900              	.LASF72:
 1901 03ff 63685F73 		.ascii	"ch_system_debug\000"
 1901      79737465 
 1901      6D5F6465 
 1901      62756700 
 1902              	.LASF107:
 1903 040f 5F426F6F 		.ascii	"_Bool\000"
 1903      6C00
 1904              	.LASF14:
 1905 0415 696E7433 		.ascii	"int32_t\000"
 1905      325F7400 
 1906              	.LASF2:
 1907 041d 756E7369 		.ascii	"unsigned char\000"
 1907      676E6564 
 1907      20636861 
 1907      7200
 1908              	.LASF119:
 1909 042b 49544D5F 		.ascii	"ITM_RxBuffer\000"
 1909      52784275 
 1909      66666572 
 1909      00
 1910              	.LASF43:
 1911 0438 705F6D74 		.ascii	"p_mtxlist\000"
 1911      786C6973 
 1911      7400
 1912              	.LASF3:
ARM GAS  /tmp/cclj3FIe.s 			page 38


 1913 0442 73686F72 		.ascii	"short int\000"
 1913      7420696E 
 1913      7400
 1914              	.LASF35:
 1915 044c 705F7374 		.ascii	"p_state\000"
 1915      61746500 
 1916              	.LASF38:
 1917 0454 705F7072 		.ascii	"p_preempt\000"
 1917      65656D70 
 1917      7400
 1918              	.LASF55:
 1919 045e 725F7072 		.ascii	"r_prio\000"
 1919      696F00
 1920              	.LASF97:
 1921 0465 65776D61 		.ascii	"ewmask\000"
 1921      736B00
 1922              	.LASF28:
 1923 046c 705F6E65 		.ascii	"p_next\000"
 1923      787400
 1924              	.LASF18:
 1925 0473 746D6F64 		.ascii	"tmode_t\000"
 1925      655F7400 
 1926              	.LASF36:
 1927 047b 705F666C 		.ascii	"p_flags\000"
 1927      61677300 
 1928              	.LASF62:
 1929 0483 63685F76 		.ascii	"ch_virtual_timer\000"
 1929      69727475 
 1929      616C5F74 
 1929      696D6572 
 1929      00
 1930              	.LASF98:
 1931 0494 63685F73 		.ascii	"ch_semaphore\000"
 1931      656D6170 
 1931      686F7265 
 1931      00
 1932              	.LASF42:
 1933 04a1 705F6570 		.ascii	"p_epending\000"
 1933      656E6469 
 1933      6E6700
 1934              	.LASF15:
 1935 04ac 75696E74 		.ascii	"uint32_t\000"
 1935      33325F74 
 1935      00
 1936              	.LASF96:
 1937 04b5 77746D74 		.ascii	"wtmtxp\000"
 1937      787000
 1938              	.LASF54:
 1939 04bc 725F7175 		.ascii	"r_queue\000"
 1939      65756500 
 1940              	.LASF65:
 1941 04c4 76745F64 		.ascii	"vt_delta\000"
 1941      656C7461 
 1941      00
 1942              	.LASF49:
 1943 04cd 63685F74 		.ascii	"ch_threads_list\000"
 1943      68726561 
ARM GAS  /tmp/cclj3FIe.s 			page 39


 1943      64735F6C 
 1943      69737400 
 1944              	.LASF9:
 1945 04dd 6C6F6E67 		.ascii	"long unsigned int\000"
 1945      20756E73 
 1945      69676E65 
 1945      6420696E 
 1945      7400
 1946              	.LASF105:
 1947 04ef 63686172 		.ascii	"char\000"
 1947      00
 1948              	.LASF111:
 1949 04f4 706F7274 		.ascii	"port_unlock_from_isr\000"
 1949      5F756E6C 
 1949      6F636B5F 
 1949      66726F6D 
 1949      5F697372 
 1950              	.LASF27:
 1951 0509 74687265 		.ascii	"thread_t\000"
 1951      61645F74 
 1951      00
 1952              	.LASF104:
 1953 0512 6D5F6E65 		.ascii	"m_next\000"
 1953      787400
 1954              	.LASF26:
 1955 0519 73797374 		.ascii	"systime_t\000"
 1955      696D655F 
 1955      7400
 1956              	.LASF44:
 1957 0523 705F7265 		.ascii	"p_realprio\000"
 1957      616C7072 
 1957      696F00
 1958              	.LASF60:
 1959 052e 76746675 		.ascii	"vtfunc_t\000"
 1959      6E635F74 
 1959      00
 1960              	.LASF8:
 1961 0537 5F5F7569 		.ascii	"__uint32_t\000"
 1961      6E743332 
 1961      5F7400
 1962              	.LASF123:
 1963 0542 5F5F7365 		.ascii	"__set_BASEPRI\000"
 1963      745F4241 
 1963      53455052 
 1963      4900
 1964              	.LASF73:
 1965 0550 70616E69 		.ascii	"panic_msg\000"
 1965      635F6D73 
 1965      6700
 1966              	.LASF89:
 1967 055a 6F666673 		.ascii	"offset\000"
 1967      657400
 1968              	.LASF87:
 1969 0561 636F6E74 		.ascii	"context\000"
 1969      65787400 
 1970              	.LASF117:
 1971 0569 53797354 		.ascii	"SysTick_Handler\000"
ARM GAS  /tmp/cclj3FIe.s 			page 40


 1971      69636B5F 
 1971      48616E64 
 1971      6C657200 
 1972              	.LASF17:
 1973 0579 7274636E 		.ascii	"rtcnt_t\000"
 1973      745F7400 
 1974              	.LASF110:
 1975 0581 706F7274 		.ascii	"port_lock_from_isr\000"
 1975      5F6C6F63 
 1975      6B5F6672 
 1975      6F6D5F69 
 1975      737200
 1976              	.LASF81:
 1977 0594 4354524C 		.ascii	"CTRL\000"
 1977      00
 1978              	.LASF67:
 1979 0599 76745F70 		.ascii	"vt_par\000"
 1979      617200
 1980              	.LASF50:
 1981 05a0 74687265 		.ascii	"threads_queue_t\000"
 1981      6164735F 
 1981      71756575 
 1981      655F7400 
 1982              	.LASF101:
 1983 05b0 63685F6D 		.ascii	"ch_mutex\000"
 1983      75746578 
 1983      00
 1984              	.LASF37:
 1985 05b9 705F7265 		.ascii	"p_refs\000"
 1985      667300
 1986              	.LASF121:
 1987 05c0 2E2E2F2E 		.ascii	"../../ChibiOS/os/hal/ports/STM32/LLD/TIMv1/st_lld.c"
 1987      2E2F4368 
 1987      6962694F 
 1987      532F6F73 
 1987      2F68616C 
 1988 05f3 00       		.ascii	"\000"
 1989              	.LASF76:
 1990 05f4 726C6973 		.ascii	"rlist\000"
 1990      7400
 1991              	.LASF13:
 1992 05fa 75696E74 		.ascii	"uint8_t\000"
 1992      385F7400 
 1993              	.LASF112:
 1994 0602 63685379 		.ascii	"chSysLockFromISR\000"
 1994      734C6F63 
 1994      6B46726F 
 1994      6D495352 
 1994      00
 1995              	.LASF34:
 1996 0613 705F6E61 		.ascii	"p_name\000"
 1996      6D6500
 1997              	.LASF70:
 1998 061a 76745F73 		.ascii	"vt_systime\000"
 1998      79737469 
 1998      6D6500
 1999              	.LASF41:
ARM GAS  /tmp/cclj3FIe.s 			page 41


 2000 0625 705F6D73 		.ascii	"p_msg\000"
 2000      6700
 2001              	.LASF103:
 2002 062b 6D5F6F77 		.ascii	"m_owner\000"
 2002      6E657200 
 2003              	.LASF31:
 2004 0633 705F6374 		.ascii	"p_ctx\000"
 2004      7800
 2005              	.LASF66:
 2006 0639 76745F66 		.ascii	"vt_func\000"
 2006      756E6300 
 2007              		.ident	"GCC: (GNU Tools for ARM Embedded Processors) 4.8.4 20140526 (release) [ARM/embedded-4_8-br
ARM GAS  /tmp/cclj3FIe.s 			page 42


DEFINED SYMBOLS
                            *ABS*:00000000 st_lld.c
     /tmp/cclj3FIe.s:18     .text:00000000 $t
     /tmp/cclj3FIe.s:23     .text:00000000 port_lock
     /tmp/cclj3FIe.s:58     .text:00000010 port_unlock
     /tmp/cclj3FIe.s:91     .text:00000020 port_lock_from_isr
     /tmp/cclj3FIe.s:113    .text:00000030 port_unlock_from_isr
     /tmp/cclj3FIe.s:135    .text:00000040 chSysLockFromISR
     /tmp/cclj3FIe.s:158    .text:00000050 chSysUnlockFromISR
     /tmp/cclj3FIe.s:180    .text:00000060 osalSysLockFromISR
     /tmp/cclj3FIe.s:203    .text:00000070 osalSysUnlockFromISR
     /tmp/cclj3FIe.s:225    .text:00000080 osalOsTimerHandlerI
     /tmp/cclj3FIe.s:248    .text:00000090 SysTick_Handler
     /tmp/cclj3FIe.s:278    .text:000000b0 st_lld_init
     /tmp/cclj3FIe.s:309    .text:000000d0 $d
                     .debug_frame:00000010 $d
     /tmp/cclj3FIe.s:324    .text:000000d4 $t

UNDEFINED SYMBOLS
chSysTimerHandlerI
_port_irq_epilogue
nvicSetSystemHandlerPriority
