ARM GAS  /tmp/ccseaKMG.s 			page 1


   1              		.syntax unified
   2              		.cpu cortex-m4
   3              		.fpu softvfp
   4              		.eabi_attribute 20, 1
   5              		.eabi_attribute 21, 1
   6              		.eabi_attribute 23, 3
   7              		.eabi_attribute 24, 1
   8              		.eabi_attribute 25, 1
   9              		.eabi_attribute 26, 1
  10              		.eabi_attribute 30, 6
  11              		.eabi_attribute 34, 1
  12              		.eabi_attribute 18, 4
  13              		.thumb
  14              		.file	"vectors.c"
  15              		.text
  16              	.Ltext0:
  17              		.cfi_sections	.debug_frame
  18              		.align	2
  19              		.p2align 4,,15
  20              		.global	_unhandled_exception
  21              		.thumb
  22              		.thumb_func
  23              		.type	_unhandled_exception, %function
  24              	_unhandled_exception:
  25              	.LFB123:
  26              		.file 1 "../../ChibiOS/os/common/ports/ARMCMx/compilers/GCC/vectors.c"
  27              		.loc 1 46 0
  28              		.cfi_startproc
  29              		@ args = 0, pretend = 0, frame = 0
  30              		@ frame_needed = 0, uses_anonymous_args = 0
  31              		@ link register save eliminated.
  32              	.L2:
  33              		.loc 1 50 0 discriminator 1
  34 0000 FEE7     		b	.L2
  35              		.cfi_endproc
  36              	.LFE123:
  37              		.size	_unhandled_exception, .-_unhandled_exception
  38              		.weak	NMI_Handler
  39              		.thumb_set NMI_Handler,_unhandled_exception
  40              		.weak	HardFault_Handler
  41              		.thumb_set HardFault_Handler,_unhandled_exception
  42              		.weak	MemManage_Handler
  43              		.thumb_set MemManage_Handler,_unhandled_exception
  44              		.weak	BusFault_Handler
  45              		.thumb_set BusFault_Handler,_unhandled_exception
  46              		.weak	UsageFault_Handler
  47              		.thumb_set UsageFault_Handler,_unhandled_exception
  48              		.weak	Vector1C
  49              		.thumb_set Vector1C,_unhandled_exception
  50              		.weak	Vector20
  51              		.thumb_set Vector20,_unhandled_exception
  52              		.weak	Vector24
  53              		.thumb_set Vector24,_unhandled_exception
  54              		.weak	Vector28
  55              		.thumb_set Vector28,_unhandled_exception
  56              		.weak	SVC_Handler
  57              		.thumb_set SVC_Handler,_unhandled_exception
ARM GAS  /tmp/ccseaKMG.s 			page 2


  58              		.weak	DebugMon_Handler
  59              		.thumb_set DebugMon_Handler,_unhandled_exception
  60              		.weak	Vector34
  61              		.thumb_set Vector34,_unhandled_exception
  62              		.weak	PendSV_Handler
  63              		.thumb_set PendSV_Handler,_unhandled_exception
  64              		.weak	SysTick_Handler
  65              		.thumb_set SysTick_Handler,_unhandled_exception
  66              		.weak	Vector40
  67              		.thumb_set Vector40,_unhandled_exception
  68              		.weak	Vector44
  69              		.thumb_set Vector44,_unhandled_exception
  70              		.weak	Vector48
  71              		.thumb_set Vector48,_unhandled_exception
  72              		.weak	Vector4C
  73              		.thumb_set Vector4C,_unhandled_exception
  74              		.weak	Vector50
  75              		.thumb_set Vector50,_unhandled_exception
  76              		.weak	Vector54
  77              		.thumb_set Vector54,_unhandled_exception
  78              		.weak	Vector58
  79              		.thumb_set Vector58,_unhandled_exception
  80              		.weak	Vector5C
  81              		.thumb_set Vector5C,_unhandled_exception
  82              		.weak	Vector60
  83              		.thumb_set Vector60,_unhandled_exception
  84              		.weak	Vector64
  85              		.thumb_set Vector64,_unhandled_exception
  86              		.weak	Vector68
  87              		.thumb_set Vector68,_unhandled_exception
  88              		.weak	Vector6C
  89              		.thumb_set Vector6C,_unhandled_exception
  90              		.weak	Vector70
  91              		.thumb_set Vector70,_unhandled_exception
  92              		.weak	Vector74
  93              		.thumb_set Vector74,_unhandled_exception
  94              		.weak	Vector78
  95              		.thumb_set Vector78,_unhandled_exception
  96              		.weak	Vector7C
  97              		.thumb_set Vector7C,_unhandled_exception
  98              		.weak	Vector80
  99              		.thumb_set Vector80,_unhandled_exception
 100              		.weak	Vector84
 101              		.thumb_set Vector84,_unhandled_exception
 102              		.weak	Vector88
 103              		.thumb_set Vector88,_unhandled_exception
 104              		.weak	Vector8C
 105              		.thumb_set Vector8C,_unhandled_exception
 106              		.weak	Vector90
 107              		.thumb_set Vector90,_unhandled_exception
 108              		.weak	Vector94
 109              		.thumb_set Vector94,_unhandled_exception
 110              		.weak	Vector98
 111              		.thumb_set Vector98,_unhandled_exception
 112              		.weak	Vector9C
 113              		.thumb_set Vector9C,_unhandled_exception
 114              		.weak	VectorA0
ARM GAS  /tmp/ccseaKMG.s 			page 3


 115              		.thumb_set VectorA0,_unhandled_exception
 116              		.weak	VectorA4
 117              		.thumb_set VectorA4,_unhandled_exception
 118              		.weak	VectorA8
 119              		.thumb_set VectorA8,_unhandled_exception
 120              		.weak	VectorAC
 121              		.thumb_set VectorAC,_unhandled_exception
 122              		.weak	VectorB0
 123              		.thumb_set VectorB0,_unhandled_exception
 124              		.weak	VectorB4
 125              		.thumb_set VectorB4,_unhandled_exception
 126              		.weak	VectorB8
 127              		.thumb_set VectorB8,_unhandled_exception
 128              		.weak	VectorBC
 129              		.thumb_set VectorBC,_unhandled_exception
 130              		.weak	VectorC0
 131              		.thumb_set VectorC0,_unhandled_exception
 132              		.weak	VectorC4
 133              		.thumb_set VectorC4,_unhandled_exception
 134              		.weak	VectorC8
 135              		.thumb_set VectorC8,_unhandled_exception
 136              		.weak	VectorCC
 137              		.thumb_set VectorCC,_unhandled_exception
 138              		.weak	VectorD0
 139              		.thumb_set VectorD0,_unhandled_exception
 140              		.weak	VectorD4
 141              		.thumb_set VectorD4,_unhandled_exception
 142              		.weak	VectorD8
 143              		.thumb_set VectorD8,_unhandled_exception
 144              		.weak	VectorDC
 145              		.thumb_set VectorDC,_unhandled_exception
 146              		.weak	VectorE0
 147              		.thumb_set VectorE0,_unhandled_exception
 148              		.weak	VectorE4
 149              		.thumb_set VectorE4,_unhandled_exception
 150              		.weak	VectorE8
 151              		.thumb_set VectorE8,_unhandled_exception
 152              		.weak	VectorEC
 153              		.thumb_set VectorEC,_unhandled_exception
 154              		.weak	VectorF0
 155              		.thumb_set VectorF0,_unhandled_exception
 156              		.weak	VectorF4
 157              		.thumb_set VectorF4,_unhandled_exception
 158              		.weak	VectorF8
 159              		.thumb_set VectorF8,_unhandled_exception
 160              		.weak	VectorFC
 161              		.thumb_set VectorFC,_unhandled_exception
 162              		.weak	Vector100
 163              		.thumb_set Vector100,_unhandled_exception
 164              		.weak	Vector104
 165              		.thumb_set Vector104,_unhandled_exception
 166              		.weak	Vector108
 167              		.thumb_set Vector108,_unhandled_exception
 168              		.weak	Vector10C
 169              		.thumb_set Vector10C,_unhandled_exception
 170              		.weak	Vector110
 171              		.thumb_set Vector110,_unhandled_exception
ARM GAS  /tmp/ccseaKMG.s 			page 4


 172              		.weak	Vector114
 173              		.thumb_set Vector114,_unhandled_exception
 174              		.weak	Vector118
 175              		.thumb_set Vector118,_unhandled_exception
 176              		.weak	Vector11C
 177              		.thumb_set Vector11C,_unhandled_exception
 178              		.weak	Vector120
 179              		.thumb_set Vector120,_unhandled_exception
 180              		.weak	Vector124
 181              		.thumb_set Vector124,_unhandled_exception
 182              		.weak	Vector128
 183              		.thumb_set Vector128,_unhandled_exception
 184              		.weak	Vector12C
 185              		.thumb_set Vector12C,_unhandled_exception
 186              		.weak	Vector130
 187              		.thumb_set Vector130,_unhandled_exception
 188              		.weak	Vector134
 189              		.thumb_set Vector134,_unhandled_exception
 190              		.weak	Vector138
 191              		.thumb_set Vector138,_unhandled_exception
 192              		.weak	Vector13C
 193              		.thumb_set Vector13C,_unhandled_exception
 194              		.weak	Vector140
 195              		.thumb_set Vector140,_unhandled_exception
 196              		.weak	Vector144
 197              		.thumb_set Vector144,_unhandled_exception
 198              		.weak	Vector148
 199              		.thumb_set Vector148,_unhandled_exception
 200              		.weak	Vector14C
 201              		.thumb_set Vector14C,_unhandled_exception
 202              		.weak	Vector150
 203              		.thumb_set Vector150,_unhandled_exception
 204              		.weak	Vector154
 205              		.thumb_set Vector154,_unhandled_exception
 206              		.weak	Vector158
 207              		.thumb_set Vector158,_unhandled_exception
 208              		.weak	Vector15C
 209              		.thumb_set Vector15C,_unhandled_exception
 210              		.weak	Vector160
 211              		.thumb_set Vector160,_unhandled_exception
 212              		.weak	Vector164
 213              		.thumb_set Vector164,_unhandled_exception
 214              		.weak	Vector168
 215              		.thumb_set Vector168,_unhandled_exception
 216              		.weak	Vector16C
 217              		.thumb_set Vector16C,_unhandled_exception
 218              		.weak	Vector170
 219              		.thumb_set Vector170,_unhandled_exception
 220              		.weak	Vector174
 221              		.thumb_set Vector174,_unhandled_exception
 222              		.weak	Vector178
 223              		.thumb_set Vector178,_unhandled_exception
 224              		.weak	Vector17C
 225              		.thumb_set Vector17C,_unhandled_exception
 226              		.weak	Vector180
 227              		.thumb_set Vector180,_unhandled_exception
 228              		.weak	Vector184
ARM GAS  /tmp/ccseaKMG.s 			page 5


 229              		.thumb_set Vector184,_unhandled_exception
 230              		.weak	Vector188
 231              		.thumb_set Vector188,_unhandled_exception
 232              		.weak	Vector18C
 233              		.thumb_set Vector18C,_unhandled_exception
 234              		.weak	Vector190
 235              		.thumb_set Vector190,_unhandled_exception
 236              		.weak	Vector194
 237              		.thumb_set Vector194,_unhandled_exception
 238              		.weak	Vector198
 239              		.thumb_set Vector198,_unhandled_exception
 240              		.weak	Vector19C
 241              		.thumb_set Vector19C,_unhandled_exception
 242              		.global	_vectors
 243              		.section	.vectors,"aw",%progbits
 244              		.align	7
 245              		.type	_vectors, %object
 246              		.size	_vectors, 416
 247              	_vectors:
 248 0000 00000000 		.word	__main_stack_end__
 249 0004 00000000 		.word	Reset_Handler
 250 0008 00000000 		.word	NMI_Handler
 251 000c 00000000 		.word	HardFault_Handler
 252 0010 00000000 		.word	MemManage_Handler
 253 0014 00000000 		.word	BusFault_Handler
 254 0018 00000000 		.word	UsageFault_Handler
 255 001c 00000000 		.word	Vector1C
 256 0020 00000000 		.word	Vector20
 257 0024 00000000 		.word	Vector24
 258 0028 00000000 		.word	Vector28
 259 002c 00000000 		.word	SVC_Handler
 260 0030 00000000 		.word	DebugMon_Handler
 261 0034 00000000 		.word	Vector34
 262 0038 00000000 		.word	PendSV_Handler
 263 003c 00000000 		.word	SysTick_Handler
 264 0040 00000000 		.word	Vector40
 265 0044 00000000 		.word	Vector44
 266 0048 00000000 		.word	Vector48
 267 004c 00000000 		.word	Vector4C
 268 0050 00000000 		.word	Vector50
 269 0054 00000000 		.word	Vector54
 270 0058 00000000 		.word	Vector58
 271 005c 00000000 		.word	Vector5C
 272 0060 00000000 		.word	Vector60
 273 0064 00000000 		.word	Vector64
 274 0068 00000000 		.word	Vector68
 275 006c 00000000 		.word	Vector6C
 276 0070 00000000 		.word	Vector70
 277 0074 00000000 		.word	Vector74
 278 0078 00000000 		.word	Vector78
 279 007c 00000000 		.word	Vector7C
 280 0080 00000000 		.word	Vector80
 281 0084 00000000 		.word	Vector84
 282 0088 00000000 		.word	Vector88
 283 008c 00000000 		.word	Vector8C
 284 0090 00000000 		.word	Vector90
 285 0094 00000000 		.word	Vector94
ARM GAS  /tmp/ccseaKMG.s 			page 6


 286 0098 00000000 		.word	Vector98
 287 009c 00000000 		.word	Vector9C
 288 00a0 00000000 		.word	VectorA0
 289 00a4 00000000 		.word	VectorA4
 290 00a8 00000000 		.word	VectorA8
 291 00ac 00000000 		.word	VectorAC
 292 00b0 00000000 		.word	VectorB0
 293 00b4 00000000 		.word	VectorB4
 294 00b8 00000000 		.word	VectorB8
 295 00bc 00000000 		.word	VectorBC
 296 00c0 00000000 		.word	VectorC0
 297 00c4 00000000 		.word	VectorC4
 298 00c8 00000000 		.word	VectorC8
 299 00cc 00000000 		.word	VectorCC
 300 00d0 00000000 		.word	VectorD0
 301 00d4 00000000 		.word	VectorD4
 302 00d8 00000000 		.word	VectorD8
 303 00dc 00000000 		.word	VectorDC
 304 00e0 00000000 		.word	VectorE0
 305 00e4 00000000 		.word	VectorE4
 306 00e8 00000000 		.word	VectorE8
 307 00ec 00000000 		.word	VectorEC
 308 00f0 00000000 		.word	VectorF0
 309 00f4 00000000 		.word	VectorF4
 310 00f8 00000000 		.word	VectorF8
 311 00fc 00000000 		.word	VectorFC
 312 0100 00000000 		.word	Vector100
 313 0104 00000000 		.word	Vector104
 314 0108 00000000 		.word	Vector108
 315 010c 00000000 		.word	Vector10C
 316 0110 00000000 		.word	Vector110
 317 0114 00000000 		.word	Vector114
 318 0118 00000000 		.word	Vector118
 319 011c 00000000 		.word	Vector11C
 320 0120 00000000 		.word	Vector120
 321 0124 00000000 		.word	Vector124
 322 0128 00000000 		.word	Vector128
 323 012c 00000000 		.word	Vector12C
 324 0130 00000000 		.word	Vector130
 325 0134 00000000 		.word	Vector134
 326 0138 00000000 		.word	Vector138
 327 013c 00000000 		.word	Vector13C
 328 0140 00000000 		.word	Vector140
 329 0144 00000000 		.word	Vector144
 330 0148 00000000 		.word	Vector148
 331 014c 00000000 		.word	Vector14C
 332 0150 00000000 		.word	Vector150
 333 0154 00000000 		.word	Vector154
 334 0158 00000000 		.word	Vector158
 335 015c 00000000 		.word	Vector15C
 336 0160 00000000 		.word	Vector160
 337 0164 00000000 		.word	Vector164
 338 0168 00000000 		.word	Vector168
 339 016c 00000000 		.word	Vector16C
 340 0170 00000000 		.word	Vector170
 341 0174 00000000 		.word	Vector174
 342 0178 00000000 		.word	Vector178
ARM GAS  /tmp/ccseaKMG.s 			page 7


 343 017c 00000000 		.word	Vector17C
 344 0180 00000000 		.word	Vector180
 345 0184 00000000 		.word	Vector184
 346 0188 00000000 		.word	Vector188
 347 018c 00000000 		.word	Vector18C
 348 0190 00000000 		.word	Vector190
 349 0194 00000000 		.word	Vector194
 350 0198 00000000 		.word	Vector198
 351 019c 00000000 		.word	Vector19C
 352 01a0 00000000 		.text
 352      00000000 
 352      00000000 
 352      00000000 
 352      00000000 
 353              	.Letext0:
 354              		.file 2 "/nfs/nfs5/home/research/hardware/arm2/gcc-arm-embedded/gcc-arm-none-eabi-4_8-2014q2/arm-n
 355              		.file 3 "/nfs/nfs5/home/research/hardware/arm2/gcc-arm-embedded/gcc-arm-none-eabi-4_8-2014q2/arm-n
 356              		.file 4 "../../ChibiOS/os/common/ports/ARMCMx/compilers/GCC/vectors.h"
 357              		.file 5 "../../ChibiOS/os/ext/CMSIS/include/core_cm4.h"
 358 0002 00BFAFF3 		.section	.debug_info,"",%progbits
 358      0080AFF3 
 358      0080AFF3 
 358      0080
 359              	.Ldebug_info0:
 360 0000 E3010000 		.4byte	0x1e3
 361 0004 0400     		.2byte	0x4
 362 0006 00000000 		.4byte	.Ldebug_abbrev0
 363 000a 04       		.byte	0x4
 364 000b 01       		.uleb128 0x1
 365 000c 1B000000 		.4byte	.LASF36
 366 0010 01       		.byte	0x1
 367 0011 C5000000 		.4byte	.LASF37
 368 0015 DA010000 		.4byte	.LASF38
 369 0019 00000000 		.4byte	.Ltext0
 370 001d 02000000 		.4byte	.Letext0-.Ltext0
 371 0021 00000000 		.4byte	.Ldebug_line0
 372 0025 02       		.uleb128 0x2
 373 0026 01       		.byte	0x1
 374 0027 06       		.byte	0x6
 375 0028 EF020000 		.4byte	.LASF0
 376 002c 02       		.uleb128 0x2
 377 002d 01       		.byte	0x1
 378 002e 08       		.byte	0x8
 379 002f 5F010000 		.4byte	.LASF1
 380 0033 02       		.uleb128 0x2
 381 0034 02       		.byte	0x2
 382 0035 05       		.byte	0x5
 383 0036 C1020000 		.4byte	.LASF2
 384 003a 02       		.uleb128 0x2
 385 003b 02       		.byte	0x2
 386 003c 07       		.byte	0x7
 387 003d 15010000 		.4byte	.LASF3
 388 0041 03       		.uleb128 0x3
 389 0042 02010000 		.4byte	.LASF5
 390 0046 02       		.byte	0x2
 391 0047 37       		.byte	0x37
 392 0048 4C000000 		.4byte	0x4c
ARM GAS  /tmp/ccseaKMG.s 			page 8


 393 004c 02       		.uleb128 0x2
 394 004d 04       		.byte	0x4
 395 004e 05       		.byte	0x5
 396 004f D4020000 		.4byte	.LASF4
 397 0053 03       		.uleb128 0x3
 398 0054 C3010000 		.4byte	.LASF6
 399 0058 02       		.byte	0x2
 400 0059 38       		.byte	0x38
 401 005a 5E000000 		.4byte	0x5e
 402 005e 02       		.uleb128 0x2
 403 005f 04       		.byte	0x4
 404 0060 07       		.byte	0x7
 405 0061 7D010000 		.4byte	.LASF7
 406 0065 02       		.uleb128 0x2
 407 0066 08       		.byte	0x8
 408 0067 05       		.byte	0x5
 409 0068 00000000 		.4byte	.LASF8
 410 006c 02       		.uleb128 0x2
 411 006d 08       		.byte	0x8
 412 006e 07       		.byte	0x7
 413 006f 37020000 		.4byte	.LASF9
 414 0073 04       		.uleb128 0x4
 415 0074 04       		.byte	0x4
 416 0075 05       		.byte	0x5
 417 0076 696E7400 		.ascii	"int\000"
 418 007a 02       		.uleb128 0x2
 419 007b 04       		.byte	0x4
 420 007c 07       		.byte	0x7
 421 007d 21020000 		.4byte	.LASF10
 422 0081 03       		.uleb128 0x3
 423 0082 60020000 		.4byte	.LASF11
 424 0086 03       		.byte	0x3
 425 0087 41       		.byte	0x41
 426 0088 41000000 		.4byte	0x41
 427 008c 03       		.uleb128 0x3
 428 008d CB020000 		.4byte	.LASF12
 429 0091 03       		.byte	0x3
 430 0092 42       		.byte	0x42
 431 0093 53000000 		.4byte	0x53
 432 0097 02       		.uleb128 0x2
 433 0098 04       		.byte	0x4
 434 0099 07       		.byte	0x7
 435 009a 68020000 		.4byte	.LASF13
 436 009e 03       		.uleb128 0x3
 437 009f 0E000000 		.4byte	.LASF14
 438 00a3 04       		.byte	0x4
 439 00a4 3C       		.byte	0x3c
 440 00a5 A9000000 		.4byte	0xa9
 441 00a9 05       		.uleb128 0x5
 442 00aa 04       		.byte	0x4
 443 00ab AF000000 		.4byte	0xaf
 444 00af 06       		.uleb128 0x6
 445 00b0 07       		.uleb128 0x7
 446 00b1 A001     		.2byte	0x1a0
 447 00b3 04       		.byte	0x4
 448 00b4 41       		.byte	0x41
 449 00b5 86010000 		.4byte	0x186
ARM GAS  /tmp/ccseaKMG.s 			page 9


 450 00b9 08       		.uleb128 0x8
 451 00ba 3F010000 		.4byte	.LASF15
 452 00be 04       		.byte	0x4
 453 00bf 42       		.byte	0x42
 454 00c0 86010000 		.4byte	0x186
 455 00c4 00       		.byte	0
 456 00c5 08       		.uleb128 0x8
 457 00c6 31010000 		.4byte	.LASF16
 458 00ca 04       		.byte	0x4
 459 00cb 43       		.byte	0x43
 460 00cc 9E000000 		.4byte	0x9e
 461 00d0 04       		.byte	0x4
 462 00d1 08       		.uleb128 0x8
 463 00d2 CE010000 		.4byte	.LASF17
 464 00d6 04       		.byte	0x4
 465 00d7 44       		.byte	0x44
 466 00d8 9E000000 		.4byte	0x9e
 467 00dc 08       		.byte	0x8
 468 00dd 08       		.uleb128 0x8
 469 00de B1010000 		.4byte	.LASF18
 470 00e2 04       		.byte	0x4
 471 00e3 45       		.byte	0x45
 472 00e4 9E000000 		.4byte	0x9e
 473 00e8 0C       		.byte	0xc
 474 00e9 08       		.uleb128 0x8
 475 00ea DD020000 		.4byte	.LASF19
 476 00ee 04       		.byte	0x4
 477 00ef 46       		.byte	0x46
 478 00f0 9E000000 		.4byte	0x9e
 479 00f4 10       		.byte	0x10
 480 00f5 08       		.uleb128 0x8
 481 00f6 93020000 		.4byte	.LASF20
 482 00fa 04       		.byte	0x4
 483 00fb 47       		.byte	0x47
 484 00fc 9E000000 		.4byte	0x9e
 485 0100 14       		.byte	0x14
 486 0101 08       		.uleb128 0x8
 487 0102 71020000 		.4byte	.LASF21
 488 0106 04       		.byte	0x4
 489 0107 48       		.byte	0x48
 490 0108 9E000000 		.4byte	0x9e
 491 010c 18       		.byte	0x18
 492 010d 08       		.uleb128 0x8
 493 010e A8010000 		.4byte	.LASF22
 494 0112 04       		.byte	0x4
 495 0113 49       		.byte	0x49
 496 0114 9E000000 		.4byte	0x9e
 497 0118 1C       		.byte	0x1c
 498 0119 08       		.uleb128 0x8
 499 011a 2E020000 		.4byte	.LASF23
 500 011e 04       		.byte	0x4
 501 011f 4A       		.byte	0x4a
 502 0120 9E000000 		.4byte	0x9e
 503 0124 20       		.byte	0x20
 504 0125 08       		.uleb128 0x8
 505 0126 4E020000 		.4byte	.LASF24
 506 012a 04       		.byte	0x4
ARM GAS  /tmp/ccseaKMG.s 			page 10


 507 012b 4B       		.byte	0x4b
 508 012c 9E000000 		.4byte	0x9e
 509 0130 24       		.byte	0x24
 510 0131 08       		.uleb128 0x8
 511 0132 57020000 		.4byte	.LASF25
 512 0136 04       		.byte	0x4
 513 0137 4C       		.byte	0x4c
 514 0138 9E000000 		.4byte	0x9e
 515 013c 28       		.byte	0x28
 516 013d 08       		.uleb128 0x8
 517 013e 8F010000 		.4byte	.LASF26
 518 0142 04       		.byte	0x4
 519 0143 4D       		.byte	0x4d
 520 0144 9E000000 		.4byte	0x9e
 521 0148 2C       		.byte	0x2c
 522 0149 08       		.uleb128 0x8
 523 014a 4A010000 		.4byte	.LASF27
 524 014e 04       		.byte	0x4
 525 014f 4E       		.byte	0x4e
 526 0150 9E000000 		.4byte	0x9e
 527 0154 30       		.byte	0x30
 528 0155 08       		.uleb128 0x8
 529 0156 0C010000 		.4byte	.LASF28
 530 015a 04       		.byte	0x4
 531 015b 4F       		.byte	0x4f
 532 015c 9E000000 		.4byte	0x9e
 533 0160 34       		.byte	0x34
 534 0161 08       		.uleb128 0x8
 535 0162 84020000 		.4byte	.LASF29
 536 0166 04       		.byte	0x4
 537 0167 50       		.byte	0x50
 538 0168 9E000000 		.4byte	0x9e
 539 016c 38       		.byte	0x38
 540 016d 08       		.uleb128 0x8
 541 016e 6D010000 		.4byte	.LASF30
 542 0172 04       		.byte	0x4
 543 0173 51       		.byte	0x51
 544 0174 9E000000 		.4byte	0x9e
 545 0178 3C       		.byte	0x3c
 546 0179 08       		.uleb128 0x8
 547 017a B9020000 		.4byte	.LASF31
 548 017e 04       		.byte	0x4
 549 017f 52       		.byte	0x52
 550 0180 8C010000 		.4byte	0x18c
 551 0184 40       		.byte	0x40
 552 0185 00       		.byte	0
 553 0186 05       		.uleb128 0x5
 554 0187 04       		.byte	0x4
 555 0188 8C000000 		.4byte	0x8c
 556 018c 09       		.uleb128 0x9
 557 018d 9E000000 		.4byte	0x9e
 558 0191 9C010000 		.4byte	0x19c
 559 0195 0A       		.uleb128 0xa
 560 0196 97000000 		.4byte	0x97
 561 019a 57       		.byte	0x57
 562 019b 00       		.byte	0
 563 019c 03       		.uleb128 0x3
ARM GAS  /tmp/ccseaKMG.s 			page 11


 564 019d FB020000 		.4byte	.LASF32
 565 01a1 04       		.byte	0x4
 566 01a2 53       		.byte	0x53
 567 01a3 B0000000 		.4byte	0xb0
 568 01a7 0B       		.uleb128 0xb
 569 01a8 A4020000 		.4byte	.LASF39
 570 01ac 01       		.byte	0x1
 571 01ad 2E       		.byte	0x2e
 572 01ae 00000000 		.4byte	.LFB123
 573 01b2 02000000 		.4byte	.LFE123-.LFB123
 574 01b6 01       		.uleb128 0x1
 575 01b7 9C       		.byte	0x9c
 576 01b8 0C       		.uleb128 0xc
 577 01b9 9B010000 		.4byte	.LASF33
 578 01bd 05       		.byte	0x5
 579 01be FA06     		.2byte	0x6fa
 580 01c0 C4010000 		.4byte	0x1c4
 581 01c4 0D       		.uleb128 0xd
 582 01c5 81000000 		.4byte	0x81
 583 01c9 0E       		.uleb128 0xe
 584 01ca 28010000 		.4byte	.LASF34
 585 01ce 01       		.byte	0x1
 586 01cf B901     		.2byte	0x1b9
 587 01d1 9C010000 		.4byte	0x19c
 588 01d5 05       		.uleb128 0x5
 589 01d6 03       		.byte	0x3
 590 01d7 00000000 		.4byte	_vectors
 591 01db 0F       		.uleb128 0xf
 592 01dc 05030000 		.4byte	.LASF35
 593 01e0 01       		.byte	0x1
 594 01e1 36       		.byte	0x36
 595 01e2 8C000000 		.4byte	0x8c
 596 01e6 00       		.byte	0
 597              		.section	.debug_abbrev,"",%progbits
 598              	.Ldebug_abbrev0:
 599 0000 01       		.uleb128 0x1
 600 0001 11       		.uleb128 0x11
 601 0002 01       		.byte	0x1
 602 0003 25       		.uleb128 0x25
 603 0004 0E       		.uleb128 0xe
 604 0005 13       		.uleb128 0x13
 605 0006 0B       		.uleb128 0xb
 606 0007 03       		.uleb128 0x3
 607 0008 0E       		.uleb128 0xe
 608 0009 1B       		.uleb128 0x1b
 609 000a 0E       		.uleb128 0xe
 610 000b 11       		.uleb128 0x11
 611 000c 01       		.uleb128 0x1
 612 000d 12       		.uleb128 0x12
 613 000e 06       		.uleb128 0x6
 614 000f 10       		.uleb128 0x10
 615 0010 17       		.uleb128 0x17
 616 0011 00       		.byte	0
 617 0012 00       		.byte	0
 618 0013 02       		.uleb128 0x2
 619 0014 24       		.uleb128 0x24
 620 0015 00       		.byte	0
ARM GAS  /tmp/ccseaKMG.s 			page 12


 621 0016 0B       		.uleb128 0xb
 622 0017 0B       		.uleb128 0xb
 623 0018 3E       		.uleb128 0x3e
 624 0019 0B       		.uleb128 0xb
 625 001a 03       		.uleb128 0x3
 626 001b 0E       		.uleb128 0xe
 627 001c 00       		.byte	0
 628 001d 00       		.byte	0
 629 001e 03       		.uleb128 0x3
 630 001f 16       		.uleb128 0x16
 631 0020 00       		.byte	0
 632 0021 03       		.uleb128 0x3
 633 0022 0E       		.uleb128 0xe
 634 0023 3A       		.uleb128 0x3a
 635 0024 0B       		.uleb128 0xb
 636 0025 3B       		.uleb128 0x3b
 637 0026 0B       		.uleb128 0xb
 638 0027 49       		.uleb128 0x49
 639 0028 13       		.uleb128 0x13
 640 0029 00       		.byte	0
 641 002a 00       		.byte	0
 642 002b 04       		.uleb128 0x4
 643 002c 24       		.uleb128 0x24
 644 002d 00       		.byte	0
 645 002e 0B       		.uleb128 0xb
 646 002f 0B       		.uleb128 0xb
 647 0030 3E       		.uleb128 0x3e
 648 0031 0B       		.uleb128 0xb
 649 0032 03       		.uleb128 0x3
 650 0033 08       		.uleb128 0x8
 651 0034 00       		.byte	0
 652 0035 00       		.byte	0
 653 0036 05       		.uleb128 0x5
 654 0037 0F       		.uleb128 0xf
 655 0038 00       		.byte	0
 656 0039 0B       		.uleb128 0xb
 657 003a 0B       		.uleb128 0xb
 658 003b 49       		.uleb128 0x49
 659 003c 13       		.uleb128 0x13
 660 003d 00       		.byte	0
 661 003e 00       		.byte	0
 662 003f 06       		.uleb128 0x6
 663 0040 15       		.uleb128 0x15
 664 0041 00       		.byte	0
 665 0042 27       		.uleb128 0x27
 666 0043 19       		.uleb128 0x19
 667 0044 00       		.byte	0
 668 0045 00       		.byte	0
 669 0046 07       		.uleb128 0x7
 670 0047 13       		.uleb128 0x13
 671 0048 01       		.byte	0x1
 672 0049 0B       		.uleb128 0xb
 673 004a 05       		.uleb128 0x5
 674 004b 3A       		.uleb128 0x3a
 675 004c 0B       		.uleb128 0xb
 676 004d 3B       		.uleb128 0x3b
 677 004e 0B       		.uleb128 0xb
ARM GAS  /tmp/ccseaKMG.s 			page 13


 678 004f 01       		.uleb128 0x1
 679 0050 13       		.uleb128 0x13
 680 0051 00       		.byte	0
 681 0052 00       		.byte	0
 682 0053 08       		.uleb128 0x8
 683 0054 0D       		.uleb128 0xd
 684 0055 00       		.byte	0
 685 0056 03       		.uleb128 0x3
 686 0057 0E       		.uleb128 0xe
 687 0058 3A       		.uleb128 0x3a
 688 0059 0B       		.uleb128 0xb
 689 005a 3B       		.uleb128 0x3b
 690 005b 0B       		.uleb128 0xb
 691 005c 49       		.uleb128 0x49
 692 005d 13       		.uleb128 0x13
 693 005e 38       		.uleb128 0x38
 694 005f 0B       		.uleb128 0xb
 695 0060 00       		.byte	0
 696 0061 00       		.byte	0
 697 0062 09       		.uleb128 0x9
 698 0063 01       		.uleb128 0x1
 699 0064 01       		.byte	0x1
 700 0065 49       		.uleb128 0x49
 701 0066 13       		.uleb128 0x13
 702 0067 01       		.uleb128 0x1
 703 0068 13       		.uleb128 0x13
 704 0069 00       		.byte	0
 705 006a 00       		.byte	0
 706 006b 0A       		.uleb128 0xa
 707 006c 21       		.uleb128 0x21
 708 006d 00       		.byte	0
 709 006e 49       		.uleb128 0x49
 710 006f 13       		.uleb128 0x13
 711 0070 2F       		.uleb128 0x2f
 712 0071 0B       		.uleb128 0xb
 713 0072 00       		.byte	0
 714 0073 00       		.byte	0
 715 0074 0B       		.uleb128 0xb
 716 0075 2E       		.uleb128 0x2e
 717 0076 00       		.byte	0
 718 0077 3F       		.uleb128 0x3f
 719 0078 19       		.uleb128 0x19
 720 0079 03       		.uleb128 0x3
 721 007a 0E       		.uleb128 0xe
 722 007b 3A       		.uleb128 0x3a
 723 007c 0B       		.uleb128 0xb
 724 007d 3B       		.uleb128 0x3b
 725 007e 0B       		.uleb128 0xb
 726 007f 27       		.uleb128 0x27
 727 0080 19       		.uleb128 0x19
 728 0081 11       		.uleb128 0x11
 729 0082 01       		.uleb128 0x1
 730 0083 12       		.uleb128 0x12
 731 0084 06       		.uleb128 0x6
 732 0085 40       		.uleb128 0x40
 733 0086 18       		.uleb128 0x18
 734 0087 9742     		.uleb128 0x2117
ARM GAS  /tmp/ccseaKMG.s 			page 14


 735 0089 19       		.uleb128 0x19
 736 008a 00       		.byte	0
 737 008b 00       		.byte	0
 738 008c 0C       		.uleb128 0xc
 739 008d 34       		.uleb128 0x34
 740 008e 00       		.byte	0
 741 008f 03       		.uleb128 0x3
 742 0090 0E       		.uleb128 0xe
 743 0091 3A       		.uleb128 0x3a
 744 0092 0B       		.uleb128 0xb
 745 0093 3B       		.uleb128 0x3b
 746 0094 05       		.uleb128 0x5
 747 0095 49       		.uleb128 0x49
 748 0096 13       		.uleb128 0x13
 749 0097 3F       		.uleb128 0x3f
 750 0098 19       		.uleb128 0x19
 751 0099 3C       		.uleb128 0x3c
 752 009a 19       		.uleb128 0x19
 753 009b 00       		.byte	0
 754 009c 00       		.byte	0
 755 009d 0D       		.uleb128 0xd
 756 009e 35       		.uleb128 0x35
 757 009f 00       		.byte	0
 758 00a0 49       		.uleb128 0x49
 759 00a1 13       		.uleb128 0x13
 760 00a2 00       		.byte	0
 761 00a3 00       		.byte	0
 762 00a4 0E       		.uleb128 0xe
 763 00a5 34       		.uleb128 0x34
 764 00a6 00       		.byte	0
 765 00a7 03       		.uleb128 0x3
 766 00a8 0E       		.uleb128 0xe
 767 00a9 3A       		.uleb128 0x3a
 768 00aa 0B       		.uleb128 0xb
 769 00ab 3B       		.uleb128 0x3b
 770 00ac 05       		.uleb128 0x5
 771 00ad 49       		.uleb128 0x49
 772 00ae 13       		.uleb128 0x13
 773 00af 3F       		.uleb128 0x3f
 774 00b0 19       		.uleb128 0x19
 775 00b1 02       		.uleb128 0x2
 776 00b2 18       		.uleb128 0x18
 777 00b3 00       		.byte	0
 778 00b4 00       		.byte	0
 779 00b5 0F       		.uleb128 0xf
 780 00b6 34       		.uleb128 0x34
 781 00b7 00       		.byte	0
 782 00b8 03       		.uleb128 0x3
 783 00b9 0E       		.uleb128 0xe
 784 00ba 3A       		.uleb128 0x3a
 785 00bb 0B       		.uleb128 0xb
 786 00bc 3B       		.uleb128 0x3b
 787 00bd 0B       		.uleb128 0xb
 788 00be 49       		.uleb128 0x49
 789 00bf 13       		.uleb128 0x13
 790 00c0 3F       		.uleb128 0x3f
 791 00c1 19       		.uleb128 0x19
ARM GAS  /tmp/ccseaKMG.s 			page 15


 792 00c2 3C       		.uleb128 0x3c
 793 00c3 19       		.uleb128 0x19
 794 00c4 00       		.byte	0
 795 00c5 00       		.byte	0
 796 00c6 00       		.byte	0
 797              		.section	.debug_aranges,"",%progbits
 798 0000 1C000000 		.4byte	0x1c
 799 0004 0200     		.2byte	0x2
 800 0006 00000000 		.4byte	.Ldebug_info0
 801 000a 04       		.byte	0x4
 802 000b 00       		.byte	0
 803 000c 0000     		.2byte	0
 804 000e 0000     		.2byte	0
 805 0010 00000000 		.4byte	.Ltext0
 806 0014 02000000 		.4byte	.Letext0-.Ltext0
 807 0018 00000000 		.4byte	0
 808 001c 00000000 		.4byte	0
 809              		.section	.debug_line,"",%progbits
 810              	.Ldebug_line0:
 811 0000 A7010000 		.section	.debug_str,"MS",%progbits,1
 811      02008D01 
 811      00000201 
 811      FB0E0D00 
 811      01010101 
 812              	.LASF8:
 813 0000 6C6F6E67 		.ascii	"long long int\000"
 813      206C6F6E 
 813      6720696E 
 813      7400
 814              	.LASF14:
 815 000e 6972715F 		.ascii	"irq_vector_t\000"
 815      76656374 
 815      6F725F74 
 815      00
 816              	.LASF36:
 817 001b 474E5520 		.ascii	"GNU C 4.8.4 20140526 (release) [ARM/embedded-4_8-br"
 817      4320342E 
 817      382E3420 
 817      32303134 
 817      30353236 
 818 004e 616E6368 		.ascii	"anch revision 211358] -mcpu=cortex-m4 -mno-thumb-in"
 818      20726576 
 818      6973696F 
 818      6E203231 
 818      31333538 
 819 0081 74657277 		.ascii	"terwork -mthumb -ggdb -O0 -fomit-frame-pointer -fal"
 819      6F726B20 
 819      2D6D7468 
 819      756D6220 
 819      2D676764 
 820 00b4 69676E2D 		.ascii	"ign-functions=16\000"
 820      66756E63 
 820      74696F6E 
 820      733D3136 
 820      00
 821              	.LASF37:
 822 00c5 2E2E2F2E 		.ascii	"../../ChibiOS/os/common/ports/ARMCMx/compilers/GCC/"
ARM GAS  /tmp/ccseaKMG.s 			page 16


 822      2E2F4368 
 822      6962694F 
 822      532F6F73 
 822      2F636F6D 
 823 00f8 76656374 		.ascii	"vectors.c\000"
 823      6F72732E 
 823      6300
 824              	.LASF5:
 825 0102 5F5F696E 		.ascii	"__int32_t\000"
 825      7433325F 
 825      7400
 826              	.LASF28:
 827 010c 76656374 		.ascii	"vector34\000"
 827      6F723334 
 827      00
 828              	.LASF3:
 829 0115 73686F72 		.ascii	"short unsigned int\000"
 829      7420756E 
 829      7369676E 
 829      65642069 
 829      6E7400
 830              	.LASF34:
 831 0128 5F766563 		.ascii	"_vectors\000"
 831      746F7273 
 831      00
 832              	.LASF16:
 833 0131 72657365 		.ascii	"reset_handler\000"
 833      745F6861 
 833      6E646C65 
 833      7200
 834              	.LASF15:
 835 013f 696E6974 		.ascii	"init_stack\000"
 835      5F737461 
 835      636B00
 836              	.LASF27:
 837 014a 64656275 		.ascii	"debugmonitor_handler\000"
 837      676D6F6E 
 837      69746F72 
 837      5F68616E 
 837      646C6572 
 838              	.LASF1:
 839 015f 756E7369 		.ascii	"unsigned char\000"
 839      676E6564 
 839      20636861 
 839      7200
 840              	.LASF30:
 841 016d 73797374 		.ascii	"systick_handler\000"
 841      69636B5F 
 841      68616E64 
 841      6C657200 
 842              	.LASF7:
 843 017d 6C6F6E67 		.ascii	"long unsigned int\000"
 843      20756E73 
 843      69676E65 
 843      6420696E 
 843      7400
 844              	.LASF26:
ARM GAS  /tmp/ccseaKMG.s 			page 17


 845 018f 7376635F 		.ascii	"svc_handler\000"
 845      68616E64 
 845      6C657200 
 846              	.LASF33:
 847 019b 49544D5F 		.ascii	"ITM_RxBuffer\000"
 847      52784275 
 847      66666572 
 847      00
 848              	.LASF22:
 849 01a8 76656374 		.ascii	"vector1c\000"
 849      6F723163 
 849      00
 850              	.LASF18:
 851 01b1 68617264 		.ascii	"hardfault_handler\000"
 851      6661756C 
 851      745F6861 
 851      6E646C65 
 851      7200
 852              	.LASF6:
 853 01c3 5F5F7569 		.ascii	"__uint32_t\000"
 853      6E743332 
 853      5F7400
 854              	.LASF17:
 855 01ce 6E6D695F 		.ascii	"nmi_handler\000"
 855      68616E64 
 855      6C657200 
 856              	.LASF38:
 857 01da 2F6E6673 		.ascii	"/nfs/nfs7/home/vvedanta/P442/p442-submissions/senso"
 857      2F6E6673 
 857      372F686F 
 857      6D652F76 
 857      76656461 
 858 020d 7274696C 		.ascii	"rtile/final_project\000"
 858      652F6669 
 858      6E616C5F 
 858      70726F6A 
 858      65637400 
 859              	.LASF10:
 860 0221 756E7369 		.ascii	"unsigned int\000"
 860      676E6564 
 860      20696E74 
 860      00
 861              	.LASF23:
 862 022e 76656374 		.ascii	"vector20\000"
 862      6F723230 
 862      00
 863              	.LASF9:
 864 0237 6C6F6E67 		.ascii	"long long unsigned int\000"
 864      206C6F6E 
 864      6720756E 
 864      7369676E 
 864      65642069 
 865              	.LASF24:
 866 024e 76656374 		.ascii	"vector24\000"
 866      6F723234 
 866      00
 867              	.LASF25:
ARM GAS  /tmp/ccseaKMG.s 			page 18


 868 0257 76656374 		.ascii	"vector28\000"
 868      6F723238 
 868      00
 869              	.LASF11:
 870 0260 696E7433 		.ascii	"int32_t\000"
 870      325F7400 
 871              	.LASF13:
 872 0268 73697A65 		.ascii	"sizetype\000"
 872      74797065 
 872      00
 873              	.LASF21:
 874 0271 75736167 		.ascii	"usagefault_handler\000"
 874      65666175 
 874      6C745F68 
 874      616E646C 
 874      657200
 875              	.LASF29:
 876 0284 70656E64 		.ascii	"pendsv_handler\000"
 876      73765F68 
 876      616E646C 
 876      657200
 877              	.LASF20:
 878 0293 62757366 		.ascii	"busfault_handler\000"
 878      61756C74 
 878      5F68616E 
 878      646C6572 
 878      00
 879              	.LASF39:
 880 02a4 5F756E68 		.ascii	"_unhandled_exception\000"
 880      616E646C 
 880      65645F65 
 880      78636570 
 880      74696F6E 
 881              	.LASF31:
 882 02b9 76656374 		.ascii	"vectors\000"
 882      6F727300 
 883              	.LASF2:
 884 02c1 73686F72 		.ascii	"short int\000"
 884      7420696E 
 884      7400
 885              	.LASF12:
 886 02cb 75696E74 		.ascii	"uint32_t\000"
 886      33325F74 
 886      00
 887              	.LASF4:
 888 02d4 6C6F6E67 		.ascii	"long int\000"
 888      20696E74 
 888      00
 889              	.LASF19:
 890 02dd 6D656D6D 		.ascii	"memmanage_handler\000"
 890      616E6167 
 890      655F6861 
 890      6E646C65 
 890      7200
 891              	.LASF0:
 892 02ef 7369676E 		.ascii	"signed char\000"
 892      65642063 
ARM GAS  /tmp/ccseaKMG.s 			page 19


 892      68617200 
 893              	.LASF32:
 894 02fb 76656374 		.ascii	"vectors_t\000"
 894      6F72735F 
 894      7400
 895              	.LASF35:
 896 0305 5F5F6D61 		.ascii	"__main_stack_end__\000"
 896      696E5F73 
 896      7461636B 
 896      5F656E64 
 896      5F5F00
 897              		.ident	"GCC: (GNU Tools for ARM Embedded Processors) 4.8.4 20140526 (release) [ARM/embedded-4_8-br
ARM GAS  /tmp/ccseaKMG.s 			page 20


DEFINED SYMBOLS
                            *ABS*:00000000 vectors.c
     /tmp/ccseaKMG.s:18     .text:00000000 $t
     /tmp/ccseaKMG.s:24     .text:00000000 _unhandled_exception
     /tmp/ccseaKMG.s:24     .text:00000000 NMI_Handler
     /tmp/ccseaKMG.s:24     .text:00000000 HardFault_Handler
     /tmp/ccseaKMG.s:24     .text:00000000 MemManage_Handler
     /tmp/ccseaKMG.s:24     .text:00000000 BusFault_Handler
     /tmp/ccseaKMG.s:24     .text:00000000 UsageFault_Handler
     /tmp/ccseaKMG.s:24     .text:00000000 Vector1C
     /tmp/ccseaKMG.s:24     .text:00000000 Vector20
     /tmp/ccseaKMG.s:24     .text:00000000 Vector24
     /tmp/ccseaKMG.s:24     .text:00000000 Vector28
     /tmp/ccseaKMG.s:24     .text:00000000 SVC_Handler
     /tmp/ccseaKMG.s:24     .text:00000000 DebugMon_Handler
     /tmp/ccseaKMG.s:24     .text:00000000 Vector34
     /tmp/ccseaKMG.s:24     .text:00000000 PendSV_Handler
     /tmp/ccseaKMG.s:24     .text:00000000 SysTick_Handler
     /tmp/ccseaKMG.s:24     .text:00000000 Vector40
     /tmp/ccseaKMG.s:24     .text:00000000 Vector44
     /tmp/ccseaKMG.s:24     .text:00000000 Vector48
     /tmp/ccseaKMG.s:24     .text:00000000 Vector4C
     /tmp/ccseaKMG.s:24     .text:00000000 Vector50
     /tmp/ccseaKMG.s:24     .text:00000000 Vector54
     /tmp/ccseaKMG.s:24     .text:00000000 Vector58
     /tmp/ccseaKMG.s:24     .text:00000000 Vector5C
     /tmp/ccseaKMG.s:24     .text:00000000 Vector60
     /tmp/ccseaKMG.s:24     .text:00000000 Vector64
     /tmp/ccseaKMG.s:24     .text:00000000 Vector68
     /tmp/ccseaKMG.s:24     .text:00000000 Vector6C
     /tmp/ccseaKMG.s:24     .text:00000000 Vector70
     /tmp/ccseaKMG.s:24     .text:00000000 Vector74
     /tmp/ccseaKMG.s:24     .text:00000000 Vector78
     /tmp/ccseaKMG.s:24     .text:00000000 Vector7C
     /tmp/ccseaKMG.s:24     .text:00000000 Vector80
     /tmp/ccseaKMG.s:24     .text:00000000 Vector84
     /tmp/ccseaKMG.s:24     .text:00000000 Vector88
     /tmp/ccseaKMG.s:24     .text:00000000 Vector8C
     /tmp/ccseaKMG.s:24     .text:00000000 Vector90
     /tmp/ccseaKMG.s:24     .text:00000000 Vector94
     /tmp/ccseaKMG.s:24     .text:00000000 Vector98
     /tmp/ccseaKMG.s:24     .text:00000000 Vector9C
     /tmp/ccseaKMG.s:24     .text:00000000 VectorA0
     /tmp/ccseaKMG.s:24     .text:00000000 VectorA4
     /tmp/ccseaKMG.s:24     .text:00000000 VectorA8
     /tmp/ccseaKMG.s:24     .text:00000000 VectorAC
     /tmp/ccseaKMG.s:24     .text:00000000 VectorB0
     /tmp/ccseaKMG.s:24     .text:00000000 VectorB4
     /tmp/ccseaKMG.s:24     .text:00000000 VectorB8
     /tmp/ccseaKMG.s:24     .text:00000000 VectorBC
     /tmp/ccseaKMG.s:24     .text:00000000 VectorC0
     /tmp/ccseaKMG.s:24     .text:00000000 VectorC4
     /tmp/ccseaKMG.s:24     .text:00000000 VectorC8
     /tmp/ccseaKMG.s:24     .text:00000000 VectorCC
     /tmp/ccseaKMG.s:24     .text:00000000 VectorD0
     /tmp/ccseaKMG.s:24     .text:00000000 VectorD4
     /tmp/ccseaKMG.s:24     .text:00000000 VectorD8
ARM GAS  /tmp/ccseaKMG.s 			page 21


     /tmp/ccseaKMG.s:24     .text:00000000 VectorDC
     /tmp/ccseaKMG.s:24     .text:00000000 VectorE0
     /tmp/ccseaKMG.s:24     .text:00000000 VectorE4
     /tmp/ccseaKMG.s:24     .text:00000000 VectorE8
     /tmp/ccseaKMG.s:24     .text:00000000 VectorEC
     /tmp/ccseaKMG.s:24     .text:00000000 VectorF0
     /tmp/ccseaKMG.s:24     .text:00000000 VectorF4
     /tmp/ccseaKMG.s:24     .text:00000000 VectorF8
     /tmp/ccseaKMG.s:24     .text:00000000 VectorFC
     /tmp/ccseaKMG.s:24     .text:00000000 Vector100
     /tmp/ccseaKMG.s:24     .text:00000000 Vector104
     /tmp/ccseaKMG.s:24     .text:00000000 Vector108
     /tmp/ccseaKMG.s:24     .text:00000000 Vector10C
     /tmp/ccseaKMG.s:24     .text:00000000 Vector110
     /tmp/ccseaKMG.s:24     .text:00000000 Vector114
     /tmp/ccseaKMG.s:24     .text:00000000 Vector118
     /tmp/ccseaKMG.s:24     .text:00000000 Vector11C
     /tmp/ccseaKMG.s:24     .text:00000000 Vector120
     /tmp/ccseaKMG.s:24     .text:00000000 Vector124
     /tmp/ccseaKMG.s:24     .text:00000000 Vector128
     /tmp/ccseaKMG.s:24     .text:00000000 Vector12C
     /tmp/ccseaKMG.s:24     .text:00000000 Vector130
     /tmp/ccseaKMG.s:24     .text:00000000 Vector134
     /tmp/ccseaKMG.s:24     .text:00000000 Vector138
     /tmp/ccseaKMG.s:24     .text:00000000 Vector13C
     /tmp/ccseaKMG.s:24     .text:00000000 Vector140
     /tmp/ccseaKMG.s:24     .text:00000000 Vector144
     /tmp/ccseaKMG.s:24     .text:00000000 Vector148
     /tmp/ccseaKMG.s:24     .text:00000000 Vector14C
     /tmp/ccseaKMG.s:24     .text:00000000 Vector150
     /tmp/ccseaKMG.s:24     .text:00000000 Vector154
     /tmp/ccseaKMG.s:24     .text:00000000 Vector158
     /tmp/ccseaKMG.s:24     .text:00000000 Vector15C
     /tmp/ccseaKMG.s:24     .text:00000000 Vector160
     /tmp/ccseaKMG.s:24     .text:00000000 Vector164
     /tmp/ccseaKMG.s:24     .text:00000000 Vector168
     /tmp/ccseaKMG.s:24     .text:00000000 Vector16C
     /tmp/ccseaKMG.s:24     .text:00000000 Vector170
     /tmp/ccseaKMG.s:24     .text:00000000 Vector174
     /tmp/ccseaKMG.s:24     .text:00000000 Vector178
     /tmp/ccseaKMG.s:24     .text:00000000 Vector17C
     /tmp/ccseaKMG.s:24     .text:00000000 Vector180
     /tmp/ccseaKMG.s:24     .text:00000000 Vector184
     /tmp/ccseaKMG.s:24     .text:00000000 Vector188
     /tmp/ccseaKMG.s:24     .text:00000000 Vector18C
     /tmp/ccseaKMG.s:24     .text:00000000 Vector190
     /tmp/ccseaKMG.s:24     .text:00000000 Vector194
     /tmp/ccseaKMG.s:24     .text:00000000 Vector198
     /tmp/ccseaKMG.s:24     .text:00000000 Vector19C
     /tmp/ccseaKMG.s:247    .vectors:00000000 _vectors
     /tmp/ccseaKMG.s:244    .vectors:00000000 $d
                     .debug_frame:00000010 $d

UNDEFINED SYMBOLS
__main_stack_end__
Reset_Handler
